<?xml version="1.0" encoding="UTF-8"?>
<testsuite xmlns:xsi="http://www.w3.org/2001/XMLSchema-instance" xsi:noNamespaceSchemaLocation="https://maven.apache.org/surefire/maven-surefire-plugin/xsd/surefire-test-report-3.0.xsd" version="3.0" name="com.example.tests.TestReconciliationTool" time="1.443" tests="9" errors="0" skipped="0" failures="0">
  <properties>
    <property name="java.specification.version" value="15"/>
    <property name="sun.jnu.encoding" value="UTF-8"/>
    <property name="java.class.path" value="/Users/serenagoh/IdeaProjects/tangogo/target/test-classes:/Users/serenagoh/IdeaProjects/tangogo/target/classes:/Users/serenagoh/.m2/repository/org/junit/jupiter/junit-jupiter-engine/5.5.2/junit-jupiter-engine-5.5.2.jar:/Users/serenagoh/.m2/repository/org/apiguardian/apiguardian-api/1.1.0/apiguardian-api-1.1.0.jar:/Users/serenagoh/.m2/repository/org/junit/platform/junit-platform-engine/1.5.2/junit-platform-engine-1.5.2.jar:/Users/serenagoh/.m2/repository/org/opentest4j/opentest4j/1.2.0/opentest4j-1.2.0.jar:/Users/serenagoh/.m2/repository/org/junit/platform/junit-platform-commons/1.5.2/junit-platform-commons-1.5.2.jar:/Users/serenagoh/.m2/repository/org/junit/jupiter/junit-jupiter-api/5.5.2/junit-jupiter-api-5.5.2.jar:/Users/serenagoh/.m2/repository/io/cucumber/cucumber-core/6.8.1/cucumber-core-6.8.1.jar:/Users/serenagoh/.m2/repository/io/cucumber/cucumber-gherkin/6.8.1/cucumber-gherkin-6.8.1.jar:/Users/serenagoh/.m2/repository/io/cucumber/cucumber-gherkin-messages/6.8.1/cucumber-gherkin-messages-6.8.1.jar:/Users/serenagoh/.m2/repository/io/cucumber/messages/13.1.0/messages-13.1.0.jar:/Users/serenagoh/.m2/repository/io/cucumber/tag-expressions/3.0.0/tag-expressions-3.0.0.jar:/Users/serenagoh/.m2/repository/io/cucumber/cucumber-expressions/10.3.0/cucumber-expressions-10.3.0.jar:/Users/serenagoh/.m2/repository/io/cucumber/datatable/3.5.0/datatable-3.5.0.jar:/Users/serenagoh/.m2/repository/io/cucumber/cucumber-plugin/6.8.1/cucumber-plugin-6.8.1.jar:/Users/serenagoh/.m2/repository/io/cucumber/docstring/6.8.1/docstring-6.8.1.jar:/Users/serenagoh/.m2/repository/io/cucumber/html-formatter/9.0.0/html-formatter-9.0.0.jar:/Users/serenagoh/.m2/repository/io/cucumber/create-meta/2.0.2/create-meta-2.0.2.jar:/Users/serenagoh/.m2/repository/io/cucumber/cucumber-junit/3.0.2/cucumber-junit-3.0.2.jar:/Users/serenagoh/.m2/repository/junit/junit/4.12/junit-4.12.jar:/Users/serenagoh/.m2/repository/org/hamcrest/hamcrest-core/1.3/hamcrest-core-1.3.jar:/Users/serenagoh/.m2/repository/io/cucumber/cucumber-java/6.8.1/cucumber-java-6.8.1.jar:/Users/serenagoh/.m2/repository/info/cukes/cucumber-java/1.2.5/cucumber-java-1.2.5.jar:/Users/serenagoh/.m2/repository/info/cukes/cucumber-core/1.2.5/cucumber-core-1.2.5.jar:/Users/serenagoh/.m2/repository/info/cukes/cucumber-html/0.2.3/cucumber-html-0.2.3.jar:/Users/serenagoh/.m2/repository/info/cukes/cucumber-jvm-deps/1.0.5/cucumber-jvm-deps-1.0.5.jar:/Users/serenagoh/.m2/repository/info/cukes/gherkin/2.12.2/gherkin-2.12.2.jar:/Users/serenagoh/.m2/repository/info/cukes/cucumber-junit/1.2.5/cucumber-junit-1.2.5.jar:/Users/serenagoh/.m2/repository/net/masterthought/cucumber-reporting/4.0.0/cucumber-reporting-4.0.0.jar:/Users/serenagoh/.m2/repository/com/fasterxml/jackson/core/jackson-databind/2.9.6/jackson-databind-2.9.6.jar:/Users/serenagoh/.m2/repository/com/fasterxml/jackson/core/jackson-annotations/2.9.0/jackson-annotations-2.9.0.jar:/Users/serenagoh/.m2/repository/com/fasterxml/jackson/core/jackson-core/2.9.6/jackson-core-2.9.6.jar:/Users/serenagoh/.m2/repository/org/apache/velocity/velocity/1.7/velocity-1.7.jar:/Users/serenagoh/.m2/repository/commons-collections/commons-collections/3.2.1/commons-collections-3.2.1.jar:/Users/serenagoh/.m2/repository/commons-lang/commons-lang/2.4/commons-lang-2.4.jar:/Users/serenagoh/.m2/repository/velocity-tools/velocity-tools/1.4/velocity-tools-1.4.jar:/Users/serenagoh/.m2/repository/joda-time/joda-time/2.10/joda-time-2.10.jar:/Users/serenagoh/.m2/repository/org/apache/commons/commons-lang3/3.7/commons-lang3-3.7.jar:/Users/serenagoh/.m2/repository/commons-io/commons-io/2.6/commons-io-2.6.jar:/Users/serenagoh/.m2/repository/net/lingala/zip4j/zip4j/1.3.2/zip4j-1.3.2.jar:/Users/serenagoh/.m2/repository/org/codehaus/plexus/plexus-utils/3.1.0/plexus-utils-3.1.0.jar:/Users/serenagoh/.m2/repository/org/jsoup/jsoup/1.11.3/jsoup-1.11.3.jar:/Users/serenagoh/.m2/repository/com/googlecode/owasp-java-html-sanitizer/owasp-java-html-sanitizer/20180219.1/owasp-java-html-sanitizer-20180219.1.jar:/Users/serenagoh/.m2/repository/com/google/guava/guava/19.0/guava-19.0.jar:/Users/serenagoh/.m2/repository/commons-configuration/commons-configuration/1.10/commons-configuration-1.10.jar:/Users/serenagoh/.m2/repository/commons-logging/commons-logging/1.1.1/commons-logging-1.1.1.jar:"/>
    <property name="java.vm.vendor" value="Oracle Corporation"/>
    <property name="sun.arch.data.model" value="64"/>
    <property name="java.vendor.url" value="https://openjdk.java.net/"/>
    <property name="user.timezone" value="Asia/Singapore"/>
    <property name="os.name" value="Mac OS X"/>
    <property name="java.vm.specification.version" value="15"/>
    <property name="sun.java.launcher" value="SUN_STANDARD"/>
    <property name="user.country" value="SG"/>
    <property name="sun.boot.library.path" value="/usr/local/Cellar/openjdk/15.0.1/libexec/openjdk.jdk/Contents/Home/lib"/>
    <property name="sun.java.command" value="/Users/serenagoh/IdeaProjects/tangogo/target/surefire/surefirebooter16428043203330922018.jar /Users/serenagoh/IdeaProjects/tangogo/target/surefire 2021-01-23T17-42-26_262-jvmRun1 surefire6711971274835798561tmp surefire_03241216564521596850tmp"/>
    <property name="http.nonProxyHosts" value="local|*.local|169.254/16|*.169.254/16"/>
    <property name="jdk.debug" value="release"/>
    <property name="surefire.test.class.path" value="/Users/serenagoh/IdeaProjects/tangogo/target/test-classes:/Users/serenagoh/IdeaProjects/tangogo/target/classes:/Users/serenagoh/.m2/repository/org/junit/jupiter/junit-jupiter-engine/5.5.2/junit-jupiter-engine-5.5.2.jar:/Users/serenagoh/.m2/repository/org/apiguardian/apiguardian-api/1.1.0/apiguardian-api-1.1.0.jar:/Users/serenagoh/.m2/repository/org/junit/platform/junit-platform-engine/1.5.2/junit-platform-engine-1.5.2.jar:/Users/serenagoh/.m2/repository/org/opentest4j/opentest4j/1.2.0/opentest4j-1.2.0.jar:/Users/serenagoh/.m2/repository/org/junit/platform/junit-platform-commons/1.5.2/junit-platform-commons-1.5.2.jar:/Users/serenagoh/.m2/repository/org/junit/jupiter/junit-jupiter-api/5.5.2/junit-jupiter-api-5.5.2.jar:/Users/serenagoh/.m2/repository/io/cucumber/cucumber-core/6.8.1/cucumber-core-6.8.1.jar:/Users/serenagoh/.m2/repository/io/cucumber/cucumber-gherkin/6.8.1/cucumber-gherkin-6.8.1.jar:/Users/serenagoh/.m2/repository/io/cucumber/cucumber-gherkin-messages/6.8.1/cucumber-gherkin-messages-6.8.1.jar:/Users/serenagoh/.m2/repository/io/cucumber/messages/13.1.0/messages-13.1.0.jar:/Users/serenagoh/.m2/repository/io/cucumber/tag-expressions/3.0.0/tag-expressions-3.0.0.jar:/Users/serenagoh/.m2/repository/io/cucumber/cucumber-expressions/10.3.0/cucumber-expressions-10.3.0.jar:/Users/serenagoh/.m2/repository/io/cucumber/datatable/3.5.0/datatable-3.5.0.jar:/Users/serenagoh/.m2/repository/io/cucumber/cucumber-plugin/6.8.1/cucumber-plugin-6.8.1.jar:/Users/serenagoh/.m2/repository/io/cucumber/docstring/6.8.1/docstring-6.8.1.jar:/Users/serenagoh/.m2/repository/io/cucumber/html-formatter/9.0.0/html-formatter-9.0.0.jar:/Users/serenagoh/.m2/repository/io/cucumber/create-meta/2.0.2/create-meta-2.0.2.jar:/Users/serenagoh/.m2/repository/io/cucumber/cucumber-junit/3.0.2/cucumber-junit-3.0.2.jar:/Users/serenagoh/.m2/repository/junit/junit/4.12/junit-4.12.jar:/Users/serenagoh/.m2/repository/org/hamcrest/hamcrest-core/1.3/hamcrest-core-1.3.jar:/Users/serenagoh/.m2/repository/io/cucumber/cucumber-java/6.8.1/cucumber-java-6.8.1.jar:/Users/serenagoh/.m2/repository/info/cukes/cucumber-java/1.2.5/cucumber-java-1.2.5.jar:/Users/serenagoh/.m2/repository/info/cukes/cucumber-core/1.2.5/cucumber-core-1.2.5.jar:/Users/serenagoh/.m2/repository/info/cukes/cucumber-html/0.2.3/cucumber-html-0.2.3.jar:/Users/serenagoh/.m2/repository/info/cukes/cucumber-jvm-deps/1.0.5/cucumber-jvm-deps-1.0.5.jar:/Users/serenagoh/.m2/repository/info/cukes/gherkin/2.12.2/gherkin-2.12.2.jar:/Users/serenagoh/.m2/repository/info/cukes/cucumber-junit/1.2.5/cucumber-junit-1.2.5.jar:/Users/serenagoh/.m2/repository/net/masterthought/cucumber-reporting/4.0.0/cucumber-reporting-4.0.0.jar:/Users/serenagoh/.m2/repository/com/fasterxml/jackson/core/jackson-databind/2.9.6/jackson-databind-2.9.6.jar:/Users/serenagoh/.m2/repository/com/fasterxml/jackson/core/jackson-annotations/2.9.0/jackson-annotations-2.9.0.jar:/Users/serenagoh/.m2/repository/com/fasterxml/jackson/core/jackson-core/2.9.6/jackson-core-2.9.6.jar:/Users/serenagoh/.m2/repository/org/apache/velocity/velocity/1.7/velocity-1.7.jar:/Users/serenagoh/.m2/repository/commons-collections/commons-collections/3.2.1/commons-collections-3.2.1.jar:/Users/serenagoh/.m2/repository/commons-lang/commons-lang/2.4/commons-lang-2.4.jar:/Users/serenagoh/.m2/repository/velocity-tools/velocity-tools/1.4/velocity-tools-1.4.jar:/Users/serenagoh/.m2/repository/joda-time/joda-time/2.10/joda-time-2.10.jar:/Users/serenagoh/.m2/repository/org/apache/commons/commons-lang3/3.7/commons-lang3-3.7.jar:/Users/serenagoh/.m2/repository/commons-io/commons-io/2.6/commons-io-2.6.jar:/Users/serenagoh/.m2/repository/net/lingala/zip4j/zip4j/1.3.2/zip4j-1.3.2.jar:/Users/serenagoh/.m2/repository/org/codehaus/plexus/plexus-utils/3.1.0/plexus-utils-3.1.0.jar:/Users/serenagoh/.m2/repository/org/jsoup/jsoup/1.11.3/jsoup-1.11.3.jar:/Users/serenagoh/.m2/repository/com/googlecode/owasp-java-html-sanitizer/owasp-java-html-sanitizer/20180219.1/owasp-java-html-sanitizer-20180219.1.jar:/Users/serenagoh/.m2/repository/com/google/guava/guava/19.0/guava-19.0.jar:/Users/serenagoh/.m2/repository/commons-configuration/commons-configuration/1.10/commons-configuration-1.10.jar:/Users/serenagoh/.m2/repository/commons-logging/commons-logging/1.1.1/commons-logging-1.1.1.jar:"/>
    <property name="sun.cpu.endian" value="little"/>
    <property name="user.home" value="/Users/serenagoh"/>
    <property name="user.language" value="en"/>
    <property name="java.specification.vendor" value="Oracle Corporation"/>
    <property name="java.version.date" value="2020-10-20"/>
    <property name="java.home" value="/usr/local/Cellar/openjdk/15.0.1/libexec/openjdk.jdk/Contents/Home"/>
    <property name="file.separator" value="/"/>
    <property name="basedir" value="/Users/serenagoh/IdeaProjects/tangogo"/>
    <property name="java.vm.compressedOopsMode" value="Zero based"/>
    <property name="line.separator" value="&#10;"/>
    <property name="java.specification.name" value="Java Platform API Specification"/>
    <property name="java.vm.specification.vendor" value="Oracle Corporation"/>
    <property name="surefire.real.class.path" value="/Users/serenagoh/IdeaProjects/tangogo/target/surefire/surefirebooter16428043203330922018.jar"/>
    <property name="sun.management.compiler" value="HotSpot 64-Bit Tiered Compilers"/>
    <property name="ftp.nonProxyHosts" value="local|*.local|169.254/16|*.169.254/16"/>
    <property name="java.runtime.version" value="15.0.1+9"/>
    <property name="user.name" value="serenagoh"/>
    <property name="path.separator" value=":"/>
    <property name="os.version" value="10.15.7"/>
    <property name="java.runtime.name" value="OpenJDK Runtime Environment"/>
    <property name="file.encoding" value="US-ASCII"/>
    <property name="java.vm.name" value="OpenJDK 64-Bit Server VM"/>
    <property name="localRepository" value="/Users/serenagoh/.m2/repository"/>
    <property name="java.vendor.url.bug" value="https://bugreport.java.com/bugreport/"/>
    <property name="java.io.tmpdir" value="/var/folders/xd/_4xd3x6s3rx6kyznfkkg9j1m0000gn/T/"/>
    <property name="java.version" value="15.0.1"/>
    <property name="user.dir" value="/Users/serenagoh/IdeaProjects/tangogo"/>
    <property name="os.arch" value="x86_64"/>
    <property name="java.vm.specification.name" value="Java Virtual Machine Specification"/>
    <property name="java.library.path" value="/Users/serenagoh/Library/Java/Extensions:/Library/Java/Extensions:/Network/Library/Java/Extensions:/System/Library/Java/Extensions:/usr/lib/java:."/>
    <property name="java.vm.info" value="mixed mode, sharing"/>
    <property name="java.vendor" value="N/A"/>
    <property name="java.vm.version" value="15.0.1+9"/>
    <property name="sun.io.unicode.encoding" value="UnicodeBig"/>
    <property name="socksNonProxyHosts" value="local|*.local|169.254/16|*.169.254/16"/>
    <property name="java.class.version" value="59.0"/>
  </properties>
  <testcase name="expect_to_reconcile_cheque_transaction_by_cheque_no" classname="com.example.tests.TestReconciliationTool" time="0.239">
    <system-out><![CDATA[PAYNOW -- PAYNOW -- FBL9376U-002 : 012~012 IN
from MUHAMMAD ZUHAI | OTHR - Other FUND TRANSFER | via PayNow-UEN | FUND TRANSFER
&amp#27;[36m ||||||||| PRINTING RECORDS ||||||||| :::RECORD
 | Record Ref ID | Transaction Amount | Transaction Date | Reconciled? | Reconciled with Txn Ref ID | Transaction Description | CHEQUE NO | CHANNEL |
 | com.example.Transaction@5990e6c5 | 260.0 | 13/09/2020 | true | com.example.Transaction@6e6d5d29 | PAYNOW -- PAYNOW -- FBL9376U-002 : 012~012 IN |  |  | MAY-MATCH | 
&amp#27;[0m
IBANKING -- IBANKING -- FBQ4745U-001 : 011~011 IN
MOHD RAZALI BIN MOH | PAYMENT/TRANSFER OTHR MOHD RAZALI BIN MOH FBQ4745U 83210310 | OTHR | PAYMENT/TRANSFER
&amp#27;[36m ||||||||| PRINTING RECORDS ||||||||| :::RECORD
 | Record Ref ID | Transaction Amount | Transaction Date | Reconciled? | Reconciled with Txn Ref ID | Transaction Description | CHEQUE NO | CHANNEL |
 | com.example.Transaction@24f360b2 | 218.0 | 01/09/2020 | true | com.example.Transaction@32811494 | IBANKING -- IBANKING -- FBQ4745U-001 : 011~011 IN |  |  | MAY-MATCH | 
&amp#27;[0m
IBANKING -- IBANKING -- FBL3296G-001 : 048~048 IN
from FBL3296G FARID | OTHR - Other FUND TRANSFER |  | FUND TRANSFER
&amp#27;[36m ||||||||| PRINTING RECORDS ||||||||| :::RECORD
 | Record Ref ID | Transaction Amount | Transaction Date | Reconciled? | Reconciled with Txn Ref ID | Transaction Description | CHEQUE NO | CHANNEL |
 | com.example.Transaction@60cf80e7 | 251.0 | 01/09/2020 | true | com.example.Transaction@4795ded0 | IBANKING -- IBANKING -- FBL3296G-001 : 048~048 IN |  |  | MAY-MATCH | 
&amp#27;[0m
IBANKING -- IBANKING -- FBG0332G-001 : 040~040 IN
HO CHI WING | PAYMENT/TRANSFER OTHR HO CHI WING FBG0332G | OTHR | PAYMENT/TRANSFER
&amp#27;[36m ||||||||| PRINTING RECORDS ||||||||| :::RECORD
 | Record Ref ID | Transaction Amount | Transaction Date | Reconciled? | Reconciled with Txn Ref ID | Transaction Description | CHEQUE NO | CHANNEL |
 | com.example.Transaction@302fec27 | 438.0 | 01/09/2020 | true | com.example.Transaction@53dacd14 | IBANKING -- IBANKING -- FBG0332G-001 : 040~040 IN |  |  | MAY-MATCH | 
&amp#27;[0m
IBANKING -- IBANKING -- FBA2060J-001 : 007~000 IN
MOHAMED AJMEL BIN M | PAYMENT/TRANSFER OTHR MOHAMED AJMEL BIN M Ajmel fba2060j | OTHR | PAYMENT/TRANSFER
&amp#27;[36m ||||||||| PRINTING RECORDS ||||||||| :::RECORD
 | Record Ref ID | Transaction Amount | Transaction Date | Reconciled? | Reconciled with Txn Ref ID | Transaction Description | CHEQUE NO | CHANNEL |
 | com.example.Transaction@770d0ea6 | 200.0 | 01/09/2020 | true | com.example.Transaction@14d14731 | IBANKING -- IBANKING -- FBA2060J-001 : 007~000 IN |  |  | MAY-MATCH | 
&amp#27;[0m
IBANKING -- IBANKING -- FBK7313U-002 : 005~005 IN
HELMI HUSAINI BIN S | PAYMENT/TRANSFER OTHR S$ HELMI HUSAINI BIN S via PayNow: FBK7313U | OTHR S$ | PAYMENT/TRANSFER
&amp#27;[36m ||||||||| PRINTING RECORDS ||||||||| :::RECORD
 | Record Ref ID | Transaction Amount | Transaction Date | Reconciled? | Reconciled with Txn Ref ID | Transaction Description | CHEQUE NO | CHANNEL |
 | com.example.Transaction@48c40605 | 160.0 | 01/09/2020 | true | com.example.Transaction@2eced48b | IBANKING -- IBANKING -- FBK7313U-002 : 005~005 IN |  |  | MAY-MATCH | 
&amp#27;[0m
IBANKING -- IBANKING -- FBL9839B-001 : 039~039 IN
SHER WENYONG BENJAM | PAYMENT/TRANSFER OTHR SHER WENYONG BENJAM FBL9839B | OTHR | PAYMENT/TRANSFER
&amp#27;[36m ||||||||| PRINTING RECORDS ||||||||| :::RECORD
 | Record Ref ID | Transaction Amount | Transaction Date | Reconciled? | Reconciled with Txn Ref ID | Transaction Description | CHEQUE NO | CHANNEL |
 | com.example.Transaction@54107f42 | 244.0 | 03/09/2020 | true | com.example.Transaction@f001896 | IBANKING -- IBANKING -- FBL9839B-001 : 039~039 IN |  |  | MAY-MATCH | 
&amp#27;[0m
IBANKING -- IBANKING -- FBR1665G-001 : 006~006 IN
VILLAFUERTE ARIEL D | PAYMENT/TRANSFER COLL VILLAFUERTE ARIEL D FBR1665G SEPT2020 | COLL | PAYMENT/TRANSFER
&amp#27;[36m ||||||||| PRINTING RECORDS ||||||||| :::RECORD
 | Record Ref ID | Transaction Amount | Transaction Date | Reconciled? | Reconciled with Txn Ref ID | Transaction Description | CHEQUE NO | CHANNEL |
 | com.example.Transaction@1b11ef33 | 352.0 | 06/09/2020 | true | com.example.Transaction@3543df7d | IBANKING -- IBANKING -- FBR1665G-001 : 006~006 IN |  |  | MAY-MATCH | 
&amp#27;[0m
PAYNOW -- PAYNOW -- FBJ8075E-002 : 040~040 IN
ARHAB SADEED | PAYMENT/TRANSFER OTHR S$ ARHAB SADEED via PayNow: FBJ8075E | OTHR S$ | PAYMENT/TRANSFER
&amp#27;[36m ||||||||| PRINTING RECORDS ||||||||| :::RECORD
 | Record Ref ID | Transaction Amount | Transaction Date | Reconciled? | Reconciled with Txn Ref ID | Transaction Description | CHEQUE NO | CHANNEL |
 | com.example.Transaction@476aac9 | 240.0 | 06/09/2020 | true | com.example.Transaction@7c541c15 | PAYNOW -- PAYNOW -- FBJ8075E-002 : 040~040 IN |  |  | MAY-MATCH | 
&amp#27;[0m
PAYNOW -- PAYNOW -- FBR2590G-001 : 005~005 IN
MUHAMMAD AMIRUL HAK | PAYMENT/TRANSFER OTHR S$ MUHAMMAD AMIRUL HAK via PayNow: 198903552W | OTHR S$ | PAYMENT/TRANSFER
&amp#27;[36m ||||||||| PRINTING RECORDS ||||||||| :::RECORD
 | Record Ref ID | Transaction Amount | Transaction Date | Reconciled? | Reconciled with Txn Ref ID | Transaction Description | CHEQUE NO | CHANNEL |
 | com.example.Transaction@6cea706c | 322.0 | 06/09/2020 | true | com.example.Transaction@3542162a | PAYNOW -- PAYNOW -- FBR2590G-001 : 005~005 IN |  |  | MAY-MATCH | 
&amp#27;[0m
IBANKING -- IBANKING -- FBQ8185J-001 : 006~006 IN
from FBQ8185J HARUN | OTHR - FBQ8185J FUND TRANSFER |  | FUND TRANSFER
&amp#27;[36m ||||||||| PRINTING RECORDS ||||||||| :::RECORD
 | Record Ref ID | Transaction Amount | Transaction Date | Reconciled? | Reconciled with Txn Ref ID | Transaction Description | CHEQUE NO | CHANNEL |
 | com.example.Transaction@3bd7f8dc | 217.0 | 06/09/2020 | true | com.example.Transaction@698122b2 | IBANKING -- IBANKING -- FBQ8185J-001 : 006~006 IN |  |  | MAY-MATCH | 
&amp#27;[0m
IBANKING -- IBANKING -- FBP6139L-001 : 017~017 IN
INDRA SUKMA BIN BUH | PAYMENT/TRANSFER IHRP INDRA SUKMA BIN BUH FBP6139L- SEPTEMBER 2020 | IHRP | PAYMENT/TRANSFER
&amp#27;[36m ||||||||| PRINTING RECORDS ||||||||| :::RECORD
 | Record Ref ID | Transaction Amount | Transaction Date | Reconciled? | Reconciled with Txn Ref ID | Transaction Description | CHEQUE NO | CHANNEL |
 | com.example.Transaction@2f2bf0e2 | 484.0 | 06/09/2020 | true | com.example.Transaction@4212a0c8 | IBANKING -- IBANKING -- FBP6139L-001 : 017~017 IN |  |  | MAY-MATCH | 
&amp#27;[0m
PAYNOW -- PAYNOW -- FBP8163C-001 : 014~014 IN
ABDULLAH KHALESH KA | PAYMENT/TRANSFER OTHR S$ ABDULLAH KHALESH KA via PayNow: FBP 8163 C | OTHR S$ | PAYMENT/TRANSFER
&amp#27;[36m ||||||||| PRINTING RECORDS ||||||||| :::RECORD
 | Record Ref ID | Transaction Amount | Transaction Date | Reconciled? | Reconciled with Txn Ref ID | Transaction Description | CHEQUE NO | CHANNEL |
 | com.example.Transaction@1eba372c | 261.0 | 07/09/2020 | true | com.example.Transaction@5e81e5ac | PAYNOW -- PAYNOW -- FBP8163C-001 : 014~014 IN |  |  | MAY-MATCH | 
&amp#27;[0m
IBANKING -- IBANKING -- FBP1309X-001 : 019~019 IN
FARHANI SHEREEN BTE | PAYMENT/TRANSFER OTHR FARHANI SHEREEN BTE FBP1309X | OTHR | PAYMENT/TRANSFER
&amp#27;[36m ||||||||| PRINTING RECORDS ||||||||| :::RECORD
 | Record Ref ID | Transaction Amount | Transaction Date | Reconciled? | Reconciled with Txn Ref ID | Transaction Description | CHEQUE NO | CHANNEL |
 | com.example.Transaction@21ec5d87 | 203.0 | 08/09/2020 | true | com.example.Transaction@aa549e5 | IBANKING -- IBANKING -- FBP1309X-001 : 019~019 IN |  |  | MAY-MATCH | 
&amp#27;[0m
IBANKING -- IBANKING -- FBP2944E-001 : 018~018 IN
ISMAIL BIN MOHD JAI | PAYMENT/TRANSFER IHRP ISMAIL BIN MOHD JAI FBP2944E Ismail Mohd Jai | IHRP | PAYMENT/TRANSFER
&amp#27;[36m ||||||||| PRINTING RECORDS ||||||||| :::RECORD
 | Record Ref ID | Transaction Amount | Transaction Date | Reconciled? | Reconciled with Txn Ref ID | Transaction Description | CHEQUE NO | CHANNEL |
 | com.example.Transaction@25f9407e | 254.0 | 08/09/2020 | true | com.example.Transaction@36f48b4 | IBANKING -- IBANKING -- FBP2944E-001 : 018~018 IN |  |  | MAY-MATCH | 
&amp#27;[0m
PAYNOW -- PAYNOW -- FW9186X-001 : 010~010 INS
SZE WEI KIAT | PAYMENT/TRANSFER OTHR S$ SZE WEI KIAT via PayNow: FW9186X | OTHR S$ | PAYMENT/TRANSFER
&amp#27;[36m ||||||||| PRINTING RECORDS ||||||||| :::RECORD
 | Record Ref ID | Transaction Amount | Transaction Date | Reconciled? | Reconciled with Txn Ref ID | Transaction Description | CHEQUE NO | CHANNEL |
 | com.example.Transaction@552518c3 | 350.0 | 08/09/2020 | true | com.example.Transaction@5c00384f | PAYNOW -- PAYNOW -- FW9186X-001 : 010~010 INS |  |  | MAY-MATCH | 
&amp#27;[0m
PAYNOW -- PAYNOW -- FBK7253J-002 : 023~023 IN
HANNAN HUZAIFI BIN | PAYMENT/TRANSFER OTHR S$ HANNAN HUZAIFI BIN via PayNow: Fbk7253j | OTHR S$ | PAYMENT/TRANSFER
&amp#27;[36m ||||||||| PRINTING RECORDS ||||||||| :::RECORD
 | Record Ref ID | Transaction Amount | Transaction Date | Reconciled? | Reconciled with Txn Ref ID | Transaction Description | CHEQUE NO | CHANNEL |
 | com.example.Transaction@1a69561c | 158.0 | 08/09/2020 | true | com.example.Transaction@3b7ff809 | PAYNOW -- PAYNOW -- FBK7253J-002 : 023~023 IN |  |  | MAY-MATCH | 
&amp#27;[0m
GIRO:OCBC -- GIRO:OCBC -- SJT1188L PREVIA [38/84]
HONG LEONG FINANCE | HLF-030 DUE 20200910 IBG GIRO | IHRP 38316717005680 | IBG GIRO
&amp#27;[36m ||||||||| PRINTING RECORDS ||||||||| :::RECORD
 | Record Ref ID | Transaction Amount | Transaction Date | Reconciled? | Reconciled with Txn Ref ID | Transaction Description | CHEQUE NO | CHANNEL |
 | com.example.Transaction@59aa20b3 | -1350.0 | 13/09/2020 | true | com.example.Transaction@6cfcd46d | GIRO:OCBC -- GIRO:OCBC -- SJT1188L PREVIA [38/84] |  |  | MAY-MATCH | 
&amp#27;[0m
P200907:OCBC -- P200907:OCBC -- AUG 2020
P200907 | FUND TRANSFER Fund Transfer to account 601265671001 SGD 904.15@1 Atan Motoring Supply Pte Ltd - Aug 2020 | CT0019530884 | FUND TRANSFER
&amp#27;[36m ||||||||| PRINTING RECORDS ||||||||| :::RECORD
 | Record Ref ID | Transaction Amount | Transaction Date | Reconciled? | Reconciled with Txn Ref ID | Transaction Description | CHEQUE NO | CHANNEL |
 | com.example.Transaction@363f6148 | -904.15 | 04/09/2020 | true | com.example.Transaction@3e5499cc | P200907:OCBC -- P200907:OCBC -- AUG 2020 |  |  | MAY-MATCH | 
&amp#27;[0m
IBANKING -- IBANKING -- FBR1534B-001 : 006~006 IN
RADIWATI BTE MOHAME | PAYMENT/TRANSFER OTHR RADIWATI BTE MOHAME FBR1534B | OTHR | PAYMENT/TRANSFER
&amp#27;[36m ||||||||| PRINTING RECORDS ||||||||| :::RECORD
 | Record Ref ID | Transaction Amount | Transaction Date | Reconciled? | Reconciled with Txn Ref ID | Transaction Description | CHEQUE NO | CHANNEL |
 | com.example.Transaction@4b21844c | 226.0 | 14/09/2020 | true | com.example.Transaction@5b444398 | IBANKING -- IBANKING -- FBR1534B-001 : 006~006 IN |  |  | MAY-MATCH | 
&amp#27;[0m
IBANKING -- IBANKING -- FBP9517J-001 : 014~014 IN
FOREST CHILD CADRE | PAYMENT/TRANSFER ALLW FOREST CHILD CADRE EBGPP00912760247 | ALLW | PAYMENT/TRANSFER
&amp#27;[36m ||||||||| PRINTING RECORDS ||||||||| :::RECORD
 | Record Ref ID | Transaction Amount | Transaction Date | Reconciled? | Reconciled with Txn Ref ID | Transaction Description | CHEQUE NO | CHANNEL |
 | com.example.Transaction@1b28f282 | 193.0 | 12/09/2020 | true | com.example.Transaction@a776e | IBANKING -- IBANKING -- FBP9517J-001 : 014~014 IN |  |  | MAY-MATCH | 
&amp#27;[0m
IBANKING -- IBANKING -- FBK5286C-002 : 019~019 IN
from FBK5286C SHARE | OTHR - Other FUND TRANSFER |  | FUND TRANSFER
&amp#27;[36m ||||||||| PRINTING RECORDS ||||||||| :::RECORD
 | Record Ref ID | Transaction Amount | Transaction Date | Reconciled? | Reconciled with Txn Ref ID | Transaction Description | CHEQUE NO | CHANNEL |
 | com.example.Transaction@138fe6ec | 246.0 | 13/09/2020 | true | com.example.Transaction@1f2f9244 | IBANKING -- IBANKING -- FBK5286C-002 : 019~019 IN |  |  | MAY-MATCH | 
&amp#27;[0m
CASH -- CASH -- TRF : PETTY CASH TO CASH
 | CASH DEPOSIT     CDM |  | CASH DEPOSIT     CDM
&amp#27;[36m ||||||||| PRINTING RECORDS ||||||||| :::RECORD
 | Record Ref ID | Transaction Amount | Transaction Date | Reconciled? | Reconciled with Txn Ref ID | Transaction Description | CHEQUE NO | CHANNEL |
 | com.example.Transaction@5e77f0f4 | 9950.0 | 13/09/2020 | true | com.example.Transaction@6821ea29 | CASH -- CASH -- TRF : PETTY CASH TO CASH |  |  | MAY-MATCH | 
&amp#27;[0m
CASH -- CASH -- TRF : PETTY CASH TO CASH
 | CASH DEPOSIT     CDM |  | CASH DEPOSIT     CDM
&amp#27;[36m ||||||||| PRINTING RECORDS ||||||||| :::RECORD
 | Record Ref ID | Transaction Amount | Transaction Date | Reconciled? | Reconciled with Txn Ref ID | Transaction Description | CHEQUE NO | CHANNEL |
 | com.example.Transaction@19b30c92 | 10000.0 | 13/09/2020 | true | com.example.Transaction@338494fa | CASH -- CASH -- TRF : PETTY CASH TO CASH |  |  | MAY-MATCH | 
&amp#27;[0m
CASH -- CASH -- TRF : PETTY CASH TO CASH
 | CASH DEPOSIT     CDM |  | CASH DEPOSIT     CDM
&amp#27;[36m ||||||||| PRINTING RECORDS ||||||||| :::RECORD
 | Record Ref ID | Transaction Amount | Transaction Date | Reconciled? | Reconciled with Txn Ref ID | Transaction Description | CHEQUE NO | CHANNEL |
 | com.example.Transaction@455351c4 | 5850.0 | 13/09/2020 | true | com.example.Transaction@505a9d7c | CASH -- CASH -- TRF : PETTY CASH TO CASH |  |  | MAY-MATCH | 
&amp#27;[0m
IBANKING -- IBANKING -- FBG0756S-003 : 005~006 IN
RAZALI BIN JOHARI | PAYMENT/TRANSFER OTHR RAZALI BIN JOHARI Transfer | OTHR | PAYMENT/TRANSFER
&amp#27;[36m ||||||||| PRINTING RECORDS ||||||||| :::RECORD
 | Record Ref ID | Transaction Amount | Transaction Date | Reconciled? | Reconciled with Txn Ref ID | Transaction Description | CHEQUE NO | CHANNEL |
 | com.example.Transaction@29876704 | 360.0 | 13/09/2020 | true | com.example.Transaction@758c83d8 | IBANKING -- IBANKING -- FBG0756S-003 : 005~006 IN |  |  | MAY-MATCH | 
&amp#27;[0m
IBANKING -- IBANKING -- FBP1782L-001 : 019~019 IN
from FBD7182L MUHAM | OTHR - FBP1782L FUND TRANSFER |  | FUND TRANSFER
&amp#27;[36m ||||||||| PRINTING RECORDS ||||||||| :::RECORD
 | Record Ref ID | Transaction Amount | Transaction Date | Reconciled? | Reconciled with Txn Ref ID | Transaction Description | CHEQUE NO | CHANNEL |
 | com.example.Transaction@4816c290 | 270.0 | 13/09/2020 | true | com.example.Transaction@129b4fe2 | IBANKING -- IBANKING -- FBP1782L-001 : 019~019 IN |  |  | MAY-MATCH | 
&amp#27;[0m
IBANKING -- IBANKING -- FBG2736L-001 : 031~031 IN
NURHIDAYAH BTE MOLI | PAYMENT/TRANSFER OTHR S$ NURHIDAYAH BTE MOLI via PayNow: FBL6182G | OTHR S$ | PAYMENT/TRANSFER
&amp#27;[36m ||||||||| PRINTING RECORDS ||||||||| :::RECORD
 | Record Ref ID | Transaction Amount | Transaction Date | Reconciled? | Reconciled with Txn Ref ID | Transaction Description | CHEQUE NO | CHANNEL |
 | com.example.Transaction@4940809c | 202.0 | 12/09/2020 | true | com.example.Transaction@5af3a0f | IBANKING -- IBANKING -- FBG2736L-001 : 031~031 IN |  |  | MAY-MATCH | 
&amp#27;[0m
PAYNOW -- PAYNOW -- FBP1376B-001 : 019~019 IN
MUHAMMAD AFIQ BIN A | PAYMENT/TRANSFER OTHR S$ MUHAMMAD AFIQ BIN A via PayNow: FBP1376B | OTHR S$ | PAYMENT/TRANSFER
&amp#27;[36m ||||||||| PRINTING RECORDS ||||||||| :::RECORD
 | Record Ref ID | Transaction Amount | Transaction Date | Reconciled? | Reconciled with Txn Ref ID | Transaction Description | CHEQUE NO | CHANNEL |
 | com.example.Transaction@16423501 | 267.0 | 13/09/2020 | true | com.example.Transaction@19ae6bb | PAYNOW -- PAYNOW -- FBP1376B-001 : 019~019 IN |  |  | MAY-MATCH | 
&amp#27;[0m
IBANKING -- IBANKING -- FBP4314K-001 : 018~018 IN
MUHAMMAD ANDIKA BIN | PAYMENT/TRANSFER OTHR MUHAMMAD ANDIKA BIN FBP4314K | OTHR | PAYMENT/TRANSFER
&amp#27;[36m ||||||||| PRINTING RECORDS ||||||||| :::RECORD
 | Record Ref ID | Transaction Amount | Transaction Date | Reconciled? | Reconciled with Txn Ref ID | Transaction Description | CHEQUE NO | CHANNEL |
 | com.example.Transaction@4efcf8a | 216.0 | 13/09/2020 | true | com.example.Transaction@10993713 | IBANKING -- IBANKING -- FBP4314K-001 : 018~018 IN |  |  | MAY-MATCH | 
&amp#27;[0m
PAYNOW -- PAYNOW -- FBQ4082Z-001 : 012~012 IN
MUHAMMAD ZUHAIDI BI | PAYMENT/TRANSFER OTHR S$ MUHAMMAD ZUHAIDI BI via PayNow: 198903552W | OTHR S$ | PAYMENT/TRANSFER
&amp#27;[36m ||||||||| PRINTING RECORDS ||||||||| :::RECORD
 | Record Ref ID | Transaction Amount | Transaction Date | Reconciled? | Reconciled with Txn Ref ID | Transaction Description | CHEQUE NO | CHANNEL |
 | com.example.Transaction@7a138fc5 | 260.0 | 27/09/2020 | true | com.example.Transaction@58359ebd | PAYNOW -- PAYNOW -- FBQ4082Z-001 : 012~012 IN |  |  | MAY-MATCH | 
&amp#27;[0m
IBANKING -- IBANKING -- FBL6182G-001 : 044~044 IN
WAHAB BIN MOHD ISA | SI               FBP2238K IBG GIRO | OTHR | IBG GIRO
&amp#27;[36m ||||||||| PRINTING RECORDS ||||||||| :::RECORD
 | Record Ref ID | Transaction Amount | Transaction Date | Reconciled? | Reconciled with Txn Ref ID | Transaction Description | CHEQUE NO | CHANNEL |
 | com.example.Transaction@379ab47b | 202.0 | 13/09/2020 | true | com.example.Transaction@56bca85b | IBANKING -- IBANKING -- FBL6182G-001 : 044~044 IN |  |  | MAY-MATCH | 
&amp#27;[0m
PAYNOW -- PAYNOW -- FBL6793T-001 : 043~043 IN
NUR MUHAMMAD FIRDAU | PAYMENT/TRANSFER OTHR S$ NUR MUHAMMAD FIRDAU via PayNow: Transfer - UEN | OTHR S$ | PAYMENT/TRANSFER
&amp#27;[36m ||||||||| PRINTING RECORDS ||||||||| :::RECORD
 | Record Ref ID | Transaction Amount | Transaction Date | Reconciled? | Reconciled with Txn Ref ID | Transaction Description | CHEQUE NO | CHANNEL |
 | com.example.Transaction@307765b4 | 258.0 | 14/09/2020 | true | com.example.Transaction@4b672daa | PAYNOW -- PAYNOW -- FBL6793T-001 : 043~043 IN |  |  | MAY-MATCH | 
&amp#27;[0m
PAYNOW -- PAYNOW -- FBM8055Y-002 : 008~008 IN
MOHAMMAD RIDZUAN BI | PAYMENT/TRANSFER OTHR S$ MOHAMMAD RIDZUAN BI via PayNow: FBM8055Y | OTHR S$ | PAYMENT/TRANSFER
&amp#27;[36m ||||||||| PRINTING RECORDS ||||||||| :::RECORD
 | Record Ref ID | Transaction Amount | Transaction Date | Reconciled? | Reconciled with Txn Ref ID | Transaction Description | CHEQUE NO | CHANNEL |
 | com.example.Transaction@4a9e6faf | 234.0 | 14/09/2020 | true | com.example.Transaction@ea9b7c6 | PAYNOW -- PAYNOW -- FBM8055Y-002 : 008~008 IN |  |  | MAY-MATCH | 
&amp#27;[0m
IBANKING -- IBANKING -- FBQ3081H-001 : 012~012 IN
SRI NUR ASMA-UL-HUS | PAYMENT/TRANSFER OTHR S$ SRI NUR ASMA-UL-HUS via PayNow: Fbq2362d | OTHR S$ | PAYMENT/TRANSFER
&amp#27;[36m ||||||||| PRINTING RECORDS ||||||||| :::RECORD
 | Record Ref ID | Transaction Amount | Transaction Date | Reconciled? | Reconciled with Txn Ref ID | Transaction Description | CHEQUE NO | CHANNEL |
 | com.example.Transaction@2c95ac9e | 203.0 | 14/09/2020 | true | com.example.Transaction@7b324585 | IBANKING -- IBANKING -- FBQ3081H-001 : 012~012 IN |  |  | MAY-MATCH | 
&amp#27;[0m
IBANKING -- IBANKING -- FBA2060J-001 : 008~000 IN
MOHAMED AJMEL BIN M | PAYMENT/TRANSFER OTHR MOHAMED AJMEL BIN M fba 2060j ajmel | OTHR | PAYMENT/TRANSFER
&amp#27;[36m ||||||||| PRINTING RECORDS ||||||||| :::RECORD
 | Record Ref ID | Transaction Amount | Transaction Date | Reconciled? | Reconciled with Txn Ref ID | Transaction Description | CHEQUE NO | CHANNEL |
 | com.example.Transaction@4e4efc1b | 100.0 | 15/09/2020 | true | com.example.Transaction@37b70343 | IBANKING -- IBANKING -- FBA2060J-001 : 008~000 IN |  |  | MAY-MATCH | 
&amp#27;[0m
IBANKING -- IBANKING -- FBL8716D-001 : 041~041 IN
THANIUS BIN MUSNI | PAYMENT/TRANSFER OTHR THANIUS BIN MUSNI INSTALLMENT NO 41 FOR BIKE FBL8716 | OTHR | PAYMENT/TRANSFER
&amp#27;[36m ||||||||| PRINTING RECORDS ||||||||| :::RECORD
 | Record Ref ID | Transaction Amount | Transaction Date | Reconciled? | Reconciled with Txn Ref ID | Transaction Description | CHEQUE NO | CHANNEL |
 | com.example.Transaction@459f7aa3 | 244.0 | 15/09/2020 | true | com.example.Transaction@306851c7 | IBANKING -- IBANKING -- FBL8716D-001 : 041~041 IN |  |  | MAY-MATCH | 
&amp#27;[0m
GIRO -- GIRO -- FBB9394U MSIG 2ND, R/T 1Y
G200916 | GIRO COLLECTION |  | GIRO COLLECTION
&amp#27;[36m ||||||||| PRINTING RECORDS ||||||||| :::RECORD
 | Record Ref ID | Transaction Amount | Transaction Date | Reconciled? | Reconciled with Txn Ref ID | Transaction Description | CHEQUE NO | CHANNEL |
 | com.example.Transaction@7cc586a8 | 258.0 | 17/09/2020 | true | com.example.Transaction@41813449 | GIRO -- GIRO -- FBB9394U MSIG 2ND, R/T 1Y |  |  | MAY-MATCH | 
&amp#27;[0m
IBANKING -- IBANKING -- BLK NO 23838
B01 23838 | TRANSFER Fund Transfer from SINGAPURA FINANCE LTD SGD 25 791.88 B01 23838 | CT0019562633 | TRANSFER
&amp#27;[36m ||||||||| PRINTING RECORDS ||||||||| :::RECORD
 | Record Ref ID | Transaction Amount | Transaction Date | Reconciled? | Reconciled with Txn Ref ID | Transaction Description | CHEQUE NO | CHANNEL |
 | com.example.Transaction@7db534f2 | 25791.88 | 17/09/2020 | true | com.example.Transaction@40499e4f | IBANKING -- IBANKING -- BLK NO 23838 |  |  | MAY-MATCH | 
&amp#27;[0m
IBANKING -- IBANKING -- FBP3580P-001 : 018~018 IN
MUHAMMAD IZZAN BIN | PAYMENT/TRANSFER OTHR MUHAMMAD IZZAN BIN Transfer | OTHR | PAYMENT/TRANSFER
&amp#27;[36m ||||||||| PRINTING RECORDS ||||||||| :::RECORD
 | Record Ref ID | Transaction Amount | Transaction Date | Reconciled? | Reconciled with Txn Ref ID | Transaction Description | CHEQUE NO | CHANNEL |
 | com.example.Transaction@44a2b17b | 264.0 | 20/09/2020 | true | com.example.Transaction@618c5d94 | IBANKING -- IBANKING -- FBP3580P-001 : 018~018 IN |  |  | MAY-MATCH | 
&amp#27;[0m
CASH -- CASH -- TRF : PETTY CASH TO CASH
 | CASH DEPOSIT     CDM |  | CASH DEPOSIT     CDM
&amp#27;[36m ||||||||| PRINTING RECORDS ||||||||| :::RECORD
 | Record Ref ID | Transaction Amount | Transaction Date | Reconciled? | Reconciled with Txn Ref ID | Transaction Description | CHEQUE NO | CHANNEL |
 | com.example.Transaction@7a56812e | 9950.0 | 20/09/2020 | true | com.example.Transaction@5b40ceb | CASH -- CASH -- TRF : PETTY CASH TO CASH |  |  | MAY-MATCH | 
&amp#27;[0m
CASH -- CASH -- TRF : PETTY CASH TO CASH
 | CASH DEPOSIT     CDM |  | CASH DEPOSIT     CDM
&amp#27;[36m ||||||||| PRINTING RECORDS ||||||||| :::RECORD
 | Record Ref ID | Transaction Amount | Transaction Date | Reconciled? | Reconciled with Txn Ref ID | Transaction Description | CHEQUE NO | CHANNEL |
 | com.example.Transaction@2a76b80a | 12750.0 | 20/09/2020 | true | com.example.Transaction@13c3c1e1 | CASH -- CASH -- TRF : PETTY CASH TO CASH |  |  | MAY-MATCH | 
&amp#27;[0m
IBANKING -- IBANKING -- FBK2060G-004 : 011~011 IN
FADIL BIN ABD RAHIM | PAYMENT/TRANSFER OTHR FADIL BIN ABD RAHIM Transfer | OTHR | PAYMENT/TRANSFER
&amp#27;[36m ||||||||| PRINTING RECORDS ||||||||| :::RECORD
 | Record Ref ID | Transaction Amount | Transaction Date | Reconciled? | Reconciled with Txn Ref ID | Transaction Description | CHEQUE NO | CHANNEL |
 | com.example.Transaction@7eb01b12 | 120.0 | 20/09/2020 | true | com.example.Transaction@1d8062d2 | IBANKING -- IBANKING -- FBK2060G-004 : 011~011 IN |  |  | MAY-MATCH | 
&amp#27;[0m
IBANKING -- IBANKING -- FBM7628B-001 : 030~030 IN
MOHAMED HASHIM BIN | PAYMENT/TRANSFER IHRP MOHAMED HASHIM BIN Irfan - FBM7628B | IHRP | PAYMENT/TRANSFER
&amp#27;[36m ||||||||| PRINTING RECORDS ||||||||| :::RECORD
 | Record Ref ID | Transaction Amount | Transaction Date | Reconciled? | Reconciled with Txn Ref ID | Transaction Description | CHEQUE NO | CHANNEL |
 | com.example.Transaction@2f4854d6 | 354.0 | 21/09/2020 | true | com.example.Transaction@45cff11c | IBANKING -- IBANKING -- FBM7628B-001 : 030~030 IN |  |  | MAY-MATCH | 
&amp#27;[0m
IBANKING -- IBANKING -- FBQ8326U-001 : 006~006 IN
SAIFUL BAHRI BIN MD | PAYMENT/TRANSFER IHRP SAIFUL BAHRI BIN MD FBQ8326U | IHRP | PAYMENT/TRANSFER
&amp#27;[36m ||||||||| PRINTING RECORDS ||||||||| :::RECORD
 | Record Ref ID | Transaction Amount | Transaction Date | Reconciled? | Reconciled with Txn Ref ID | Transaction Description | CHEQUE NO | CHANNEL |
 | com.example.Transaction@61d9efe0 | 189.0 | 21/09/2020 | true | com.example.Transaction@207ea13 | IBANKING -- IBANKING -- FBQ8326U-001 : 006~006 IN |  |  | MAY-MATCH | 
&amp#27;[0m
JK:OCBC -- JK:OCBC -- TOILETRIES & REFRESHMENT
44096 | xx-8024 NTUC FAIRPRICE           S DEBIT PURCHASE |  | DEBIT PURCHASE
&amp#27;[36m ||||||||| PRINTING RECORDS ||||||||| :::RECORD
 | Record Ref ID | Transaction Amount | Transaction Date | Reconciled? | Reconciled with Txn Ref ID | Transaction Description | CHEQUE NO | CHANNEL |
 | com.example.Transaction@7e70bd39 | -85.99 | 21/09/2020 | true | com.example.Transaction@5ad10c1a | JK:OCBC -- JK:OCBC -- TOILETRIES & REFRESHMENT |  |  | MAY-MATCH | 
&amp#27;[0m
IBANKING -- IBANKING -- FBQ1405X-001 : 014~014 IN
from S8422453G NORJ | OTHR - FBQ1405X FUND TRANSFER |  | FUND TRANSFER
&amp#27;[36m ||||||||| PRINTING RECORDS ||||||||| :::RECORD
 | Record Ref ID | Transaction Amount | Transaction Date | Reconciled? | Reconciled with Txn Ref ID | Transaction Description | CHEQUE NO | CHANNEL |
 | com.example.Transaction@e6516e | 117.0 | 26/09/2020 | true | com.example.Transaction@6b5894c8 | IBANKING -- IBANKING -- FBQ1405X-001 : 014~014 IN |  |  | MAY-MATCH | 
&amp#27;[0m
IBANKING -- IBANKING -- FBQ2241U-001 : 013~013 IN
from S8422453G NORJ | OTHR - FBQ2241U FUND TRANSFER |  | FUND TRANSFER
&amp#27;[36m ||||||||| PRINTING RECORDS ||||||||| :::RECORD
 | Record Ref ID | Transaction Amount | Transaction Date | Reconciled? | Reconciled with Txn Ref ID | Transaction Description | CHEQUE NO | CHANNEL |
 | com.example.Transaction@6de54b40 | 217.0 | 26/09/2020 | true | com.example.Transaction@1433046b | IBANKING -- IBANKING -- FBQ2241U-001 : 013~013 IN |  |  | MAY-MATCH | 
&amp#27;[0m
IBANKING -- IBANKING -- FBM2040D-001 : 038~038 IN
MOHAMED NOH BIN BAS | PAYMENT/TRANSFER IHRP MOHAMED NOH BIN BAS FBM2040D | IHRP | PAYMENT/TRANSFER
&amp#27;[36m ||||||||| PRINTING RECORDS ||||||||| :::RECORD
 | Record Ref ID | Transaction Amount | Transaction Date | Reconciled? | Reconciled with Txn Ref ID | Transaction Description | CHEQUE NO | CHANNEL |
 | com.example.Transaction@43ed0ff3 | 281.0 | 27/09/2020 | true | com.example.Transaction@5778826f | IBANKING -- IBANKING -- FBM2040D-001 : 038~038 IN |  |  | MAY-MATCH | 
&amp#27;[0m
PAYNOW -- PAYNOW -- FX0035C-001 : 014~014 INS
MUHAMMAD AL-HAFIZ B | PAYMENT/TRANSFER OTHR S$ MUHAMMAD AL-HAFIZ B via PayNow: Fx 35 c | OTHR S$ | PAYMENT/TRANSFER
&amp#27;[36m ||||||||| PRINTING RECORDS ||||||||| :::RECORD
 | Record Ref ID | Transaction Amount | Transaction Date | Reconciled? | Reconciled with Txn Ref ID | Transaction Description | CHEQUE NO | CHANNEL |
 | com.example.Transaction@388ffbc2 | 210.0 | 27/09/2020 | true | com.example.Transaction@5b64c4b7 | PAYNOW -- PAYNOW -- FX0035C-001 : 014~014 INS |  |  | MAY-MATCH | 
&amp#27;[0m
PAYNOW -- PAYNOW -- FBQ8355K-001 : 008~008 IN
RAJA ZULFIKAAR ABDU | PAYMENT/TRANSFER OTHR S$ RAJA ZULFIKAAR ABDU via PayNow: FBQ8355K | OTHR S$ | PAYMENT/TRANSFER
&amp#27;[36m ||||||||| PRINTING RECORDS ||||||||| :::RECORD
 | Record Ref ID | Transaction Amount | Transaction Date | Reconciled? | Reconciled with Txn Ref ID | Transaction Description | CHEQUE NO | CHANNEL |
 | com.example.Transaction@a50b09c | 391.0 | 27/09/2020 | true | com.example.Transaction@4763c727 | PAYNOW -- PAYNOW -- FBQ8355K-001 : 008~008 IN |  |  | MAY-MATCH | 
&amp#27;[0m
IBANKING -- IBANKING -- FBA2060J-001 : 008~009 IN
MOHAMED AJMEL BIN M | PAYMENT/TRANSFER OTHR MOHAMED AJMEL BIN M fba 2060j outstanding is cleared | OTHR | PAYMENT/TRANSFER
&amp#27;[36m ||||||||| PRINTING RECORDS ||||||||| :::RECORD
 | Record Ref ID | Transaction Amount | Transaction Date | Reconciled? | Reconciled with Txn Ref ID | Transaction Description | CHEQUE NO | CHANNEL |
 | com.example.Transaction@4da855dd | 458.0 | 27/09/2020 | true | com.example.Transaction@72445aba | IBANKING -- IBANKING -- FBA2060J-001 : 008~009 IN |  |  | MAY-MATCH | 
&amp#27;[0m
PAYNOW -- PAYNOW -- FBP3628L-001 : 019~019 IN
MUHAMMAD FAIZ TAJUD | PAYMENT/TRANSFER OTHR S$ MUHAMMAD FAIZ TAJUD via PayNow: FBP3638L | OTHR S$ | PAYMENT/TRANSFER
&amp#27;[36m ||||||||| PRINTING RECORDS ||||||||| :::RECORD
 | Record Ref ID | Transaction Amount | Transaction Date | Reconciled? | Reconciled with Txn Ref ID | Transaction Description | CHEQUE NO | CHANNEL |
 | com.example.Transaction@6691490c | 230.0 | 27/09/2020 | true | com.example.Transaction@61bcd567 | PAYNOW -- PAYNOW -- FBP3628L-001 : 019~019 IN |  |  | MAY-MATCH | 
&amp#27;[0m
IBANKING -- IBANKING -- FBK9330G-001 : 054~054 IN
OW YONG HOA LEON | PAYMENT/TRANSFER OTHR OW YONG HOA LEON Transfer | OTHR | PAYMENT/TRANSFER
&amp#27;[36m ||||||||| PRINTING RECORDS ||||||||| :::RECORD
 | Record Ref ID | Transaction Amount | Transaction Date | Reconciled? | Reconciled with Txn Ref ID | Transaction Description | CHEQUE NO | CHANNEL |
 | com.example.Transaction@2187fff7 | 355.0 | 27/09/2020 | true | com.example.Transaction@458342d3 | IBANKING -- IBANKING -- FBK9330G-001 : 054~054 IN |  |  | MAY-MATCH | 
&amp#27;[0m
IBANKING -- IBANKING -- FBM0811J-001 : 039~039 IN
665417770001 | 3RD PTY TRANSFER ATM |  | 3RD PTY TRANSFER ATM
&amp#27;[36m ||||||||| PRINTING RECORDS ||||||||| :::RECORD
 | Record Ref ID | Transaction Amount | Transaction Date | Reconciled? | Reconciled with Txn Ref ID | Transaction Description | CHEQUE NO | CHANNEL |
 | com.example.Transaction@2e5c7f0b | 265.0 | 27/09/2020 | true | com.example.Transaction@55e8ec2f | IBANKING -- IBANKING -- FBM0811J-001 : 039~039 IN |  |  | MAY-MATCH | 
&amp#27;[0m
PAYNOW -- PAYNOW -- FBQ7407B-001 : 010~010 IN
MOHAMAD FAIZAL BIN | PAYMENT/TRANSFER OTHR S$ MOHAMAD FAIZAL BIN via PayNow: 7407b | OTHR S$ | PAYMENT/TRANSFER
&amp#27;[36m ||||||||| PRINTING RECORDS ||||||||| :::RECORD
 | Record Ref ID | Transaction Amount | Transaction Date | Reconciled? | Reconciled with Txn Ref ID | Transaction Description | CHEQUE NO | CHANNEL |
 | com.example.Transaction@21d5c1a0 | 244.0 | 28/09/2020 | true | com.example.Transaction@2b491fee | PAYNOW -- PAYNOW -- FBQ7407B-001 : 010~010 IN |  |  | MAY-MATCH | 
&amp#27;[0m
PAYNOW -- PAYNOW -- FBE7176E-002 : 002~002 IN
from NG WENG LOON | LOAR - FBE7176E FUND TRANSFER | via PayNow-UEN | FUND TRANSFER
&amp#27;[36m ||||||||| PRINTING RECORDS ||||||||| :::RECORD
 | Record Ref ID | Transaction Amount | Transaction Date | Reconciled? | Reconciled with Txn Ref ID | Transaction Description | CHEQUE NO | CHANNEL |
 | com.example.Transaction@4de025bf | 94.0 | 29/09/2020 | true | com.example.Transaction@e260766 | PAYNOW -- PAYNOW -- FBE7176E-002 : 002~002 IN |  |  | MAY-MATCH | 
&amp#27;[0m
IBANKING -- IBANKING -- FBL3296G-001 : 049~049 IN
from FBL3296G FARID | OTHR - Other FUND TRANSFER |  | FUND TRANSFER
&amp#27;[36m ||||||||| PRINTING RECORDS ||||||||| :::RECORD
 | Record Ref ID | Transaction Amount | Transaction Date | Reconciled? | Reconciled with Txn Ref ID | Transaction Description | CHEQUE NO | CHANNEL |
 | com.example.Transaction@538613b3 | 251.0 | 29/09/2020 | true | com.example.Transaction@2c3dec30 | IBANKING -- IBANKING -- FBL3296G-001 : 049~049 IN |  |  | MAY-MATCH | 
&amp#27;[0m
]]></system-out>
  </testcase>
  <testcase name="expect_AfterReconRun_suggests_remaining_pending_may_match_amount" classname="com.example.tests.TestReconciliationTool" time="0.18">
    <system-out><![CDATA[PAYNOW -- PAYNOW -- FBL9376U-002 : 012~012 IN
from MUHAMMAD ZUHAI | OTHR - Other FUND TRANSFER | via PayNow-UEN | FUND TRANSFER
&amp#27;[36m ||||||||| PRINTING RECORDS ||||||||| :::RECORD
 | Record Ref ID | Transaction Amount | Transaction Date | Reconciled? | Reconciled with Txn Ref ID | Transaction Description | CHEQUE NO | CHANNEL |
 | com.example.Transaction@778ca8ef | 260.0 | 13/09/2020 | true | com.example.Transaction@2de366bb | PAYNOW -- PAYNOW -- FBL9376U-002 : 012~012 IN |  |  | MAY-MATCH | 
&amp#27;[0m
IBANKING -- IBANKING -- FBQ4745U-001 : 011~011 IN
MOHD RAZALI BIN MOH | PAYMENT/TRANSFER OTHR MOHD RAZALI BIN MOH FBQ4745U 83210310 | OTHR | PAYMENT/TRANSFER
&amp#27;[36m ||||||||| PRINTING RECORDS ||||||||| :::RECORD
 | Record Ref ID | Transaction Amount | Transaction Date | Reconciled? | Reconciled with Txn Ref ID | Transaction Description | CHEQUE NO | CHANNEL |
 | com.example.Transaction@208e9ef6 | 218.0 | 01/09/2020 | true | com.example.Transaction@58c540cf | IBANKING -- IBANKING -- FBQ4745U-001 : 011~011 IN |  |  | MAY-MATCH | 
&amp#27;[0m
IBANKING -- IBANKING -- FBL3296G-001 : 048~048 IN
from FBL3296G FARID | OTHR - Other FUND TRANSFER |  | FUND TRANSFER
&amp#27;[36m ||||||||| PRINTING RECORDS ||||||||| :::RECORD
 | Record Ref ID | Transaction Amount | Transaction Date | Reconciled? | Reconciled with Txn Ref ID | Transaction Description | CHEQUE NO | CHANNEL |
 | com.example.Transaction@78b236a0 | 251.0 | 01/09/2020 | true | com.example.Transaction@3d6300e8 | IBANKING -- IBANKING -- FBL3296G-001 : 048~048 IN |  |  | MAY-MATCH | 
&amp#27;[0m
IBANKING -- IBANKING -- FBG0332G-001 : 040~040 IN
HO CHI WING | PAYMENT/TRANSFER OTHR HO CHI WING FBG0332G | OTHR | PAYMENT/TRANSFER
&amp#27;[36m ||||||||| PRINTING RECORDS ||||||||| :::RECORD
 | Record Ref ID | Transaction Amount | Transaction Date | Reconciled? | Reconciled with Txn Ref ID | Transaction Description | CHEQUE NO | CHANNEL |
 | com.example.Transaction@261d8190 | 438.0 | 01/09/2020 | true | com.example.Transaction@1b822fcc | IBANKING -- IBANKING -- FBG0332G-001 : 040~040 IN |  |  | MAY-MATCH | 
&amp#27;[0m
IBANKING -- IBANKING -- FBA2060J-001 : 007~000 IN
MOHAMED AJMEL BIN M | PAYMENT/TRANSFER OTHR MOHAMED AJMEL BIN M Ajmel fba2060j | OTHR | PAYMENT/TRANSFER
&amp#27;[36m ||||||||| PRINTING RECORDS ||||||||| :::RECORD
 | Record Ref ID | Transaction Amount | Transaction Date | Reconciled? | Reconciled with Txn Ref ID | Transaction Description | CHEQUE NO | CHANNEL |
 | com.example.Transaction@34448e6c | 200.0 | 01/09/2020 | true | com.example.Transaction@24a1c17f | IBANKING -- IBANKING -- FBA2060J-001 : 007~000 IN |  |  | MAY-MATCH | 
&amp#27;[0m
IBANKING -- IBANKING -- FBK7313U-002 : 005~005 IN
HELMI HUSAINI BIN S | PAYMENT/TRANSFER OTHR S$ HELMI HUSAINI BIN S via PayNow: FBK7313U | OTHR S$ | PAYMENT/TRANSFER
&amp#27;[36m ||||||||| PRINTING RECORDS ||||||||| :::RECORD
 | Record Ref ID | Transaction Amount | Transaction Date | Reconciled? | Reconciled with Txn Ref ID | Transaction Description | CHEQUE NO | CHANNEL |
 | com.example.Transaction@60e9df3c | 160.0 | 01/09/2020 | true | com.example.Transaction@56102e1c | IBANKING -- IBANKING -- FBK7313U-002 : 005~005 IN |  |  | MAY-MATCH | 
&amp#27;[0m
IBANKING -- IBANKING -- FBL9839B-001 : 039~039 IN
SHER WENYONG BENJAM | PAYMENT/TRANSFER OTHR SHER WENYONG BENJAM FBL9839B | OTHR | PAYMENT/TRANSFER
&amp#27;[36m ||||||||| PRINTING RECORDS ||||||||| :::RECORD
 | Record Ref ID | Transaction Amount | Transaction Date | Reconciled? | Reconciled with Txn Ref ID | Transaction Description | CHEQUE NO | CHANNEL |
 | com.example.Transaction@907f2b7 | 244.0 | 03/09/2020 | true | com.example.Transaction@3670f00 | IBANKING -- IBANKING -- FBL9839B-001 : 039~039 IN |  |  | MAY-MATCH | 
&amp#27;[0m
IBANKING -- IBANKING -- FBR1665G-001 : 006~006 IN
VILLAFUERTE ARIEL D | PAYMENT/TRANSFER COLL VILLAFUERTE ARIEL D FBR1665G SEPT2020 | COLL | PAYMENT/TRANSFER
&amp#27;[36m ||||||||| PRINTING RECORDS ||||||||| :::RECORD
 | Record Ref ID | Transaction Amount | Transaction Date | Reconciled? | Reconciled with Txn Ref ID | Transaction Description | CHEQUE NO | CHANNEL |
 | com.example.Transaction@435ce306 | 352.0 | 06/09/2020 | true | com.example.Transaction@655a5d9c | IBANKING -- IBANKING -- FBR1665G-001 : 006~006 IN |  |  | MAY-MATCH | 
&amp#27;[0m
PAYNOW -- PAYNOW -- FBJ8075E-002 : 040~040 IN
ARHAB SADEED | PAYMENT/TRANSFER OTHR S$ ARHAB SADEED via PayNow: FBJ8075E | OTHR S$ | PAYMENT/TRANSFER
&amp#27;[36m ||||||||| PRINTING RECORDS ||||||||| :::RECORD
 | Record Ref ID | Transaction Amount | Transaction Date | Reconciled? | Reconciled with Txn Ref ID | Transaction Description | CHEQUE NO | CHANNEL |
 | com.example.Transaction@537b32ef | 240.0 | 06/09/2020 | true | com.example.Transaction@1494b84d | PAYNOW -- PAYNOW -- FBJ8075E-002 : 040~040 IN |  |  | MAY-MATCH | 
&amp#27;[0m
PAYNOW -- PAYNOW -- FBR2590G-001 : 005~005 IN
MUHAMMAD AMIRUL HAK | PAYMENT/TRANSFER OTHR S$ MUHAMMAD AMIRUL HAK via PayNow: 198903552W | OTHR S$ | PAYMENT/TRANSFER
&amp#27;[36m ||||||||| PRINTING RECORDS ||||||||| :::RECORD
 | Record Ref ID | Transaction Amount | Transaction Date | Reconciled? | Reconciled with Txn Ref ID | Transaction Description | CHEQUE NO | CHANNEL |
 | com.example.Transaction@7dc51783 | 322.0 | 06/09/2020 | true | com.example.Transaction@34abdee4 | PAYNOW -- PAYNOW -- FBR2590G-001 : 005~005 IN |  |  | MAY-MATCH | 
&amp#27;[0m
IBANKING -- IBANKING -- FBQ8185J-001 : 006~006 IN
from FBQ8185J HARUN | OTHR - FBQ8185J FUND TRANSFER |  | FUND TRANSFER
&amp#27;[36m ||||||||| PRINTING RECORDS ||||||||| :::RECORD
 | Record Ref ID | Transaction Amount | Transaction Date | Reconciled? | Reconciled with Txn Ref ID | Transaction Description | CHEQUE NO | CHANNEL |
 | com.example.Transaction@4b61d0c6 | 217.0 | 06/09/2020 | true | com.example.Transaction@71a9b4c7 | IBANKING -- IBANKING -- FBQ8185J-001 : 006~006 IN |  |  | MAY-MATCH | 
&amp#27;[0m
IBANKING -- IBANKING -- FBP6139L-001 : 017~017 IN
INDRA SUKMA BIN BUH | PAYMENT/TRANSFER IHRP INDRA SUKMA BIN BUH FBP6139L- SEPTEMBER 2020 | IHRP | PAYMENT/TRANSFER
&amp#27;[36m ||||||||| PRINTING RECORDS ||||||||| :::RECORD
 | Record Ref ID | Transaction Amount | Transaction Date | Reconciled? | Reconciled with Txn Ref ID | Transaction Description | CHEQUE NO | CHANNEL |
 | com.example.Transaction@6f815e7f | 484.0 | 06/09/2020 | true | com.example.Transaction@4628b1d3 | IBANKING -- IBANKING -- FBP6139L-001 : 017~017 IN |  |  | MAY-MATCH | 
&amp#27;[0m
PAYNOW -- PAYNOW -- FBP8163C-001 : 014~014 IN
ABDULLAH KHALESH KA | PAYMENT/TRANSFER OTHR S$ ABDULLAH KHALESH KA via PayNow: FBP 8163 C | OTHR S$ | PAYMENT/TRANSFER
&amp#27;[36m ||||||||| PRINTING RECORDS ||||||||| :::RECORD
 | Record Ref ID | Transaction Amount | Transaction Date | Reconciled? | Reconciled with Txn Ref ID | Transaction Description | CHEQUE NO | CHANNEL |
 | com.example.Transaction@65e7f52a | 261.0 | 07/09/2020 | true | com.example.Transaction@74f7d1d2 | PAYNOW -- PAYNOW -- FBP8163C-001 : 014~014 IN |  |  | MAY-MATCH | 
&amp#27;[0m
IBANKING -- IBANKING -- FBP1309X-001 : 019~019 IN
FARHANI SHEREEN BTE | PAYMENT/TRANSFER OTHR FARHANI SHEREEN BTE FBP1309X | OTHR | PAYMENT/TRANSFER
&amp#27;[36m ||||||||| PRINTING RECORDS ||||||||| :::RECORD
 | Record Ref ID | Transaction Amount | Transaction Date | Reconciled? | Reconciled with Txn Ref ID | Transaction Description | CHEQUE NO | CHANNEL |
 | com.example.Transaction@304b9f1a | 203.0 | 08/09/2020 | true | com.example.Transaction@6d6bc158 | IBANKING -- IBANKING -- FBP1309X-001 : 019~019 IN |  |  | MAY-MATCH | 
&amp#27;[0m
IBANKING -- IBANKING -- FBP2944E-001 : 018~018 IN
ISMAIL BIN MOHD JAI | PAYMENT/TRANSFER IHRP ISMAIL BIN MOHD JAI FBP2944E Ismail Mohd Jai | IHRP | PAYMENT/TRANSFER
&amp#27;[36m ||||||||| PRINTING RECORDS ||||||||| :::RECORD
 | Record Ref ID | Transaction Amount | Transaction Date | Reconciled? | Reconciled with Txn Ref ID | Transaction Description | CHEQUE NO | CHANNEL |
 | com.example.Transaction@75699e35 | 254.0 | 08/09/2020 | true | com.example.Transaction@5dda6f9 | IBANKING -- IBANKING -- FBP2944E-001 : 018~018 IN |  |  | MAY-MATCH | 
&amp#27;[0m
PAYNOW -- PAYNOW -- FW9186X-001 : 010~010 INS
SZE WEI KIAT | PAYMENT/TRANSFER OTHR S$ SZE WEI KIAT via PayNow: FW9186X | OTHR S$ | PAYMENT/TRANSFER
&amp#27;[36m ||||||||| PRINTING RECORDS ||||||||| :::RECORD
 | Record Ref ID | Transaction Amount | Transaction Date | Reconciled? | Reconciled with Txn Ref ID | Transaction Description | CHEQUE NO | CHANNEL |
 | com.example.Transaction@107e5441 | 350.0 | 08/09/2020 | true | com.example.Transaction@10027fc9 | PAYNOW -- PAYNOW -- FW9186X-001 : 010~010 INS |  |  | MAY-MATCH | 
&amp#27;[0m
PAYNOW -- PAYNOW -- FBK7253J-002 : 023~023 IN
HANNAN HUZAIFI BIN | PAYMENT/TRANSFER OTHR S$ HANNAN HUZAIFI BIN via PayNow: Fbk7253j | OTHR S$ | PAYMENT/TRANSFER
&amp#27;[36m ||||||||| PRINTING RECORDS ||||||||| :::RECORD
 | Record Ref ID | Transaction Amount | Transaction Date | Reconciled? | Reconciled with Txn Ref ID | Transaction Description | CHEQUE NO | CHANNEL |
 | com.example.Transaction@4aeaadc1 | 158.0 | 08/09/2020 | true | com.example.Transaction@54afd745 | PAYNOW -- PAYNOW -- FBK7253J-002 : 023~023 IN |  |  | MAY-MATCH | 
&amp#27;[0m
GIRO:OCBC -- GIRO:OCBC -- SJT1188L PREVIA [38/84]
HONG LEONG FINANCE | HLF-030 DUE 20200910 IBG GIRO | IHRP 38316717005680 | IBG GIRO
&amp#27;[36m ||||||||| PRINTING RECORDS ||||||||| :::RECORD
 | Record Ref ID | Transaction Amount | Transaction Date | Reconciled? | Reconciled with Txn Ref ID | Transaction Description | CHEQUE NO | CHANNEL |
 | com.example.Transaction@263558c9 | -1350.0 | 13/09/2020 | true | com.example.Transaction@35038141 | GIRO:OCBC -- GIRO:OCBC -- SJT1188L PREVIA [38/84] |  |  | MAY-MATCH | 
&amp#27;[0m
P200907:OCBC -- P200907:OCBC -- AUG 2020
P200907 | FUND TRANSFER Fund Transfer to account 601265671001 SGD 904.15@1 Atan Motoring Supply Pte Ltd - Aug 2020 | CT0019530884 | FUND TRANSFER
&amp#27;[36m ||||||||| PRINTING RECORDS ||||||||| :::RECORD
 | Record Ref ID | Transaction Amount | Transaction Date | Reconciled? | Reconciled with Txn Ref ID | Transaction Description | CHEQUE NO | CHANNEL |
 | com.example.Transaction@1f14f20c | -904.15 | 04/09/2020 | true | com.example.Transaction@29ad44e3 | P200907:OCBC -- P200907:OCBC -- AUG 2020 |  |  | MAY-MATCH | 
&amp#27;[0m
IBANKING -- IBANKING -- FBR1534B-001 : 006~006 IN
RADIWATI BTE MOHAME | PAYMENT/TRANSFER OTHR RADIWATI BTE MOHAME FBR1534B | OTHR | PAYMENT/TRANSFER
&amp#27;[36m ||||||||| PRINTING RECORDS ||||||||| :::RECORD
 | Record Ref ID | Transaction Amount | Transaction Date | Reconciled? | Reconciled with Txn Ref ID | Transaction Description | CHEQUE NO | CHANNEL |
 | com.example.Transaction@7daa61f3 | 226.0 | 14/09/2020 | true | com.example.Transaction@649f2009 | IBANKING -- IBANKING -- FBR1534B-001 : 006~006 IN |  |  | MAY-MATCH | 
&amp#27;[0m
IBANKING -- IBANKING -- FBP9517J-001 : 014~014 IN
FOREST CHILD CADRE | PAYMENT/TRANSFER ALLW FOREST CHILD CADRE EBGPP00912760247 | ALLW | PAYMENT/TRANSFER
&amp#27;[36m ||||||||| PRINTING RECORDS ||||||||| :::RECORD
 | Record Ref ID | Transaction Amount | Transaction Date | Reconciled? | Reconciled with Txn Ref ID | Transaction Description | CHEQUE NO | CHANNEL |
 | com.example.Transaction@62315f22 | 193.0 | 12/09/2020 | true | com.example.Transaction@797501a | IBANKING -- IBANKING -- FBP9517J-001 : 014~014 IN |  |  | MAY-MATCH | 
&amp#27;[0m
IBANKING -- IBANKING -- FBK5286C-002 : 019~019 IN
from FBK5286C SHARE | OTHR - Other FUND TRANSFER |  | FUND TRANSFER
&amp#27;[36m ||||||||| PRINTING RECORDS ||||||||| :::RECORD
 | Record Ref ID | Transaction Amount | Transaction Date | Reconciled? | Reconciled with Txn Ref ID | Transaction Description | CHEQUE NO | CHANNEL |
 | com.example.Transaction@6e4ea0bd | 246.0 | 13/09/2020 | true | com.example.Transaction@51650883 | IBANKING -- IBANKING -- FBK5286C-002 : 019~019 IN |  |  | MAY-MATCH | 
&amp#27;[0m
CASH -- CASH -- TRF : PETTY CASH TO CASH
 | CASH DEPOSIT     CDM |  | CASH DEPOSIT     CDM
&amp#27;[36m ||||||||| PRINTING RECORDS ||||||||| :::RECORD
 | Record Ref ID | Transaction Amount | Transaction Date | Reconciled? | Reconciled with Txn Ref ID | Transaction Description | CHEQUE NO | CHANNEL |
 | com.example.Transaction@56f2bbea | 9950.0 | 13/09/2020 | true | com.example.Transaction@5bd1ceca | CASH -- CASH -- TRF : PETTY CASH TO CASH |  |  | MAY-MATCH | 
&amp#27;[0m
CASH -- CASH -- TRF : PETTY CASH TO CASH
 | CASH DEPOSIT     CDM |  | CASH DEPOSIT     CDM
&amp#27;[36m ||||||||| PRINTING RECORDS ||||||||| :::RECORD
 | Record Ref ID | Transaction Amount | Transaction Date | Reconciled? | Reconciled with Txn Ref ID | Transaction Description | CHEQUE NO | CHANNEL |
 | com.example.Transaction@78f9ed3e | 10000.0 | 13/09/2020 | true | com.example.Transaction@30c31dd7 | CASH -- CASH -- TRF : PETTY CASH TO CASH |  |  | MAY-MATCH | 
&amp#27;[0m
CASH -- CASH -- TRF : PETTY CASH TO CASH
 | CASH DEPOSIT     CDM |  | CASH DEPOSIT     CDM
&amp#27;[36m ||||||||| PRINTING RECORDS ||||||||| :::RECORD
 | Record Ref ID | Transaction Amount | Transaction Date | Reconciled? | Reconciled with Txn Ref ID | Transaction Description | CHEQUE NO | CHANNEL |
 | com.example.Transaction@1059754c | 5850.0 | 13/09/2020 | true | com.example.Transaction@499b2a5c | CASH -- CASH -- TRF : PETTY CASH TO CASH |  |  | MAY-MATCH | 
&amp#27;[0m
IBANKING -- IBANKING -- FBG0756S-003 : 005~006 IN
RAZALI BIN JOHARI | PAYMENT/TRANSFER OTHR RAZALI BIN JOHARI Transfer | OTHR | PAYMENT/TRANSFER
&amp#27;[36m ||||||||| PRINTING RECORDS ||||||||| :::RECORD
 | Record Ref ID | Transaction Amount | Transaction Date | Reconciled? | Reconciled with Txn Ref ID | Transaction Description | CHEQUE NO | CHANNEL |
 | com.example.Transaction@b0964b2 | 360.0 | 13/09/2020 | true | com.example.Transaction@596df867 | IBANKING -- IBANKING -- FBG0756S-003 : 005~006 IN |  |  | MAY-MATCH | 
&amp#27;[0m
IBANKING -- IBANKING -- FBP1782L-001 : 019~019 IN
from FBD7182L MUHAM | OTHR - FBP1782L FUND TRANSFER |  | FUND TRANSFER
&amp#27;[36m ||||||||| PRINTING RECORDS ||||||||| :::RECORD
 | Record Ref ID | Transaction Amount | Transaction Date | Reconciled? | Reconciled with Txn Ref ID | Transaction Description | CHEQUE NO | CHANNEL |
 | com.example.Transaction@48e7b3d2 | 270.0 | 13/09/2020 | true | com.example.Transaction@c1fca1e | IBANKING -- IBANKING -- FBP1782L-001 : 019~019 IN |  |  | MAY-MATCH | 
&amp#27;[0m
IBANKING -- IBANKING -- FBG2736L-001 : 031~031 IN
NURHIDAYAH BTE MOLI | PAYMENT/TRANSFER OTHR S$ NURHIDAYAH BTE MOLI via PayNow: FBL6182G | OTHR S$ | PAYMENT/TRANSFER
&amp#27;[36m ||||||||| PRINTING RECORDS ||||||||| :::RECORD
 | Record Ref ID | Transaction Amount | Transaction Date | Reconciled? | Reconciled with Txn Ref ID | Transaction Description | CHEQUE NO | CHANNEL |
 | com.example.Transaction@7f4037ed | 202.0 | 12/09/2020 | true | com.example.Transaction@241a53ef | IBANKING -- IBANKING -- FBG2736L-001 : 031~031 IN |  |  | MAY-MATCH | 
&amp#27;[0m
PAYNOW -- PAYNOW -- FBP1376B-001 : 019~019 IN
MUHAMMAD AFIQ BIN A | PAYMENT/TRANSFER OTHR S$ MUHAMMAD AFIQ BIN A via PayNow: FBP1376B | OTHR S$ | PAYMENT/TRANSFER
&amp#27;[36m ||||||||| PRINTING RECORDS ||||||||| :::RECORD
 | Record Ref ID | Transaction Amount | Transaction Date | Reconciled? | Reconciled with Txn Ref ID | Transaction Description | CHEQUE NO | CHANNEL |
 | com.example.Transaction@24e8de5c | 267.0 | 13/09/2020 | true | com.example.Transaction@344344fa | PAYNOW -- PAYNOW -- FBP1376B-001 : 019~019 IN |  |  | MAY-MATCH | 
&amp#27;[0m
IBANKING -- IBANKING -- FBP4314K-001 : 018~018 IN
MUHAMMAD ANDIKA BIN | PAYMENT/TRANSFER OTHR MUHAMMAD ANDIKA BIN FBP4314K | OTHR | PAYMENT/TRANSFER
&amp#27;[36m ||||||||| PRINTING RECORDS ||||||||| :::RECORD
 | Record Ref ID | Transaction Amount | Transaction Date | Reconciled? | Reconciled with Txn Ref ID | Transaction Description | CHEQUE NO | CHANNEL |
 | com.example.Transaction@64040287 | 216.0 | 13/09/2020 | true | com.example.Transaction@2db2cd5 | IBANKING -- IBANKING -- FBP4314K-001 : 018~018 IN |  |  | MAY-MATCH | 
&amp#27;[0m
PAYNOW -- PAYNOW -- FBQ4082Z-001 : 012~012 IN
MUHAMMAD ZUHAIDI BI | PAYMENT/TRANSFER OTHR S$ MUHAMMAD ZUHAIDI BI via PayNow: 198903552W | OTHR S$ | PAYMENT/TRANSFER
&amp#27;[36m ||||||||| PRINTING RECORDS ||||||||| :::RECORD
 | Record Ref ID | Transaction Amount | Transaction Date | Reconciled? | Reconciled with Txn Ref ID | Transaction Description | CHEQUE NO | CHANNEL |
 | com.example.Transaction@110844f6 | 260.0 | 27/09/2020 | true | com.example.Transaction@70e659aa | PAYNOW -- PAYNOW -- FBQ4082Z-001 : 012~012 IN |  |  | MAY-MATCH | 
&amp#27;[0m
IBANKING -- IBANKING -- FBL6182G-001 : 044~044 IN
WAHAB BIN MOHD ISA | SI               FBP2238K IBG GIRO | OTHR | IBG GIRO
&amp#27;[36m ||||||||| PRINTING RECORDS ||||||||| :::RECORD
 | Record Ref ID | Transaction Amount | Transaction Date | Reconciled? | Reconciled with Txn Ref ID | Transaction Description | CHEQUE NO | CHANNEL |
 | com.example.Transaction@6f89f665 | 202.0 | 13/09/2020 | true | com.example.Transaction@f8908f6 | IBANKING -- IBANKING -- FBL6182G-001 : 044~044 IN |  |  | MAY-MATCH | 
&amp#27;[0m
PAYNOW -- PAYNOW -- FBL6793T-001 : 043~043 IN
NUR MUHAMMAD FIRDAU | PAYMENT/TRANSFER OTHR S$ NUR MUHAMMAD FIRDAU via PayNow: Transfer - UEN | OTHR S$ | PAYMENT/TRANSFER
&amp#27;[36m ||||||||| PRINTING RECORDS ||||||||| :::RECORD
 | Record Ref ID | Transaction Amount | Transaction Date | Reconciled? | Reconciled with Txn Ref ID | Transaction Description | CHEQUE NO | CHANNEL |
 | com.example.Transaction@df1cff6 | 258.0 | 14/09/2020 | true | com.example.Transaction@6ab72419 | PAYNOW -- PAYNOW -- FBL6793T-001 : 043~043 IN |  |  | MAY-MATCH | 
&amp#27;[0m
PAYNOW -- PAYNOW -- FBM8055Y-002 : 008~008 IN
MOHAMMAD RIDZUAN BI | PAYMENT/TRANSFER OTHR S$ MOHAMMAD RIDZUAN BI via PayNow: FBM8055Y | OTHR S$ | PAYMENT/TRANSFER
&amp#27;[36m ||||||||| PRINTING RECORDS ||||||||| :::RECORD
 | Record Ref ID | Transaction Amount | Transaction Date | Reconciled? | Reconciled with Txn Ref ID | Transaction Description | CHEQUE NO | CHANNEL |
 | com.example.Transaction@4925f4f5 | 234.0 | 14/09/2020 | true | com.example.Transaction@3aacf32a | PAYNOW -- PAYNOW -- FBM8055Y-002 : 008~008 IN |  |  | MAY-MATCH | 
&amp#27;[0m
IBANKING -- IBANKING -- FBQ3081H-001 : 012~012 IN
SRI NUR ASMA-UL-HUS | PAYMENT/TRANSFER OTHR S$ SRI NUR ASMA-UL-HUS via PayNow: Fbq2362d | OTHR S$ | PAYMENT/TRANSFER
&amp#27;[36m ||||||||| PRINTING RECORDS ||||||||| :::RECORD
 | Record Ref ID | Transaction Amount | Transaction Date | Reconciled? | Reconciled with Txn Ref ID | Transaction Description | CHEQUE NO | CHANNEL |
 | com.example.Transaction@1ad926d3 | 203.0 | 14/09/2020 | true | com.example.Transaction@473b3b7a | IBANKING -- IBANKING -- FBQ3081H-001 : 012~012 IN |  |  | MAY-MATCH | 
&amp#27;[0m
IBANKING -- IBANKING -- FBA2060J-001 : 008~000 IN
MOHAMED AJMEL BIN M | PAYMENT/TRANSFER OTHR MOHAMED AJMEL BIN M fba 2060j ajmel | OTHR | PAYMENT/TRANSFER
&amp#27;[36m ||||||||| PRINTING RECORDS ||||||||| :::RECORD
 | Record Ref ID | Transaction Amount | Transaction Date | Reconciled? | Reconciled with Txn Ref ID | Transaction Description | CHEQUE NO | CHANNEL |
 | com.example.Transaction@3a43d133 | 100.0 | 15/09/2020 | true | com.example.Transaction@6ce1f601 | IBANKING -- IBANKING -- FBA2060J-001 : 008~000 IN |  |  | MAY-MATCH | 
&amp#27;[0m
IBANKING -- IBANKING -- FBL8716D-001 : 041~041 IN
THANIUS BIN MUSNI | PAYMENT/TRANSFER OTHR THANIUS BIN MUSNI INSTALLMENT NO 41 FOR BIKE FBL8716 | OTHR | PAYMENT/TRANSFER
&amp#27;[36m ||||||||| PRINTING RECORDS ||||||||| :::RECORD
 | Record Ref ID | Transaction Amount | Transaction Date | Reconciled? | Reconciled with Txn Ref ID | Transaction Description | CHEQUE NO | CHANNEL |
 | com.example.Transaction@39ce27f2 | 244.0 | 15/09/2020 | true | com.example.Transaction@38875e7d | IBANKING -- IBANKING -- FBL8716D-001 : 041~041 IN |  |  | MAY-MATCH | 
&amp#27;[0m
GIRO -- GIRO -- FBB9394U MSIG 2ND, R/T 1Y
G200916 | GIRO COLLECTION |  | GIRO COLLECTION
&amp#27;[36m ||||||||| PRINTING RECORDS ||||||||| :::RECORD
 | Record Ref ID | Transaction Amount | Transaction Date | Reconciled? | Reconciled with Txn Ref ID | Transaction Description | CHEQUE NO | CHANNEL |
 | com.example.Transaction@5f2afe62 | 258.0 | 17/09/2020 | true | com.example.Transaction@31c269fd | GIRO -- GIRO -- FBB9394U MSIG 2ND, R/T 1Y |  |  | MAY-MATCH | 
&amp#27;[0m
IBANKING -- IBANKING -- BLK NO 23838
B01 23838 | TRANSFER Fund Transfer from SINGAPURA FINANCE LTD SGD 25 791.88 B01 23838 | CT0019562633 | TRANSFER
&amp#27;[36m ||||||||| PRINTING RECORDS ||||||||| :::RECORD
 | Record Ref ID | Transaction Amount | Transaction Date | Reconciled? | Reconciled with Txn Ref ID | Transaction Description | CHEQUE NO | CHANNEL |
 | com.example.Transaction@c96a4ea | 25791.88 | 17/09/2020 | true | com.example.Transaction@5528a42c | IBANKING -- IBANKING -- BLK NO 23838 |  |  | MAY-MATCH | 
&amp#27;[0m
IBANKING -- IBANKING -- FBP3580P-001 : 018~018 IN
MUHAMMAD IZZAN BIN | PAYMENT/TRANSFER OTHR MUHAMMAD IZZAN BIN Transfer | OTHR | PAYMENT/TRANSFER
&amp#27;[36m ||||||||| PRINTING RECORDS ||||||||| :::RECORD
 | Record Ref ID | Transaction Amount | Transaction Date | Reconciled? | Reconciled with Txn Ref ID | Transaction Description | CHEQUE NO | CHANNEL |
 | com.example.Transaction@28782602 | 264.0 | 20/09/2020 | true | com.example.Transaction@37d3d232 | IBANKING -- IBANKING -- FBP3580P-001 : 018~018 IN |  |  | MAY-MATCH | 
&amp#27;[0m
CASH -- CASH -- TRF : PETTY CASH TO CASH
 | CASH DEPOSIT     CDM |  | CASH DEPOSIT     CDM
&amp#27;[36m ||||||||| PRINTING RECORDS ||||||||| :::RECORD
 | Record Ref ID | Transaction Amount | Transaction Date | Reconciled? | Reconciled with Txn Ref ID | Transaction Description | CHEQUE NO | CHANNEL |
 | com.example.Transaction@60c16548 | 9950.0 | 20/09/2020 | true | com.example.Transaction@30c0ccff | CASH -- CASH -- TRF : PETTY CASH TO CASH |  |  | MAY-MATCH | 
&amp#27;[0m
CASH -- CASH -- TRF : PETTY CASH TO CASH
 | CASH DEPOSIT     CDM |  | CASH DEPOSIT     CDM
&amp#27;[36m ||||||||| PRINTING RECORDS ||||||||| :::RECORD
 | Record Ref ID | Transaction Amount | Transaction Date | Reconciled? | Reconciled with Txn Ref ID | Transaction Description | CHEQUE NO | CHANNEL |
 | com.example.Transaction@68105edc | 12750.0 | 20/09/2020 | true | com.example.Transaction@581d969c | CASH -- CASH -- TRF : PETTY CASH TO CASH |  |  | MAY-MATCH | 
&amp#27;[0m
IBANKING -- IBANKING -- FBK2060G-004 : 011~011 IN
FADIL BIN ABD RAHIM | PAYMENT/TRANSFER OTHR FADIL BIN ABD RAHIM Transfer | OTHR | PAYMENT/TRANSFER
&amp#27;[36m ||||||||| PRINTING RECORDS ||||||||| :::RECORD
 | Record Ref ID | Transaction Amount | Transaction Date | Reconciled? | Reconciled with Txn Ref ID | Transaction Description | CHEQUE NO | CHANNEL |
 | com.example.Transaction@511816c0 | 120.0 | 20/09/2020 | true | com.example.Transaction@22db8f4 | IBANKING -- IBANKING -- FBK2060G-004 : 011~011 IN |  |  | MAY-MATCH | 
&amp#27;[0m
IBANKING -- IBANKING -- FBM7628B-001 : 030~030 IN
MOHAMED HASHIM BIN | PAYMENT/TRANSFER IHRP MOHAMED HASHIM BIN Irfan - FBM7628B | IHRP | PAYMENT/TRANSFER
&amp#27;[36m ||||||||| PRINTING RECORDS ||||||||| :::RECORD
 | Record Ref ID | Transaction Amount | Transaction Date | Reconciled? | Reconciled with Txn Ref ID | Transaction Description | CHEQUE NO | CHANNEL |
 | com.example.Transaction@38b972d7 | 354.0 | 21/09/2020 | true | com.example.Transaction@c074c0c | IBANKING -- IBANKING -- FBM7628B-001 : 030~030 IN |  |  | MAY-MATCH | 
&amp#27;[0m
IBANKING -- IBANKING -- FBQ8326U-001 : 006~006 IN
SAIFUL BAHRI BIN MD | PAYMENT/TRANSFER IHRP SAIFUL BAHRI BIN MD FBQ8326U | IHRP | PAYMENT/TRANSFER
&amp#27;[36m ||||||||| PRINTING RECORDS ||||||||| :::RECORD
 | Record Ref ID | Transaction Amount | Transaction Date | Reconciled? | Reconciled with Txn Ref ID | Transaction Description | CHEQUE NO | CHANNEL |
 | com.example.Transaction@5339bbad | 189.0 | 21/09/2020 | true | com.example.Transaction@58a55449 | IBANKING -- IBANKING -- FBQ8326U-001 : 006~006 IN |  |  | MAY-MATCH | 
&amp#27;[0m
JK:OCBC -- JK:OCBC -- TOILETRIES & REFRESHMENT
44096 | xx-8024 NTUC FAIRPRICE           S DEBIT PURCHASE |  | DEBIT PURCHASE
&amp#27;[36m ||||||||| PRINTING RECORDS ||||||||| :::RECORD
 | Record Ref ID | Transaction Amount | Transaction Date | Reconciled? | Reconciled with Txn Ref ID | Transaction Description | CHEQUE NO | CHANNEL |
 | com.example.Transaction@3935e9a8 | -85.99 | 21/09/2020 | true | com.example.Transaction@28a2a3e7 | JK:OCBC -- JK:OCBC -- TOILETRIES & REFRESHMENT |  |  | MAY-MATCH | 
&amp#27;[0m
IBANKING -- IBANKING -- FBQ1405X-001 : 014~014 IN
from S8422453G NORJ | OTHR - FBQ1405X FUND TRANSFER |  | FUND TRANSFER
&amp#27;[36m ||||||||| PRINTING RECORDS ||||||||| :::RECORD
 | Record Ref ID | Transaction Amount | Transaction Date | Reconciled? | Reconciled with Txn Ref ID | Transaction Description | CHEQUE NO | CHANNEL |
 | com.example.Transaction@288a4658 | 117.0 | 26/09/2020 | true | com.example.Transaction@15deb1dc | IBANKING -- IBANKING -- FBQ1405X-001 : 014~014 IN |  |  | MAY-MATCH | 
&amp#27;[0m
IBANKING -- IBANKING -- FBQ2241U-001 : 013~013 IN
from S8422453G NORJ | OTHR - FBQ2241U FUND TRANSFER |  | FUND TRANSFER
&amp#27;[36m ||||||||| PRINTING RECORDS ||||||||| :::RECORD
 | Record Ref ID | Transaction Amount | Transaction Date | Reconciled? | Reconciled with Txn Ref ID | Transaction Description | CHEQUE NO | CHANNEL |
 | com.example.Transaction@5b56b654 | 217.0 | 26/09/2020 | true | com.example.Transaction@6e9c413e | IBANKING -- IBANKING -- FBQ2241U-001 : 013~013 IN |  |  | MAY-MATCH | 
&amp#27;[0m
IBANKING -- IBANKING -- FBM2040D-001 : 038~038 IN
MOHAMED NOH BIN BAS | PAYMENT/TRANSFER IHRP MOHAMED NOH BIN BAS FBM2040D | IHRP | PAYMENT/TRANSFER
&amp#27;[36m ||||||||| PRINTING RECORDS ||||||||| :::RECORD
 | Record Ref ID | Transaction Amount | Transaction Date | Reconciled? | Reconciled with Txn Ref ID | Transaction Description | CHEQUE NO | CHANNEL |
 | com.example.Transaction@452c8a40 | 281.0 | 27/09/2020 | true | com.example.Transaction@3a45c42a | IBANKING -- IBANKING -- FBM2040D-001 : 038~038 IN |  |  | MAY-MATCH | 
&amp#27;[0m
PAYNOW -- PAYNOW -- FX0035C-001 : 014~014 INS
MUHAMMAD AL-HAFIZ B | PAYMENT/TRANSFER OTHR S$ MUHAMMAD AL-HAFIZ B via PayNow: Fx 35 c | OTHR S$ | PAYMENT/TRANSFER
&amp#27;[36m ||||||||| PRINTING RECORDS ||||||||| :::RECORD
 | Record Ref ID | Transaction Amount | Transaction Date | Reconciled? | Reconciled with Txn Ref ID | Transaction Description | CHEQUE NO | CHANNEL |
 | com.example.Transaction@534243e4 | 210.0 | 27/09/2020 | true | com.example.Transaction@36dce7ed | PAYNOW -- PAYNOW -- FX0035C-001 : 014~014 INS |  |  | MAY-MATCH | 
&amp#27;[0m
PAYNOW -- PAYNOW -- FBQ8355K-001 : 008~008 IN
RAJA ZULFIKAAR ABDU | PAYMENT/TRANSFER OTHR S$ RAJA ZULFIKAAR ABDU via PayNow: FBQ8355K | OTHR S$ | PAYMENT/TRANSFER
&amp#27;[36m ||||||||| PRINTING RECORDS ||||||||| :::RECORD
 | Record Ref ID | Transaction Amount | Transaction Date | Reconciled? | Reconciled with Txn Ref ID | Transaction Description | CHEQUE NO | CHANNEL |
 | com.example.Transaction@29006752 | 391.0 | 27/09/2020 | true | com.example.Transaction@47a64f7d | PAYNOW -- PAYNOW -- FBQ8355K-001 : 008~008 IN |  |  | MAY-MATCH | 
&amp#27;[0m
IBANKING -- IBANKING -- FBA2060J-001 : 008~009 IN
MOHAMED AJMEL BIN M | PAYMENT/TRANSFER OTHR MOHAMED AJMEL BIN M fba 2060j outstanding is cleared | OTHR | PAYMENT/TRANSFER
&amp#27;[36m ||||||||| PRINTING RECORDS ||||||||| :::RECORD
 | Record Ref ID | Transaction Amount | Transaction Date | Reconciled? | Reconciled with Txn Ref ID | Transaction Description | CHEQUE NO | CHANNEL |
 | com.example.Transaction@470a9030 | 458.0 | 27/09/2020 | true | com.example.Transaction@33d05366 | IBANKING -- IBANKING -- FBA2060J-001 : 008~009 IN |  |  | MAY-MATCH | 
&amp#27;[0m
PAYNOW -- PAYNOW -- FBP3628L-001 : 019~019 IN
MUHAMMAD FAIZ TAJUD | PAYMENT/TRANSFER OTHR S$ MUHAMMAD FAIZ TAJUD via PayNow: FBP3638L | OTHR S$ | PAYMENT/TRANSFER
&amp#27;[36m ||||||||| PRINTING RECORDS ||||||||| :::RECORD
 | Record Ref ID | Transaction Amount | Transaction Date | Reconciled? | Reconciled with Txn Ref ID | Transaction Description | CHEQUE NO | CHANNEL |
 | com.example.Transaction@66d57c1b | 230.0 | 27/09/2020 | true | com.example.Transaction@27a0a5a2 | PAYNOW -- PAYNOW -- FBP3628L-001 : 019~019 IN |  |  | MAY-MATCH | 
&amp#27;[0m
IBANKING -- IBANKING -- FBK9330G-001 : 054~054 IN
OW YONG HOA LEON | PAYMENT/TRANSFER OTHR OW YONG HOA LEON Transfer | OTHR | PAYMENT/TRANSFER
&amp#27;[36m ||||||||| PRINTING RECORDS ||||||||| :::RECORD
 | Record Ref ID | Transaction Amount | Transaction Date | Reconciled? | Reconciled with Txn Ref ID | Transaction Description | CHEQUE NO | CHANNEL |
 | com.example.Transaction@27494e46 | 355.0 | 27/09/2020 | true | com.example.Transaction@33aa93c | IBANKING -- IBANKING -- FBK9330G-001 : 054~054 IN |  |  | MAY-MATCH | 
&amp#27;[0m
IBANKING -- IBANKING -- FBM0811J-001 : 039~039 IN
665417770001 | 3RD PTY TRANSFER ATM |  | 3RD PTY TRANSFER ATM
&amp#27;[36m ||||||||| PRINTING RECORDS ||||||||| :::RECORD
 | Record Ref ID | Transaction Amount | Transaction Date | Reconciled? | Reconciled with Txn Ref ID | Transaction Description | CHEQUE NO | CHANNEL |
 | com.example.Transaction@d59970a | 265.0 | 27/09/2020 | true | com.example.Transaction@c20be82 | IBANKING -- IBANKING -- FBM0811J-001 : 039~039 IN |  |  | MAY-MATCH | 
&amp#27;[0m
PAYNOW -- PAYNOW -- FBQ7407B-001 : 010~010 IN
MOHAMAD FAIZAL BIN | PAYMENT/TRANSFER OTHR S$ MOHAMAD FAIZAL BIN via PayNow: 7407b | OTHR S$ | PAYMENT/TRANSFER
&amp#27;[36m ||||||||| PRINTING RECORDS ||||||||| :::RECORD
 | Record Ref ID | Transaction Amount | Transaction Date | Reconciled? | Reconciled with Txn Ref ID | Transaction Description | CHEQUE NO | CHANNEL |
 | com.example.Transaction@1e411d81 | 244.0 | 28/09/2020 | true | com.example.Transaction@eadb475 | PAYNOW -- PAYNOW -- FBQ7407B-001 : 010~010 IN |  |  | MAY-MATCH | 
&amp#27;[0m
PAYNOW -- PAYNOW -- FBE7176E-002 : 002~002 IN
from NG WENG LOON | LOAR - FBE7176E FUND TRANSFER | via PayNow-UEN | FUND TRANSFER
&amp#27;[36m ||||||||| PRINTING RECORDS ||||||||| :::RECORD
 | Record Ref ID | Transaction Amount | Transaction Date | Reconciled? | Reconciled with Txn Ref ID | Transaction Description | CHEQUE NO | CHANNEL |
 | com.example.Transaction@53b98ff6 | 94.0 | 29/09/2020 | true | com.example.Transaction@3be8821f | PAYNOW -- PAYNOW -- FBE7176E-002 : 002~002 IN |  |  | MAY-MATCH | 
&amp#27;[0m
IBANKING -- IBANKING -- FBL3296G-001 : 049~049 IN
from FBL3296G FARID | OTHR - Other FUND TRANSFER |  | FUND TRANSFER
&amp#27;[36m ||||||||| PRINTING RECORDS ||||||||| :::RECORD
 | Record Ref ID | Transaction Amount | Transaction Date | Reconciled? | Reconciled with Txn Ref ID | Transaction Description | CHEQUE NO | CHANNEL |
 | com.example.Transaction@3e6fd0b9 | 251.0 | 29/09/2020 | true | com.example.Transaction@64b31700 | IBANKING -- IBANKING -- FBL3296G-001 : 049~049 IN |  |  | MAY-MATCH | 
&amp#27;[0m
]]></system-out>
  </testcase>
  <testcase name="expect_reconciled_records_transaction_dates_are_the_same_for_goodmatches" classname="com.example.tests.TestReconciliationTool" time="0.274">
    <system-out><![CDATA[PAYNOW -- PAYNOW -- FBL9376U-002 : 012~012 IN
from MUHAMMAD ZUHAI | OTHR - Other FUND TRANSFER | via PayNow-UEN | FUND TRANSFER
&amp#27;[36m ||||||||| PRINTING RECORDS ||||||||| :::RECORD
 | Record Ref ID | Transaction Amount | Transaction Date | Reconciled? | Reconciled with Txn Ref ID | Transaction Description | CHEQUE NO | CHANNEL |
 | com.example.Transaction@773e2eb5 | 260.0 | 13/09/2020 | true | com.example.Transaction@45673f68 | PAYNOW -- PAYNOW -- FBL9376U-002 : 012~012 IN |  |  | MAY-MATCH | 
&amp#27;[0m
IBANKING -- IBANKING -- FBQ4745U-001 : 011~011 IN
MOHD RAZALI BIN MOH | PAYMENT/TRANSFER OTHR MOHD RAZALI BIN MOH FBQ4745U 83210310 | OTHR | PAYMENT/TRANSFER
&amp#27;[36m ||||||||| PRINTING RECORDS ||||||||| :::RECORD
 | Record Ref ID | Transaction Amount | Transaction Date | Reconciled? | Reconciled with Txn Ref ID | Transaction Description | CHEQUE NO | CHANNEL |
 | com.example.Transaction@d8948cd | 218.0 | 01/09/2020 | true | com.example.Transaction@4d6f623d | IBANKING -- IBANKING -- FBQ4745U-001 : 011~011 IN |  |  | MAY-MATCH | 
&amp#27;[0m
IBANKING -- IBANKING -- FBL3296G-001 : 048~048 IN
from FBL3296G FARID | OTHR - Other FUND TRANSFER |  | FUND TRANSFER
&amp#27;[36m ||||||||| PRINTING RECORDS ||||||||| :::RECORD
 | Record Ref ID | Transaction Amount | Transaction Date | Reconciled? | Reconciled with Txn Ref ID | Transaction Description | CHEQUE NO | CHANNEL |
 | com.example.Transaction@1436a7ab | 251.0 | 01/09/2020 | true | com.example.Transaction@aa21042 | IBANKING -- IBANKING -- FBL3296G-001 : 048~048 IN |  |  | MAY-MATCH | 
&amp#27;[0m
IBANKING -- IBANKING -- FBG0332G-001 : 040~040 IN
HO CHI WING | PAYMENT/TRANSFER OTHR HO CHI WING FBG0332G | OTHR | PAYMENT/TRANSFER
&amp#27;[36m ||||||||| PRINTING RECORDS ||||||||| :::RECORD
 | Record Ref ID | Transaction Amount | Transaction Date | Reconciled? | Reconciled with Txn Ref ID | Transaction Description | CHEQUE NO | CHANNEL |
 | com.example.Transaction@3b7b05a8 | 438.0 | 01/09/2020 | true | com.example.Transaction@e93f3d5 | IBANKING -- IBANKING -- FBG0332G-001 : 040~040 IN |  |  | MAY-MATCH | 
&amp#27;[0m
IBANKING -- IBANKING -- FBA2060J-001 : 007~000 IN
MOHAMED AJMEL BIN M | PAYMENT/TRANSFER OTHR MOHAMED AJMEL BIN M Ajmel fba2060j | OTHR | PAYMENT/TRANSFER
&amp#27;[36m ||||||||| PRINTING RECORDS ||||||||| :::RECORD
 | Record Ref ID | Transaction Amount | Transaction Date | Reconciled? | Reconciled with Txn Ref ID | Transaction Description | CHEQUE NO | CHANNEL |
 | com.example.Transaction@3d36dff4 | 200.0 | 01/09/2020 | true | com.example.Transaction@4cee7fa0 | IBANKING -- IBANKING -- FBA2060J-001 : 007~000 IN |  |  | MAY-MATCH | 
&amp#27;[0m
IBANKING -- IBANKING -- FBK7313U-002 : 005~005 IN
HELMI HUSAINI BIN S | PAYMENT/TRANSFER OTHR S$ HELMI HUSAINI BIN S via PayNow: FBK7313U | OTHR S$ | PAYMENT/TRANSFER
&amp#27;[36m ||||||||| PRINTING RECORDS ||||||||| :::RECORD
 | Record Ref ID | Transaction Amount | Transaction Date | Reconciled? | Reconciled with Txn Ref ID | Transaction Description | CHEQUE NO | CHANNEL |
 | com.example.Transaction@7abe27bf | 160.0 | 01/09/2020 | true | com.example.Transaction@7a26928a | IBANKING -- IBANKING -- FBK7313U-002 : 005~005 IN |  |  | MAY-MATCH | 
&amp#27;[0m
IBANKING -- IBANKING -- FBL9839B-001 : 039~039 IN
SHER WENYONG BENJAM | PAYMENT/TRANSFER OTHR SHER WENYONG BENJAM FBL9839B | OTHR | PAYMENT/TRANSFER
&amp#27;[36m ||||||||| PRINTING RECORDS ||||||||| :::RECORD
 | Record Ref ID | Transaction Amount | Transaction Date | Reconciled? | Reconciled with Txn Ref ID | Transaction Description | CHEQUE NO | CHANNEL |
 | com.example.Transaction@5b94ccbc | 244.0 | 03/09/2020 | true | com.example.Transaction@6d6cb754 | IBANKING -- IBANKING -- FBL9839B-001 : 039~039 IN |  |  | MAY-MATCH | 
&amp#27;[0m
IBANKING -- IBANKING -- FBR1665G-001 : 006~006 IN
VILLAFUERTE ARIEL D | PAYMENT/TRANSFER COLL VILLAFUERTE ARIEL D FBR1665G SEPT2020 | COLL | PAYMENT/TRANSFER
&amp#27;[36m ||||||||| PRINTING RECORDS ||||||||| :::RECORD
 | Record Ref ID | Transaction Amount | Transaction Date | Reconciled? | Reconciled with Txn Ref ID | Transaction Description | CHEQUE NO | CHANNEL |
 | com.example.Transaction@38a1c423 | 352.0 | 06/09/2020 | true | com.example.Transaction@aed0151 | IBANKING -- IBANKING -- FBR1665G-001 : 006~006 IN |  |  | MAY-MATCH | 
&amp#27;[0m
PAYNOW -- PAYNOW -- FBJ8075E-002 : 040~040 IN
ARHAB SADEED | PAYMENT/TRANSFER OTHR S$ ARHAB SADEED via PayNow: FBJ8075E | OTHR S$ | PAYMENT/TRANSFER
&amp#27;[36m ||||||||| PRINTING RECORDS ||||||||| :::RECORD
 | Record Ref ID | Transaction Amount | Transaction Date | Reconciled? | Reconciled with Txn Ref ID | Transaction Description | CHEQUE NO | CHANNEL |
 | com.example.Transaction@336365bc | 240.0 | 06/09/2020 | true | com.example.Transaction@267bbe1a | PAYNOW -- PAYNOW -- FBJ8075E-002 : 040~040 IN |  |  | MAY-MATCH | 
&amp#27;[0m
PAYNOW -- PAYNOW -- FBR2590G-001 : 005~005 IN
MUHAMMAD AMIRUL HAK | PAYMENT/TRANSFER OTHR S$ MUHAMMAD AMIRUL HAK via PayNow: 198903552W | OTHR S$ | PAYMENT/TRANSFER
&amp#27;[36m ||||||||| PRINTING RECORDS ||||||||| :::RECORD
 | Record Ref ID | Transaction Amount | Transaction Date | Reconciled? | Reconciled with Txn Ref ID | Transaction Description | CHEQUE NO | CHANNEL |
 | com.example.Transaction@38eb2fb0 | 322.0 | 06/09/2020 | true | com.example.Transaction@1f12e153 | PAYNOW -- PAYNOW -- FBR2590G-001 : 005~005 IN |  |  | MAY-MATCH | 
&amp#27;[0m
IBANKING -- IBANKING -- FBQ8185J-001 : 006~006 IN
from FBQ8185J HARUN | OTHR - FBQ8185J FUND TRANSFER |  | FUND TRANSFER
&amp#27;[36m ||||||||| PRINTING RECORDS ||||||||| :::RECORD
 | Record Ref ID | Transaction Amount | Transaction Date | Reconciled? | Reconciled with Txn Ref ID | Transaction Description | CHEQUE NO | CHANNEL |
 | com.example.Transaction@4567e53d | 217.0 | 06/09/2020 | true | com.example.Transaction@389562d6 | IBANKING -- IBANKING -- FBQ8185J-001 : 006~006 IN |  |  | MAY-MATCH | 
&amp#27;[0m
IBANKING -- IBANKING -- FBP6139L-001 : 017~017 IN
INDRA SUKMA BIN BUH | PAYMENT/TRANSFER IHRP INDRA SUKMA BIN BUH FBP6139L- SEPTEMBER 2020 | IHRP | PAYMENT/TRANSFER
&amp#27;[36m ||||||||| PRINTING RECORDS ||||||||| :::RECORD
 | Record Ref ID | Transaction Amount | Transaction Date | Reconciled? | Reconciled with Txn Ref ID | Transaction Description | CHEQUE NO | CHANNEL |
 | com.example.Transaction@7351a16e | 484.0 | 06/09/2020 | true | com.example.Transaction@5a101b1c | IBANKING -- IBANKING -- FBP6139L-001 : 017~017 IN |  |  | MAY-MATCH | 
&amp#27;[0m
PAYNOW -- PAYNOW -- FBP8163C-001 : 014~014 IN
ABDULLAH KHALESH KA | PAYMENT/TRANSFER OTHR S$ ABDULLAH KHALESH KA via PayNow: FBP 8163 C | OTHR S$ | PAYMENT/TRANSFER
&amp#27;[36m ||||||||| PRINTING RECORDS ||||||||| :::RECORD
 | Record Ref ID | Transaction Amount | Transaction Date | Reconciled? | Reconciled with Txn Ref ID | Transaction Description | CHEQUE NO | CHANNEL |
 | com.example.Transaction@5bb7643d | 261.0 | 07/09/2020 | true | com.example.Transaction@4e558728 | PAYNOW -- PAYNOW -- FBP8163C-001 : 014~014 IN |  |  | MAY-MATCH | 
&amp#27;[0m
IBANKING -- IBANKING -- FBP1309X-001 : 019~019 IN
FARHANI SHEREEN BTE | PAYMENT/TRANSFER OTHR FARHANI SHEREEN BTE FBP1309X | OTHR | PAYMENT/TRANSFER
&amp#27;[36m ||||||||| PRINTING RECORDS ||||||||| :::RECORD
 | Record Ref ID | Transaction Amount | Transaction Date | Reconciled? | Reconciled with Txn Ref ID | Transaction Description | CHEQUE NO | CHANNEL |
 | com.example.Transaction@3ac04654 | 203.0 | 08/09/2020 | true | com.example.Transaction@591fd34d | IBANKING -- IBANKING -- FBP1309X-001 : 019~019 IN |  |  | MAY-MATCH | 
&amp#27;[0m
IBANKING -- IBANKING -- FBP2944E-001 : 018~018 IN
ISMAIL BIN MOHD JAI | PAYMENT/TRANSFER IHRP ISMAIL BIN MOHD JAI FBP2944E Ismail Mohd Jai | IHRP | PAYMENT/TRANSFER
&amp#27;[36m ||||||||| PRINTING RECORDS ||||||||| :::RECORD
 | Record Ref ID | Transaction Amount | Transaction Date | Reconciled? | Reconciled with Txn Ref ID | Transaction Description | CHEQUE NO | CHANNEL |
 | com.example.Transaction@4074023c | 254.0 | 08/09/2020 | true | com.example.Transaction@61e45f87 | IBANKING -- IBANKING -- FBP2944E-001 : 018~018 IN |  |  | MAY-MATCH | 
&amp#27;[0m
PAYNOW -- PAYNOW -- FW9186X-001 : 010~010 INS
SZE WEI KIAT | PAYMENT/TRANSFER OTHR S$ SZE WEI KIAT via PayNow: FW9186X | OTHR S$ | PAYMENT/TRANSFER
&amp#27;[36m ||||||||| PRINTING RECORDS ||||||||| :::RECORD
 | Record Ref ID | Transaction Amount | Transaction Date | Reconciled? | Reconciled with Txn Ref ID | Transaction Description | CHEQUE NO | CHANNEL |
 | com.example.Transaction@3ed0918d | 350.0 | 08/09/2020 | true | com.example.Transaction@7c9b78e3 | PAYNOW -- PAYNOW -- FW9186X-001 : 010~010 INS |  |  | MAY-MATCH | 
&amp#27;[0m
PAYNOW -- PAYNOW -- FBK7253J-002 : 023~023 IN
HANNAN HUZAIFI BIN | PAYMENT/TRANSFER OTHR S$ HANNAN HUZAIFI BIN via PayNow: Fbk7253j | OTHR S$ | PAYMENT/TRANSFER
&amp#27;[36m ||||||||| PRINTING RECORDS ||||||||| :::RECORD
 | Record Ref ID | Transaction Amount | Transaction Date | Reconciled? | Reconciled with Txn Ref ID | Transaction Description | CHEQUE NO | CHANNEL |
 | com.example.Transaction@5e268ce6 | 158.0 | 08/09/2020 | true | com.example.Transaction@3068b369 | PAYNOW -- PAYNOW -- FBK7253J-002 : 023~023 IN |  |  | MAY-MATCH | 
&amp#27;[0m
GIRO:OCBC -- GIRO:OCBC -- SJT1188L PREVIA [38/84]
HONG LEONG FINANCE | HLF-030 DUE 20200910 IBG GIRO | IHRP 38316717005680 | IBG GIRO
&amp#27;[36m ||||||||| PRINTING RECORDS ||||||||| :::RECORD
 | Record Ref ID | Transaction Amount | Transaction Date | Reconciled? | Reconciled with Txn Ref ID | Transaction Description | CHEQUE NO | CHANNEL |
 | com.example.Transaction@66ec9390 | -1350.0 | 13/09/2020 | true | com.example.Transaction@2189e7a7 | GIRO:OCBC -- GIRO:OCBC -- SJT1188L PREVIA [38/84] |  |  | MAY-MATCH | 
&amp#27;[0m
P200907:OCBC -- P200907:OCBC -- AUG 2020
P200907 | FUND TRANSFER Fund Transfer to account 601265671001 SGD 904.15@1 Atan Motoring Supply Pte Ltd - Aug 2020 | CT0019530884 | FUND TRANSFER
&amp#27;[36m ||||||||| PRINTING RECORDS ||||||||| :::RECORD
 | Record Ref ID | Transaction Amount | Transaction Date | Reconciled? | Reconciled with Txn Ref ID | Transaction Description | CHEQUE NO | CHANNEL |
 | com.example.Transaction@6e91893 | -904.15 | 04/09/2020 | true | com.example.Transaction@13d186db | P200907:OCBC -- P200907:OCBC -- AUG 2020 |  |  | MAY-MATCH | 
&amp#27;[0m
IBANKING -- IBANKING -- FBR1534B-001 : 006~006 IN
RADIWATI BTE MOHAME | PAYMENT/TRANSFER OTHR RADIWATI BTE MOHAME FBR1534B | OTHR | PAYMENT/TRANSFER
&amp#27;[36m ||||||||| PRINTING RECORDS ||||||||| :::RECORD
 | Record Ref ID | Transaction Amount | Transaction Date | Reconciled? | Reconciled with Txn Ref ID | Transaction Description | CHEQUE NO | CHANNEL |
 | com.example.Transaction@3c0fbd3a | 226.0 | 14/09/2020 | true | com.example.Transaction@599f571f | IBANKING -- IBANKING -- FBR1534B-001 : 006~006 IN |  |  | MAY-MATCH | 
&amp#27;[0m
IBANKING -- IBANKING -- FBP9517J-001 : 014~014 IN
FOREST CHILD CADRE | PAYMENT/TRANSFER ALLW FOREST CHILD CADRE EBGPP00912760247 | ALLW | PAYMENT/TRANSFER
&amp#27;[36m ||||||||| PRINTING RECORDS ||||||||| :::RECORD
 | Record Ref ID | Transaction Amount | Transaction Date | Reconciled? | Reconciled with Txn Ref ID | Transaction Description | CHEQUE NO | CHANNEL |
 | com.example.Transaction@562457e1 | 193.0 | 12/09/2020 | true | com.example.Transaction@6569dded | IBANKING -- IBANKING -- FBP9517J-001 : 014~014 IN |  |  | MAY-MATCH | 
&amp#27;[0m
IBANKING -- IBANKING -- FBK5286C-002 : 019~019 IN
from FBK5286C SHARE | OTHR - Other FUND TRANSFER |  | FUND TRANSFER
&amp#27;[36m ||||||||| PRINTING RECORDS ||||||||| :::RECORD
 | Record Ref ID | Transaction Amount | Transaction Date | Reconciled? | Reconciled with Txn Ref ID | Transaction Description | CHEQUE NO | CHANNEL |
 | com.example.Transaction@54562ea6 | 246.0 | 13/09/2020 | true | com.example.Transaction@2d7e1102 | IBANKING -- IBANKING -- FBK5286C-002 : 019~019 IN |  |  | MAY-MATCH | 
&amp#27;[0m
CASH -- CASH -- TRF : PETTY CASH TO CASH
 | CASH DEPOSIT     CDM |  | CASH DEPOSIT     CDM
&amp#27;[36m ||||||||| PRINTING RECORDS ||||||||| :::RECORD
 | Record Ref ID | Transaction Amount | Transaction Date | Reconciled? | Reconciled with Txn Ref ID | Transaction Description | CHEQUE NO | CHANNEL |
 | com.example.Transaction@1a35993f | 9950.0 | 13/09/2020 | true | com.example.Transaction@2adddc06 | CASH -- CASH -- TRF : PETTY CASH TO CASH |  |  | MAY-MATCH | 
&amp#27;[0m
CASH -- CASH -- TRF : PETTY CASH TO CASH
 | CASH DEPOSIT     CDM |  | CASH DEPOSIT     CDM
&amp#27;[36m ||||||||| PRINTING RECORDS ||||||||| :::RECORD
 | Record Ref ID | Transaction Amount | Transaction Date | Reconciled? | Reconciled with Txn Ref ID | Transaction Description | CHEQUE NO | CHANNEL |
 | com.example.Transaction@5b12012e | 10000.0 | 13/09/2020 | true | com.example.Transaction@301d8120 | CASH -- CASH -- TRF : PETTY CASH TO CASH |  |  | MAY-MATCH | 
&amp#27;[0m
CASH -- CASH -- TRF : PETTY CASH TO CASH
 | CASH DEPOSIT     CDM |  | CASH DEPOSIT     CDM
&amp#27;[36m ||||||||| PRINTING RECORDS ||||||||| :::RECORD
 | Record Ref ID | Transaction Amount | Transaction Date | Reconciled? | Reconciled with Txn Ref ID | Transaction Description | CHEQUE NO | CHANNEL |
 | com.example.Transaction@2f7dcef2 | 5850.0 | 13/09/2020 | true | com.example.Transaction@6d367020 | CASH -- CASH -- TRF : PETTY CASH TO CASH |  |  | MAY-MATCH | 
&amp#27;[0m
IBANKING -- IBANKING -- FBG0756S-003 : 005~006 IN
RAZALI BIN JOHARI | PAYMENT/TRANSFER OTHR RAZALI BIN JOHARI Transfer | OTHR | PAYMENT/TRANSFER
&amp#27;[36m ||||||||| PRINTING RECORDS ||||||||| :::RECORD
 | Record Ref ID | Transaction Amount | Transaction Date | Reconciled? | Reconciled with Txn Ref ID | Transaction Description | CHEQUE NO | CHANNEL |
 | com.example.Transaction@4a3be6a5 | 360.0 | 13/09/2020 | true | com.example.Transaction@72458efc | IBANKING -- IBANKING -- FBG0756S-003 : 005~006 IN |  |  | MAY-MATCH | 
&amp#27;[0m
IBANKING -- IBANKING -- FBP1782L-001 : 019~019 IN
from FBD7182L MUHAM | OTHR - FBP1782L FUND TRANSFER |  | FUND TRANSFER
&amp#27;[36m ||||||||| PRINTING RECORDS ||||||||| :::RECORD
 | Record Ref ID | Transaction Amount | Transaction Date | Reconciled? | Reconciled with Txn Ref ID | Transaction Description | CHEQUE NO | CHANNEL |
 | com.example.Transaction@7cf162bc | 270.0 | 13/09/2020 | true | com.example.Transaction@36bc415e | IBANKING -- IBANKING -- FBP1782L-001 : 019~019 IN |  |  | MAY-MATCH | 
&amp#27;[0m
IBANKING -- IBANKING -- FBG2736L-001 : 031~031 IN
NURHIDAYAH BTE MOLI | PAYMENT/TRANSFER OTHR S$ NURHIDAYAH BTE MOLI via PayNow: FBL6182G | OTHR S$ | PAYMENT/TRANSFER
&amp#27;[36m ||||||||| PRINTING RECORDS ||||||||| :::RECORD
 | Record Ref ID | Transaction Amount | Transaction Date | Reconciled? | Reconciled with Txn Ref ID | Transaction Description | CHEQUE NO | CHANNEL |
 | com.example.Transaction@3721177d | 202.0 | 12/09/2020 | true | com.example.Transaction@6a74d228 | IBANKING -- IBANKING -- FBG2736L-001 : 031~031 IN |  |  | MAY-MATCH | 
&amp#27;[0m
PAYNOW -- PAYNOW -- FBP1376B-001 : 019~019 IN
MUHAMMAD AFIQ BIN A | PAYMENT/TRANSFER OTHR S$ MUHAMMAD AFIQ BIN A via PayNow: FBP1376B | OTHR S$ | PAYMENT/TRANSFER
&amp#27;[36m ||||||||| PRINTING RECORDS ||||||||| :::RECORD
 | Record Ref ID | Transaction Amount | Transaction Date | Reconciled? | Reconciled with Txn Ref ID | Transaction Description | CHEQUE NO | CHANNEL |
 | com.example.Transaction@766a4535 | 267.0 | 13/09/2020 | true | com.example.Transaction@349d0836 | PAYNOW -- PAYNOW -- FBP1376B-001 : 019~019 IN |  |  | MAY-MATCH | 
&amp#27;[0m
IBANKING -- IBANKING -- FBP4314K-001 : 018~018 IN
MUHAMMAD ANDIKA BIN | PAYMENT/TRANSFER OTHR MUHAMMAD ANDIKA BIN FBP4314K | OTHR | PAYMENT/TRANSFER
&amp#27;[36m ||||||||| PRINTING RECORDS ||||||||| :::RECORD
 | Record Ref ID | Transaction Amount | Transaction Date | Reconciled? | Reconciled with Txn Ref ID | Transaction Description | CHEQUE NO | CHANNEL |
 | com.example.Transaction@63718b93 | 216.0 | 13/09/2020 | true | com.example.Transaction@6a714237 | IBANKING -- IBANKING -- FBP4314K-001 : 018~018 IN |  |  | MAY-MATCH | 
&amp#27;[0m
PAYNOW -- PAYNOW -- FBQ4082Z-001 : 012~012 IN
MUHAMMAD ZUHAIDI BI | PAYMENT/TRANSFER OTHR S$ MUHAMMAD ZUHAIDI BI via PayNow: 198903552W | OTHR S$ | PAYMENT/TRANSFER
&amp#27;[36m ||||||||| PRINTING RECORDS ||||||||| :::RECORD
 | Record Ref ID | Transaction Amount | Transaction Date | Reconciled? | Reconciled with Txn Ref ID | Transaction Description | CHEQUE NO | CHANNEL |
 | com.example.Transaction@14e2e1c3 | 260.0 | 27/09/2020 | true | com.example.Transaction@3e134896 | PAYNOW -- PAYNOW -- FBQ4082Z-001 : 012~012 IN |  |  | MAY-MATCH | 
&amp#27;[0m
IBANKING -- IBANKING -- FBL6182G-001 : 044~044 IN
WAHAB BIN MOHD ISA | SI               FBP2238K IBG GIRO | OTHR | IBG GIRO
&amp#27;[36m ||||||||| PRINTING RECORDS ||||||||| :::RECORD
 | Record Ref ID | Transaction Amount | Transaction Date | Reconciled? | Reconciled with Txn Ref ID | Transaction Description | CHEQUE NO | CHANNEL |
 | com.example.Transaction@2b4786dd | 202.0 | 13/09/2020 | true | com.example.Transaction@17ae7628 | IBANKING -- IBANKING -- FBL6182G-001 : 044~044 IN |  |  | MAY-MATCH | 
&amp#27;[0m
PAYNOW -- PAYNOW -- FBL6793T-001 : 043~043 IN
NUR MUHAMMAD FIRDAU | PAYMENT/TRANSFER OTHR S$ NUR MUHAMMAD FIRDAU via PayNow: Transfer - UEN | OTHR S$ | PAYMENT/TRANSFER
&amp#27;[36m ||||||||| PRINTING RECORDS ||||||||| :::RECORD
 | Record Ref ID | Transaction Amount | Transaction Date | Reconciled? | Reconciled with Txn Ref ID | Transaction Description | CHEQUE NO | CHANNEL |
 | com.example.Transaction@f202d6d | 258.0 | 14/09/2020 | true | com.example.Transaction@75f2099 | PAYNOW -- PAYNOW -- FBL6793T-001 : 043~043 IN |  |  | MAY-MATCH | 
&amp#27;[0m
PAYNOW -- PAYNOW -- FBM8055Y-002 : 008~008 IN
MOHAMMAD RIDZUAN BI | PAYMENT/TRANSFER OTHR S$ MOHAMMAD RIDZUAN BI via PayNow: FBM8055Y | OTHR S$ | PAYMENT/TRANSFER
&amp#27;[36m ||||||||| PRINTING RECORDS ||||||||| :::RECORD
 | Record Ref ID | Transaction Amount | Transaction Date | Reconciled? | Reconciled with Txn Ref ID | Transaction Description | CHEQUE NO | CHANNEL |
 | com.example.Transaction@60e21209 | 234.0 | 14/09/2020 | true | com.example.Transaction@1c12f3ee | PAYNOW -- PAYNOW -- FBM8055Y-002 : 008~008 IN |  |  | MAY-MATCH | 
&amp#27;[0m
IBANKING -- IBANKING -- FBQ3081H-001 : 012~012 IN
SRI NUR ASMA-UL-HUS | PAYMENT/TRANSFER OTHR S$ SRI NUR ASMA-UL-HUS via PayNow: Fbq2362d | OTHR S$ | PAYMENT/TRANSFER
&amp#27;[36m ||||||||| PRINTING RECORDS ||||||||| :::RECORD
 | Record Ref ID | Transaction Amount | Transaction Date | Reconciled? | Reconciled with Txn Ref ID | Transaction Description | CHEQUE NO | CHANNEL |
 | com.example.Transaction@630d1b2f | 203.0 | 14/09/2020 | true | com.example.Transaction@511d5d04 | IBANKING -- IBANKING -- FBQ3081H-001 : 012~012 IN |  |  | MAY-MATCH | 
&amp#27;[0m
IBANKING -- IBANKING -- FBA2060J-001 : 008~000 IN
MOHAMED AJMEL BIN M | PAYMENT/TRANSFER OTHR MOHAMED AJMEL BIN M fba 2060j ajmel | OTHR | PAYMENT/TRANSFER
&amp#27;[36m ||||||||| PRINTING RECORDS ||||||||| :::RECORD
 | Record Ref ID | Transaction Amount | Transaction Date | Reconciled? | Reconciled with Txn Ref ID | Transaction Description | CHEQUE NO | CHANNEL |
 | com.example.Transaction@746b18fd | 100.0 | 15/09/2020 | true | com.example.Transaction@1eea9d2d | IBANKING -- IBANKING -- FBA2060J-001 : 008~000 IN |  |  | MAY-MATCH | 
&amp#27;[0m
IBANKING -- IBANKING -- FBL8716D-001 : 041~041 IN
THANIUS BIN MUSNI | PAYMENT/TRANSFER OTHR THANIUS BIN MUSNI INSTALLMENT NO 41 FOR BIKE FBL8716 | OTHR | PAYMENT/TRANSFER
&amp#27;[36m ||||||||| PRINTING RECORDS ||||||||| :::RECORD
 | Record Ref ID | Transaction Amount | Transaction Date | Reconciled? | Reconciled with Txn Ref ID | Transaction Description | CHEQUE NO | CHANNEL |
 | com.example.Transaction@7a2e0858 | 244.0 | 15/09/2020 | true | com.example.Transaction@60921b21 | IBANKING -- IBANKING -- FBL8716D-001 : 041~041 IN |  |  | MAY-MATCH | 
&amp#27;[0m
GIRO -- GIRO -- FBB9394U MSIG 2ND, R/T 1Y
G200916 | GIRO COLLECTION |  | GIRO COLLECTION
&amp#27;[36m ||||||||| PRINTING RECORDS ||||||||| :::RECORD
 | Record Ref ID | Transaction Amount | Transaction Date | Reconciled? | Reconciled with Txn Ref ID | Transaction Description | CHEQUE NO | CHANNEL |
 | com.example.Transaction@aac3f4e | 258.0 | 17/09/2020 | true | com.example.Transaction@6b580b88 | GIRO -- GIRO -- FBB9394U MSIG 2ND, R/T 1Y |  |  | MAY-MATCH | 
&amp#27;[0m
IBANKING -- IBANKING -- BLK NO 23838
B01 23838 | TRANSFER Fund Transfer from SINGAPURA FINANCE LTD SGD 25 791.88 B01 23838 | CT0019562633 | TRANSFER
&amp#27;[36m ||||||||| PRINTING RECORDS ||||||||| :::RECORD
 | Record Ref ID | Transaction Amount | Transaction Date | Reconciled? | Reconciled with Txn Ref ID | Transaction Description | CHEQUE NO | CHANNEL |
 | com.example.Transaction@1f38957 | 25791.88 | 17/09/2020 | true | com.example.Transaction@7c211fd0 | IBANKING -- IBANKING -- BLK NO 23838 |  |  | MAY-MATCH | 
&amp#27;[0m
IBANKING -- IBANKING -- FBP3580P-001 : 018~018 IN
MUHAMMAD IZZAN BIN | PAYMENT/TRANSFER OTHR MUHAMMAD IZZAN BIN Transfer | OTHR | PAYMENT/TRANSFER
&amp#27;[36m ||||||||| PRINTING RECORDS ||||||||| :::RECORD
 | Record Ref ID | Transaction Amount | Transaction Date | Reconciled? | Reconciled with Txn Ref ID | Transaction Description | CHEQUE NO | CHANNEL |
 | com.example.Transaction@2df3c564 | 264.0 | 20/09/2020 | true | com.example.Transaction@67a056f1 | IBANKING -- IBANKING -- FBP3580P-001 : 018~018 IN |  |  | MAY-MATCH | 
&amp#27;[0m
CASH -- CASH -- TRF : PETTY CASH TO CASH
 | CASH DEPOSIT     CDM |  | CASH DEPOSIT     CDM
&amp#27;[36m ||||||||| PRINTING RECORDS ||||||||| :::RECORD
 | Record Ref ID | Transaction Amount | Transaction Date | Reconciled? | Reconciled with Txn Ref ID | Transaction Description | CHEQUE NO | CHANNEL |
 | com.example.Transaction@2715644a | 9950.0 | 20/09/2020 | true | com.example.Transaction@1dab9dd6 | CASH -- CASH -- TRF : PETTY CASH TO CASH |  |  | MAY-MATCH | 
&amp#27;[0m
CASH -- CASH -- TRF : PETTY CASH TO CASH
 | CASH DEPOSIT     CDM |  | CASH DEPOSIT     CDM
&amp#27;[36m ||||||||| PRINTING RECORDS ||||||||| :::RECORD
 | Record Ref ID | Transaction Amount | Transaction Date | Reconciled? | Reconciled with Txn Ref ID | Transaction Description | CHEQUE NO | CHANNEL |
 | com.example.Transaction@4c2869a9 | 12750.0 | 20/09/2020 | true | com.example.Transaction@247667dd | CASH -- CASH -- TRF : PETTY CASH TO CASH |  |  | MAY-MATCH | 
&amp#27;[0m
IBANKING -- IBANKING -- FBK2060G-004 : 011~011 IN
FADIL BIN ABD RAHIM | PAYMENT/TRANSFER OTHR FADIL BIN ABD RAHIM Transfer | OTHR | PAYMENT/TRANSFER
&amp#27;[36m ||||||||| PRINTING RECORDS ||||||||| :::RECORD
 | Record Ref ID | Transaction Amount | Transaction Date | Reconciled? | Reconciled with Txn Ref ID | Transaction Description | CHEQUE NO | CHANNEL |
 | com.example.Transaction@518cf84a | 120.0 | 20/09/2020 | true | com.example.Transaction@6f099cef | IBANKING -- IBANKING -- FBK2060G-004 : 011~011 IN |  |  | MAY-MATCH | 
&amp#27;[0m
IBANKING -- IBANKING -- FBM7628B-001 : 030~030 IN
MOHAMED HASHIM BIN | PAYMENT/TRANSFER IHRP MOHAMED HASHIM BIN Irfan - FBM7628B | IHRP | PAYMENT/TRANSFER
&amp#27;[36m ||||||||| PRINTING RECORDS ||||||||| :::RECORD
 | Record Ref ID | Transaction Amount | Transaction Date | Reconciled? | Reconciled with Txn Ref ID | Transaction Description | CHEQUE NO | CHANNEL |
 | com.example.Transaction@62e7dffa | 354.0 | 21/09/2020 | true | com.example.Transaction@f9b5552 | IBANKING -- IBANKING -- FBM7628B-001 : 030~030 IN |  |  | MAY-MATCH | 
&amp#27;[0m
IBANKING -- IBANKING -- FBQ8326U-001 : 006~006 IN
SAIFUL BAHRI BIN MD | PAYMENT/TRANSFER IHRP SAIFUL BAHRI BIN MD FBQ8326U | IHRP | PAYMENT/TRANSFER
&amp#27;[36m ||||||||| PRINTING RECORDS ||||||||| :::RECORD
 | Record Ref ID | Transaction Amount | Transaction Date | Reconciled? | Reconciled with Txn Ref ID | Transaction Description | CHEQUE NO | CHANNEL |
 | com.example.Transaction@6edcd0d8 | 189.0 | 21/09/2020 | true | com.example.Transaction@6872f9c8 | IBANKING -- IBANKING -- FBQ8326U-001 : 006~006 IN |  |  | MAY-MATCH | 
&amp#27;[0m
JK:OCBC -- JK:OCBC -- TOILETRIES & REFRESHMENT
44096 | xx-8024 NTUC FAIRPRICE           S DEBIT PURCHASE |  | DEBIT PURCHASE
&amp#27;[36m ||||||||| PRINTING RECORDS ||||||||| :::RECORD
 | Record Ref ID | Transaction Amount | Transaction Date | Reconciled? | Reconciled with Txn Ref ID | Transaction Description | CHEQUE NO | CHANNEL |
 | com.example.Transaction@6136998b | -85.99 | 21/09/2020 | true | com.example.Transaction@2b97cc1f | JK:OCBC -- JK:OCBC -- TOILETRIES & REFRESHMENT |  |  | MAY-MATCH | 
&amp#27;[0m
IBANKING -- IBANKING -- FBQ1405X-001 : 014~014 IN
from S8422453G NORJ | OTHR - FBQ1405X FUND TRANSFER |  | FUND TRANSFER
&amp#27;[36m ||||||||| PRINTING RECORDS ||||||||| :::RECORD
 | Record Ref ID | Transaction Amount | Transaction Date | Reconciled? | Reconciled with Txn Ref ID | Transaction Description | CHEQUE NO | CHANNEL |
 | com.example.Transaction@57ce634f | 117.0 | 26/09/2020 | true | com.example.Transaction@273842a6 | IBANKING -- IBANKING -- FBQ1405X-001 : 014~014 IN |  |  | MAY-MATCH | 
&amp#27;[0m
IBANKING -- IBANKING -- FBQ2241U-001 : 013~013 IN
from S8422453G NORJ | OTHR - FBQ2241U FUND TRANSFER |  | FUND TRANSFER
&amp#27;[36m ||||||||| PRINTING RECORDS ||||||||| :::RECORD
 | Record Ref ID | Transaction Amount | Transaction Date | Reconciled? | Reconciled with Txn Ref ID | Transaction Description | CHEQUE NO | CHANNEL |
 | com.example.Transaction@b8a7e43 | 217.0 | 26/09/2020 | true | com.example.Transaction@6a969fb8 | IBANKING -- IBANKING -- FBQ2241U-001 : 013~013 IN |  |  | MAY-MATCH | 
&amp#27;[0m
IBANKING -- IBANKING -- FBM2040D-001 : 038~038 IN
MOHAMED NOH BIN BAS | PAYMENT/TRANSFER IHRP MOHAMED NOH BIN BAS FBM2040D | IHRP | PAYMENT/TRANSFER
&amp#27;[36m ||||||||| PRINTING RECORDS ||||||||| :::RECORD
 | Record Ref ID | Transaction Amount | Transaction Date | Reconciled? | Reconciled with Txn Ref ID | Transaction Description | CHEQUE NO | CHANNEL |
 | com.example.Transaction@35835fa | 281.0 | 27/09/2020 | true | com.example.Transaction@5560bcdf | IBANKING -- IBANKING -- FBM2040D-001 : 038~038 IN |  |  | MAY-MATCH | 
&amp#27;[0m
PAYNOW -- PAYNOW -- FX0035C-001 : 014~014 INS
MUHAMMAD AL-HAFIZ B | PAYMENT/TRANSFER OTHR S$ MUHAMMAD AL-HAFIZ B via PayNow: Fx 35 c | OTHR S$ | PAYMENT/TRANSFER
&amp#27;[36m ||||||||| PRINTING RECORDS ||||||||| :::RECORD
 | Record Ref ID | Transaction Amount | Transaction Date | Reconciled? | Reconciled with Txn Ref ID | Transaction Description | CHEQUE NO | CHANNEL |
 | com.example.Transaction@56f71edb | 210.0 | 27/09/2020 | true | com.example.Transaction@b558294 | PAYNOW -- PAYNOW -- FX0035C-001 : 014~014 INS |  |  | MAY-MATCH | 
&amp#27;[0m
PAYNOW -- PAYNOW -- FBQ8355K-001 : 008~008 IN
RAJA ZULFIKAAR ABDU | PAYMENT/TRANSFER OTHR S$ RAJA ZULFIKAAR ABDU via PayNow: FBQ8355K | OTHR S$ | PAYMENT/TRANSFER
&amp#27;[36m ||||||||| PRINTING RECORDS ||||||||| :::RECORD
 | Record Ref ID | Transaction Amount | Transaction Date | Reconciled? | Reconciled with Txn Ref ID | Transaction Description | CHEQUE NO | CHANNEL |
 | com.example.Transaction@7207cb51 | 391.0 | 27/09/2020 | true | com.example.Transaction@bb095 | PAYNOW -- PAYNOW -- FBQ8355K-001 : 008~008 IN |  |  | MAY-MATCH | 
&amp#27;[0m
IBANKING -- IBANKING -- FBA2060J-001 : 008~009 IN
MOHAMED AJMEL BIN M | PAYMENT/TRANSFER OTHR MOHAMED AJMEL BIN M fba 2060j outstanding is cleared | OTHR | PAYMENT/TRANSFER
&amp#27;[36m ||||||||| PRINTING RECORDS ||||||||| :::RECORD
 | Record Ref ID | Transaction Amount | Transaction Date | Reconciled? | Reconciled with Txn Ref ID | Transaction Description | CHEQUE NO | CHANNEL |
 | com.example.Transaction@2a27cb34 | 458.0 | 27/09/2020 | true | com.example.Transaction@777c350f | IBANKING -- IBANKING -- FBA2060J-001 : 008~009 IN |  |  | MAY-MATCH | 
&amp#27;[0m
PAYNOW -- PAYNOW -- FBP3628L-001 : 019~019 IN
MUHAMMAD FAIZ TAJUD | PAYMENT/TRANSFER OTHR S$ MUHAMMAD FAIZ TAJUD via PayNow: FBP3638L | OTHR S$ | PAYMENT/TRANSFER
&amp#27;[36m ||||||||| PRINTING RECORDS ||||||||| :::RECORD
 | Record Ref ID | Transaction Amount | Transaction Date | Reconciled? | Reconciled with Txn Ref ID | Transaction Description | CHEQUE NO | CHANNEL |
 | com.example.Transaction@6892cc6f | 230.0 | 27/09/2020 | true | com.example.Transaction@27aae97b | PAYNOW -- PAYNOW -- FBP3628L-001 : 019~019 IN |  |  | MAY-MATCH | 
&amp#27;[0m
IBANKING -- IBANKING -- FBK9330G-001 : 054~054 IN
OW YONG HOA LEON | PAYMENT/TRANSFER OTHR OW YONG HOA LEON Transfer | OTHR | PAYMENT/TRANSFER
&amp#27;[36m ||||||||| PRINTING RECORDS ||||||||| :::RECORD
 | Record Ref ID | Transaction Amount | Transaction Date | Reconciled? | Reconciled with Txn Ref ID | Transaction Description | CHEQUE NO | CHANNEL |
 | com.example.Transaction@6fd1660 | 355.0 | 27/09/2020 | true | com.example.Transaction@5d1e09bc | IBANKING -- IBANKING -- FBK9330G-001 : 054~054 IN |  |  | MAY-MATCH | 
&amp#27;[0m
IBANKING -- IBANKING -- FBM0811J-001 : 039~039 IN
665417770001 | 3RD PTY TRANSFER ATM |  | 3RD PTY TRANSFER ATM
&amp#27;[36m ||||||||| PRINTING RECORDS ||||||||| :::RECORD
 | Record Ref ID | Transaction Amount | Transaction Date | Reconciled? | Reconciled with Txn Ref ID | Transaction Description | CHEQUE NO | CHANNEL |
 | com.example.Transaction@4a6c18ad | 265.0 | 27/09/2020 | true | com.example.Transaction@368d5c00 | IBANKING -- IBANKING -- FBM0811J-001 : 039~039 IN |  |  | MAY-MATCH | 
&amp#27;[0m
PAYNOW -- PAYNOW -- FBQ7407B-001 : 010~010 IN
MOHAMAD FAIZAL BIN | PAYMENT/TRANSFER OTHR S$ MOHAMAD FAIZAL BIN via PayNow: 7407b | OTHR S$ | PAYMENT/TRANSFER
&amp#27;[36m ||||||||| PRINTING RECORDS ||||||||| :::RECORD
 | Record Ref ID | Transaction Amount | Transaction Date | Reconciled? | Reconciled with Txn Ref ID | Transaction Description | CHEQUE NO | CHANNEL |
 | com.example.Transaction@5e8604bf | 244.0 | 28/09/2020 | true | com.example.Transaction@5d235104 | PAYNOW -- PAYNOW -- FBQ7407B-001 : 010~010 IN |  |  | MAY-MATCH | 
&amp#27;[0m
PAYNOW -- PAYNOW -- FBE7176E-002 : 002~002 IN
from NG WENG LOON | LOAR - FBE7176E FUND TRANSFER | via PayNow-UEN | FUND TRANSFER
&amp#27;[36m ||||||||| PRINTING RECORDS ||||||||| :::RECORD
 | Record Ref ID | Transaction Amount | Transaction Date | Reconciled? | Reconciled with Txn Ref ID | Transaction Description | CHEQUE NO | CHANNEL |
 | com.example.Transaction@20095ab4 | 94.0 | 29/09/2020 | true | com.example.Transaction@2cfbeac4 | PAYNOW -- PAYNOW -- FBE7176E-002 : 002~002 IN |  |  | MAY-MATCH | 
&amp#27;[0m
IBANKING -- IBANKING -- FBL3296G-001 : 049~049 IN
from FBL3296G FARID | OTHR - Other FUND TRANSFER |  | FUND TRANSFER
&amp#27;[36m ||||||||| PRINTING RECORDS ||||||||| :::RECORD
 | Record Ref ID | Transaction Amount | Transaction Date | Reconciled? | Reconciled with Txn Ref ID | Transaction Description | CHEQUE NO | CHANNEL |
 | com.example.Transaction@4e2916c3 | 251.0 | 29/09/2020 | true | com.example.Transaction@12db3386 | IBANKING -- IBANKING -- FBL3296G-001 : 049~049 IN |  |  | MAY-MATCH | 
&amp#27;[0m
]]></system-out>
  </testcase>
  <testcase name="expect_NETS_bank_transaction_tallywith_the_sum_of_company_NETS_transaction_per_day" classname="com.example.tests.TestReconciliationTool" time="0.076">
    <system-out><![CDATA[&amp#27;[36m ||||||||| PRINTING RECORDS ||||||||| :::reconciled list Record Count: (24)
 | CHANNEL | Record Ref ID | Transaction Amount | Transaction Date | Reconciled? | Reconciled with Txn Ref ID | Transaction Description |
 | NETS -- NETS | com.example.Transaction@3c6aa04a | 340.0 | 02/09/2020 | true | DailyNETSSum-01/09/2020 | ATAN MOTOR | 11146097500 POS SETTLEMENT | 01/09/2020 | POS SETTLEMENT | 
 | NETS -- NETS | com.example.Transaction@50194e8d | 389.55 | 04/09/2020 | true | DailyNETSSum-03/09/2020 | ATAN MOTOR | 11146097500 POS SETTLEMENT | 03/09/2020 | POS SETTLEMENT | 
 | NETS -- NETS | com.example.Transaction@3cee53dc | 3220.9 | 07/09/2020 | true | DailyNETSSum-04/09/2020 | ATAN MOTOR | 11146097500 POS SETTLEMENT | 04/09/2020 | POS SETTLEMENT | 
 | NETS -- NETS | com.example.Transaction@290aeb20 | 90.85 | 07/09/2020 | true | DailyNETSSum-05/09/2020 | ATAN MOTOR | 11146097500 POS SETTLEMENT | 05/09/2020 | POS SETTLEMENT | 
 | NETS -- NETS | com.example.Transaction@73ad4ecc | 397.0 | 08/09/2020 | true | DailyNETSSum-07/09/2020 | ATAN MOTOR | 11146097500 POS SETTLEMENT | 07/09/2020 | POS SETTLEMENT | 
 | NETS -- NETS | com.example.Transaction@69da0b12 | 820.8 | 09/09/2020 | true | DailyNETSSum-08/09/2020 | ATAN MOTOR | 11146097500 POS SETTLEMENT | 08/09/2020 | POS SETTLEMENT | 
 | NETS -- NETS | com.example.Transaction@2764c546 | 650.5 | 10/09/2020 | true | DailyNETSSum-09/09/2020 | ATAN MOTOR | 11146097500 POS SETTLEMENT | 09/09/2020 | POS SETTLEMENT | 
 | NETS -- NETS | com.example.Transaction@59496961 | 3659.55 | 11/09/2020 | true | DailyNETSSum-10/09/2020 | ATAN MOTOR | 11146097500 POS SETTLEMENT | 10/09/2020 | POS SETTLEMENT | 
 | NETS -- NETS | com.example.Transaction@408b87aa | 707.05 | 14/09/2020 | true | DailyNETSSum-11/09/2020 | ATAN MOTOR | 11146097500 POS SETTLEMENT | 11/09/2020 | POS SETTLEMENT | 
 | NETS -- NETS | com.example.Transaction@79b08632 | 2216.0 | 14/09/2020 | true | DailyNETSSum-12/09/2020 | ATAN MOTOR | 11146097500 POS SETTLEMENT | 12/09/2020 | POS SETTLEMENT | 
 | NETS -- NETS | com.example.Transaction@787f32b7 | 260.65 | 15/09/2020 | true | DailyNETSSum-14/09/2020 | ATAN MOTOR | 11146097500 POS SETTLEMENT | 14/09/2020 | POS SETTLEMENT | 
 | NETS -- NETS | com.example.Transaction@6aef4eb8 | 1052.85 | 16/09/2020 | true | DailyNETSSum-15/09/2020 | ATAN MOTOR | 11146097500 POS SETTLEMENT | 15/09/2020 | POS SETTLEMENT | 
 | NETS -- NETS | com.example.Transaction@76c52298 | 403.95 | 17/09/2020 | true | DailyNETSSum-16/09/2020 | ATAN MOTOR | 11146097500 POS SETTLEMENT | 16/09/2020 | POS SETTLEMENT | 
 | NETS -- NETS | com.example.Transaction@bb9ab64 | 789.1 | 18/09/2020 | true | DailyNETSSum-17/09/2020 | ATAN MOTOR | 11146097500 POS SETTLEMENT | 17/09/2020 | POS SETTLEMENT | 
 | NETS -- NETS | com.example.Transaction@a52ca2e | 234.35 | 21/09/2020 | true | DailyNETSSum-18/09/2020 | ATAN MOTOR | 11146097500 POS SETTLEMENT | 18/09/2020 | POS SETTLEMENT | 
 | NETS -- NETS | com.example.Transaction@1ad8df52 | 5471.85 | 21/09/2020 | true | DailyNETSSum-19/09/2020 | ATAN MOTOR | 11146097500 POS SETTLEMENT | 19/09/2020 | POS SETTLEMENT | 
 | NETS -- NETS | com.example.Transaction@45d6ef73 | 310.95 | 22/09/2020 | true | DailyNETSSum-21/09/2020 | ATAN MOTOR | 11146097500 POS SETTLEMENT | 21/09/2020 | POS SETTLEMENT | 
 | NETS -- NETS | com.example.Transaction@3f29e26 | 48.2 | 23/09/2020 | true | DailyNETSSum-22/09/2020 | ATAN MOTOR | 11146097500 POS SETTLEMENT | 22/09/2020 | POS SETTLEMENT | 
 | NETS -- NETS | com.example.Transaction@1f6d27cc | 463.37 | 24/09/2020 | true | DailyNETSSum-23/09/2020 | ATAN MOTOR | 11146097500 POS SETTLEMENT | 23/09/2020 | POS SETTLEMENT | 
 | NETS -- NETS | com.example.Transaction@4393593c | 1014.5 | 25/09/2020 | true | DailyNETSSum-24/09/2020 | ATAN MOTOR | 11146097500 POS SETTLEMENT | 24/09/2020 | POS SETTLEMENT | 
 | NETS -- NETS | com.example.Transaction@314c8b4a | 50.25 | 28/09/2020 | true | DailyNETSSum-25/09/2020 | ATAN MOTOR | 11146097500 POS SETTLEMENT | 25/09/2020 | POS SETTLEMENT | 
 | NETS -- NETS | com.example.Transaction@26d820eb | 2832.85 | 28/09/2020 | true | DailyNETSSum-26/09/2020 | ATAN MOTOR | 11146097500 POS SETTLEMENT | 26/09/2020 | POS SETTLEMENT | 
 | NETS -- NETS | com.example.Transaction@507d20bb | 1325.55 | 29/09/2020 | true | DailyNETSSum-28/09/2020 | ATAN MOTOR | 11146097500 POS SETTLEMENT | 28/09/2020 | POS SETTLEMENT | 
 | NETS -- NETS | com.example.Transaction@9fec931 | 1050.0 | 30/09/2020 | true | DailyNETSSum-29/09/2020 | ATAN MOTOR | 11146097500 POS SETTLEMENT | 29/09/2020 | POS SETTLEMENT | 
&amp#27;[0m
]]></system-out>
  </testcase>
  <testcase name="expect_able_to_compare_balance_of_two_set_of_records" classname="com.example.tests.TestReconciliationTool" time="0.01"/>
  <testcase name="expect_to_reconcile_LTA_transaction_by_user_reference_date" classname="com.example.tests.TestReconciliationTool" time="0.14">
    <system-out><![CDATA[PAYNOW -- PAYNOW -- FBL9376U-002 : 012~012 IN
from MUHAMMAD ZUHAI | OTHR - Other FUND TRANSFER | via PayNow-UEN | FUND TRANSFER
&amp#27;[36m ||||||||| PRINTING RECORDS ||||||||| :::RECORD
 | Record Ref ID | Transaction Amount | Transaction Date | Reconciled? | Reconciled with Txn Ref ID | Transaction Description | CHEQUE NO | CHANNEL |
 | com.example.Transaction@34f392be | 260.0 | 13/09/2020 | true | com.example.Transaction@889d9e8 | PAYNOW -- PAYNOW -- FBL9376U-002 : 012~012 IN |  |  | MAY-MATCH | 
&amp#27;[0m
IBANKING -- IBANKING -- FBQ4745U-001 : 011~011 IN
MOHD RAZALI BIN MOH | PAYMENT/TRANSFER OTHR MOHD RAZALI BIN MOH FBQ4745U 83210310 | OTHR | PAYMENT/TRANSFER
&amp#27;[36m ||||||||| PRINTING RECORDS ||||||||| :::RECORD
 | Record Ref ID | Transaction Amount | Transaction Date | Reconciled? | Reconciled with Txn Ref ID | Transaction Description | CHEQUE NO | CHANNEL |
 | com.example.Transaction@4554de02 | 218.0 | 01/09/2020 | true | com.example.Transaction@60737b23 | IBANKING -- IBANKING -- FBQ4745U-001 : 011~011 IN |  |  | MAY-MATCH | 
&amp#27;[0m
IBANKING -- IBANKING -- FBL3296G-001 : 048~048 IN
from FBL3296G FARID | OTHR - Other FUND TRANSFER |  | FUND TRANSFER
&amp#27;[36m ||||||||| PRINTING RECORDS ||||||||| :::RECORD
 | Record Ref ID | Transaction Amount | Transaction Date | Reconciled? | Reconciled with Txn Ref ID | Transaction Description | CHEQUE NO | CHANNEL |
 | com.example.Transaction@3f9f71ff | 251.0 | 01/09/2020 | true | com.example.Transaction@4d2a1da3 | IBANKING -- IBANKING -- FBL3296G-001 : 048~048 IN |  |  | MAY-MATCH | 
&amp#27;[0m
IBANKING -- IBANKING -- FBG0332G-001 : 040~040 IN
HO CHI WING | PAYMENT/TRANSFER OTHR HO CHI WING FBG0332G | OTHR | PAYMENT/TRANSFER
&amp#27;[36m ||||||||| PRINTING RECORDS ||||||||| :::RECORD
 | Record Ref ID | Transaction Amount | Transaction Date | Reconciled? | Reconciled with Txn Ref ID | Transaction Description | CHEQUE NO | CHANNEL |
 | com.example.Transaction@fabb651 | 438.0 | 01/09/2020 | true | com.example.Transaction@252f626c | IBANKING -- IBANKING -- FBG0332G-001 : 040~040 IN |  |  | MAY-MATCH | 
&amp#27;[0m
IBANKING -- IBANKING -- FBA2060J-001 : 007~000 IN
MOHAMED AJMEL BIN M | PAYMENT/TRANSFER OTHR MOHAMED AJMEL BIN M Ajmel fba2060j | OTHR | PAYMENT/TRANSFER
&amp#27;[36m ||||||||| PRINTING RECORDS ||||||||| :::RECORD
 | Record Ref ID | Transaction Amount | Transaction Date | Reconciled? | Reconciled with Txn Ref ID | Transaction Description | CHEQUE NO | CHANNEL |
 | com.example.Transaction@27e5b378 | 200.0 | 01/09/2020 | true | com.example.Transaction@33f98231 | IBANKING -- IBANKING -- FBA2060J-001 : 007~000 IN |  |  | MAY-MATCH | 
&amp#27;[0m
IBANKING -- IBANKING -- FBK7313U-002 : 005~005 IN
HELMI HUSAINI BIN S | PAYMENT/TRANSFER OTHR S$ HELMI HUSAINI BIN S via PayNow: FBK7313U | OTHR S$ | PAYMENT/TRANSFER
&amp#27;[36m ||||||||| PRINTING RECORDS ||||||||| :::RECORD
 | Record Ref ID | Transaction Amount | Transaction Date | Reconciled? | Reconciled with Txn Ref ID | Transaction Description | CHEQUE NO | CHANNEL |
 | com.example.Transaction@4422dd48 | 160.0 | 01/09/2020 | true | com.example.Transaction@48284d0e | IBANKING -- IBANKING -- FBK7313U-002 : 005~005 IN |  |  | MAY-MATCH | 
&amp#27;[0m
IBANKING -- IBANKING -- FBL9839B-001 : 039~039 IN
SHER WENYONG BENJAM | PAYMENT/TRANSFER OTHR SHER WENYONG BENJAM FBL9839B | OTHR | PAYMENT/TRANSFER
&amp#27;[36m ||||||||| PRINTING RECORDS ||||||||| :::RECORD
 | Record Ref ID | Transaction Amount | Transaction Date | Reconciled? | Reconciled with Txn Ref ID | Transaction Description | CHEQUE NO | CHANNEL |
 | com.example.Transaction@764cba | 244.0 | 03/09/2020 | true | com.example.Transaction@25c53f74 | IBANKING -- IBANKING -- FBL9839B-001 : 039~039 IN |  |  | MAY-MATCH | 
&amp#27;[0m
IBANKING -- IBANKING -- FBR1665G-001 : 006~006 IN
VILLAFUERTE ARIEL D | PAYMENT/TRANSFER COLL VILLAFUERTE ARIEL D FBR1665G SEPT2020 | COLL | PAYMENT/TRANSFER
&amp#27;[36m ||||||||| PRINTING RECORDS ||||||||| :::RECORD
 | Record Ref ID | Transaction Amount | Transaction Date | Reconciled? | Reconciled with Txn Ref ID | Transaction Description | CHEQUE NO | CHANNEL |
 | com.example.Transaction@523d6bdb | 352.0 | 06/09/2020 | true | com.example.Transaction@4bb003e9 | IBANKING -- IBANKING -- FBR1665G-001 : 006~006 IN |  |  | MAY-MATCH | 
&amp#27;[0m
PAYNOW -- PAYNOW -- FBJ8075E-002 : 040~040 IN
ARHAB SADEED | PAYMENT/TRANSFER OTHR S$ ARHAB SADEED via PayNow: FBJ8075E | OTHR S$ | PAYMENT/TRANSFER
&amp#27;[36m ||||||||| PRINTING RECORDS ||||||||| :::RECORD
 | Record Ref ID | Transaction Amount | Transaction Date | Reconciled? | Reconciled with Txn Ref ID | Transaction Description | CHEQUE NO | CHANNEL |
 | com.example.Transaction@58496c97 | 240.0 | 06/09/2020 | true | com.example.Transaction@12aa4996 | PAYNOW -- PAYNOW -- FBJ8075E-002 : 040~040 IN |  |  | MAY-MATCH | 
&amp#27;[0m
PAYNOW -- PAYNOW -- FBR2590G-001 : 005~005 IN
MUHAMMAD AMIRUL HAK | PAYMENT/TRANSFER OTHR S$ MUHAMMAD AMIRUL HAK via PayNow: 198903552W | OTHR S$ | PAYMENT/TRANSFER
&amp#27;[36m ||||||||| PRINTING RECORDS ||||||||| :::RECORD
 | Record Ref ID | Transaction Amount | Transaction Date | Reconciled? | Reconciled with Txn Ref ID | Transaction Description | CHEQUE NO | CHANNEL |
 | com.example.Transaction@ad3324b | 322.0 | 06/09/2020 | true | com.example.Transaction@18eec010 | PAYNOW -- PAYNOW -- FBR2590G-001 : 005~005 IN |  |  | MAY-MATCH | 
&amp#27;[0m
IBANKING -- IBANKING -- FBQ8185J-001 : 006~006 IN
from FBQ8185J HARUN | OTHR - FBQ8185J FUND TRANSFER |  | FUND TRANSFER
&amp#27;[36m ||||||||| PRINTING RECORDS ||||||||| :::RECORD
 | Record Ref ID | Transaction Amount | Transaction Date | Reconciled? | Reconciled with Txn Ref ID | Transaction Description | CHEQUE NO | CHANNEL |
 | com.example.Transaction@3872bc37 | 217.0 | 06/09/2020 | true | com.example.Transaction@67c119b7 | IBANKING -- IBANKING -- FBQ8185J-001 : 006~006 IN |  |  | MAY-MATCH | 
&amp#27;[0m
IBANKING -- IBANKING -- FBP6139L-001 : 017~017 IN
INDRA SUKMA BIN BUH | PAYMENT/TRANSFER IHRP INDRA SUKMA BIN BUH FBP6139L- SEPTEMBER 2020 | IHRP | PAYMENT/TRANSFER
&amp#27;[36m ||||||||| PRINTING RECORDS ||||||||| :::RECORD
 | Record Ref ID | Transaction Amount | Transaction Date | Reconciled? | Reconciled with Txn Ref ID | Transaction Description | CHEQUE NO | CHANNEL |
 | com.example.Transaction@1a87b51 | 484.0 | 06/09/2020 | true | com.example.Transaction@2ca5f1ed | IBANKING -- IBANKING -- FBP6139L-001 : 017~017 IN |  |  | MAY-MATCH | 
&amp#27;[0m
PAYNOW -- PAYNOW -- FBP8163C-001 : 014~014 IN
ABDULLAH KHALESH KA | PAYMENT/TRANSFER OTHR S$ ABDULLAH KHALESH KA via PayNow: FBP 8163 C | OTHR S$ | PAYMENT/TRANSFER
&amp#27;[36m ||||||||| PRINTING RECORDS ||||||||| :::RECORD
 | Record Ref ID | Transaction Amount | Transaction Date | Reconciled? | Reconciled with Txn Ref ID | Transaction Description | CHEQUE NO | CHANNEL |
 | com.example.Transaction@12968227 | 261.0 | 07/09/2020 | true | com.example.Transaction@5fc930f0 | PAYNOW -- PAYNOW -- FBP8163C-001 : 014~014 IN |  |  | MAY-MATCH | 
&amp#27;[0m
IBANKING -- IBANKING -- FBP1309X-001 : 019~019 IN
FARHANI SHEREEN BTE | PAYMENT/TRANSFER OTHR FARHANI SHEREEN BTE FBP1309X | OTHR | PAYMENT/TRANSFER
&amp#27;[36m ||||||||| PRINTING RECORDS ||||||||| :::RECORD
 | Record Ref ID | Transaction Amount | Transaction Date | Reconciled? | Reconciled with Txn Ref ID | Transaction Description | CHEQUE NO | CHANNEL |
 | com.example.Transaction@144ab54 | 203.0 | 08/09/2020 | true | com.example.Transaction@11e33bac | IBANKING -- IBANKING -- FBP1309X-001 : 019~019 IN |  |  | MAY-MATCH | 
&amp#27;[0m
IBANKING -- IBANKING -- FBP2944E-001 : 018~018 IN
ISMAIL BIN MOHD JAI | PAYMENT/TRANSFER IHRP ISMAIL BIN MOHD JAI FBP2944E Ismail Mohd Jai | IHRP | PAYMENT/TRANSFER
&amp#27;[36m ||||||||| PRINTING RECORDS ||||||||| :::RECORD
 | Record Ref ID | Transaction Amount | Transaction Date | Reconciled? | Reconciled with Txn Ref ID | Transaction Description | CHEQUE NO | CHANNEL |
 | com.example.Transaction@2cfa2c4f | 254.0 | 08/09/2020 | true | com.example.Transaction@30501e60 | IBANKING -- IBANKING -- FBP2944E-001 : 018~018 IN |  |  | MAY-MATCH | 
&amp#27;[0m
PAYNOW -- PAYNOW -- FW9186X-001 : 010~010 INS
SZE WEI KIAT | PAYMENT/TRANSFER OTHR S$ SZE WEI KIAT via PayNow: FW9186X | OTHR S$ | PAYMENT/TRANSFER
&amp#27;[36m ||||||||| PRINTING RECORDS ||||||||| :::RECORD
 | Record Ref ID | Transaction Amount | Transaction Date | Reconciled? | Reconciled with Txn Ref ID | Transaction Description | CHEQUE NO | CHANNEL |
 | com.example.Transaction@6ecab872 | 350.0 | 08/09/2020 | true | com.example.Transaction@289778cd | PAYNOW -- PAYNOW -- FW9186X-001 : 010~010 INS |  |  | MAY-MATCH | 
&amp#27;[0m
PAYNOW -- PAYNOW -- FBK7253J-002 : 023~023 IN
HANNAN HUZAIFI BIN | PAYMENT/TRANSFER OTHR S$ HANNAN HUZAIFI BIN via PayNow: Fbk7253j | OTHR S$ | PAYMENT/TRANSFER
&amp#27;[36m ||||||||| PRINTING RECORDS ||||||||| :::RECORD
 | Record Ref ID | Transaction Amount | Transaction Date | Reconciled? | Reconciled with Txn Ref ID | Transaction Description | CHEQUE NO | CHANNEL |
 | com.example.Transaction@48eb9836 | 158.0 | 08/09/2020 | true | com.example.Transaction@7495699f | PAYNOW -- PAYNOW -- FBK7253J-002 : 023~023 IN |  |  | MAY-MATCH | 
&amp#27;[0m
GIRO:OCBC -- GIRO:OCBC -- SJT1188L PREVIA [38/84]
HONG LEONG FINANCE | HLF-030 DUE 20200910 IBG GIRO | IHRP 38316717005680 | IBG GIRO
&amp#27;[36m ||||||||| PRINTING RECORDS ||||||||| :::RECORD
 | Record Ref ID | Transaction Amount | Transaction Date | Reconciled? | Reconciled with Txn Ref ID | Transaction Description | CHEQUE NO | CHANNEL |
 | com.example.Transaction@6c518474 | -1350.0 | 13/09/2020 | true | com.example.Transaction@21f8e55f | GIRO:OCBC -- GIRO:OCBC -- SJT1188L PREVIA [38/84] |  |  | MAY-MATCH | 
&amp#27;[0m
P200907:OCBC -- P200907:OCBC -- AUG 2020
P200907 | FUND TRANSFER Fund Transfer to account 601265671001 SGD 904.15@1 Atan Motoring Supply Pte Ltd - Aug 2020 | CT0019530884 | FUND TRANSFER
&amp#27;[36m ||||||||| PRINTING RECORDS ||||||||| :::RECORD
 | Record Ref ID | Transaction Amount | Transaction Date | Reconciled? | Reconciled with Txn Ref ID | Transaction Description | CHEQUE NO | CHANNEL |
 | com.example.Transaction@11b455e5 | -904.15 | 04/09/2020 | true | com.example.Transaction@5445f5ba | P200907:OCBC -- P200907:OCBC -- AUG 2020 |  |  | MAY-MATCH | 
&amp#27;[0m
IBANKING -- IBANKING -- FBR1534B-001 : 006~006 IN
RADIWATI BTE MOHAME | PAYMENT/TRANSFER OTHR RADIWATI BTE MOHAME FBR1534B | OTHR | PAYMENT/TRANSFER
&amp#27;[36m ||||||||| PRINTING RECORDS ||||||||| :::RECORD
 | Record Ref ID | Transaction Amount | Transaction Date | Reconciled? | Reconciled with Txn Ref ID | Transaction Description | CHEQUE NO | CHANNEL |
 | com.example.Transaction@2a066689 | 226.0 | 14/09/2020 | true | com.example.Transaction@67110f71 | IBANKING -- IBANKING -- FBR1534B-001 : 006~006 IN |  |  | MAY-MATCH | 
&amp#27;[0m
IBANKING -- IBANKING -- FBP9517J-001 : 014~014 IN
FOREST CHILD CADRE | PAYMENT/TRANSFER ALLW FOREST CHILD CADRE EBGPP00912760247 | ALLW | PAYMENT/TRANSFER
&amp#27;[36m ||||||||| PRINTING RECORDS ||||||||| :::RECORD
 | Record Ref ID | Transaction Amount | Transaction Date | Reconciled? | Reconciled with Txn Ref ID | Transaction Description | CHEQUE NO | CHANNEL |
 | com.example.Transaction@3e3861d7 | 193.0 | 12/09/2020 | true | com.example.Transaction@de77232 | IBANKING -- IBANKING -- FBP9517J-001 : 014~014 IN |  |  | MAY-MATCH | 
&amp#27;[0m
IBANKING -- IBANKING -- FBK5286C-002 : 019~019 IN
from FBK5286C SHARE | OTHR - Other FUND TRANSFER |  | FUND TRANSFER
&amp#27;[36m ||||||||| PRINTING RECORDS ||||||||| :::RECORD
 | Record Ref ID | Transaction Amount | Transaction Date | Reconciled? | Reconciled with Txn Ref ID | Transaction Description | CHEQUE NO | CHANNEL |
 | com.example.Transaction@5e2a3040 | 246.0 | 13/09/2020 | true | com.example.Transaction@7c75db8b | IBANKING -- IBANKING -- FBK5286C-002 : 019~019 IN |  |  | MAY-MATCH | 
&amp#27;[0m
CASH -- CASH -- TRF : PETTY CASH TO CASH
 | CASH DEPOSIT     CDM |  | CASH DEPOSIT     CDM
&amp#27;[36m ||||||||| PRINTING RECORDS ||||||||| :::RECORD
 | Record Ref ID | Transaction Amount | Transaction Date | Reconciled? | Reconciled with Txn Ref ID | Transaction Description | CHEQUE NO | CHANNEL |
 | com.example.Transaction@6d025d1d | 9950.0 | 13/09/2020 | true | com.example.Transaction@3cd206b5 | CASH -- CASH -- TRF : PETTY CASH TO CASH |  |  | MAY-MATCH | 
&amp#27;[0m
CASH -- CASH -- TRF : PETTY CASH TO CASH
 | CASH DEPOSIT     CDM |  | CASH DEPOSIT     CDM
&amp#27;[36m ||||||||| PRINTING RECORDS ||||||||| :::RECORD
 | Record Ref ID | Transaction Amount | Transaction Date | Reconciled? | Reconciled with Txn Ref ID | Transaction Description | CHEQUE NO | CHANNEL |
 | com.example.Transaction@74294c1a | 10000.0 | 13/09/2020 | true | com.example.Transaction@58e85c6f | CASH -- CASH -- TRF : PETTY CASH TO CASH |  |  | MAY-MATCH | 
&amp#27;[0m
CASH -- CASH -- TRF : PETTY CASH TO CASH
 | CASH DEPOSIT     CDM |  | CASH DEPOSIT     CDM
&amp#27;[36m ||||||||| PRINTING RECORDS ||||||||| :::RECORD
 | Record Ref ID | Transaction Amount | Transaction Date | Reconciled? | Reconciled with Txn Ref ID | Transaction Description | CHEQUE NO | CHANNEL |
 | com.example.Transaction@9e2ad91 | 5850.0 | 13/09/2020 | true | com.example.Transaction@a137d7a | CASH -- CASH -- TRF : PETTY CASH TO CASH |  |  | MAY-MATCH | 
&amp#27;[0m
IBANKING -- IBANKING -- FBG0756S-003 : 005~006 IN
RAZALI BIN JOHARI | PAYMENT/TRANSFER OTHR RAZALI BIN JOHARI Transfer | OTHR | PAYMENT/TRANSFER
&amp#27;[36m ||||||||| PRINTING RECORDS ||||||||| :::RECORD
 | Record Ref ID | Transaction Amount | Transaction Date | Reconciled? | Reconciled with Txn Ref ID | Transaction Description | CHEQUE NO | CHANNEL |
 | com.example.Transaction@64524dd | 360.0 | 13/09/2020 | true | com.example.Transaction@6ac0b715 | IBANKING -- IBANKING -- FBG0756S-003 : 005~006 IN |  |  | MAY-MATCH | 
&amp#27;[0m
IBANKING -- IBANKING -- FBP1782L-001 : 019~019 IN
from FBD7182L MUHAM | OTHR - FBP1782L FUND TRANSFER |  | FUND TRANSFER
&amp#27;[36m ||||||||| PRINTING RECORDS ||||||||| :::RECORD
 | Record Ref ID | Transaction Amount | Transaction Date | Reconciled? | Reconciled with Txn Ref ID | Transaction Description | CHEQUE NO | CHANNEL |
 | com.example.Transaction@79d06bbd | 270.0 | 13/09/2020 | true | com.example.Transaction@468be356 | IBANKING -- IBANKING -- FBP1782L-001 : 019~019 IN |  |  | MAY-MATCH | 
&amp#27;[0m
IBANKING -- IBANKING -- FBG2736L-001 : 031~031 IN
NURHIDAYAH BTE MOLI | PAYMENT/TRANSFER OTHR S$ NURHIDAYAH BTE MOLI via PayNow: FBL6182G | OTHR S$ | PAYMENT/TRANSFER
&amp#27;[36m ||||||||| PRINTING RECORDS ||||||||| :::RECORD
 | Record Ref ID | Transaction Amount | Transaction Date | Reconciled? | Reconciled with Txn Ref ID | Transaction Description | CHEQUE NO | CHANNEL |
 | com.example.Transaction@47a7a101 | 202.0 | 12/09/2020 | true | com.example.Transaction@5c9ac4cc | IBANKING -- IBANKING -- FBG2736L-001 : 031~031 IN |  |  | MAY-MATCH | 
&amp#27;[0m
PAYNOW -- PAYNOW -- FBP1376B-001 : 019~019 IN
MUHAMMAD AFIQ BIN A | PAYMENT/TRANSFER OTHR S$ MUHAMMAD AFIQ BIN A via PayNow: FBP1376B | OTHR S$ | PAYMENT/TRANSFER
&amp#27;[36m ||||||||| PRINTING RECORDS ||||||||| :::RECORD
 | Record Ref ID | Transaction Amount | Transaction Date | Reconciled? | Reconciled with Txn Ref ID | Transaction Description | CHEQUE NO | CHANNEL |
 | com.example.Transaction@5bb51241 | 267.0 | 13/09/2020 | true | com.example.Transaction@4df39a88 | PAYNOW -- PAYNOW -- FBP1376B-001 : 019~019 IN |  |  | MAY-MATCH | 
&amp#27;[0m
IBANKING -- IBANKING -- FBP4314K-001 : 018~018 IN
MUHAMMAD ANDIKA BIN | PAYMENT/TRANSFER OTHR MUHAMMAD ANDIKA BIN FBP4314K | OTHR | PAYMENT/TRANSFER
&amp#27;[36m ||||||||| PRINTING RECORDS ||||||||| :::RECORD
 | Record Ref ID | Transaction Amount | Transaction Date | Reconciled? | Reconciled with Txn Ref ID | Transaction Description | CHEQUE NO | CHANNEL |
 | com.example.Transaction@7479b626 | 216.0 | 13/09/2020 | true | com.example.Transaction@2264e43c | IBANKING -- IBANKING -- FBP4314K-001 : 018~018 IN |  |  | MAY-MATCH | 
&amp#27;[0m
PAYNOW -- PAYNOW -- FBQ4082Z-001 : 012~012 IN
MUHAMMAD ZUHAIDI BI | PAYMENT/TRANSFER OTHR S$ MUHAMMAD ZUHAIDI BI via PayNow: 198903552W | OTHR S$ | PAYMENT/TRANSFER
&amp#27;[36m ||||||||| PRINTING RECORDS ||||||||| :::RECORD
 | Record Ref ID | Transaction Amount | Transaction Date | Reconciled? | Reconciled with Txn Ref ID | Transaction Description | CHEQUE NO | CHANNEL |
 | com.example.Transaction@e8ea697 | 260.0 | 27/09/2020 | true | com.example.Transaction@3bec2275 | PAYNOW -- PAYNOW -- FBQ4082Z-001 : 012~012 IN |  |  | MAY-MATCH | 
&amp#27;[0m
IBANKING -- IBANKING -- FBL6182G-001 : 044~044 IN
WAHAB BIN MOHD ISA | SI               FBP2238K IBG GIRO | OTHR | IBG GIRO
&amp#27;[36m ||||||||| PRINTING RECORDS ||||||||| :::RECORD
 | Record Ref ID | Transaction Amount | Transaction Date | Reconciled? | Reconciled with Txn Ref ID | Transaction Description | CHEQUE NO | CHANNEL |
 | com.example.Transaction@74dbb1ee | 202.0 | 13/09/2020 | true | com.example.Transaction@7c1c5936 | IBANKING -- IBANKING -- FBL6182G-001 : 044~044 IN |  |  | MAY-MATCH | 
&amp#27;[0m
PAYNOW -- PAYNOW -- FBL6793T-001 : 043~043 IN
NUR MUHAMMAD FIRDAU | PAYMENT/TRANSFER OTHR S$ NUR MUHAMMAD FIRDAU via PayNow: Transfer - UEN | OTHR S$ | PAYMENT/TRANSFER
&amp#27;[36m ||||||||| PRINTING RECORDS ||||||||| :::RECORD
 | Record Ref ID | Transaction Amount | Transaction Date | Reconciled? | Reconciled with Txn Ref ID | Transaction Description | CHEQUE NO | CHANNEL |
 | com.example.Transaction@70f822e | 258.0 | 14/09/2020 | true | com.example.Transaction@4ad3d266 | PAYNOW -- PAYNOW -- FBL6793T-001 : 043~043 IN |  |  | MAY-MATCH | 
&amp#27;[0m
PAYNOW -- PAYNOW -- FBM8055Y-002 : 008~008 IN
MOHAMMAD RIDZUAN BI | PAYMENT/TRANSFER OTHR S$ MOHAMMAD RIDZUAN BI via PayNow: FBM8055Y | OTHR S$ | PAYMENT/TRANSFER
&amp#27;[36m ||||||||| PRINTING RECORDS ||||||||| :::RECORD
 | Record Ref ID | Transaction Amount | Transaction Date | Reconciled? | Reconciled with Txn Ref ID | Transaction Description | CHEQUE NO | CHANNEL |
 | com.example.Transaction@3efedc6f | 234.0 | 14/09/2020 | true | com.example.Transaction@3533df16 | PAYNOW -- PAYNOW -- FBM8055Y-002 : 008~008 IN |  |  | MAY-MATCH | 
&amp#27;[0m
IBANKING -- IBANKING -- FBQ3081H-001 : 012~012 IN
SRI NUR ASMA-UL-HUS | PAYMENT/TRANSFER OTHR S$ SRI NUR ASMA-UL-HUS via PayNow: Fbq2362d | OTHR S$ | PAYMENT/TRANSFER
&amp#27;[36m ||||||||| PRINTING RECORDS ||||||||| :::RECORD
 | Record Ref ID | Transaction Amount | Transaction Date | Reconciled? | Reconciled with Txn Ref ID | Transaction Description | CHEQUE NO | CHANNEL |
 | com.example.Transaction@45bf6f39 | 203.0 | 14/09/2020 | true | com.example.Transaction@7e94d093 | IBANKING -- IBANKING -- FBQ3081H-001 : 012~012 IN |  |  | MAY-MATCH | 
&amp#27;[0m
IBANKING -- IBANKING -- FBA2060J-001 : 008~000 IN
MOHAMED AJMEL BIN M | PAYMENT/TRANSFER OTHR MOHAMED AJMEL BIN M fba 2060j ajmel | OTHR | PAYMENT/TRANSFER
&amp#27;[36m ||||||||| PRINTING RECORDS ||||||||| :::RECORD
 | Record Ref ID | Transaction Amount | Transaction Date | Reconciled? | Reconciled with Txn Ref ID | Transaction Description | CHEQUE NO | CHANNEL |
 | com.example.Transaction@6c42f2a1 | 100.0 | 15/09/2020 | true | com.example.Transaction@14dc3f89 | IBANKING -- IBANKING -- FBA2060J-001 : 008~000 IN |  |  | MAY-MATCH | 
&amp#27;[0m
IBANKING -- IBANKING -- FBL8716D-001 : 041~041 IN
THANIUS BIN MUSNI | PAYMENT/TRANSFER OTHR THANIUS BIN MUSNI INSTALLMENT NO 41 FOR BIKE FBL8716 | OTHR | PAYMENT/TRANSFER
&amp#27;[36m ||||||||| PRINTING RECORDS ||||||||| :::RECORD
 | Record Ref ID | Transaction Amount | Transaction Date | Reconciled? | Reconciled with Txn Ref ID | Transaction Description | CHEQUE NO | CHANNEL |
 | com.example.Transaction@17a703f5 | 244.0 | 15/09/2020 | true | com.example.Transaction@1706a5c9 | IBANKING -- IBANKING -- FBL8716D-001 : 041~041 IN |  |  | MAY-MATCH | 
&amp#27;[0m
GIRO -- GIRO -- FBB9394U MSIG 2ND, R/T 1Y
G200916 | GIRO COLLECTION |  | GIRO COLLECTION
&amp#27;[36m ||||||||| PRINTING RECORDS ||||||||| :::RECORD
 | Record Ref ID | Transaction Amount | Transaction Date | Reconciled? | Reconciled with Txn Ref ID | Transaction Description | CHEQUE NO | CHANNEL |
 | com.example.Transaction@5ff2b8ca | 258.0 | 17/09/2020 | true | com.example.Transaction@778db7c5 | GIRO -- GIRO -- FBB9394U MSIG 2ND, R/T 1Y |  |  | MAY-MATCH | 
&amp#27;[0m
IBANKING -- IBANKING -- BLK NO 23838
B01 23838 | TRANSFER Fund Transfer from SINGAPURA FINANCE LTD SGD 25 791.88 B01 23838 | CT0019562633 | TRANSFER
&amp#27;[36m ||||||||| PRINTING RECORDS ||||||||| :::RECORD
 | Record Ref ID | Transaction Amount | Transaction Date | Reconciled? | Reconciled with Txn Ref ID | Transaction Description | CHEQUE NO | CHANNEL |
 | com.example.Transaction@618ad2aa | 25791.88 | 17/09/2020 | true | com.example.Transaction@6e8a9c30 | IBANKING -- IBANKING -- BLK NO 23838 |  |  | MAY-MATCH | 
&amp#27;[0m
IBANKING -- IBANKING -- FBP3580P-001 : 018~018 IN
MUHAMMAD IZZAN BIN | PAYMENT/TRANSFER OTHR MUHAMMAD IZZAN BIN Transfer | OTHR | PAYMENT/TRANSFER
&amp#27;[36m ||||||||| PRINTING RECORDS ||||||||| :::RECORD
 | Record Ref ID | Transaction Amount | Transaction Date | Reconciled? | Reconciled with Txn Ref ID | Transaction Description | CHEQUE NO | CHANNEL |
 | com.example.Transaction@1aa6e3c0 | 264.0 | 20/09/2020 | true | com.example.Transaction@4bafe935 | IBANKING -- IBANKING -- FBP3580P-001 : 018~018 IN |  |  | MAY-MATCH | 
&amp#27;[0m
CASH -- CASH -- TRF : PETTY CASH TO CASH
 | CASH DEPOSIT     CDM |  | CASH DEPOSIT     CDM
&amp#27;[36m ||||||||| PRINTING RECORDS ||||||||| :::RECORD
 | Record Ref ID | Transaction Amount | Transaction Date | Reconciled? | Reconciled with Txn Ref ID | Transaction Description | CHEQUE NO | CHANNEL |
 | com.example.Transaction@3531f3ca | 9950.0 | 20/09/2020 | true | com.example.Transaction@87b5b49 | CASH -- CASH -- TRF : PETTY CASH TO CASH |  |  | MAY-MATCH | 
&amp#27;[0m
CASH -- CASH -- TRF : PETTY CASH TO CASH
 | CASH DEPOSIT     CDM |  | CASH DEPOSIT     CDM
&amp#27;[36m ||||||||| PRINTING RECORDS ||||||||| :::RECORD
 | Record Ref ID | Transaction Amount | Transaction Date | Reconciled? | Reconciled with Txn Ref ID | Transaction Description | CHEQUE NO | CHANNEL |
 | com.example.Transaction@7fcf294e | 12750.0 | 20/09/2020 | true | com.example.Transaction@4a7a965d | CASH -- CASH -- TRF : PETTY CASH TO CASH |  |  | MAY-MATCH | 
&amp#27;[0m
IBANKING -- IBANKING -- FBK2060G-004 : 011~011 IN
FADIL BIN ABD RAHIM | PAYMENT/TRANSFER OTHR FADIL BIN ABD RAHIM Transfer | OTHR | PAYMENT/TRANSFER
&amp#27;[36m ||||||||| PRINTING RECORDS ||||||||| :::RECORD
 | Record Ref ID | Transaction Amount | Transaction Date | Reconciled? | Reconciled with Txn Ref ID | Transaction Description | CHEQUE NO | CHANNEL |
 | com.example.Transaction@4867ab9f | 120.0 | 20/09/2020 | true | com.example.Transaction@507b79f7 | IBANKING -- IBANKING -- FBK2060G-004 : 011~011 IN |  |  | MAY-MATCH | 
&amp#27;[0m
IBANKING -- IBANKING -- FBM7628B-001 : 030~030 IN
MOHAMED HASHIM BIN | PAYMENT/TRANSFER IHRP MOHAMED HASHIM BIN Irfan - FBM7628B | IHRP | PAYMENT/TRANSFER
&amp#27;[36m ||||||||| PRINTING RECORDS ||||||||| :::RECORD
 | Record Ref ID | Transaction Amount | Transaction Date | Reconciled? | Reconciled with Txn Ref ID | Transaction Description | CHEQUE NO | CHANNEL |
 | com.example.Transaction@65f2f9b0 | 354.0 | 21/09/2020 | true | com.example.Transaction@30669dac | IBANKING -- IBANKING -- FBM7628B-001 : 030~030 IN |  |  | MAY-MATCH | 
&amp#27;[0m
IBANKING -- IBANKING -- FBQ8326U-001 : 006~006 IN
SAIFUL BAHRI BIN MD | PAYMENT/TRANSFER IHRP SAIFUL BAHRI BIN MD FBQ8326U | IHRP | PAYMENT/TRANSFER
&amp#27;[36m ||||||||| PRINTING RECORDS ||||||||| :::RECORD
 | Record Ref ID | Transaction Amount | Transaction Date | Reconciled? | Reconciled with Txn Ref ID | Transaction Description | CHEQUE NO | CHANNEL |
 | com.example.Transaction@5fe7f967 | 189.0 | 21/09/2020 | true | com.example.Transaction@629adce | IBANKING -- IBANKING -- FBQ8326U-001 : 006~006 IN |  |  | MAY-MATCH | 
&amp#27;[0m
JK:OCBC -- JK:OCBC -- TOILETRIES & REFRESHMENT
44096 | xx-8024 NTUC FAIRPRICE           S DEBIT PURCHASE |  | DEBIT PURCHASE
&amp#27;[36m ||||||||| PRINTING RECORDS ||||||||| :::RECORD
 | Record Ref ID | Transaction Amount | Transaction Date | Reconciled? | Reconciled with Txn Ref ID | Transaction Description | CHEQUE NO | CHANNEL |
 | com.example.Transaction@59e43e8c | -85.99 | 21/09/2020 | true | com.example.Transaction@174e1b69 | JK:OCBC -- JK:OCBC -- TOILETRIES & REFRESHMENT |  |  | MAY-MATCH | 
&amp#27;[0m
IBANKING -- IBANKING -- FBQ1405X-001 : 014~014 IN
from S8422453G NORJ | OTHR - FBQ1405X FUND TRANSFER |  | FUND TRANSFER
&amp#27;[36m ||||||||| PRINTING RECORDS ||||||||| :::RECORD
 | Record Ref ID | Transaction Amount | Transaction Date | Reconciled? | Reconciled with Txn Ref ID | Transaction Description | CHEQUE NO | CHANNEL |
 | com.example.Transaction@2caa5d7c | 117.0 | 26/09/2020 | true | com.example.Transaction@95bb2a2 | IBANKING -- IBANKING -- FBQ1405X-001 : 014~014 IN |  |  | MAY-MATCH | 
&amp#27;[0m
IBANKING -- IBANKING -- FBQ2241U-001 : 013~013 IN
from S8422453G NORJ | OTHR - FBQ2241U FUND TRANSFER |  | FUND TRANSFER
&amp#27;[36m ||||||||| PRINTING RECORDS ||||||||| :::RECORD
 | Record Ref ID | Transaction Amount | Transaction Date | Reconciled? | Reconciled with Txn Ref ID | Transaction Description | CHEQUE NO | CHANNEL |
 | com.example.Transaction@5e671e20 | 217.0 | 26/09/2020 | true | com.example.Transaction@46d567cb | IBANKING -- IBANKING -- FBQ2241U-001 : 013~013 IN |  |  | MAY-MATCH | 
&amp#27;[0m
IBANKING -- IBANKING -- FBM2040D-001 : 038~038 IN
MOHAMED NOH BIN BAS | PAYMENT/TRANSFER IHRP MOHAMED NOH BIN BAS FBM2040D | IHRP | PAYMENT/TRANSFER
&amp#27;[36m ||||||||| PRINTING RECORDS ||||||||| :::RECORD
 | Record Ref ID | Transaction Amount | Transaction Date | Reconciled? | Reconciled with Txn Ref ID | Transaction Description | CHEQUE NO | CHANNEL |
 | com.example.Transaction@3eabe84a | 281.0 | 27/09/2020 | true | com.example.Transaction@43a51d00 | IBANKING -- IBANKING -- FBM2040D-001 : 038~038 IN |  |  | MAY-MATCH | 
&amp#27;[0m
PAYNOW -- PAYNOW -- FX0035C-001 : 014~014 INS
MUHAMMAD AL-HAFIZ B | PAYMENT/TRANSFER OTHR S$ MUHAMMAD AL-HAFIZ B via PayNow: Fx 35 c | OTHR S$ | PAYMENT/TRANSFER
&amp#27;[36m ||||||||| PRINTING RECORDS ||||||||| :::RECORD
 | Record Ref ID | Transaction Amount | Transaction Date | Reconciled? | Reconciled with Txn Ref ID | Transaction Description | CHEQUE NO | CHANNEL |
 | com.example.Transaction@46c3a14d | 210.0 | 27/09/2020 | true | com.example.Transaction@2e23c180 | PAYNOW -- PAYNOW -- FX0035C-001 : 014~014 INS |  |  | MAY-MATCH | 
&amp#27;[0m
PAYNOW -- PAYNOW -- FBQ8355K-001 : 008~008 IN
RAJA ZULFIKAAR ABDU | PAYMENT/TRANSFER OTHR S$ RAJA ZULFIKAAR ABDU via PayNow: FBQ8355K | OTHR S$ | PAYMENT/TRANSFER
&amp#27;[36m ||||||||| PRINTING RECORDS ||||||||| :::RECORD
 | Record Ref ID | Transaction Amount | Transaction Date | Reconciled? | Reconciled with Txn Ref ID | Transaction Description | CHEQUE NO | CHANNEL |
 | com.example.Transaction@38fc5554 | 391.0 | 27/09/2020 | true | com.example.Transaction@499683c4 | PAYNOW -- PAYNOW -- FBQ8355K-001 : 008~008 IN |  |  | MAY-MATCH | 
&amp#27;[0m
IBANKING -- IBANKING -- FBA2060J-001 : 008~009 IN
MOHAMED AJMEL BIN M | PAYMENT/TRANSFER OTHR MOHAMED AJMEL BIN M fba 2060j outstanding is cleared | OTHR | PAYMENT/TRANSFER
&amp#27;[36m ||||||||| PRINTING RECORDS ||||||||| :::RECORD
 | Record Ref ID | Transaction Amount | Transaction Date | Reconciled? | Reconciled with Txn Ref ID | Transaction Description | CHEQUE NO | CHANNEL |
 | com.example.Transaction@5e8cda75 | 458.0 | 27/09/2020 | true | com.example.Transaction@25da615a | IBANKING -- IBANKING -- FBA2060J-001 : 008~009 IN |  |  | MAY-MATCH | 
&amp#27;[0m
PAYNOW -- PAYNOW -- FBP3628L-001 : 019~019 IN
MUHAMMAD FAIZ TAJUD | PAYMENT/TRANSFER OTHR S$ MUHAMMAD FAIZ TAJUD via PayNow: FBP3638L | OTHR S$ | PAYMENT/TRANSFER
&amp#27;[36m ||||||||| PRINTING RECORDS ||||||||| :::RECORD
 | Record Ref ID | Transaction Amount | Transaction Date | Reconciled? | Reconciled with Txn Ref ID | Transaction Description | CHEQUE NO | CHANNEL |
 | com.example.Transaction@3f049056 | 230.0 | 27/09/2020 | true | com.example.Transaction@4efc25fc | PAYNOW -- PAYNOW -- FBP3628L-001 : 019~019 IN |  |  | MAY-MATCH | 
&amp#27;[0m
IBANKING -- IBANKING -- FBK9330G-001 : 054~054 IN
OW YONG HOA LEON | PAYMENT/TRANSFER OTHR OW YONG HOA LEON Transfer | OTHR | PAYMENT/TRANSFER
&amp#27;[36m ||||||||| PRINTING RECORDS ||||||||| :::RECORD
 | Record Ref ID | Transaction Amount | Transaction Date | Reconciled? | Reconciled with Txn Ref ID | Transaction Description | CHEQUE NO | CHANNEL |
 | com.example.Transaction@64968732 | 355.0 | 27/09/2020 | true | com.example.Transaction@396e6d9 | IBANKING -- IBANKING -- FBK9330G-001 : 054~054 IN |  |  | MAY-MATCH | 
&amp#27;[0m
IBANKING -- IBANKING -- FBM0811J-001 : 039~039 IN
665417770001 | 3RD PTY TRANSFER ATM |  | 3RD PTY TRANSFER ATM
&amp#27;[36m ||||||||| PRINTING RECORDS ||||||||| :::RECORD
 | Record Ref ID | Transaction Amount | Transaction Date | Reconciled? | Reconciled with Txn Ref ID | Transaction Description | CHEQUE NO | CHANNEL |
 | com.example.Transaction@3e1a3801 | 265.0 | 27/09/2020 | true | com.example.Transaction@1640c151 | IBANKING -- IBANKING -- FBM0811J-001 : 039~039 IN |  |  | MAY-MATCH | 
&amp#27;[0m
PAYNOW -- PAYNOW -- FBQ7407B-001 : 010~010 IN
MOHAMAD FAIZAL BIN | PAYMENT/TRANSFER OTHR S$ MOHAMAD FAIZAL BIN via PayNow: 7407b | OTHR S$ | PAYMENT/TRANSFER
&amp#27;[36m ||||||||| PRINTING RECORDS ||||||||| :::RECORD
 | Record Ref ID | Transaction Amount | Transaction Date | Reconciled? | Reconciled with Txn Ref ID | Transaction Description | CHEQUE NO | CHANNEL |
 | com.example.Transaction@6fd12c5 | 244.0 | 28/09/2020 | true | com.example.Transaction@2d23faef | PAYNOW -- PAYNOW -- FBQ7407B-001 : 010~010 IN |  |  | MAY-MATCH | 
&amp#27;[0m
PAYNOW -- PAYNOW -- FBE7176E-002 : 002~002 IN
from NG WENG LOON | LOAR - FBE7176E FUND TRANSFER | via PayNow-UEN | FUND TRANSFER
&amp#27;[36m ||||||||| PRINTING RECORDS ||||||||| :::RECORD
 | Record Ref ID | Transaction Amount | Transaction Date | Reconciled? | Reconciled with Txn Ref ID | Transaction Description | CHEQUE NO | CHANNEL |
 | com.example.Transaction@1de0a46c | 94.0 | 29/09/2020 | true | com.example.Transaction@30e6a763 | PAYNOW -- PAYNOW -- FBE7176E-002 : 002~002 IN |  |  | MAY-MATCH | 
&amp#27;[0m
IBANKING -- IBANKING -- FBL3296G-001 : 049~049 IN
from FBL3296G FARID | OTHR - Other FUND TRANSFER |  | FUND TRANSFER
&amp#27;[36m ||||||||| PRINTING RECORDS ||||||||| :::RECORD
 | Record Ref ID | Transaction Amount | Transaction Date | Reconciled? | Reconciled with Txn Ref ID | Transaction Description | CHEQUE NO | CHANNEL |
 | com.example.Transaction@4d1f1ff5 | 251.0 | 29/09/2020 | true | com.example.Transaction@4c48fe92 | IBANKING -- IBANKING -- FBL3296G-001 : 049~049 IN |  |  | MAY-MATCH | 
&amp#27;[0m
]]></system-out>
  </testcase>
  <testcase name="expect_able_to_tell_which_records_on_array1_unable_to_reconcile" classname="com.example.tests.TestReconciliationTool" time="0.222">
    <system-out><![CDATA[PAYNOW -- PAYNOW -- FBL9376U-002 : 012~012 IN
from MUHAMMAD ZUHAI | OTHR - Other FUND TRANSFER | via PayNow-UEN | FUND TRANSFER
&amp#27;[36m ||||||||| PRINTING RECORDS ||||||||| :::RECORD
 | Record Ref ID | Transaction Amount | Transaction Date | Reconciled? | Reconciled with Txn Ref ID | Transaction Description | CHEQUE NO | CHANNEL |
 | com.example.Transaction@3f0d6038 | 260.0 | 13/09/2020 | true | com.example.Transaction@5477a1ca | PAYNOW -- PAYNOW -- FBL9376U-002 : 012~012 IN |  |  | MAY-MATCH | 
&amp#27;[0m
IBANKING -- IBANKING -- FBQ4745U-001 : 011~011 IN
MOHD RAZALI BIN MOH | PAYMENT/TRANSFER OTHR MOHD RAZALI BIN MOH FBQ4745U 83210310 | OTHR | PAYMENT/TRANSFER
&amp#27;[36m ||||||||| PRINTING RECORDS ||||||||| :::RECORD
 | Record Ref ID | Transaction Amount | Transaction Date | Reconciled? | Reconciled with Txn Ref ID | Transaction Description | CHEQUE NO | CHANNEL |
 | com.example.Transaction@237f7970 | 218.0 | 01/09/2020 | true | com.example.Transaction@d8d9199 | IBANKING -- IBANKING -- FBQ4745U-001 : 011~011 IN |  |  | MAY-MATCH | 
&amp#27;[0m
IBANKING -- IBANKING -- FBL3296G-001 : 048~048 IN
from FBL3296G FARID | OTHR - Other FUND TRANSFER |  | FUND TRANSFER
&amp#27;[36m ||||||||| PRINTING RECORDS ||||||||| :::RECORD
 | Record Ref ID | Transaction Amount | Transaction Date | Reconciled? | Reconciled with Txn Ref ID | Transaction Description | CHEQUE NO | CHANNEL |
 | com.example.Transaction@58f39564 | 251.0 | 01/09/2020 | true | com.example.Transaction@3901f6af | IBANKING -- IBANKING -- FBL3296G-001 : 048~048 IN |  |  | MAY-MATCH | 
&amp#27;[0m
IBANKING -- IBANKING -- FBG0332G-001 : 040~040 IN
HO CHI WING | PAYMENT/TRANSFER OTHR HO CHI WING FBG0332G | OTHR | PAYMENT/TRANSFER
&amp#27;[36m ||||||||| PRINTING RECORDS ||||||||| :::RECORD
 | Record Ref ID | Transaction Amount | Transaction Date | Reconciled? | Reconciled with Txn Ref ID | Transaction Description | CHEQUE NO | CHANNEL |
 | com.example.Transaction@7b948f3e | 438.0 | 01/09/2020 | true | com.example.Transaction@602ae7b6 | IBANKING -- IBANKING -- FBG0332G-001 : 040~040 IN |  |  | MAY-MATCH | 
&amp#27;[0m
IBANKING -- IBANKING -- FBA2060J-001 : 007~000 IN
MOHAMED AJMEL BIN M | PAYMENT/TRANSFER OTHR MOHAMED AJMEL BIN M Ajmel fba2060j | OTHR | PAYMENT/TRANSFER
&amp#27;[36m ||||||||| PRINTING RECORDS ||||||||| :::RECORD
 | Record Ref ID | Transaction Amount | Transaction Date | Reconciled? | Reconciled with Txn Ref ID | Transaction Description | CHEQUE NO | CHANNEL |
 | com.example.Transaction@2f4c2cd4 | 200.0 | 01/09/2020 | true | com.example.Transaction@10cd6753 | IBANKING -- IBANKING -- FBA2060J-001 : 007~000 IN |  |  | MAY-MATCH | 
&amp#27;[0m
IBANKING -- IBANKING -- FBK7313U-002 : 005~005 IN
HELMI HUSAINI BIN S | PAYMENT/TRANSFER OTHR S$ HELMI HUSAINI BIN S via PayNow: FBK7313U | OTHR S$ | PAYMENT/TRANSFER
&amp#27;[36m ||||||||| PRINTING RECORDS ||||||||| :::RECORD
 | Record Ref ID | Transaction Amount | Transaction Date | Reconciled? | Reconciled with Txn Ref ID | Transaction Description | CHEQUE NO | CHANNEL |
 | com.example.Transaction@77a074b4 | 160.0 | 01/09/2020 | true | com.example.Transaction@71ad3d8a | IBANKING -- IBANKING -- FBK7313U-002 : 005~005 IN |  |  | MAY-MATCH | 
&amp#27;[0m
IBANKING -- IBANKING -- FBL9839B-001 : 039~039 IN
SHER WENYONG BENJAM | PAYMENT/TRANSFER OTHR SHER WENYONG BENJAM FBL9839B | OTHR | PAYMENT/TRANSFER
&amp#27;[36m ||||||||| PRINTING RECORDS ||||||||| :::RECORD
 | Record Ref ID | Transaction Amount | Transaction Date | Reconciled? | Reconciled with Txn Ref ID | Transaction Description | CHEQUE NO | CHANNEL |
 | com.example.Transaction@333c8791 | 244.0 | 03/09/2020 | true | com.example.Transaction@524a2ffb | IBANKING -- IBANKING -- FBL9839B-001 : 039~039 IN |  |  | MAY-MATCH | 
&amp#27;[0m
IBANKING -- IBANKING -- FBR1665G-001 : 006~006 IN
VILLAFUERTE ARIEL D | PAYMENT/TRANSFER COLL VILLAFUERTE ARIEL D FBR1665G SEPT2020 | COLL | PAYMENT/TRANSFER
&amp#27;[36m ||||||||| PRINTING RECORDS ||||||||| :::RECORD
 | Record Ref ID | Transaction Amount | Transaction Date | Reconciled? | Reconciled with Txn Ref ID | Transaction Description | CHEQUE NO | CHANNEL |
 | com.example.Transaction@6c0e13b7 | 352.0 | 06/09/2020 | true | com.example.Transaction@702b06fb | IBANKING -- IBANKING -- FBR1665G-001 : 006~006 IN |  |  | MAY-MATCH | 
&amp#27;[0m
PAYNOW -- PAYNOW -- FBJ8075E-002 : 040~040 IN
ARHAB SADEED | PAYMENT/TRANSFER OTHR S$ ARHAB SADEED via PayNow: FBJ8075E | OTHR S$ | PAYMENT/TRANSFER
&amp#27;[36m ||||||||| PRINTING RECORDS ||||||||| :::RECORD
 | Record Ref ID | Transaction Amount | Transaction Date | Reconciled? | Reconciled with Txn Ref ID | Transaction Description | CHEQUE NO | CHANNEL |
 | com.example.Transaction@22eaa86e | 240.0 | 06/09/2020 | true | com.example.Transaction@a18649a | PAYNOW -- PAYNOW -- FBJ8075E-002 : 040~040 IN |  |  | MAY-MATCH | 
&amp#27;[0m
PAYNOW -- PAYNOW -- FBR2590G-001 : 005~005 IN
MUHAMMAD AMIRUL HAK | PAYMENT/TRANSFER OTHR S$ MUHAMMAD AMIRUL HAK via PayNow: 198903552W | OTHR S$ | PAYMENT/TRANSFER
&amp#27;[36m ||||||||| PRINTING RECORDS ||||||||| :::RECORD
 | Record Ref ID | Transaction Amount | Transaction Date | Reconciled? | Reconciled with Txn Ref ID | Transaction Description | CHEQUE NO | CHANNEL |
 | com.example.Transaction@561b7d53 | 322.0 | 06/09/2020 | true | com.example.Transaction@5c534b5b | PAYNOW -- PAYNOW -- FBR2590G-001 : 005~005 IN |  |  | MAY-MATCH | 
&amp#27;[0m
IBANKING -- IBANKING -- FBQ8185J-001 : 006~006 IN
from FBQ8185J HARUN | OTHR - FBQ8185J FUND TRANSFER |  | FUND TRANSFER
&amp#27;[36m ||||||||| PRINTING RECORDS ||||||||| :::RECORD
 | Record Ref ID | Transaction Amount | Transaction Date | Reconciled? | Reconciled with Txn Ref ID | Transaction Description | CHEQUE NO | CHANNEL |
 | com.example.Transaction@1cc680e | 217.0 | 06/09/2020 | true | com.example.Transaction@396639b | IBANKING -- IBANKING -- FBQ8185J-001 : 006~006 IN |  |  | MAY-MATCH | 
&amp#27;[0m
IBANKING -- IBANKING -- FBP6139L-001 : 017~017 IN
INDRA SUKMA BIN BUH | PAYMENT/TRANSFER IHRP INDRA SUKMA BIN BUH FBP6139L- SEPTEMBER 2020 | IHRP | PAYMENT/TRANSFER
&amp#27;[36m ||||||||| PRINTING RECORDS ||||||||| :::RECORD
 | Record Ref ID | Transaction Amount | Transaction Date | Reconciled? | Reconciled with Txn Ref ID | Transaction Description | CHEQUE NO | CHANNEL |
 | com.example.Transaction@1dc3502b | 484.0 | 06/09/2020 | true | com.example.Transaction@2b22a1cc | IBANKING -- IBANKING -- FBP6139L-001 : 017~017 IN |  |  | MAY-MATCH | 
&amp#27;[0m
PAYNOW -- PAYNOW -- FBP8163C-001 : 014~014 IN
ABDULLAH KHALESH KA | PAYMENT/TRANSFER OTHR S$ ABDULLAH KHALESH KA via PayNow: FBP 8163 C | OTHR S$ | PAYMENT/TRANSFER
&amp#27;[36m ||||||||| PRINTING RECORDS ||||||||| :::RECORD
 | Record Ref ID | Transaction Amount | Transaction Date | Reconciled? | Reconciled with Txn Ref ID | Transaction Description | CHEQUE NO | CHANNEL |
 | com.example.Transaction@6a1d3225 | 261.0 | 07/09/2020 | true | com.example.Transaction@140d1230 | PAYNOW -- PAYNOW -- FBP8163C-001 : 014~014 IN |  |  | MAY-MATCH | 
&amp#27;[0m
IBANKING -- IBANKING -- FBP1309X-001 : 019~019 IN
FARHANI SHEREEN BTE | PAYMENT/TRANSFER OTHR FARHANI SHEREEN BTE FBP1309X | OTHR | PAYMENT/TRANSFER
&amp#27;[36m ||||||||| PRINTING RECORDS ||||||||| :::RECORD
 | Record Ref ID | Transaction Amount | Transaction Date | Reconciled? | Reconciled with Txn Ref ID | Transaction Description | CHEQUE NO | CHANNEL |
 | com.example.Transaction@67e13bd0 | 203.0 | 08/09/2020 | true | com.example.Transaction@7187bac9 | IBANKING -- IBANKING -- FBP1309X-001 : 019~019 IN |  |  | MAY-MATCH | 
&amp#27;[0m
IBANKING -- IBANKING -- FBP2944E-001 : 018~018 IN
ISMAIL BIN MOHD JAI | PAYMENT/TRANSFER IHRP ISMAIL BIN MOHD JAI FBP2944E Ismail Mohd Jai | IHRP | PAYMENT/TRANSFER
&amp#27;[36m ||||||||| PRINTING RECORDS ||||||||| :::RECORD
 | Record Ref ID | Transaction Amount | Transaction Date | Reconciled? | Reconciled with Txn Ref ID | Transaction Description | CHEQUE NO | CHANNEL |
 | com.example.Transaction@50fb33a | 254.0 | 08/09/2020 | true | com.example.Transaction@6b8280e6 | IBANKING -- IBANKING -- FBP2944E-001 : 018~018 IN |  |  | MAY-MATCH | 
&amp#27;[0m
PAYNOW -- PAYNOW -- FW9186X-001 : 010~010 INS
SZE WEI KIAT | PAYMENT/TRANSFER OTHR S$ SZE WEI KIAT via PayNow: FW9186X | OTHR S$ | PAYMENT/TRANSFER
&amp#27;[36m ||||||||| PRINTING RECORDS ||||||||| :::RECORD
 | Record Ref ID | Transaction Amount | Transaction Date | Reconciled? | Reconciled with Txn Ref ID | Transaction Description | CHEQUE NO | CHANNEL |
 | com.example.Transaction@2cae9b8 | 350.0 | 08/09/2020 | true | com.example.Transaction@6f139fc9 | PAYNOW -- PAYNOW -- FW9186X-001 : 010~010 INS |  |  | MAY-MATCH | 
&amp#27;[0m
PAYNOW -- PAYNOW -- FBK7253J-002 : 023~023 IN
HANNAN HUZAIFI BIN | PAYMENT/TRANSFER OTHR S$ HANNAN HUZAIFI BIN via PayNow: Fbk7253j | OTHR S$ | PAYMENT/TRANSFER
&amp#27;[36m ||||||||| PRINTING RECORDS ||||||||| :::RECORD
 | Record Ref ID | Transaction Amount | Transaction Date | Reconciled? | Reconciled with Txn Ref ID | Transaction Description | CHEQUE NO | CHANNEL |
 | com.example.Transaction@1457fde | 158.0 | 08/09/2020 | true | com.example.Transaction@55259aa7 | PAYNOW -- PAYNOW -- FBK7253J-002 : 023~023 IN |  |  | MAY-MATCH | 
&amp#27;[0m
GIRO:OCBC -- GIRO:OCBC -- SJT1188L PREVIA [38/84]
HONG LEONG FINANCE | HLF-030 DUE 20200910 IBG GIRO | IHRP 38316717005680 | IBG GIRO
&amp#27;[36m ||||||||| PRINTING RECORDS ||||||||| :::RECORD
 | Record Ref ID | Transaction Amount | Transaction Date | Reconciled? | Reconciled with Txn Ref ID | Transaction Description | CHEQUE NO | CHANNEL |
 | com.example.Transaction@6f94fb9d | -1350.0 | 13/09/2020 | true | com.example.Transaction@44550792 | GIRO:OCBC -- GIRO:OCBC -- SJT1188L PREVIA [38/84] |  |  | MAY-MATCH | 
&amp#27;[0m
P200907:OCBC -- P200907:OCBC -- AUG 2020
P200907 | FUND TRANSFER Fund Transfer to account 601265671001 SGD 904.15@1 Atan Motoring Supply Pte Ltd - Aug 2020 | CT0019530884 | FUND TRANSFER
&amp#27;[36m ||||||||| PRINTING RECORDS ||||||||| :::RECORD
 | Record Ref ID | Transaction Amount | Transaction Date | Reconciled? | Reconciled with Txn Ref ID | Transaction Description | CHEQUE NO | CHANNEL |
 | com.example.Transaction@17fa1336 | -904.15 | 04/09/2020 | true | com.example.Transaction@3a175162 | P200907:OCBC -- P200907:OCBC -- AUG 2020 |  |  | MAY-MATCH | 
&amp#27;[0m
IBANKING -- IBANKING -- FBR1534B-001 : 006~006 IN
RADIWATI BTE MOHAME | PAYMENT/TRANSFER OTHR RADIWATI BTE MOHAME FBR1534B | OTHR | PAYMENT/TRANSFER
&amp#27;[36m ||||||||| PRINTING RECORDS ||||||||| :::RECORD
 | Record Ref ID | Transaction Amount | Transaction Date | Reconciled? | Reconciled with Txn Ref ID | Transaction Description | CHEQUE NO | CHANNEL |
 | com.example.Transaction@4228bf58 | 226.0 | 14/09/2020 | true | com.example.Transaction@5e1fc2aa | IBANKING -- IBANKING -- FBR1534B-001 : 006~006 IN |  |  | MAY-MATCH | 
&amp#27;[0m
IBANKING -- IBANKING -- FBP9517J-001 : 014~014 IN
FOREST CHILD CADRE | PAYMENT/TRANSFER ALLW FOREST CHILD CADRE EBGPP00912760247 | ALLW | PAYMENT/TRANSFER
&amp#27;[36m ||||||||| PRINTING RECORDS ||||||||| :::RECORD
 | Record Ref ID | Transaction Amount | Transaction Date | Reconciled? | Reconciled with Txn Ref ID | Transaction Description | CHEQUE NO | CHANNEL |
 | com.example.Transaction@68b9834c | 193.0 | 12/09/2020 | true | com.example.Transaction@859ea42 | IBANKING -- IBANKING -- FBP9517J-001 : 014~014 IN |  |  | MAY-MATCH | 
&amp#27;[0m
IBANKING -- IBANKING -- FBK5286C-002 : 019~019 IN
from FBK5286C SHARE | OTHR - Other FUND TRANSFER |  | FUND TRANSFER
&amp#27;[36m ||||||||| PRINTING RECORDS ||||||||| :::RECORD
 | Record Ref ID | Transaction Amount | Transaction Date | Reconciled? | Reconciled with Txn Ref ID | Transaction Description | CHEQUE NO | CHANNEL |
 | com.example.Transaction@20b9d5d5 | 246.0 | 13/09/2020 | true | com.example.Transaction@760245e1 | IBANKING -- IBANKING -- FBK5286C-002 : 019~019 IN |  |  | MAY-MATCH | 
&amp#27;[0m
CASH -- CASH -- TRF : PETTY CASH TO CASH
 | CASH DEPOSIT     CDM |  | CASH DEPOSIT     CDM
&amp#27;[36m ||||||||| PRINTING RECORDS ||||||||| :::RECORD
 | Record Ref ID | Transaction Amount | Transaction Date | Reconciled? | Reconciled with Txn Ref ID | Transaction Description | CHEQUE NO | CHANNEL |
 | com.example.Transaction@671d1157 | 9950.0 | 13/09/2020 | true | com.example.Transaction@295bf2a | CASH -- CASH -- TRF : PETTY CASH TO CASH |  |  | MAY-MATCH | 
&amp#27;[0m
CASH -- CASH -- TRF : PETTY CASH TO CASH
 | CASH DEPOSIT     CDM |  | CASH DEPOSIT     CDM
&amp#27;[36m ||||||||| PRINTING RECORDS ||||||||| :::RECORD
 | Record Ref ID | Transaction Amount | Transaction Date | Reconciled? | Reconciled with Txn Ref ID | Transaction Description | CHEQUE NO | CHANNEL |
 | com.example.Transaction@60c8a093 | 10000.0 | 13/09/2020 | true | com.example.Transaction@bbf9e07 | CASH -- CASH -- TRF : PETTY CASH TO CASH |  |  | MAY-MATCH | 
&amp#27;[0m
CASH -- CASH -- TRF : PETTY CASH TO CASH
 | CASH DEPOSIT     CDM |  | CASH DEPOSIT     CDM
&amp#27;[36m ||||||||| PRINTING RECORDS ||||||||| :::RECORD
 | Record Ref ID | Transaction Amount | Transaction Date | Reconciled? | Reconciled with Txn Ref ID | Transaction Description | CHEQUE NO | CHANNEL |
 | com.example.Transaction@44cffc25 | 5850.0 | 13/09/2020 | true | com.example.Transaction@6ff6efdc | CASH -- CASH -- TRF : PETTY CASH TO CASH |  |  | MAY-MATCH | 
&amp#27;[0m
IBANKING -- IBANKING -- FBG0756S-003 : 005~006 IN
RAZALI BIN JOHARI | PAYMENT/TRANSFER OTHR RAZALI BIN JOHARI Transfer | OTHR | PAYMENT/TRANSFER
&amp#27;[36m ||||||||| PRINTING RECORDS ||||||||| :::RECORD
 | Record Ref ID | Transaction Amount | Transaction Date | Reconciled? | Reconciled with Txn Ref ID | Transaction Description | CHEQUE NO | CHANNEL |
 | com.example.Transaction@2a369e14 | 360.0 | 13/09/2020 | true | com.example.Transaction@2b289ac9 | IBANKING -- IBANKING -- FBG0756S-003 : 005~006 IN |  |  | MAY-MATCH | 
&amp#27;[0m
IBANKING -- IBANKING -- FBP1782L-001 : 019~019 IN
from FBD7182L MUHAM | OTHR - FBP1782L FUND TRANSFER |  | FUND TRANSFER
&amp#27;[36m ||||||||| PRINTING RECORDS ||||||||| :::RECORD
 | Record Ref ID | Transaction Amount | Transaction Date | Reconciled? | Reconciled with Txn Ref ID | Transaction Description | CHEQUE NO | CHANNEL |
 | com.example.Transaction@25aeb5ac | 270.0 | 13/09/2020 | true | com.example.Transaction@4eb1c69 | IBANKING -- IBANKING -- FBP1782L-001 : 019~019 IN |  |  | MAY-MATCH | 
&amp#27;[0m
IBANKING -- IBANKING -- FBG2736L-001 : 031~031 IN
NURHIDAYAH BTE MOLI | PAYMENT/TRANSFER OTHR S$ NURHIDAYAH BTE MOLI via PayNow: FBL6182G | OTHR S$ | PAYMENT/TRANSFER
&amp#27;[36m ||||||||| PRINTING RECORDS ||||||||| :::RECORD
 | Record Ref ID | Transaction Amount | Transaction Date | Reconciled? | Reconciled with Txn Ref ID | Transaction Description | CHEQUE NO | CHANNEL |
 | com.example.Transaction@c755b2 | 202.0 | 12/09/2020 | true | com.example.Transaction@73d3e555 | IBANKING -- IBANKING -- FBG2736L-001 : 031~031 IN |  |  | MAY-MATCH | 
&amp#27;[0m
PAYNOW -- PAYNOW -- FBP1376B-001 : 019~019 IN
MUHAMMAD AFIQ BIN A | PAYMENT/TRANSFER OTHR S$ MUHAMMAD AFIQ BIN A via PayNow: FBP1376B | OTHR S$ | PAYMENT/TRANSFER
&amp#27;[36m ||||||||| PRINTING RECORDS ||||||||| :::RECORD
 | Record Ref ID | Transaction Amount | Transaction Date | Reconciled? | Reconciled with Txn Ref ID | Transaction Description | CHEQUE NO | CHANNEL |
 | com.example.Transaction@3bd2af5b | 267.0 | 13/09/2020 | true | com.example.Transaction@2b037cfc | PAYNOW -- PAYNOW -- FBP1376B-001 : 019~019 IN |  |  | MAY-MATCH | 
&amp#27;[0m
IBANKING -- IBANKING -- FBP4314K-001 : 018~018 IN
MUHAMMAD ANDIKA BIN | PAYMENT/TRANSFER OTHR MUHAMMAD ANDIKA BIN FBP4314K | OTHR | PAYMENT/TRANSFER
&amp#27;[36m ||||||||| PRINTING RECORDS ||||||||| :::RECORD
 | Record Ref ID | Transaction Amount | Transaction Date | Reconciled? | Reconciled with Txn Ref ID | Transaction Description | CHEQUE NO | CHANNEL |
 | com.example.Transaction@250a500b | 216.0 | 13/09/2020 | true | com.example.Transaction@44924587 | IBANKING -- IBANKING -- FBP4314K-001 : 018~018 IN |  |  | MAY-MATCH | 
&amp#27;[0m
PAYNOW -- PAYNOW -- FBQ4082Z-001 : 012~012 IN
MUHAMMAD ZUHAIDI BI | PAYMENT/TRANSFER OTHR S$ MUHAMMAD ZUHAIDI BI via PayNow: 198903552W | OTHR S$ | PAYMENT/TRANSFER
&amp#27;[36m ||||||||| PRINTING RECORDS ||||||||| :::RECORD
 | Record Ref ID | Transaction Amount | Transaction Date | Reconciled? | Reconciled with Txn Ref ID | Transaction Description | CHEQUE NO | CHANNEL |
 | com.example.Transaction@75d982d3 | 260.0 | 27/09/2020 | true | com.example.Transaction@18460128 | PAYNOW -- PAYNOW -- FBQ4082Z-001 : 012~012 IN |  |  | MAY-MATCH | 
&amp#27;[0m
IBANKING -- IBANKING -- FBL6182G-001 : 044~044 IN
WAHAB BIN MOHD ISA | SI               FBP2238K IBG GIRO | OTHR | IBG GIRO
&amp#27;[36m ||||||||| PRINTING RECORDS ||||||||| :::RECORD
 | Record Ref ID | Transaction Amount | Transaction Date | Reconciled? | Reconciled with Txn Ref ID | Transaction Description | CHEQUE NO | CHANNEL |
 | com.example.Transaction@4f89331f | 202.0 | 13/09/2020 | true | com.example.Transaction@71b6d77f | IBANKING -- IBANKING -- FBL6182G-001 : 044~044 IN |  |  | MAY-MATCH | 
&amp#27;[0m
PAYNOW -- PAYNOW -- FBL6793T-001 : 043~043 IN
NUR MUHAMMAD FIRDAU | PAYMENT/TRANSFER OTHR S$ NUR MUHAMMAD FIRDAU via PayNow: Transfer - UEN | OTHR S$ | PAYMENT/TRANSFER
&amp#27;[36m ||||||||| PRINTING RECORDS ||||||||| :::RECORD
 | Record Ref ID | Transaction Amount | Transaction Date | Reconciled? | Reconciled with Txn Ref ID | Transaction Description | CHEQUE NO | CHANNEL |
 | com.example.Transaction@618ff5c2 | 258.0 | 14/09/2020 | true | com.example.Transaction@2ec3633f | PAYNOW -- PAYNOW -- FBL6793T-001 : 043~043 IN |  |  | MAY-MATCH | 
&amp#27;[0m
PAYNOW -- PAYNOW -- FBM8055Y-002 : 008~008 IN
MOHAMMAD RIDZUAN BI | PAYMENT/TRANSFER OTHR S$ MOHAMMAD RIDZUAN BI via PayNow: FBM8055Y | OTHR S$ | PAYMENT/TRANSFER
&amp#27;[36m ||||||||| PRINTING RECORDS ||||||||| :::RECORD
 | Record Ref ID | Transaction Amount | Transaction Date | Reconciled? | Reconciled with Txn Ref ID | Transaction Description | CHEQUE NO | CHANNEL |
 | com.example.Transaction@16727bf0 | 234.0 | 14/09/2020 | true | com.example.Transaction@1d5d5621 | PAYNOW -- PAYNOW -- FBM8055Y-002 : 008~008 IN |  |  | MAY-MATCH | 
&amp#27;[0m
IBANKING -- IBANKING -- FBQ3081H-001 : 012~012 IN
SRI NUR ASMA-UL-HUS | PAYMENT/TRANSFER OTHR S$ SRI NUR ASMA-UL-HUS via PayNow: Fbq2362d | OTHR S$ | PAYMENT/TRANSFER
&amp#27;[36m ||||||||| PRINTING RECORDS ||||||||| :::RECORD
 | Record Ref ID | Transaction Amount | Transaction Date | Reconciled? | Reconciled with Txn Ref ID | Transaction Description | CHEQUE NO | CHANNEL |
 | com.example.Transaction@2f84acf7 | 203.0 | 14/09/2020 | true | com.example.Transaction@3b1ed14b | IBANKING -- IBANKING -- FBQ3081H-001 : 012~012 IN |  |  | MAY-MATCH | 
&amp#27;[0m
IBANKING -- IBANKING -- FBA2060J-001 : 008~000 IN
MOHAMED AJMEL BIN M | PAYMENT/TRANSFER OTHR MOHAMED AJMEL BIN M fba 2060j ajmel | OTHR | PAYMENT/TRANSFER
&amp#27;[36m ||||||||| PRINTING RECORDS ||||||||| :::RECORD
 | Record Ref ID | Transaction Amount | Transaction Date | Reconciled? | Reconciled with Txn Ref ID | Transaction Description | CHEQUE NO | CHANNEL |
 | com.example.Transaction@291373d3 | 100.0 | 15/09/2020 | true | com.example.Transaction@13741d5a | IBANKING -- IBANKING -- FBA2060J-001 : 008~000 IN |  |  | MAY-MATCH | 
&amp#27;[0m
IBANKING -- IBANKING -- FBL8716D-001 : 041~041 IN
THANIUS BIN MUSNI | PAYMENT/TRANSFER OTHR THANIUS BIN MUSNI INSTALLMENT NO 41 FOR BIKE FBL8716 | OTHR | PAYMENT/TRANSFER
&amp#27;[36m ||||||||| PRINTING RECORDS ||||||||| :::RECORD
 | Record Ref ID | Transaction Amount | Transaction Date | Reconciled? | Reconciled with Txn Ref ID | Transaction Description | CHEQUE NO | CHANNEL |
 | com.example.Transaction@372ca2d6 | 244.0 | 15/09/2020 | true | com.example.Transaction@6b69761b | IBANKING -- IBANKING -- FBL8716D-001 : 041~041 IN |  |  | MAY-MATCH | 
&amp#27;[0m
GIRO -- GIRO -- FBB9394U MSIG 2ND, R/T 1Y
G200916 | GIRO COLLECTION |  | GIRO COLLECTION
&amp#27;[36m ||||||||| PRINTING RECORDS ||||||||| :::RECORD
 | Record Ref ID | Transaction Amount | Transaction Date | Reconciled? | Reconciled with Txn Ref ID | Transaction Description | CHEQUE NO | CHANNEL |
 | com.example.Transaction@3204e238 | 258.0 | 17/09/2020 | true | com.example.Transaction@5aaaa446 | GIRO -- GIRO -- FBB9394U MSIG 2ND, R/T 1Y |  |  | MAY-MATCH | 
&amp#27;[0m
IBANKING -- IBANKING -- BLK NO 23838
B01 23838 | TRANSFER Fund Transfer from SINGAPURA FINANCE LTD SGD 25 791.88 B01 23838 | CT0019562633 | TRANSFER
&amp#27;[36m ||||||||| PRINTING RECORDS ||||||||| :::RECORD
 | Record Ref ID | Transaction Amount | Transaction Date | Reconciled? | Reconciled with Txn Ref ID | Transaction Description | CHEQUE NO | CHANNEL |
 | com.example.Transaction@38ed139b | 25791.88 | 17/09/2020 | true | com.example.Transaction@e042c99 | IBANKING -- IBANKING -- BLK NO 23838 |  |  | MAY-MATCH | 
&amp#27;[0m
IBANKING -- IBANKING -- FBP3580P-001 : 018~018 IN
MUHAMMAD IZZAN BIN | PAYMENT/TRANSFER OTHR MUHAMMAD IZZAN BIN Transfer | OTHR | PAYMENT/TRANSFER
&amp#27;[36m ||||||||| PRINTING RECORDS ||||||||| :::RECORD
 | Record Ref ID | Transaction Amount | Transaction Date | Reconciled? | Reconciled with Txn Ref ID | Transaction Description | CHEQUE NO | CHANNEL |
 | com.example.Transaction@a5272be | 264.0 | 20/09/2020 | true | com.example.Transaction@7e744f43 | IBANKING -- IBANKING -- FBP3580P-001 : 018~018 IN |  |  | MAY-MATCH | 
&amp#27;[0m
CASH -- CASH -- TRF : PETTY CASH TO CASH
 | CASH DEPOSIT     CDM |  | CASH DEPOSIT     CDM
&amp#27;[36m ||||||||| PRINTING RECORDS ||||||||| :::RECORD
 | Record Ref ID | Transaction Amount | Transaction Date | Reconciled? | Reconciled with Txn Ref ID | Transaction Description | CHEQUE NO | CHANNEL |
 | com.example.Transaction@58ba5b30 | 9950.0 | 20/09/2020 | true | com.example.Transaction@11a8042c | CASH -- CASH -- TRF : PETTY CASH TO CASH |  |  | MAY-MATCH | 
&amp#27;[0m
CASH -- CASH -- TRF : PETTY CASH TO CASH
 | CASH DEPOSIT     CDM |  | CASH DEPOSIT     CDM
&amp#27;[36m ||||||||| PRINTING RECORDS ||||||||| :::RECORD
 | Record Ref ID | Transaction Amount | Transaction Date | Reconciled? | Reconciled with Txn Ref ID | Transaction Description | CHEQUE NO | CHANNEL |
 | com.example.Transaction@4dba773d | 12750.0 | 20/09/2020 | true | com.example.Transaction@6a4ccef7 | CASH -- CASH -- TRF : PETTY CASH TO CASH |  |  | MAY-MATCH | 
&amp#27;[0m
IBANKING -- IBANKING -- FBK2060G-004 : 011~011 IN
FADIL BIN ABD RAHIM | PAYMENT/TRANSFER OTHR FADIL BIN ABD RAHIM Transfer | OTHR | PAYMENT/TRANSFER
&amp#27;[36m ||||||||| PRINTING RECORDS ||||||||| :::RECORD
 | Record Ref ID | Transaction Amount | Transaction Date | Reconciled? | Reconciled with Txn Ref ID | Transaction Description | CHEQUE NO | CHANNEL |
 | com.example.Transaction@1d9bd4da | 120.0 | 20/09/2020 | true | com.example.Transaction@69391e08 | IBANKING -- IBANKING -- FBK2060G-004 : 011~011 IN |  |  | MAY-MATCH | 
&amp#27;[0m
IBANKING -- IBANKING -- FBM7628B-001 : 030~030 IN
MOHAMED HASHIM BIN | PAYMENT/TRANSFER IHRP MOHAMED HASHIM BIN Irfan - FBM7628B | IHRP | PAYMENT/TRANSFER
&amp#27;[36m ||||||||| PRINTING RECORDS ||||||||| :::RECORD
 | Record Ref ID | Transaction Amount | Transaction Date | Reconciled? | Reconciled with Txn Ref ID | Transaction Description | CHEQUE NO | CHANNEL |
 | com.example.Transaction@4c58255 | 354.0 | 21/09/2020 | true | com.example.Transaction@665522c2 | IBANKING -- IBANKING -- FBM7628B-001 : 030~030 IN |  |  | MAY-MATCH | 
&amp#27;[0m
IBANKING -- IBANKING -- FBQ8326U-001 : 006~006 IN
SAIFUL BAHRI BIN MD | PAYMENT/TRANSFER IHRP SAIFUL BAHRI BIN MD FBQ8326U | IHRP | PAYMENT/TRANSFER
&amp#27;[36m ||||||||| PRINTING RECORDS ||||||||| :::RECORD
 | Record Ref ID | Transaction Amount | Transaction Date | Reconciled? | Reconciled with Txn Ref ID | Transaction Description | CHEQUE NO | CHANNEL |
 | com.example.Transaction@eac3a26 | 189.0 | 21/09/2020 | true | com.example.Transaction@41fe8e5f | IBANKING -- IBANKING -- FBQ8326U-001 : 006~006 IN |  |  | MAY-MATCH | 
&amp#27;[0m
JK:OCBC -- JK:OCBC -- TOILETRIES & REFRESHMENT
44096 | xx-8024 NTUC FAIRPRICE           S DEBIT PURCHASE |  | DEBIT PURCHASE
&amp#27;[36m ||||||||| PRINTING RECORDS ||||||||| :::RECORD
 | Record Ref ID | Transaction Amount | Transaction Date | Reconciled? | Reconciled with Txn Ref ID | Transaction Description | CHEQUE NO | CHANNEL |
 | com.example.Transaction@10b1a751 | -85.99 | 21/09/2020 | true | com.example.Transaction@65d57e4e | JK:OCBC -- JK:OCBC -- TOILETRIES & REFRESHMENT |  |  | MAY-MATCH | 
&amp#27;[0m
IBANKING -- IBANKING -- FBQ1405X-001 : 014~014 IN
from S8422453G NORJ | OTHR - FBQ1405X FUND TRANSFER |  | FUND TRANSFER
&amp#27;[36m ||||||||| PRINTING RECORDS ||||||||| :::RECORD
 | Record Ref ID | Transaction Amount | Transaction Date | Reconciled? | Reconciled with Txn Ref ID | Transaction Description | CHEQUE NO | CHANNEL |
 | com.example.Transaction@53cf9c99 | 117.0 | 26/09/2020 | true | com.example.Transaction@6cd5122d | IBANKING -- IBANKING -- FBQ1405X-001 : 014~014 IN |  |  | MAY-MATCH | 
&amp#27;[0m
IBANKING -- IBANKING -- FBQ2241U-001 : 013~013 IN
from S8422453G NORJ | OTHR - FBQ2241U FUND TRANSFER |  | FUND TRANSFER
&amp#27;[36m ||||||||| PRINTING RECORDS ||||||||| :::RECORD
 | Record Ref ID | Transaction Amount | Transaction Date | Reconciled? | Reconciled with Txn Ref ID | Transaction Description | CHEQUE NO | CHANNEL |
 | com.example.Transaction@7b306b9f | 217.0 | 26/09/2020 | true | com.example.Transaction@2c7a8af2 | IBANKING -- IBANKING -- FBQ2241U-001 : 013~013 IN |  |  | MAY-MATCH | 
&amp#27;[0m
IBANKING -- IBANKING -- FBM2040D-001 : 038~038 IN
MOHAMED NOH BIN BAS | PAYMENT/TRANSFER IHRP MOHAMED NOH BIN BAS FBM2040D | IHRP | PAYMENT/TRANSFER
&amp#27;[36m ||||||||| PRINTING RECORDS ||||||||| :::RECORD
 | Record Ref ID | Transaction Amount | Transaction Date | Reconciled? | Reconciled with Txn Ref ID | Transaction Description | CHEQUE NO | CHANNEL |
 | com.example.Transaction@142213d5 | 281.0 | 27/09/2020 | true | com.example.Transaction@360bc645 | IBANKING -- IBANKING -- FBM2040D-001 : 038~038 IN |  |  | MAY-MATCH | 
&amp#27;[0m
PAYNOW -- PAYNOW -- FX0035C-001 : 014~014 INS
MUHAMMAD AL-HAFIZ B | PAYMENT/TRANSFER OTHR S$ MUHAMMAD AL-HAFIZ B via PayNow: Fx 35 c | OTHR S$ | PAYMENT/TRANSFER
&amp#27;[36m ||||||||| PRINTING RECORDS ||||||||| :::RECORD
 | Record Ref ID | Transaction Amount | Transaction Date | Reconciled? | Reconciled with Txn Ref ID | Transaction Description | CHEQUE NO | CHANNEL |
 | com.example.Transaction@934b52f | 210.0 | 27/09/2020 | true | com.example.Transaction@4edef76c | PAYNOW -- PAYNOW -- FX0035C-001 : 014~014 INS |  |  | MAY-MATCH | 
&amp#27;[0m
PAYNOW -- PAYNOW -- FBQ8355K-001 : 008~008 IN
RAJA ZULFIKAAR ABDU | PAYMENT/TRANSFER OTHR S$ RAJA ZULFIKAAR ABDU via PayNow: FBQ8355K | OTHR S$ | PAYMENT/TRANSFER
&amp#27;[36m ||||||||| PRINTING RECORDS ||||||||| :::RECORD
 | Record Ref ID | Transaction Amount | Transaction Date | Reconciled? | Reconciled with Txn Ref ID | Transaction Description | CHEQUE NO | CHANNEL |
 | com.example.Transaction@2630dbc4 | 391.0 | 27/09/2020 | true | com.example.Transaction@5d51e129 | PAYNOW -- PAYNOW -- FBQ8355K-001 : 008~008 IN |  |  | MAY-MATCH | 
&amp#27;[0m
IBANKING -- IBANKING -- FBA2060J-001 : 008~009 IN
MOHAMED AJMEL BIN M | PAYMENT/TRANSFER OTHR MOHAMED AJMEL BIN M fba 2060j outstanding is cleared | OTHR | PAYMENT/TRANSFER
&amp#27;[36m ||||||||| PRINTING RECORDS ||||||||| :::RECORD
 | Record Ref ID | Transaction Amount | Transaction Date | Reconciled? | Reconciled with Txn Ref ID | Transaction Description | CHEQUE NO | CHANNEL |
 | com.example.Transaction@5ea4300e | 458.0 | 27/09/2020 | true | com.example.Transaction@70c53dbe | IBANKING -- IBANKING -- FBA2060J-001 : 008~009 IN |  |  | MAY-MATCH | 
&amp#27;[0m
PAYNOW -- PAYNOW -- FBP3628L-001 : 019~019 IN
MUHAMMAD FAIZ TAJUD | PAYMENT/TRANSFER OTHR S$ MUHAMMAD FAIZ TAJUD via PayNow: FBP3638L | OTHR S$ | PAYMENT/TRANSFER
&amp#27;[36m ||||||||| PRINTING RECORDS ||||||||| :::RECORD
 | Record Ref ID | Transaction Amount | Transaction Date | Reconciled? | Reconciled with Txn Ref ID | Transaction Description | CHEQUE NO | CHANNEL |
 | com.example.Transaction@5a1c3cb4 | 230.0 | 27/09/2020 | true | com.example.Transaction@1894e40d | PAYNOW -- PAYNOW -- FBP3628L-001 : 019~019 IN |  |  | MAY-MATCH | 
&amp#27;[0m
IBANKING -- IBANKING -- FBK9330G-001 : 054~054 IN
OW YONG HOA LEON | PAYMENT/TRANSFER OTHR OW YONG HOA LEON Transfer | OTHR | PAYMENT/TRANSFER
&amp#27;[36m ||||||||| PRINTING RECORDS ||||||||| :::RECORD
 | Record Ref ID | Transaction Amount | Transaction Date | Reconciled? | Reconciled with Txn Ref ID | Transaction Description | CHEQUE NO | CHANNEL |
 | com.example.Transaction@76ad6715 | 355.0 | 27/09/2020 | true | com.example.Transaction@7342e05d | IBANKING -- IBANKING -- FBK9330G-001 : 054~054 IN |  |  | MAY-MATCH | 
&amp#27;[0m
IBANKING -- IBANKING -- FBM0811J-001 : 039~039 IN
665417770001 | 3RD PTY TRANSFER ATM |  | 3RD PTY TRANSFER ATM
&amp#27;[36m ||||||||| PRINTING RECORDS ||||||||| :::RECORD
 | Record Ref ID | Transaction Amount | Transaction Date | Reconciled? | Reconciled with Txn Ref ID | Transaction Description | CHEQUE NO | CHANNEL |
 | com.example.Transaction@56637cff | 265.0 | 27/09/2020 | true | com.example.Transaction@f91da5e | IBANKING -- IBANKING -- FBM0811J-001 : 039~039 IN |  |  | MAY-MATCH | 
&amp#27;[0m
PAYNOW -- PAYNOW -- FBQ7407B-001 : 010~010 IN
MOHAMAD FAIZAL BIN | PAYMENT/TRANSFER OTHR S$ MOHAMAD FAIZAL BIN via PayNow: 7407b | OTHR S$ | PAYMENT/TRANSFER
&amp#27;[36m ||||||||| PRINTING RECORDS ||||||||| :::RECORD
 | Record Ref ID | Transaction Amount | Transaction Date | Reconciled? | Reconciled with Txn Ref ID | Transaction Description | CHEQUE NO | CHANNEL |
 | com.example.Transaction@2938127d | 244.0 | 28/09/2020 | true | com.example.Transaction@44e93c1f | PAYNOW -- PAYNOW -- FBQ7407B-001 : 010~010 IN |  |  | MAY-MATCH | 
&amp#27;[0m
PAYNOW -- PAYNOW -- FBE7176E-002 : 002~002 IN
from NG WENG LOON | LOAR - FBE7176E FUND TRANSFER | via PayNow-UEN | FUND TRANSFER
&amp#27;[36m ||||||||| PRINTING RECORDS ||||||||| :::RECORD
 | Record Ref ID | Transaction Amount | Transaction Date | Reconciled? | Reconciled with Txn Ref ID | Transaction Description | CHEQUE NO | CHANNEL |
 | com.example.Transaction@127a7272 | 94.0 | 29/09/2020 | true | com.example.Transaction@2b2f5fcf | PAYNOW -- PAYNOW -- FBE7176E-002 : 002~002 IN |  |  | MAY-MATCH | 
&amp#27;[0m
IBANKING -- IBANKING -- FBL3296G-001 : 049~049 IN
from FBL3296G FARID | OTHR - Other FUND TRANSFER |  | FUND TRANSFER
&amp#27;[36m ||||||||| PRINTING RECORDS ||||||||| :::RECORD
 | Record Ref ID | Transaction Amount | Transaction Date | Reconciled? | Reconciled with Txn Ref ID | Transaction Description | CHEQUE NO | CHANNEL |
 | com.example.Transaction@ff23ae7 | 251.0 | 29/09/2020 | true | com.example.Transaction@858d8b4 | IBANKING -- IBANKING -- FBL3296G-001 : 049~049 IN |  |  | MAY-MATCH | 
&amp#27;[0m

&amp#27;[46m ||||||||| SUMMARY OF RECORDS ||||||||| :::Bank Statement Pending Recon Count:45 of 570 | Reconciled: 92%&amp#27;[0m
&amp#27;[36m ||||||||| PRINTING RECORDS ||||||||| :::BANK STATEMENT records not found in COMPANY BOOKS Record Count: (45)
 | CHANNEL | Record Ref ID | Transaction Amount | Transaction Date | Reconciled? | Reconciled with Txn Ref ID | Transaction Description |
 | NETS -- NETS | com.example.Transaction@e9dc4d0 | 814.45 | 01/09/2020 | false |  | ATAN MOTOR | 11146097500 POS SETTLEMENT | 31/08/2020 | POS SETTLEMENT | 
 |  | com.example.Transaction@5d5160e6 | 500.0 | 01/09/2020 | false |  | CHAN CHEE HONG | PAYMENT/TRANSFER LOAN CHAN CHEE HONG FBR2603D | LOAN | PAYMENT/TRANSFER | 
 | CHEQUE | com.example.Transaction@54f4a7f0 | -7753.0 | 01/09/2020 | false |  | 186290 | CHQ186290 CHEQUE |  | CHEQUE | 
 | CHEQUE | com.example.Transaction@61a1ea2c | -7753.0 | 01/09/2020 | false |  | 186291 | CHQ186291 CHEQUE |  | CHEQUE | 
 | LTA | com.example.Transaction@b835727 | -25.0 | 02/09/2020 | false |  | 29/08/2020 |xx-7992 LTA E-SERVICE VRLS     SIN DEBIT PURCHASE |  | DEBIT PURCHASE | 
 | LTA | com.example.Transaction@68e7c8c3 | 3237.0 | 02/09/2020 | false |  | LTA | LTAFBA4771C IBG GIRO | SUPP | IBG GIRO | 
 | CHEQUE | com.example.Transaction@149debbb | -10683.0 | 02/09/2020 | false |  | 186289 | CHQ186289 CHEQUE |  | CHEQUE | 
 | NETS -- NETS | com.example.Transaction@4b3fe06e | 611.71 | 03/09/2020 | false |  | ATAN MOTOR | 11146097500 POS SETTLEMENT | 02/09/2020 | POS SETTLEMENT | 
 | LTA | com.example.Transaction@27b45ea | -25.0 | 03/09/2020 | false |  | 31/08/2020 |xx-7992 LTA E-SERVICE VRLS     SIN DEBIT PURCHASE |  | DEBIT PURCHASE | 
 | LTA | com.example.Transaction@3e17a0a1 | -25.0 | 03/09/2020 | false |  | 31/08/2020 |xx-7992 LTA E-SERVICE VRLS     SIN DEBIT PURCHASE |  | DEBIT PURCHASE | 
 | LTA | com.example.Transaction@75361cf6 | -42.1 | 04/09/2020 | false |  | LTA | LTAFBC2384P IBG GIRO | PADD 051108800008 | IBG GIRO | 
 |  | com.example.Transaction@3d5790ea | 273.7 | 05/09/2020 | false |  | MUHD HADI BIN HALI | PAYMENT/TRANSFER OTHR S$ MUHD HADI BIN HALI via PayNow: FBL193P | OTHR S$ | PAYMENT/TRANSFER | 
 |  | com.example.Transaction@e8e0dec | -0.2 | 07/09/2020 | false |  | P200909 | GIRO CHARGES |  | GIRO CHARGES | 
 |  | com.example.Transaction@12d1f1d4 | -0.2 | 07/09/2020 | false |  | P200908 | GIRO CHARGES |  | GIRO CHARGES | 
 |  | com.example.Transaction@75fa1be3 | -0.2 | 07/09/2020 | false |  | P200905 | GIRO CHARGES |  | GIRO CHARGES | 
 |  | com.example.Transaction@383864d5 | -0.2 | 08/09/2020 | false |  | P200902 | GIRO CHARGES |  | GIRO CHARGES | 
 |  | com.example.Transaction@66420549 | -0.2 | 09/09/2020 | false |  | P200910 | GIRO CHARGES |  | GIRO CHARGES | 
 |  | com.example.Transaction@242a209e | 700.0 | 10/09/2020 | false |  | MUHAMMAD RAQIB BIN | PAYMENT/TRANSFER OTHR MUHAMMAD RAQIB BIN FBP1371P | OTHR | PAYMENT/TRANSFER | 
 |  | com.example.Transaction@64469d8 | 2.4 | 10/09/2020 | false |  | MUHAMMAD RAQIB BIN | PAYMENT/TRANSFER OTHR MUHAMMAD RAQIB BIN fbp1371p | OTHR | PAYMENT/TRANSFER | 
 | CHEQUE | com.example.Transaction@49fe3142 | -994.55 | 11/09/2020 | false |  | 186371 | CHQ186371 CHEQUE |  | CHEQUE | 
 |  | com.example.Transaction@3a08078c | -0.2 | 14/09/2020 | false |  | P200912 | GIRO CHARGES |  | GIRO CHARGES | 
 |  | com.example.Transaction@20576557 | -0.2 | 15/09/2020 | false |  | P200903 | GIRO CHARGES |  | GIRO CHARGES | 
 |  | com.example.Transaction@35f639fa | -0.2 | 16/09/2020 | false |  | P200914 | GIRO CHARGES |  | GIRO CHARGES | 
 |  | com.example.Transaction@6c6333cd | -0.2 | 16/09/2020 | false |  | G200916 | GIRO CHARGES |  | GIRO CHARGES | 
 |  | com.example.Transaction@636bbbbb | 0.43 | 19/09/2020 | false |  |  | CASH REBATE CASH REBATE |  | CASH REBATE | 
 |  | com.example.Transaction@7eae3764 | 0.07 | 19/09/2020 | false |  |  | CASH REBATE CASH REBATE |  | CASH REBATE | 
 |  | com.example.Transaction@6884f0d9 | -0.2 | 21/09/2020 | false |  | G200951 | GIRO CHARGES |  | GIRO CHARGES | 
 | CHEQUE | com.example.Transaction@5527b211 | -170.0 | 21/09/2020 | false |  | 186370 | CHQ186370 CHEQUE |  | CHEQUE | 
 |  | com.example.Transaction@2016f509 | -0.2 | 22/09/2020 | false |  | P200904 | GIRO CHARGES |  | GIRO CHARGES | 
 |  | com.example.Transaction@66f0548d | -0.2 | 24/09/2020 | false |  | P200916 | GIRO CHARGES |  | GIRO CHARGES | 
 |  | com.example.Transaction@2e6f610d | -0.2 | 24/09/2020 | false |  | P200917 | GIRO CHARGES |  | GIRO CHARGES | 
 |  | com.example.Transaction@3bddc676 | -0.2 | 25/09/2020 | false |  | P200918 | GIRO CHARGES |  | GIRO CHARGES | 
 |  | com.example.Transaction@44b194fe | -72.4 | 25/09/2020 | false |  | SP SERVICES LTD | GIRO Collection 8903495888 IBG GIRO | COLL 8903495888 | IBG GIRO | 
 |  | com.example.Transaction@49122b8f | -36.88 | 25/09/2020 | false |  | SP SERVICES LTD | GIRO Collection 8902370199 IBG GIRO | COLL 8902370199 | IBG GIRO | 
 |  | com.example.Transaction@71978f46 | -1.8 | 28/09/2020 | false |  | P200915 | GIRO CHARGES |  | GIRO CHARGES | 
 |  | com.example.Transaction@304d0259 | -0.2 | 28/09/2020 | false |  | P200919 | GIRO CHARGES |  | GIRO CHARGES | 
 |  | com.example.Transaction@1d23ff23 | -0.2 | 28/09/2020 | false |  | P200920 | GIRO CHARGES |  | GIRO CHARGES | 
 |  | com.example.Transaction@6ed16657 | 260.0 | 28/09/2020 | false |  | NORIDAH BINTE OTHMA | SI               FBP1819R IBG GIRO | OTHR | IBG GIRO | 
 | CHEQUE | com.example.Transaction@7915bca3 | -110.28 | 28/09/2020 | false |  | 186362 | CHQ186362 CHEQUE |  | CHEQUE | 
 |  | com.example.Transaction@a62c7cd | 340.0 | 29/09/2020 | false |  |  | CASH DEPOSIT     CDM |  | CASH DEPOSIT     CDM | 
 | LTA | com.example.Transaction@1f0b3cfe | 27.0 | 29/09/2020 | false |  | LTA | LTAFBA291Y IBG GIRO | SUPP | IBG GIRO | 
 | LTA | com.example.Transaction@65a48602 | -30.0 | 29/09/2020 | false |  | LTA | LTAFBJ6039Z IBG GIRO | PADD 051108800008 | IBG GIRO | 
 | LTA | com.example.Transaction@dc79225 | 178.0 | 30/09/2020 | false |  | LTA | LTAFBA291Y IBG GIRO | SUPP | IBG GIRO | 
 |  | com.example.Transaction@fd9ebde | -57.99 | 30/09/2020 | false |  | Singapore Telecommu | 68472174 IBG GIRO | COLL 68472174 | IBG GIRO | 
 |  | com.example.Transaction@14982a82 | -421.27 | 30/09/2020 | false |  | Singapore Telecommu | 11538363 IBG GIRO | COLL 11538363 | IBG GIRO | 
&amp#27;[0m

&amp#27;[46m ||||||||| SUMMARY OF RECORDS ||||||||| :::Company unrecorded pending  Count:37 of 634 | Reconciled: 94%&amp#27;[0m
&amp#27;[36m ||||||||| PRINTING RECORDS ||||||||| :::COMPANY BOOKS records not found in BANK STATEMENT Record Count: (37)
 | CHANNEL | Record Ref ID | Transaction Amount | Transaction Date | Reconciled? | Reconciled with Txn Ref ID | Transaction Description |
 |  | com.example.Transaction@7d3fb0ef | 250.0 | 01/09/2020 | false |  | IBANKING -- IBANKING -- FBR1497A-001 : 006~006 IN | 
 |  | com.example.Transaction@7dbe2ebf | 250.0 | 01/09/2020 | false |  | PAYNOW -- PAYNOW -- FBJ6122R-002 : 009~009 IN | 
 |  | com.example.Transaction@4adc663e | -42.1 | 02/09/2020 | false |  | AS:OCBC -- AS:OCBC -- FBC2384P OWNER TO ATAN & | 
 | NETS -- NETS | com.example.Transaction@885e7ff | 172.2 | 02/09/2020 | false |  | NETS -- NETS -- FBH7669J : JO202009-0001 | 
 | NETS -- NETS | com.example.Transaction@8bd86c8 | 50.0 | 02/09/2020 | false |  | NETS -- NETS -- FBQ0586M : JO201908-0019 | 
 | NETS -- NETS | com.example.Transaction@4fa9ab6 | 236.5 | 02/09/2020 | false |  | NETS -- NETS -- FBF2978K : JO202008-0001 | 
 |  | com.example.Transaction@2d3ef181 | 3237.0 | 02/09/2020 | false |  | GIRO -- GIRO -- FBA4771C COE REBATE | 
 | NETS -- NETS | com.example.Transaction@a2341c6 | 143.38 | 02/09/2020 | false |  | NETS -- NETS -- FBK4188J : JO202009-0002 | 
 |  | com.example.Transaction@6e4c0d8c | 10.7 | 05/09/2020 | false |  | PAYNOW -- PAYNOW -- FBL0193P : JO201611-0027 | 
 |  | com.example.Transaction@3e3315d9 | 263.0 | 05/09/2020 | false |  | PAYNOW -- PAYNOW -- FBL0193P-001 : 052~052 IN | 
 |  | com.example.Transaction@64db4967 | -6468.23 | 07/09/2020 | false |  | P201001:OCBC -- P201001:OCBC -- JULY 2020 | 
 |  | com.example.Transaction@74e6094b | 702.4 | 10/09/2020 | false |  | IBANKING -- IBANKING -- FBP1371P-001 : 020~022 IN | 
 |  | com.example.Transaction@7a485a36 | -3970.17 | 14/09/2020 | false |  | P201007:OCBC -- P201007:OCBC -- AUGUST 2020 | 
 |  | com.example.Transaction@5cf3157b | -2916.69 | 23/09/2020 | false |  | 186302:OCBC -- 186302:OCBC -- FBM3142L FBG5928E FW7324C | 
 |  | com.example.Transaction@625dfff3 | -30.0 | 25/09/2020 | false |  | GIRO:OCBC -- GIRO:OCBC -- FBJ6039Z EXTN OF TEMP TT | 
 |  | com.example.Transaction@26350ea2 | -109.28 | 25/09/2020 | false |  | GIRO:OCBC -- GIRO:OCBC -- SEP 2020 UTILITIES | 
 |  | com.example.Transaction@1e9469b8 | -25.0 | 28/09/2020 | false |  | AS:OCBC -- AS:OCBC -- FBE9214R OWNER TO ATAN | 
 |  | com.example.Transaction@5a08efdc | -25.0 | 28/09/2020 | false |  | AS:OCBC -- AS:OCBC -- FBB7712Z OWNER TO ATAN | 
 |  | com.example.Transaction@57272109 | -25.0 | 28/09/2020 | false |  | AS:OCBC -- AS:OCBC -- FBR7428K ATAN TO OWNER | 
 |  | com.example.Transaction@59696551 | -25.0 | 29/09/2020 | false |  | AS:OCBC -- AS:OCBC -- FBQ203T ATAN TO OWNER | 
 |  | com.example.Transaction@648d0e6d | 240.0 | 29/09/2020 | false |  | IBANKING -- IBANKING -- FY9021C-002 : 030~030 INS | 
 |  | com.example.Transaction@79e66b2f | 27.0 | 29/09/2020 | false |  | GIRO -- GIRO -- FBA291Y R/T REFUND | 
 |  | com.example.Transaction@17273273 | 100.0 | 29/09/2020 | false |  | IBANKING -- IBANKING -- FBL0679E-002 : 026~000 IN | 
 |  | com.example.Transaction@5f69e2b | -64.0 | 30/09/2020 | false |  | JK:OCBC -- JK:OCBC -- FBK5363M R/T 1 YR | 
 |  | com.example.Transaction@984169e | -2931.98 | 30/09/2020 | false |  | 186304:OCBC -- 186304:OCBC -- FBK5878U FBF6924P FBG650 | 
 |  | com.example.Transaction@43f1bb92 | -800.0 | 30/09/2020 | false |  | 186164:OCBC -- 186164:OCBC -- FBK5878U COMMISSION | 
 |  | com.example.Transaction@6d6bbd35 | -4.5 | 30/09/2020 | false |  | GIRO:OCBC -- GIRO:OCBC -- SEP 2020 BANK CHARGES | 
 |  | com.example.Transaction@5c5d6175 | -479.26 | 30/09/2020 | false |  | GIRO:OCBC -- GIRO:OCBC -- SEP 2020 TEL CHARGES | 
 | NETS -- NETS | com.example.Transaction@7544ac86 | 23.55 | 30/09/2020 | false |  | NETS -- NETS -- FBA7731Z : JO202007-0028 | 
 | NETS -- NETS | com.example.Transaction@3b27b497 | 16.0 | 30/09/2020 | false |  | NETS -- NETS -- FBQ0203T : JO201907-0028 | 
 | NETS -- NETS | com.example.Transaction@b1534d3 | 30.0 | 30/09/2020 | false |  | NETS -- NETS -- FBM9426D : JO202006-0007 | 
 | NETS -- NETS | com.example.Transaction@3c74aa0d | 24.6 | 30/09/2020 | false |  | NETS -- NETS -- FBH0172X : JO201504-0038 | 
 | NETS -- NETS | com.example.Transaction@6c841199 | 62.1 | 30/09/2020 | false |  | NETS -- NETS -- FBH2745E : JO201801-0020 | 
 | NETS -- NETS | com.example.Transaction@6a818392 | 345.7 | 30/09/2020 | false |  | NETS -- NETS -- FBH1782D : JO202006-0013 | 
 |  | com.example.Transaction@489091bd | 178.0 | 30/09/2020 | false |  | GIRO -- GIRO -- FBG291Y COE REBATE | 
 |  | com.example.Transaction@512d6e60 | 250.0 | 30/09/2020 | false |  | PAYNOW -- PAYNOW -- FBJ6122R-002 : 010~010 IN | 
 |  | com.example.Transaction@1de9b505 | 286.0 | 30/09/2020 | false |  | PAYNOW -- PAYNOW -- FBP2680R-001 : 019~019 IN | 
&amp#27;[0m
]]></system-out>
  </testcase>
  <testcase name="expect_reconciliation_is_for_two_set_of_records" classname="com.example.tests.TestReconciliationTool" time="0.018"/>
  <testcase name="expect_able_to_pass_in_bankrecords_and_companyrecords" classname="com.example.tests.TestReconciliationTool" time="0.001"/>
</testsuite>