<?xml version="1.0" encoding="UTF-8"?>
<testsuite xmlns:xsi="http://www.w3.org/2001/XMLSchema-instance" xsi:noNamespaceSchemaLocation="https://maven.apache.org/surefire/maven-surefire-plugin/xsd/surefire-test-report-3.0.xsd" version="3.0" name="com.example.tests.TestReconciliationTool" time="1.42" tests="14" errors="0" skipped="0" failures="0">
  <properties>
    <property name="java.specification.version" value="15"/>
    <property name="sun.jnu.encoding" value="UTF-8"/>
    <property name="java.class.path" value="/Users/serenagoh/IdeaProjects/tangogo/target/test-classes:/Users/serenagoh/IdeaProjects/tangogo/target/classes:/Users/serenagoh/.m2/repository/com/opencsv/opencsv/5.3/opencsv-5.3.jar:/Users/serenagoh/.m2/repository/org/apache/commons/commons-lang3/3.11/commons-lang3-3.11.jar:/Users/serenagoh/.m2/repository/org/apache/commons/commons-text/1.9/commons-text-1.9.jar:/Users/serenagoh/.m2/repository/commons-beanutils/commons-beanutils/1.9.4/commons-beanutils-1.9.4.jar:/Users/serenagoh/.m2/repository/commons-logging/commons-logging/1.2/commons-logging-1.2.jar:/Users/serenagoh/.m2/repository/commons-collections/commons-collections/3.2.2/commons-collections-3.2.2.jar:/Users/serenagoh/.m2/repository/org/apache/commons/commons-collections4/4.4/commons-collections4-4.4.jar:/Users/serenagoh/.m2/repository/net/sourceforge/jexcelapi/jxl/2.6.12/jxl-2.6.12.jar:/Users/serenagoh/.m2/repository/log4j/log4j/1.2.14/log4j-1.2.14.jar:/Users/serenagoh/.m2/repository/org/junit/jupiter/junit-jupiter-engine/5.5.2/junit-jupiter-engine-5.5.2.jar:/Users/serenagoh/.m2/repository/org/apiguardian/apiguardian-api/1.1.0/apiguardian-api-1.1.0.jar:/Users/serenagoh/.m2/repository/org/junit/platform/junit-platform-engine/1.5.2/junit-platform-engine-1.5.2.jar:/Users/serenagoh/.m2/repository/org/opentest4j/opentest4j/1.2.0/opentest4j-1.2.0.jar:/Users/serenagoh/.m2/repository/org/junit/platform/junit-platform-commons/1.5.2/junit-platform-commons-1.5.2.jar:/Users/serenagoh/.m2/repository/org/junit/jupiter/junit-jupiter-api/5.5.2/junit-jupiter-api-5.5.2.jar:/Users/serenagoh/.m2/repository/io/cucumber/cucumber-core/6.8.1/cucumber-core-6.8.1.jar:/Users/serenagoh/.m2/repository/io/cucumber/cucumber-gherkin/6.8.1/cucumber-gherkin-6.8.1.jar:/Users/serenagoh/.m2/repository/io/cucumber/cucumber-gherkin-messages/6.8.1/cucumber-gherkin-messages-6.8.1.jar:/Users/serenagoh/.m2/repository/io/cucumber/messages/13.1.0/messages-13.1.0.jar:/Users/serenagoh/.m2/repository/io/cucumber/tag-expressions/3.0.0/tag-expressions-3.0.0.jar:/Users/serenagoh/.m2/repository/io/cucumber/cucumber-expressions/10.3.0/cucumber-expressions-10.3.0.jar:/Users/serenagoh/.m2/repository/io/cucumber/datatable/3.5.0/datatable-3.5.0.jar:/Users/serenagoh/.m2/repository/io/cucumber/cucumber-plugin/6.8.1/cucumber-plugin-6.8.1.jar:/Users/serenagoh/.m2/repository/io/cucumber/docstring/6.8.1/docstring-6.8.1.jar:/Users/serenagoh/.m2/repository/io/cucumber/html-formatter/9.0.0/html-formatter-9.0.0.jar:/Users/serenagoh/.m2/repository/io/cucumber/create-meta/2.0.2/create-meta-2.0.2.jar:/Users/serenagoh/.m2/repository/io/cucumber/cucumber-junit/3.0.2/cucumber-junit-3.0.2.jar:/Users/serenagoh/.m2/repository/junit/junit/4.12/junit-4.12.jar:/Users/serenagoh/.m2/repository/org/hamcrest/hamcrest-core/1.3/hamcrest-core-1.3.jar:/Users/serenagoh/.m2/repository/io/cucumber/cucumber-java/6.8.1/cucumber-java-6.8.1.jar:/Users/serenagoh/.m2/repository/info/cukes/cucumber-java/1.2.5/cucumber-java-1.2.5.jar:/Users/serenagoh/.m2/repository/info/cukes/cucumber-core/1.2.5/cucumber-core-1.2.5.jar:/Users/serenagoh/.m2/repository/info/cukes/cucumber-html/0.2.3/cucumber-html-0.2.3.jar:/Users/serenagoh/.m2/repository/info/cukes/cucumber-jvm-deps/1.0.5/cucumber-jvm-deps-1.0.5.jar:/Users/serenagoh/.m2/repository/info/cukes/gherkin/2.12.2/gherkin-2.12.2.jar:/Users/serenagoh/.m2/repository/info/cukes/cucumber-junit/1.2.5/cucumber-junit-1.2.5.jar:/Users/serenagoh/.m2/repository/net/masterthought/cucumber-reporting/4.0.0/cucumber-reporting-4.0.0.jar:/Users/serenagoh/.m2/repository/com/fasterxml/jackson/core/jackson-databind/2.9.6/jackson-databind-2.9.6.jar:/Users/serenagoh/.m2/repository/com/fasterxml/jackson/core/jackson-annotations/2.9.0/jackson-annotations-2.9.0.jar:/Users/serenagoh/.m2/repository/com/fasterxml/jackson/core/jackson-core/2.9.6/jackson-core-2.9.6.jar:/Users/serenagoh/.m2/repository/org/apache/velocity/velocity/1.7/velocity-1.7.jar:/Users/serenagoh/.m2/repository/commons-lang/commons-lang/2.4/commons-lang-2.4.jar:/Users/serenagoh/.m2/repository/velocity-tools/velocity-tools/1.4/velocity-tools-1.4.jar:/Users/serenagoh/.m2/repository/joda-time/joda-time/2.10/joda-time-2.10.jar:/Users/serenagoh/.m2/repository/commons-io/commons-io/2.6/commons-io-2.6.jar:/Users/serenagoh/.m2/repository/net/lingala/zip4j/zip4j/1.3.2/zip4j-1.3.2.jar:/Users/serenagoh/.m2/repository/org/codehaus/plexus/plexus-utils/3.1.0/plexus-utils-3.1.0.jar:/Users/serenagoh/.m2/repository/org/jsoup/jsoup/1.11.3/jsoup-1.11.3.jar:/Users/serenagoh/.m2/repository/com/googlecode/owasp-java-html-sanitizer/owasp-java-html-sanitizer/20180219.1/owasp-java-html-sanitizer-20180219.1.jar:/Users/serenagoh/.m2/repository/com/google/guava/guava/19.0/guava-19.0.jar:/Users/serenagoh/.m2/repository/commons-configuration/commons-configuration/1.10/commons-configuration-1.10.jar:"/>
    <property name="java.vm.vendor" value="Oracle Corporation"/>
    <property name="sun.arch.data.model" value="64"/>
    <property name="java.vendor.url" value="https://openjdk.java.net/"/>
    <property name="user.timezone" value="Asia/Singapore"/>
    <property name="os.name" value="Mac OS X"/>
    <property name="java.vm.specification.version" value="15"/>
    <property name="sun.java.launcher" value="SUN_STANDARD"/>
    <property name="user.country" value="SG"/>
    <property name="sun.boot.library.path" value="/usr/local/Cellar/openjdk/15.0.1/libexec/openjdk.jdk/Contents/Home/lib"/>
    <property name="sun.java.command" value="/Users/serenagoh/IdeaProjects/tangogo/target/surefire/surefirebooter9299008190184280720.jar /Users/serenagoh/IdeaProjects/tangogo/target/surefire 2021-02-01T16-20-04_211-jvmRun1 surefire11679823851528270404tmp surefire_03561179500531482862tmp"/>
    <property name="http.nonProxyHosts" value="local|*.local|169.254/16|*.169.254/16"/>
    <property name="jdk.debug" value="release"/>
    <property name="surefire.test.class.path" value="/Users/serenagoh/IdeaProjects/tangogo/target/test-classes:/Users/serenagoh/IdeaProjects/tangogo/target/classes:/Users/serenagoh/.m2/repository/com/opencsv/opencsv/5.3/opencsv-5.3.jar:/Users/serenagoh/.m2/repository/org/apache/commons/commons-lang3/3.11/commons-lang3-3.11.jar:/Users/serenagoh/.m2/repository/org/apache/commons/commons-text/1.9/commons-text-1.9.jar:/Users/serenagoh/.m2/repository/commons-beanutils/commons-beanutils/1.9.4/commons-beanutils-1.9.4.jar:/Users/serenagoh/.m2/repository/commons-logging/commons-logging/1.2/commons-logging-1.2.jar:/Users/serenagoh/.m2/repository/commons-collections/commons-collections/3.2.2/commons-collections-3.2.2.jar:/Users/serenagoh/.m2/repository/org/apache/commons/commons-collections4/4.4/commons-collections4-4.4.jar:/Users/serenagoh/.m2/repository/net/sourceforge/jexcelapi/jxl/2.6.12/jxl-2.6.12.jar:/Users/serenagoh/.m2/repository/log4j/log4j/1.2.14/log4j-1.2.14.jar:/Users/serenagoh/.m2/repository/org/junit/jupiter/junit-jupiter-engine/5.5.2/junit-jupiter-engine-5.5.2.jar:/Users/serenagoh/.m2/repository/org/apiguardian/apiguardian-api/1.1.0/apiguardian-api-1.1.0.jar:/Users/serenagoh/.m2/repository/org/junit/platform/junit-platform-engine/1.5.2/junit-platform-engine-1.5.2.jar:/Users/serenagoh/.m2/repository/org/opentest4j/opentest4j/1.2.0/opentest4j-1.2.0.jar:/Users/serenagoh/.m2/repository/org/junit/platform/junit-platform-commons/1.5.2/junit-platform-commons-1.5.2.jar:/Users/serenagoh/.m2/repository/org/junit/jupiter/junit-jupiter-api/5.5.2/junit-jupiter-api-5.5.2.jar:/Users/serenagoh/.m2/repository/io/cucumber/cucumber-core/6.8.1/cucumber-core-6.8.1.jar:/Users/serenagoh/.m2/repository/io/cucumber/cucumber-gherkin/6.8.1/cucumber-gherkin-6.8.1.jar:/Users/serenagoh/.m2/repository/io/cucumber/cucumber-gherkin-messages/6.8.1/cucumber-gherkin-messages-6.8.1.jar:/Users/serenagoh/.m2/repository/io/cucumber/messages/13.1.0/messages-13.1.0.jar:/Users/serenagoh/.m2/repository/io/cucumber/tag-expressions/3.0.0/tag-expressions-3.0.0.jar:/Users/serenagoh/.m2/repository/io/cucumber/cucumber-expressions/10.3.0/cucumber-expressions-10.3.0.jar:/Users/serenagoh/.m2/repository/io/cucumber/datatable/3.5.0/datatable-3.5.0.jar:/Users/serenagoh/.m2/repository/io/cucumber/cucumber-plugin/6.8.1/cucumber-plugin-6.8.1.jar:/Users/serenagoh/.m2/repository/io/cucumber/docstring/6.8.1/docstring-6.8.1.jar:/Users/serenagoh/.m2/repository/io/cucumber/html-formatter/9.0.0/html-formatter-9.0.0.jar:/Users/serenagoh/.m2/repository/io/cucumber/create-meta/2.0.2/create-meta-2.0.2.jar:/Users/serenagoh/.m2/repository/io/cucumber/cucumber-junit/3.0.2/cucumber-junit-3.0.2.jar:/Users/serenagoh/.m2/repository/junit/junit/4.12/junit-4.12.jar:/Users/serenagoh/.m2/repository/org/hamcrest/hamcrest-core/1.3/hamcrest-core-1.3.jar:/Users/serenagoh/.m2/repository/io/cucumber/cucumber-java/6.8.1/cucumber-java-6.8.1.jar:/Users/serenagoh/.m2/repository/info/cukes/cucumber-java/1.2.5/cucumber-java-1.2.5.jar:/Users/serenagoh/.m2/repository/info/cukes/cucumber-core/1.2.5/cucumber-core-1.2.5.jar:/Users/serenagoh/.m2/repository/info/cukes/cucumber-html/0.2.3/cucumber-html-0.2.3.jar:/Users/serenagoh/.m2/repository/info/cukes/cucumber-jvm-deps/1.0.5/cucumber-jvm-deps-1.0.5.jar:/Users/serenagoh/.m2/repository/info/cukes/gherkin/2.12.2/gherkin-2.12.2.jar:/Users/serenagoh/.m2/repository/info/cukes/cucumber-junit/1.2.5/cucumber-junit-1.2.5.jar:/Users/serenagoh/.m2/repository/net/masterthought/cucumber-reporting/4.0.0/cucumber-reporting-4.0.0.jar:/Users/serenagoh/.m2/repository/com/fasterxml/jackson/core/jackson-databind/2.9.6/jackson-databind-2.9.6.jar:/Users/serenagoh/.m2/repository/com/fasterxml/jackson/core/jackson-annotations/2.9.0/jackson-annotations-2.9.0.jar:/Users/serenagoh/.m2/repository/com/fasterxml/jackson/core/jackson-core/2.9.6/jackson-core-2.9.6.jar:/Users/serenagoh/.m2/repository/org/apache/velocity/velocity/1.7/velocity-1.7.jar:/Users/serenagoh/.m2/repository/commons-lang/commons-lang/2.4/commons-lang-2.4.jar:/Users/serenagoh/.m2/repository/velocity-tools/velocity-tools/1.4/velocity-tools-1.4.jar:/Users/serenagoh/.m2/repository/joda-time/joda-time/2.10/joda-time-2.10.jar:/Users/serenagoh/.m2/repository/commons-io/commons-io/2.6/commons-io-2.6.jar:/Users/serenagoh/.m2/repository/net/lingala/zip4j/zip4j/1.3.2/zip4j-1.3.2.jar:/Users/serenagoh/.m2/repository/org/codehaus/plexus/plexus-utils/3.1.0/plexus-utils-3.1.0.jar:/Users/serenagoh/.m2/repository/org/jsoup/jsoup/1.11.3/jsoup-1.11.3.jar:/Users/serenagoh/.m2/repository/com/googlecode/owasp-java-html-sanitizer/owasp-java-html-sanitizer/20180219.1/owasp-java-html-sanitizer-20180219.1.jar:/Users/serenagoh/.m2/repository/com/google/guava/guava/19.0/guava-19.0.jar:/Users/serenagoh/.m2/repository/commons-configuration/commons-configuration/1.10/commons-configuration-1.10.jar:"/>
    <property name="sun.cpu.endian" value="little"/>
    <property name="user.home" value="/Users/serenagoh"/>
    <property name="user.language" value="en"/>
    <property name="java.specification.vendor" value="Oracle Corporation"/>
    <property name="java.version.date" value="2020-10-20"/>
    <property name="java.home" value="/usr/local/Cellar/openjdk/15.0.1/libexec/openjdk.jdk/Contents/Home"/>
    <property name="file.separator" value="/"/>
    <property name="basedir" value="/Users/serenagoh/IdeaProjects/tangogo"/>
    <property name="java.vm.compressedOopsMode" value="Zero based"/>
    <property name="line.separator" value="&#10;"/>
    <property name="java.specification.name" value="Java Platform API Specification"/>
    <property name="java.vm.specification.vendor" value="Oracle Corporation"/>
    <property name="surefire.real.class.path" value="/Users/serenagoh/IdeaProjects/tangogo/target/surefire/surefirebooter9299008190184280720.jar"/>
    <property name="sun.management.compiler" value="HotSpot 64-Bit Tiered Compilers"/>
    <property name="ftp.nonProxyHosts" value="local|*.local|169.254/16|*.169.254/16"/>
    <property name="java.runtime.version" value="15.0.1+9"/>
    <property name="user.name" value="serenagoh"/>
    <property name="path.separator" value=":"/>
    <property name="os.version" value="10.15.7"/>
    <property name="java.runtime.name" value="OpenJDK Runtime Environment"/>
    <property name="file.encoding" value="US-ASCII"/>
    <property name="java.vm.name" value="OpenJDK 64-Bit Server VM"/>
    <property name="localRepository" value="/Users/serenagoh/.m2/repository"/>
    <property name="java.vendor.url.bug" value="https://bugreport.java.com/bugreport/"/>
    <property name="java.io.tmpdir" value="/var/folders/xd/_4xd3x6s3rx6kyznfkkg9j1m0000gn/T/"/>
    <property name="java.version" value="15.0.1"/>
    <property name="user.dir" value="/Users/serenagoh/IdeaProjects/tangogo"/>
    <property name="os.arch" value="x86_64"/>
    <property name="java.vm.specification.name" value="Java Virtual Machine Specification"/>
    <property name="java.library.path" value="/Users/serenagoh/Library/Java/Extensions:/Library/Java/Extensions:/Network/Library/Java/Extensions:/System/Library/Java/Extensions:/usr/lib/java:."/>
    <property name="java.vm.info" value="mixed mode, sharing"/>
    <property name="java.vendor" value="N/A"/>
    <property name="java.vm.version" value="15.0.1+9"/>
    <property name="sun.io.unicode.encoding" value="UnicodeBig"/>
    <property name="socksNonProxyHosts" value="local|*.local|169.254/16|*.169.254/16"/>
    <property name="java.class.version" value="59.0"/>
  </properties>
  <testcase name="expect_NETS_bank_transaction_has_notesOurRef_as_a_date" classname="com.example.tests.TestReconciliationTool" time="0.036"/>
  <testcase name="expect_AfterReconRun_remove_GIRO_CHARGES_and_Sumup_forUser" classname="com.example.tests.TestReconciliationTool" time="0.063">
    <system-out><![CDATA[GIRO CHARGES TOTAL: -6.2
{21/12/2020=-0.4, 14/12/2020=-0.2, 07/12/2020=-0.2, 08/12/2020=-0.4, 28/12/2020=-3.8000000000000003, 31/12/2020=-0.2, 11/12/2020=-0.8, 29/12/2020=-0.2}
&amp#27;[36mRECONCILED GIRO CHARGES ||||||||| PRINTING RECORDS ||||||||| ::: Record Count: (15)
 | CHANNEL | Record Ref ID | Transaction Amount | Transaction Date | Reconciled? | Reconciled with Txn Ref ID | Transaction Description |
 | GIRO CHARGES | com.example.Transaction@3fffff43 | -0.2 | 07/12/2020 | true | Manual User Entry for GIRO CHARGES on 07/12/2020 | P201202 | GIRO CHARGES |  | GIRO CHARGES | 
 | GIRO CHARGES | com.example.Transaction@41813449 | -0.2 | 08/12/2020 | true | Manual User Entry for GIRO CHARGES on 08/12/2020 | P201205 | GIRO CHARGES |  | GIRO CHARGES | 
 | GIRO CHARGES | com.example.Transaction@4678a2eb | -0.2 | 08/12/2020 | true | Manual User Entry for GIRO CHARGES on 08/12/2020 | P201206 | GIRO CHARGES |  | GIRO CHARGES | 
 | GIRO CHARGES | com.example.Transaction@1e63ec0b | -0.2 | 11/12/2020 | true | Manual User Entry for GIRO CHARGES on 11/12/2020 | P201205 (2/2) | GIRO CHARGES |  | GIRO CHARGES | 
 | GIRO CHARGES | com.example.Transaction@3b956878 | -0.2 | 11/12/2020 | true | Manual User Entry for GIRO CHARGES on 11/12/2020 | P201210 | GIRO CHARGES |  | GIRO CHARGES | 
 | GIRO CHARGES | com.example.Transaction@36546a22 | -0.2 | 11/12/2020 | true | Manual User Entry for GIRO CHARGES on 11/12/2020 | P201211 | GIRO CHARGES |  | GIRO CHARGES | 
 | GIRO CHARGES | com.example.Transaction@285c08c8 | -0.2 | 11/12/2020 | true | Manual User Entry for GIRO CHARGES on 11/12/2020 | P201212 | GIRO CHARGES |  | GIRO CHARGES | 
 | GIRO CHARGES | com.example.Transaction@485a3466 | -0.2 | 14/12/2020 | true | Manual User Entry for GIRO CHARGES on 14/12/2020 | P201203 | GIRO CHARGES |  | GIRO CHARGES | 
 | GIRO CHARGES | com.example.Transaction@21baa903 | -0.2 | 21/12/2020 | true | Manual User Entry for GIRO CHARGES on 21/12/2020 | P201204 | GIRO CHARGES |  | GIRO CHARGES | 
 | GIRO CHARGES | com.example.Transaction@3f1c5af9 | -0.2 | 21/12/2020 | true | Manual User Entry for GIRO CHARGES on 21/12/2020 | P201215 | GIRO CHARGES |  | GIRO CHARGES | 
 | GIRO CHARGES | com.example.Transaction@1c55f277 | -1.8 | 28/12/2020 | true | Manual User Entry for GIRO CHARGES on 28/12/2020 | P201216 | GIRO CHARGES |  | GIRO CHARGES | 
 | GIRO CHARGES | com.example.Transaction@132ddbab | -1.8 | 28/12/2020 | true | Manual User Entry for GIRO CHARGES on 28/12/2020 | B2020 | GIRO CHARGES |  | GIRO CHARGES | 
 | GIRO CHARGES | com.example.Transaction@297ea53a | -0.2 | 28/12/2020 | true | Manual User Entry for GIRO CHARGES on 28/12/2020 | P201218 | GIRO CHARGES |  | GIRO CHARGES | 
 | GIRO CHARGES | com.example.Transaction@68759011 | -0.2 | 29/12/2020 | true | Manual User Entry for GIRO CHARGES on 29/12/2020 | P201219 | GIRO CHARGES |  | GIRO CHARGES | 
 | GIRO CHARGES | com.example.Transaction@acb0951 | -0.2 | 31/12/2020 | true | Manual User Entry for GIRO CHARGES on 31/12/2020 | P201221 | GIRO CHARGES |  | GIRO CHARGES | 
&amp#27;[0m
]]></system-out>
  </testcase>
  <testcase name="expect_to_reconcile_cheque_transaction_by_cheque_no" classname="com.example.tests.TestReconciliationTool" time="0.207"/>
  <testcase name="expect_reconciled_paymentTransfer_records_sender_matches_the_same" classname="com.example.tests.TestReconciliationTool" time="0.157"/>
  <testcase name="expect_AfterReconRun_suggests_remaining_pending_may_match_amount" classname="com.example.tests.TestReconciliationTool" time="0.262">
    <system-out><![CDATA[com.example.Transaction@3bae64d0|CHAI YUEN KENG | IBANKING -- IBANKING -- FBR1446Y-001 : 009~009 IN
&amp#27;[36mReconciled May-matches ||||||||| PRINTING RECORDS ||||||||| :::
 | Record Ref ID | Transaction Amount | Transaction Date | Reconciled? | Reconciled with Txn Ref ID | Transaction Description | CHEQUE NO | CHANNEL |
 | com.example.Transaction@57aa341b | 250.0 | 01/12/2020 | true | com.example.Transaction@3bae64d0 | MOHAMMAD ZAMEER BIN | PAYMENT/TRANSFER OTHR S$ MOHAMMAD ZAMEER BIN via PayNow: FBJ6122R | OTHR S$ | PAYMENT/TRANSFER |  |  | MAY-MATCH | 
&amp#27;[0m
com.example.Transaction@8b91134|ABDUL RAHMAT BIN YUSOF | PAYNOW -- PAYNOW -- FBJ0832P-002 : 011~011 IN
&amp#27;[36mReconciled May-matches ||||||||| PRINTING RECORDS ||||||||| :::
 | Record Ref ID | Transaction Amount | Transaction Date | Reconciled? | Reconciled with Txn Ref ID | Transaction Description | CHEQUE NO | CHANNEL |
 | com.example.Transaction@4ae263bf | 131.0 | 01/12/2020 | true | com.example.Transaction@8b91134 | RIFQI NAZMI BIN ABD | PAYMENT/TRANSFER OTHR S$ RIFQI NAZMI BIN ABD via PayNow: FBJ832P | OTHR S$ | PAYMENT/TRANSFER |  |  | MAY-MATCH | 
&amp#27;[0m
com.example.Transaction@1fba386c|NURUL AISYAH (NOT RIDING) | PAYNOW -- PAYNOW -- FBC7693P-002 : 016~016 IN
&amp#27;[36mReconciled May-matches ||||||||| PRINTING RECORDS ||||||||| :::
 | Record Ref ID | Transaction Amount | Transaction Date | Reconciled? | Reconciled with Txn Ref ID | Transaction Description | CHEQUE NO | CHANNEL |
 | com.example.Transaction@769a58e5 | 156.0 | 01/12/2020 | true | com.example.Transaction@1fba386c | FATHUR RAHMAN BIN H | PAYMENT/TRANSFER OTHR S$ FATHUR RAHMAN BIN H via PayNow: FBC7693P | OTHR S$ | PAYMENT/TRANSFER |  |  | MAY-MATCH | 
&amp#27;[0m
com.example.Transaction@7e736350|MUHAMMAD NOOR IZUAN BIN MOHD FAIZ | PAYNOW -- PAYNOW -- FBN7299L-001 : 027~027 IN
&amp#27;[36mReconciled May-matches ||||||||| PRINTING RECORDS ||||||||| :::
 | Record Ref ID | Transaction Amount | Transaction Date | Reconciled? | Reconciled with Txn Ref ID | Transaction Description | CHEQUE NO | CHANNEL |
 | com.example.Transaction@6be25526 | 350.0 | 01/12/2020 | true | com.example.Transaction@7e736350 | MUHAMMAD I'ZZUN BIN | PAYMENT/TRANSFER OTHR S$ MUHAMMAD I'ZZUN BIN via PayNow: FBN7299L | OTHR S$ | PAYMENT/TRANSFER |  |  | MAY-MATCH | 
&amp#27;[0m
com.example.Transaction@36b310aa|TAN KIAN HER | PAYNOW -- PAYNOW -- FBG2847A DEPOSIT
&amp#27;[36mReconciled May-matches ||||||||| PRINTING RECORDS ||||||||| :::
 | Record Ref ID | Transaction Amount | Transaction Date | Reconciled? | Reconciled with Txn Ref ID | Transaction Description | CHEQUE NO | CHANNEL |
 | com.example.Transaction@511505e7 | 500.0 | 01/12/2020 | true | com.example.Transaction@36b310aa | 665417770001 | 3RD PTY TRANSFER ATM |  | 3RD PTY TRANSFER ATM |  |  | MAY-MATCH | 
&amp#27;[0m
com.example.Transaction@76c387f9|JURAIMI BIN SAMAT | PAYNOW -- PAYNOW -- FBN2190Z-001 : 017~017 IN
&amp#27;[36mReconciled May-matches ||||||||| PRINTING RECORDS ||||||||| :::
 | Record Ref ID | Transaction Amount | Transaction Date | Reconciled? | Reconciled with Txn Ref ID | Transaction Description | CHEQUE NO | CHANNEL |
 | com.example.Transaction@646811d6 | 171.0 | 01/12/2020 | true | com.example.Transaction@76c387f9 | MUHAMMAD HAIRULNIZA | PAYMENT/TRANSFER OTHR S$ MUHAMMAD HAIRULNIZA via PayNow: fbn2190z. S7145947J | OTHR S$ | PAYMENT/TRANSFER |  |  | MAY-MATCH | 
&amp#27;[0m
com.example.Transaction@3874b815|RAJA AFIQAH QISTINA BINTE RAJA MOHAMAD ARIS | PAYNOW -- PAYNOW -- FBL4181Y-003 : 019~019 IN
&amp#27;[36mReconciled May-matches ||||||||| PRINTING RECORDS ||||||||| :::
 | Record Ref ID | Transaction Amount | Transaction Date | Reconciled? | Reconciled with Txn Ref ID | Transaction Description | CHEQUE NO | CHANNEL |
 | com.example.Transaction@4ba89729 | 219.0 | 01/12/2020 | true | com.example.Transaction@3874b815 | ALIZAH BINTE ABDULL | PAYMENT/TRANSFER OTHR S$ ALIZAH BINTE ABDULL via PayNow: FBL4181Y | OTHR S$ | PAYMENT/TRANSFER |  |  | MAY-MATCH | 
&amp#27;[0m
com.example.Transaction@5d7835a8|JAMALUDIN BIN AHMAD | PAYNOW -- PAYNOW -- FBM7755S-001 : 031~031 IN
&amp#27;[36mReconciled May-matches ||||||||| PRINTING RECORDS ||||||||| :::
 | Record Ref ID | Transaction Amount | Transaction Date | Reconciled? | Reconciled with Txn Ref ID | Transaction Description | CHEQUE NO | CHANNEL |
 | com.example.Transaction@178270b2 | 300.0 | 01/12/2020 | true | com.example.Transaction@5d7835a8 | NORETA BINTE MD RAU | PAYMENT/TRANSFER OTHR S$ NORETA BINTE MD RAU via PayNow: Instalment for FBM7755 | OTHR S$ | PAYMENT/TRANSFER |  |  | MAY-MATCH | 
&amp#27;[0m
com.example.Transaction@736048ed|MOHAMAD AZREE BIN MOHTAR | IBANKING -- IBANKING -- FBG1645Y-001 : 056~056 IN
&amp#27;[36mReconciled May-matches ||||||||| PRINTING RECORDS ||||||||| :::
 | Record Ref ID | Transaction Amount | Transaction Date | Reconciled? | Reconciled with Txn Ref ID | Transaction Description | CHEQUE NO | CHANNEL |
 | com.example.Transaction@795fd838 | 388.0 | 01/12/2020 | true | com.example.Transaction@736048ed | MUHAMMAD ZUHAIR JOH | PAYMENT/TRANSFER OTHR MUHAMMAD ZUHAIR JOH Transfer | OTHR | PAYMENT/TRANSFER |  |  | MAY-MATCH | 
&amp#27;[0m
com.example.Transaction@1976f537|HO CHI WING | IBANKING -- IBANKING -- FBG0332G-001 : 043~043 IN
&amp#27;[36mReconciled May-matches ||||||||| PRINTING RECORDS ||||||||| :::
 | Record Ref ID | Transaction Amount | Transaction Date | Reconciled? | Reconciled with Txn Ref ID | Transaction Description | CHEQUE NO | CHANNEL |
 | com.example.Transaction@1704f67f | 438.0 | 02/12/2020 | true | com.example.Transaction@1976f537 | HO CHI WING | PAYMENT/TRANSFER OTHR HO CHI WING FBG0332G | OTHR | PAYMENT/TRANSFER |  |  | MAY-MATCH | 
&amp#27;[0m
com.example.Transaction@45f421c|LAM WEI XYNG | PAYNOW -- PAYNOW -- FBP0561P-001 : 022~022 IN
&amp#27;[36mReconciled May-matches ||||||||| PRINTING RECORDS ||||||||| :::
 | Record Ref ID | Transaction Amount | Transaction Date | Reconciled? | Reconciled with Txn Ref ID | Transaction Description | CHEQUE NO | CHANNEL |
 | com.example.Transaction@e4d2696 | 372.0 | 02/12/2020 | true | com.example.Transaction@45f421c | GOH SIAU THIAN | PAYMENT/TRANSFER OTHR S$ GOH SIAU THIAN via PayNow: UEN198903552W FBP561P | OTHR S$ | PAYMENT/TRANSFER |  |  | MAY-MATCH | 
&amp#27;[0m
com.example.Transaction@1816e24a|NADZRAH BTE AHMAD FITTRI (NOT RIDING) | IBANKING -- IBANKING -- FBN3736T-001 : 026~026 IN
&amp#27;[36mReconciled May-matches ||||||||| PRINTING RECORDS ||||||||| :::
 | Record Ref ID | Transaction Amount | Transaction Date | Reconciled? | Reconciled with Txn Ref ID | Transaction Description | CHEQUE NO | CHANNEL |
 | com.example.Transaction@15fb7a32 | 298.0 | 02/12/2020 | true | com.example.Transaction@1816e24a | NUR WANI BINTE MOHA | PAYMENT/TRANSFER OTHR NUR WANI BINTE MOHA Transfer FBN3736T | OTHR | PAYMENT/TRANSFER |  |  | MAY-MATCH | 
&amp#27;[0m
com.example.Transaction@6940f685|MOHAMAD ISHAK BIN DOLLAH | PAYNOW -- PAYNOW -- FBM1276Y-002 : 028~028 IN
&amp#27;[36mReconciled May-matches ||||||||| PRINTING RECORDS ||||||||| :::
 | Record Ref ID | Transaction Amount | Transaction Date | Reconciled? | Reconciled with Txn Ref ID | Transaction Description | CHEQUE NO | CHANNEL |
 | com.example.Transaction@99a78d7 | 187.0 | 02/12/2020 | true | com.example.Transaction@6940f685 | MOHD IZWAN BIN MOHD | PAYMENT/TRANSFER OTHR S$ MOHD IZWAN BIN MOHD via PayNow: FBM1276Y | OTHR S$ | PAYMENT/TRANSFER |  |  | MAY-MATCH | 
&amp#27;[0m
com.example.Transaction@47b179d7|MOHAMAD NATTA BIN ARSHART | PAYNOW -- PAYNOW -- FBG5928E-002 : 013~013 IN
&amp#27;[36mReconciled May-matches ||||||||| PRINTING RECORDS ||||||||| :::
 | Record Ref ID | Transaction Amount | Transaction Date | Reconciled? | Reconciled with Txn Ref ID | Transaction Description | CHEQUE NO | CHANNEL |
 | com.example.Transaction@3015db78 | 122.0 | 03/12/2020 | true | com.example.Transaction@47b179d7 | NUR RISHDA BINTE MO | PAYMENT/TRANSFER OTHR S$ NUR RISHDA BINTE MO via PayNow: FBG5928E | OTHR S$ | PAYMENT/TRANSFER |  |  | MAY-MATCH | 
&amp#27;[0m
com.example.Transaction@39008c9f|AXA INSURANCE SINGAPORE PTE LTD | GIRO -- GIRO -- REFUND FROM P201113 PAYME
&amp#27;[36mReconciled May-matches ||||||||| PRINTING RECORDS ||||||||| :::
 | Record Ref ID | Transaction Amount | Transaction Date | Reconciled? | Reconciled with Txn Ref ID | Transaction Description | CHEQUE NO | CHANNEL |
 | com.example.Transaction@27c04377 | 53.5 | 03/12/2020 | true | com.example.Transaction@39008c9f | AXA INSURANCE PTE. | 33600WMKCSK IBG GIRO | OTHR | IBG GIRO |  |  | MAY-MATCH | 
&amp#27;[0m
com.example.Transaction@162b3d47|MUHAMMAD HANNAN BIN MOHNI | IBANKING -- IBANKING -- FBL0679E-002 : 028~000 IN
&amp#27;[36mReconciled May-matches ||||||||| PRINTING RECORDS ||||||||| :::
 | Record Ref ID | Transaction Amount | Transaction Date | Reconciled? | Reconciled with Txn Ref ID | Transaction Description | CHEQUE NO | CHANNEL |
 | com.example.Transaction@b967222 | 100.0 | 04/12/2020 | true | com.example.Transaction@162b3d47 | SABRINA BINTE SALIM | PAYMENT/TRANSFER OTHR SABRINA BINTE SALIM fbl679e | OTHR | PAYMENT/TRANSFER |  |  | MAY-MATCH | 
&amp#27;[0m
com.example.Transaction@783115d9|SINGAPURA FINANCE LTD | P2012SF1 -- P2012SF1 -- 20912, 21380, 21543, 2188
&amp#27;[36mReconciled May-matches ||||||||| PRINTING RECORDS ||||||||| :::
 | Record Ref ID | Transaction Amount | Transaction Date | Reconciled? | Reconciled with Txn Ref ID | Transaction Description | CHEQUE NO | CHANNEL |
 | com.example.Transaction@3b7b05a8 | -19777.53 | 05/12/2020 | true | com.example.Transaction@783115d9 | P2012SF1 | FUND TRANSFER Fund Transfer to account 501831564001 SGD 19 777.53@1 Atan Motoring 11th Dec Payment | CT0020257286 | FUND TRANSFER |  |  | MAY-MATCH | 
&amp#27;[0m
com.example.Transaction@3402b4c9|JELANI BIN CHIK | PAYNOW -- PAYNOW -- FBR8570A-001 : 001~001 IN
&amp#27;[36mReconciled May-matches ||||||||| PRINTING RECORDS ||||||||| :::
 | Record Ref ID | Transaction Amount | Transaction Date | Reconciled? | Reconciled with Txn Ref ID | Transaction Description | CHEQUE NO | CHANNEL |
 | com.example.Transaction@3d36dff4 | 300.0 | 05/12/2020 | true | com.example.Transaction@3402b4c9 | MARIANI BINTE ABDUL | PAYMENT/TRANSFER OTHR S$ MARIANI BINTE ABDUL via PayNow: FBR8570A | OTHR S$ | PAYMENT/TRANSFER |  |  | MAY-MATCH | 
&amp#27;[0m
com.example.Transaction@95bb2a2|MUHAMMAD HADI BIN HALI | IBANKING -- IBANKING -- FBL0193P-001 : 055~055 IN
&amp#27;[36mReconciled May-matches ||||||||| PRINTING RECORDS ||||||||| :::
 | Record Ref ID | Transaction Amount | Transaction Date | Reconciled? | Reconciled with Txn Ref ID | Transaction Description | CHEQUE NO | CHANNEL |
 | com.example.Transaction@5b94ccbc | 205.0 | 05/12/2020 | true | com.example.Transaction@95bb2a2 | MUHD HADI BIN HALI | PAYMENT/TRANSFER OTHR S$ MUHD HADI BIN HALI via PayNow: FBL193P instalment | OTHR S$ | PAYMENT/TRANSFER |  |  | MAY-MATCH | 
&amp#27;[0m
com.example.Transaction@46d567cb|HEE WHYE TECK | IBANKING -- IBANKING -- FBQ1143B-001 : 017~017 IN
&amp#27;[36mReconciled May-matches ||||||||| PRINTING RECORDS ||||||||| :::
 | Record Ref ID | Transaction Amount | Transaction Date | Reconciled? | Reconciled with Txn Ref ID | Transaction Description | CHEQUE NO | CHANNEL |
 | com.example.Transaction@38eb2fb0 | 500.0 | 05/12/2020 | true | com.example.Transaction@46d567cb | TAN KIAN HER (CHEN | PAYMENT/TRANSFER OTHR S$ TAN KIAN HER (CHEN via PayNow: Fbg2847a | OTHR S$ | PAYMENT/TRANSFER |  |  | MAY-MATCH | 
&amp#27;[0m
com.example.Transaction@363a3d15|FADIL BIN ABD RAHIM | IBANKING -- IBANKING -- FBK2060G-004 : 014~000 IN
&amp#27;[36mReconciled May-matches ||||||||| PRINTING RECORDS ||||||||| :::
 | Record Ref ID | Transaction Amount | Transaction Date | Reconciled? | Reconciled with Txn Ref ID | Transaction Description | CHEQUE NO | CHANNEL |
 | com.example.Transaction@3ac04654 | 110.0 | 07/12/2020 | true | com.example.Transaction@363a3d15 | FADIL BIN ABD RAHIM | PAYMENT/TRANSFER OTHR FADIL BIN ABD RAHIM Transfer | OTHR | PAYMENT/TRANSFER |  |  | MAY-MATCH | 
&amp#27;[0m
com.example.Transaction@173f73e7|HANNAN HUZAIFI BIN SUHAIMI | PAYNOW -- PAYNOW -- FBK7253J-002 : 026~026 IN
&amp#27;[36mReconciled May-matches ||||||||| PRINTING RECORDS ||||||||| :::
 | Record Ref ID | Transaction Amount | Transaction Date | Reconciled? | Reconciled with Txn Ref ID | Transaction Description | CHEQUE NO | CHANNEL |
 | com.example.Transaction@4074023c | 158.0 | 07/12/2020 | true | com.example.Transaction@173f73e7 | HANNAN HUZAIFI BIN | PAYMENT/TRANSFER OTHR S$ HANNAN HUZAIFI BIN via PayNow: Fbk7253j | OTHR S$ | PAYMENT/TRANSFER |  |  | MAY-MATCH | 
&amp#27;[0m
com.example.Transaction@43a51d00|KANG SWEE SOO | IBANKING -- IBANKING -- FBM3627E-001 : 005~005 IN
&amp#27;[36mReconciled May-matches ||||||||| PRINTING RECORDS ||||||||| :::
 | Record Ref ID | Transaction Amount | Transaction Date | Reconciled? | Reconciled with Txn Ref ID | Transaction Description | CHEQUE NO | CHANNEL |
 | com.example.Transaction@3ed0918d | 155.0 | 07/12/2020 | true | com.example.Transaction@43a51d00 | SEAH LI HOON | PAYMENT/TRANSFER OTHR SEAH LI HOON FBM3627 | OTHR | PAYMENT/TRANSFER |  |  | MAY-MATCH | 
&amp#27;[0m
com.example.Transaction@2e23c180|KOK FOOK LOY | IBANKING -- IBANKING -- FBN0750X-001 : 029~029 IN
&amp#27;[36mReconciled May-matches ||||||||| PRINTING RECORDS ||||||||| :::
 | Record Ref ID | Transaction Amount | Transaction Date | Reconciled? | Reconciled with Txn Ref ID | Transaction Description | CHEQUE NO | CHANNEL |
 | com.example.Transaction@66ec9390 | 255.0 | 07/12/2020 | true | com.example.Transaction@2e23c180 |  | CASH DEPOSIT     CDM |  | CASH DEPOSIT     CDM |  |  | MAY-MATCH | 
&amp#27;[0m
com.example.Transaction@499683c4|MOHAMMAD ROSLAN BIN MARWAN | IBANKING -- IBANKING -- FBR5030L-001 : 005~005 IN
&amp#27;[36mReconciled May-matches ||||||||| PRINTING RECORDS ||||||||| :::
 | Record Ref ID | Transaction Amount | Transaction Date | Reconciled? | Reconciled with Txn Ref ID | Transaction Description | CHEQUE NO | CHANNEL |
 | com.example.Transaction@7cf162bc | 330.0 | 07/12/2020 | true | com.example.Transaction@499683c4 | MOHD ROSLAN B MARWA | PAYMENT/TRANSFER OTHR MOHD ROSLAN B MARWA Transfer | OTHR | PAYMENT/TRANSFER |  |  | MAY-MATCH | 
&amp#27;[0m
com.example.Transaction@25da615a|AFRIZAL ABDULLAH | IBANKING -- IBANKING -- FBP1309X-001 : 022~022 IN
&amp#27;[36mReconciled May-matches ||||||||| PRINTING RECORDS ||||||||| :::
 | Record Ref ID | Transaction Amount | Transaction Date | Reconciled? | Reconciled with Txn Ref ID | Transaction Description | CHEQUE NO | CHANNEL |
 | com.example.Transaction@7207cb51 | 203.0 | 08/12/2020 | true | com.example.Transaction@25da615a | FARHANI SHEREEN BTE | PAYMENT/TRANSFER OTHR FARHANI SHEREEN BTE FBP1309X | OTHR | PAYMENT/TRANSFER |  |  | MAY-MATCH | 
&amp#27;[0m
com.example.Transaction@4efc25fc|RIDUAN BIN RAHMAT | PAYNOW -- PAYNOW -- FT2792H-001 : 013~013 INS
&amp#27;[36mReconciled May-matches ||||||||| PRINTING RECORDS ||||||||| :::
 | Record Ref ID | Transaction Amount | Transaction Date | Reconciled? | Reconciled with Txn Ref ID | Transaction Description | CHEQUE NO | CHANNEL |
 | com.example.Transaction@6fd1660 | 209.0 | 08/12/2020 | true | com.example.Transaction@4efc25fc | NOOR HAFIZAH BTE MO | PAYMENT/TRANSFER OTHR S$ NOOR HAFIZAH BTE MO via PayNow: FT2792H | OTHR S$ | PAYMENT/TRANSFER |  |  | MAY-MATCH | 
&amp#27;[0m
com.example.Transaction@7ee3d262|MUHAMMAD RASHID BIN MOHD NOOR | IBANKING -- IBANKING -- FBE5630Z-001 : 015~000 IN
&amp#27;[36mReconciled May-matches ||||||||| PRINTING RECORDS ||||||||| :::
 | Record Ref ID | Transaction Amount | Transaction Date | Reconciled? | Reconciled with Txn Ref ID | Transaction Description | CHEQUE NO | CHANNEL |
 | com.example.Transaction@4a6c18ad | 2000.0 | 08/12/2020 | true | com.example.Transaction@7ee3d262 | NURUL FARADILAH BTE | PAYMENT/TRANSFER OTHR NURUL FARADILAH BTE MOTORBIKE FBE5630Z | OTHR | PAYMENT/TRANSFER |  |  | MAY-MATCH | 
&amp#27;[0m
com.example.Transaction@396e6d9|MUHAMMAD HADI BIN HALI | PAYNOW -- PAYNOW -- FBL0193P : JO201611-0027
&amp#27;[36mReconciled May-matches ||||||||| PRINTING RECORDS ||||||||| :::
 | Record Ref ID | Transaction Amount | Transaction Date | Reconciled? | Reconciled with Txn Ref ID | Transaction Description | CHEQUE NO | CHANNEL |
 | com.example.Transaction@64aad6db | 19.3 | 08/12/2020 | true | com.example.Transaction@396e6d9 | MUHD HADI BIN HALI | PAYMENT/TRANSFER OTHR S$ MUHD HADI BIN HALI via PayNow: FBL193P | OTHR S$ | PAYMENT/TRANSFER |  |  | MAY-MATCH | 
&amp#27;[0m
com.example.Transaction@75308740|MUHAMMAD RAZMI BIN HUSSIN | IBANKING -- IBANKING -- FBK6296S-002 : 032~032 IN
&amp#27;[36mReconciled May-matches ||||||||| PRINTING RECORDS ||||||||| :::
 | Record Ref ID | Transaction Amount | Transaction Date | Reconciled? | Reconciled with Txn Ref ID | Transaction Description | CHEQUE NO | CHANNEL |
 | com.example.Transaction@60d1b21f | 272.0 | 09/12/2020 | true | com.example.Transaction@75308740 | MUHAMMAD RAZMI BIN | PAYMENT/TRANSFER OTHR MUHAMMAD RAZMI BIN FBK6296S | OTHR | PAYMENT/TRANSFER |  |  | MAY-MATCH | 
&amp#27;[0m
com.example.Transaction@5acc9fdf|ONG YU YING | IBANKING -- IBANKING -- FBN9331M-001 : IN202012-0
&amp#27;[36mReconciled May-matches ||||||||| PRINTING RECORDS ||||||||| :::
 | Record Ref ID | Transaction Amount | Transaction Date | Reconciled? | Reconciled with Txn Ref ID | Transaction Description | CHEQUE NO | CHANNEL |
 | com.example.Transaction@621f89b8 | 208.0 | 09/12/2020 | true | com.example.Transaction@5acc9fdf | ONG YU YING (WANG Y | PAYMENT/TRANSFER GOVI ONG YU YING (WANG Y for fbn9331m | GOVI | PAYMENT/TRANSFER |  |  | MAY-MATCH | 
&amp#27;[0m
com.example.Transaction@3a5c2626|YEO CHEE KOK | PAYNOW -- PAYNOW -- FBL8613S-002 : 002~002 IN
&amp#27;[36mReconciled May-matches ||||||||| PRINTING RECORDS ||||||||| :::
 | Record Ref ID | Transaction Amount | Transaction Date | Reconciled? | Reconciled with Txn Ref ID | Transaction Description | CHEQUE NO | CHANNEL |
 | com.example.Transaction@f339eae | 275.0 | 09/12/2020 | true | com.example.Transaction@3a5c2626 | LAZARUS RAYMOND YON | PAYMENT/TRANSFER OTHR S$ LAZARUS RAYMOND YON via PayNow: Na | OTHR S$ | PAYMENT/TRANSFER |  |  | MAY-MATCH | 
&amp#27;[0m
com.example.Transaction@e48bf9a|KHAIRIL SHAZWAN BIN SURANI | PAYNOW -- PAYNOW -- FBP6263K-001 : 019~019 IN
&amp#27;[36mReconciled May-matches ||||||||| PRINTING RECORDS ||||||||| :::
 | Record Ref ID | Transaction Amount | Transaction Date | Reconciled? | Reconciled with Txn Ref ID | Transaction Description | CHEQUE NO | CHANNEL |
 | com.example.Transaction@5fb7183b | 226.0 | 10/12/2020 | true | com.example.Transaction@e48bf9a | KHAIRIL SHAZWAN B S | PAYMENT/TRANSFER OTHR S$ KHAIRIL SHAZWAN B S via PayNow: FBP6263K | OTHR S$ | PAYMENT/TRANSFER |  |  | MAY-MATCH | 
&amp#27;[0m
com.example.Transaction@7fb33394|MOHAMMAD KHAIRUL AZIZI BIN JUMARI | IBANKING -- IBANKING -- FBP6279R-001 : 018~018 IN
&amp#27;[36mReconciled May-matches ||||||||| PRINTING RECORDS ||||||||| :::
 | Record Ref ID | Transaction Amount | Transaction Date | Reconciled? | Reconciled with Txn Ref ID | Transaction Description | CHEQUE NO | CHANNEL |
 | com.example.Transaction@476a736d | 195.0 | 10/12/2020 | true | com.example.Transaction@7fb33394 | MOHAMMAD KHAIRUL AZ | PAYMENT/TRANSFER OTHR MOHAMMAD KHAIRUL AZ FBP6279R | OTHR | PAYMENT/TRANSFER |  |  | MAY-MATCH | 
&amp#27;[0m
com.example.Transaction@41bf79da|MOHAMED HARON BIN SALIM | IBANKING -- IBANKING -- FBG2736L-001 : 034~048 IN
&amp#27;[36mReconciled May-matches ||||||||| PRINTING RECORDS ||||||||| :::
 | Record Ref ID | Transaction Amount | Transaction Date | Reconciled? | Reconciled with Txn Ref ID | Transaction Description | CHEQUE NO | CHANNEL |
 | com.example.Transaction@65bcf7c2 | 2999.04 | 10/12/2020 | true | com.example.Transaction@41bf79da | MUHAMMAD NUR HAZWAN | PAYMENT/TRANSFER OTHR MUHAMMAD NUR HAZWAN FBG2736L remaining payment | OTHR | PAYMENT/TRANSFER |  |  | MAY-MATCH | 
&amp#27;[0m
com.example.Transaction@1a891add|NADIAH BINTE SAIRON | IBANKING -- IBANKING -- FBP9517J-001 : 017~017 IN
&amp#27;[36mReconciled May-matches ||||||||| PRINTING RECORDS ||||||||| :::
 | Record Ref ID | Transaction Amount | Transaction Date | Reconciled? | Reconciled with Txn Ref ID | Transaction Description | CHEQUE NO | CHANNEL |
 | com.example.Transaction@5a8ba37c | 193.0 | 10/12/2020 | true | com.example.Transaction@1a891add | FOREST CHILD CADRE | PAYMENT/TRANSFER SALA FOREST CHILD CADRE Nadiah bike installment | SALA | PAYMENT/TRANSFER |  |  | MAY-MATCH | 
&amp#27;[0m
com.example.Transaction@5176d279|HONG LEONG FINANCE | GIRO:OCBC -- GIRO:OCBC -- SJT1188L PREVIA [41/84]
&amp#27;[36mReconciled May-matches ||||||||| PRINTING RECORDS ||||||||| :::
 | Record Ref ID | Transaction Amount | Transaction Date | Reconciled? | Reconciled with Txn Ref ID | Transaction Description | CHEQUE NO | CHANNEL |
 | com.example.Transaction@9a2ec9b | -1350.0 | 10/12/2020 | true | com.example.Transaction@5176d279 | HONG LEONG FINANCE | HLF-006 DUE 20201210 IBG GIRO | IHRP 38316717005680 | IBG GIRO |  |  | MAY-MATCH | 
&amp#27;[0m
com.example.Transaction@373f7450|MUHAMMAD NUUR SHIDDIQ BIN ABDUL RAHMAN | IBANKING -- IBANKING -- FX0373B-005 : 037~037 INS
&amp#27;[36mReconciled May-matches ||||||||| PRINTING RECORDS ||||||||| :::
 | Record Ref ID | Transaction Amount | Transaction Date | Reconciled? | Reconciled with Txn Ref ID | Transaction Description | CHEQUE NO | CHANNEL |
 | com.example.Transaction@58112bc4 | 195.0 | 10/12/2020 | true | com.example.Transaction@373f7450 | SANATI BIN MOHAMED | PAYMENT/TRANSFER OTHR SANATI BIN MOHAMED FX 373B | OTHR | PAYMENT/TRANSFER |  |  | MAY-MATCH | 
&amp#27;[0m
com.example.Transaction@d74bac4|MUHAMMAD ROHAIZAD BIN MOHAMAD SULAIMAN | IBANKING -- IBANKING -- FBP1782L-001 : 022~022 IN
&amp#27;[36mReconciled May-matches ||||||||| PRINTING RECORDS ||||||||| :::
 | Record Ref ID | Transaction Amount | Transaction Date | Reconciled? | Reconciled with Txn Ref ID | Transaction Description | CHEQUE NO | CHANNEL |
 | com.example.Transaction@7ec25216 | 266.0 | 10/12/2020 | true | com.example.Transaction@d74bac4 | from FBD7182L MUHAM | OTHR - FBP1782L FUND TRANSFER |  | FUND TRANSFER |  |  | MAY-MATCH | 
&amp#27;[0m
com.example.Transaction@5ff90645|MOHAMMAD NAFEE BIN SUKIMAN | IBANKING -- IBANKING -- FBP0184U-001 : 023~023 IN
&amp#27;[36mReconciled May-matches ||||||||| PRINTING RECORDS ||||||||| :::
 | Record Ref ID | Transaction Amount | Transaction Date | Reconciled? | Reconciled with Txn Ref ID | Transaction Description | CHEQUE NO | CHANNEL |
 | com.example.Transaction@7cab1508 | 239.0 | 11/12/2020 | true | com.example.Transaction@5ff90645 | NURAISHAH BINTE HAS | PAYMENT/TRANSFER OTHR NURAISHAH BINTE HAS FBP0184U Md Nafee Sukiman | OTHR | PAYMENT/TRANSFER |  |  | MAY-MATCH | 
&amp#27;[0m
com.example.Transaction@387bf2d9|SHAKYNA BINTE RAMLEE | IBANKING -- IBANKING -- FBN2823G-001 : 027~027 IN
&amp#27;[36mReconciled May-matches ||||||||| PRINTING RECORDS ||||||||| :::
 | Record Ref ID | Transaction Amount | Transaction Date | Reconciled? | Reconciled with Txn Ref ID | Transaction Description | CHEQUE NO | CHANNEL |
 | com.example.Transaction@6a84bc3f | 311.0 | 11/12/2020 | true | com.example.Transaction@387bf2d9 | MUHAMMAD IDRUS BIN | PAYMENT/TRANSFER OTHR S$ MUHAMMAD IDRUS BIN via PayNow: FBL8595K RD TAX INSURA | OTHR S$ | PAYMENT/TRANSFER |  |  | MAY-MATCH | 
&amp#27;[0m
com.example.Transaction@74aa9c72|CHONG AIK INTERNATIONAL PTE LTD | P201213:OCBC -- P201213:OCBC -- AUG-NOV 2020
&amp#27;[36mReconciled May-matches ||||||||| PRINTING RECORDS ||||||||| :::
 | Record Ref ID | Transaction Amount | Transaction Date | Reconciled? | Reconciled with Txn Ref ID | Transaction Description | CHEQUE NO | CHANNEL |
 | com.example.Transaction@44cb460e | -18108.38 | 11/12/2020 | true | com.example.Transaction@74aa9c72 | P201213 | FUND TRANSFER Fund Transfer to account 507076347001 SGD 18 108.38@1 Atan Motoring Supply Aug-Nov 2020 | CT0020307463 | FUND TRANSFER |  |  | MAY-MATCH | 
&amp#27;[0m
com.example.Transaction@5c20aab9|SINGAPURA FINANCE LTD | IBANKING -- IBANKING -- BLK NO 24142
&amp#27;[36mReconciled May-matches ||||||||| PRINTING RECORDS ||||||||| :::
 | Record Ref ID | Transaction Amount | Transaction Date | Reconciled? | Reconciled with Txn Ref ID | Transaction Description | CHEQUE NO | CHANNEL |
 | com.example.Transaction@2e3cdec2 | 24484.71 | 11/12/2020 | true | com.example.Transaction@5c20aab9 | B01 24142 | TRANSFER Fund Transfer from SINGAPURA FINANCE LTD SGD 24 484.71 B01 24142 | CT0020315893 | TRANSFER |  |  | MAY-MATCH | 
&amp#27;[0m
com.example.Transaction@4b7c4456|MUHAMMAD HANNAN BIN MOHNI | IBANKING -- IBANKING -- FBL0679E-002 : 028~028 IN
&amp#27;[36mReconciled May-matches ||||||||| PRINTING RECORDS ||||||||| :::
 | Record Ref ID | Transaction Amount | Transaction Date | Reconciled? | Reconciled with Txn Ref ID | Transaction Description | CHEQUE NO | CHANNEL |
 | com.example.Transaction@2e34384c | 300.0 | 11/12/2020 | true | com.example.Transaction@4b7c4456 | SABRINA BINTE SALIM | PAYMENT/TRANSFER OTHR SABRINA BINTE SALIM fbl679e | OTHR | PAYMENT/TRANSFER |  |  | MAY-MATCH | 
&amp#27;[0m
com.example.Transaction@2c768ada|BHAUMIK SUDIP | PAYNOW -- PAYNOW -- FBR8564T-001 : 001~001 IN
&amp#27;[36mReconciled May-matches ||||||||| PRINTING RECORDS ||||||||| :::
 | Record Ref ID | Transaction Amount | Transaction Date | Reconciled? | Reconciled with Txn Ref ID | Transaction Description | CHEQUE NO | CHANNEL |
 | com.example.Transaction@3051e0b2 | 228.0 | 11/12/2020 | true | com.example.Transaction@2c768ada | PayLah| christina | PAYMENT/TRANSFER OTHR S$ PayLah| christina via PayNow: FBR8564T | OTHR S$ | PAYMENT/TRANSFER |  |  | MAY-MATCH | 
&amp#27;[0m
com.example.Transaction@c1fca2a|IRSYADUDDIN BIN JAMARUDDIN | IBANKING -- IBANKING -- FBP9788T-001 : 018~018 IN
&amp#27;[36mReconciled May-matches ||||||||| PRINTING RECORDS ||||||||| :::
 | Record Ref ID | Transaction Amount | Transaction Date | Reconciled? | Reconciled with Txn Ref ID | Transaction Description | CHEQUE NO | CHANNEL |
 | com.example.Transaction@59546cfe | 207.0 | 12/12/2020 | true | com.example.Transaction@c1fca2a | MUHAMMAD SHUKOR BIN | PAYMENT/TRANSFER OTHR MUHAMMAD SHUKOR BIN FBP9788T For month of Jan 2021 | OTHR | PAYMENT/TRANSFER |  |  | MAY-MATCH | 
&amp#27;[0m
com.example.Transaction@5533dc72|LIM SIONG INN | PAYNOW -- PAYNOW -- FBJ7848Z-001 : 016~016 IN
&amp#27;[36mReconciled May-matches ||||||||| PRINTING RECORDS ||||||||| :::
 | Record Ref ID | Transaction Amount | Transaction Date | Reconciled? | Reconciled with Txn Ref ID | Transaction Description | CHEQUE NO | CHANNEL |
 | com.example.Transaction@1e6dad8 | 214.0 | 12/12/2020 | true | com.example.Transaction@5533dc72 | LIM CHIN LOONG | PAYMENT/TRANSFER OTHR S$ LIM CHIN LOONG via PayNow: FBJ7848Z | OTHR S$ | PAYMENT/TRANSFER |  |  | MAY-MATCH | 
&amp#27;[0m
com.example.Transaction@7c447c76|LIM LYE CHYE MELVIN | PAYNOW -- PAYNOW -- FBP8110E-001 : 018~018 IN
&amp#27;[36mReconciled May-matches ||||||||| PRINTING RECORDS ||||||||| :::
 | Record Ref ID | Transaction Amount | Transaction Date | Reconciled? | Reconciled with Txn Ref ID | Transaction Description | CHEQUE NO | CHANNEL |
 | com.example.Transaction@377008df | 302.18 | 12/12/2020 | true | com.example.Transaction@7c447c76 | LIM FU JIANG | PAYMENT/TRANSFER OTHR S$ LIM FU JIANG via PayNow: FBP8110E | OTHR S$ | PAYMENT/TRANSFER |  |  | MAY-MATCH | 
&amp#27;[0m
com.example.Transaction@64fc097e|HO MENG LEONG | PAYNOW -- PAYNOW -- FBG9284C-003 : IN202012-0
&amp#27;[36mReconciled May-matches ||||||||| PRINTING RECORDS ||||||||| :::
 | Record Ref ID | Transaction Amount | Transaction Date | Reconciled? | Reconciled with Txn Ref ID | Transaction Description | CHEQUE NO | CHANNEL |
 | com.example.Transaction@22bb5646 | 66.0 | 12/12/2020 | true | com.example.Transaction@64fc097e | HO YI DAN | PAYMENT/TRANSFER OTHR S$ HO YI DAN via PayNow: 198903552W | OTHR S$ | PAYMENT/TRANSFER |  |  | MAY-MATCH | 
&amp#27;[0m
com.example.Transaction@1640c151|RAHIM BIN ALI | IBANKING -- IBANKING -- FBL8923Y-001 : 041~041 IN
&amp#27;[36mReconciled May-matches ||||||||| PRINTING RECORDS ||||||||| :::
 | Record Ref ID | Transaction Amount | Transaction Date | Reconciled? | Reconciled with Txn Ref ID | Transaction Description | CHEQUE NO | CHANNEL |
 | com.example.Transaction@5a67e962 | 300.0 | 12/12/2020 | true | com.example.Transaction@1640c151 | NOR HIDIAYATI BTE A | PAYMENT/TRANSFER OTHR NOR HIDIAYATI BTE A FBL8923Y | OTHR | PAYMENT/TRANSFER |  |  | MAY-MATCH | 
&amp#27;[0m
com.example.Transaction@5d5b5fa7|MUHAMMAD NUR HAKEEM BIN ADAM | PAYNOW -- PAYNOW -- FBQ7609K-001 : 012~012 IN
&amp#27;[36mReconciled May-matches ||||||||| PRINTING RECORDS ||||||||| :::
 | Record Ref ID | Transaction Amount | Transaction Date | Reconciled? | Reconciled with Txn Ref ID | Transaction Description | CHEQUE NO | CHANNEL |
 | com.example.Transaction@2ab2710 | 258.0 | 14/12/2020 | true | com.example.Transaction@5d5b5fa7 | MUHAMMAD NUR HAKEEM | PAYMENT/TRANSFER OTHR S$ MUHAMMAD NUR HAKEEM via PayNow: FBQ7609K Dec | OTHR S$ | PAYMENT/TRANSFER |  |  | MAY-MATCH | 
&amp#27;[0m
com.example.Transaction@2a32fb6|SHAREEQ A SERAJUDEEN | IBANKING -- IBANKING -- FBK5286C-002 : 022~022 IN
&amp#27;[36mReconciled May-matches ||||||||| PRINTING RECORDS ||||||||| :::
 | Record Ref ID | Transaction Amount | Transaction Date | Reconciled? | Reconciled with Txn Ref ID | Transaction Description | CHEQUE NO | CHANNEL |
 | com.example.Transaction@149f5761 | 246.0 | 14/12/2020 | true | com.example.Transaction@2a32fb6 | from FBK5286C SHARE | OTHR - Other FUND TRANSFER |  | FUND TRANSFER |  |  | MAY-MATCH | 
&amp#27;[0m
com.example.Transaction@6107165|AZMAN BIN YUSOF | PAYNOW -- PAYNOW -- FBQ0373K-001 : 015~015 IN
&amp#27;[36mReconciled May-matches ||||||||| PRINTING RECORDS ||||||||| :::
 | Record Ref ID | Transaction Amount | Transaction Date | Reconciled? | Reconciled with Txn Ref ID | Transaction Description | CHEQUE NO | CHANNEL |
 | com.example.Transaction@2ba33e2c | 363.0 | 14/12/2020 | true | com.example.Transaction@6107165 | AZMAN BIN YUSOF | PAYMENT/TRANSFER OTHR S$ AZMAN BIN YUSOF via PayNow: FBQ 373 K | OTHR S$ | PAYMENT/TRANSFER |  |  | MAY-MATCH | 
&amp#27;[0m
com.example.Transaction@164a62bf|RADIWATI BINTE MOHAMED SAID | IBANKING -- IBANKING -- FBR1534B-001 : 009~009 IN
&amp#27;[36mReconciled May-matches ||||||||| PRINTING RECORDS ||||||||| :::
 | Record Ref ID | Transaction Amount | Transaction Date | Reconciled? | Reconciled with Txn Ref ID | Transaction Description | CHEQUE NO | CHANNEL |
 | com.example.Transaction@1f193686 | 226.0 | 14/12/2020 | true | com.example.Transaction@164a62bf | RADIWATI BTE MOHAME | PAYMENT/TRANSFER OTHR RADIWATI BTE MOHAME FBR1534B | OTHR | PAYMENT/TRANSFER |  |  | MAY-MATCH | 
&amp#27;[0m
com.example.Transaction@11ebb1b6|VICKIE LEE HONG MUI | IBANKING -- IBANKING -- FBN5890S-001 : 025~025 IN
&amp#27;[36mReconciled May-matches ||||||||| PRINTING RECORDS ||||||||| :::
 | Record Ref ID | Transaction Amount | Transaction Date | Reconciled? | Reconciled with Txn Ref ID | Transaction Description | CHEQUE NO | CHANNEL |
 | com.example.Transaction@31e72cbc | 390.0 | 14/12/2020 | true | com.example.Transaction@11ebb1b6 |  | CASH DEPOSIT     CDM |  | CASH DEPOSIT     CDM |  |  | MAY-MATCH | 
&amp#27;[0m
com.example.Transaction@aaee2a2|ABDUL MAJID BIN MUSTAJAB | PAYNOW -- PAYNOW -- FBP1376B-001 : 022~022 IN
&amp#27;[36mReconciled May-matches ||||||||| PRINTING RECORDS ||||||||| :::
 | Record Ref ID | Transaction Amount | Transaction Date | Reconciled? | Reconciled with Txn Ref ID | Transaction Description | CHEQUE NO | CHANNEL |
 | com.example.Transaction@5fad41be | 267.0 | 14/12/2020 | true | com.example.Transaction@aaee2a2 | MUHAMMAD AFIQ BIN A | PAYMENT/TRANSFER OTHR S$ MUHAMMAD AFIQ BIN A via PayNow: FBP1376B | OTHR S$ | PAYMENT/TRANSFER |  |  | MAY-MATCH | 
&amp#27;[0m
com.example.Transaction@f3021cb|RAZALI BIN JOHARI | IBANKING -- IBANKING -- FBG0756S-003 : 008~008 IN
&amp#27;[36mReconciled May-matches ||||||||| PRINTING RECORDS ||||||||| :::
 | Record Ref ID | Transaction Amount | Transaction Date | Reconciled? | Reconciled with Txn Ref ID | Transaction Description | CHEQUE NO | CHANNEL |
 | com.example.Transaction@6dcd5639 | 185.0 | 14/12/2020 | true | com.example.Transaction@f3021cb | RAZALI BIN JOHARI | PAYMENT/TRANSFER OTHR RAZALI BIN JOHARI Transfer | OTHR | PAYMENT/TRANSFER |  |  | MAY-MATCH | 
&amp#27;[0m
com.example.Transaction@4aaae508|FADIL BIN ABD RAHIM | IBANKING -- IBANKING -- FBK2060G-004 : 014~000 IN
&amp#27;[36mReconciled May-matches ||||||||| PRINTING RECORDS ||||||||| :::
 | Record Ref ID | Transaction Amount | Transaction Date | Reconciled? | Reconciled with Txn Ref ID | Transaction Description | CHEQUE NO | CHANNEL |
 | com.example.Transaction@3b36e000 | 105.0 | 14/12/2020 | true | com.example.Transaction@4aaae508 | FADIL BIN ABD RAHIM | PAYMENT/TRANSFER OTHR FADIL BIN ABD RAHIM Transfer | OTHR | PAYMENT/TRANSFER |  |  | MAY-MATCH | 
&amp#27;[0m
com.example.Transaction@6009bea|HOUSING & DEVELOPMENT BOARD | AS:OCBC -- AS:OCBC -- FBR9615Z SEASON PARKING
&amp#27;[36mReconciled May-matches ||||||||| PRINTING RECORDS ||||||||| :::
 | Record Ref ID | Transaction Amount | Transaction Date | Reconciled? | Reconciled with Txn Ref ID | Transaction Description | CHEQUE NO | CHANNEL |
 | com.example.Transaction@333cb916 | -33.55 | 14/12/2020 | true | com.example.Transaction@6009bea | 44176 | xx-7992 HDB SEASON PARKING     SIN DEBIT PURCHASE |  | DEBIT PURCHASE |  |  | MAY-MATCH | 
&amp#27;[0m
com.example.Transaction@7bc6d27a|JOYCE KOH | JK:OCBC -- JK:OCBC -- MEDICAL FEE
&amp#27;[36mReconciled May-matches ||||||||| PRINTING RECORDS ||||||||| :::
 | Record Ref ID | Transaction Amount | Transaction Date | Reconciled? | Reconciled with Txn Ref ID | Transaction Description | CHEQUE NO | CHANNEL |
 | com.example.Transaction@105b693d | -7.15 | 14/12/2020 | true | com.example.Transaction@7bc6d27a | 44176 | xx-8024 SENGKANG POLYCLINIC    SIN DEBIT PURCHASE |  | DEBIT PURCHASE |  |  | MAY-MATCH | 
&amp#27;[0m
com.example.Transaction@75769ab0|SAFIAH NAFISAH BINTE SHARI | PAYNOW -- PAYNOW -- FBQ8355K-001 : IN202012-0
&amp#27;[36mReconciled May-matches ||||||||| PRINTING RECORDS ||||||||| :::
 | Record Ref ID | Transaction Amount | Transaction Date | Reconciled? | Reconciled with Txn Ref ID | Transaction Description | CHEQUE NO | CHANNEL |
 | com.example.Transaction@1931d99 | 258.0 | 14/12/2020 | true | com.example.Transaction@75769ab0 | RAJA ZULFIKAAR ABDU | PAYMENT/TRANSFER OTHR S$ RAJA ZULFIKAAR ABDU via PayNow: FBQ8355K extend insura | OTHR S$ | PAYMENT/TRANSFER |  |  | MAY-MATCH | 
&amp#27;[0m
com.example.Transaction@6869a3b3|ZURINAH BTE AB RAZAK(NOT RIDING) | IBANKING -- IBANKING -- FBL6215X-001 : 047~047 IN
&amp#27;[36mReconciled May-matches ||||||||| PRINTING RECORDS ||||||||| :::
 | Record Ref ID | Transaction Amount | Transaction Date | Reconciled? | Reconciled with Txn Ref ID | Transaction Description | CHEQUE NO | CHANNEL |
 | com.example.Transaction@6293e39e | 307.0 | 14/12/2020 | true | com.example.Transaction@6869a3b3 | RITA ZAHARA BTE KAM | SI               FBN5441E IBG GIRO | OTHR | IBG GIRO |  |  | MAY-MATCH | 
&amp#27;[0m
com.example.Transaction@6ab4ba9f|REPAIR | PAYNOW -- PAYNOW -- S/C
&amp#27;[36mReconciled May-matches ||||||||| PRINTING RECORDS ||||||||| :::
 | Record Ref ID | Transaction Amount | Transaction Date | Reconciled? | Reconciled with Txn Ref ID | Transaction Description | CHEQUE NO | CHANNEL |
 | com.example.Transaction@e344ad3 | 15.0 | 14/12/2020 | true | com.example.Transaction@6ab4ba9f | MUHAMMAD SYAHIN AZW | PAYMENT/TRANSFER OTHR S$ MUHAMMAD SYAHIN AZW via PayNow: NA | OTHR S$ | PAYMENT/TRANSFER |  |  | MAY-MATCH | 
&amp#27;[0m
com.example.Transaction@27ace0b1|MUHAMMAD AMEEN BIN BADEKRUZAMAN | PAYNOW -- PAYNOW -- FBJ3942K-002 : 017~017 IN
&amp#27;[36mReconciled May-matches ||||||||| PRINTING RECORDS ||||||||| :::
 | Record Ref ID | Transaction Amount | Transaction Date | Reconciled? | Reconciled with Txn Ref ID | Transaction Description | CHEQUE NO | CHANNEL |
 | com.example.Transaction@4f8b4bd0 | 265.0 | 14/12/2020 | true | com.example.Transaction@27ace0b1 | MUHAMMAD AMEEN BADE | PAYMENT/TRANSFER OTHR S$ MUHAMMAD AMEEN BADE via PayNow: FBJ3942K | OTHR S$ | PAYMENT/TRANSFER |  |  | MAY-MATCH | 
&amp#27;[0m
com.example.Transaction@664e5dee|MOHAMED HISHAM BIN MOHAMED RAHIM | PAYNOW -- PAYNOW -- FBQ4888R-001 : 013~013 IN
&amp#27;[36mReconciled May-matches ||||||||| PRINTING RECORDS ||||||||| :::
 | Record Ref ID | Transaction Amount | Transaction Date | Reconciled? | Reconciled with Txn Ref ID | Transaction Description | CHEQUE NO | CHANNEL |
 | com.example.Transaction@597f48df | 218.0 | 15/12/2020 | true | com.example.Transaction@664e5dee | MOHAMED HISHAM BIN | PAYMENT/TRANSFER OTHR S$ MOHAMED HISHAM BIN via PayNow: Transfer - UEN | OTHR S$ | PAYMENT/TRANSFER |  |  | MAY-MATCH | 
&amp#27;[0m
com.example.Transaction@431f1eaf|SULAIMAN BIN HASHIM | PAYNOW -- PAYNOW -- FY2553E-002 : 004~004 INS
&amp#27;[36mReconciled May-matches ||||||||| PRINTING RECORDS ||||||||| :::
 | Record Ref ID | Transaction Amount | Transaction Date | Reconciled? | Reconciled with Txn Ref ID | Transaction Description | CHEQUE NO | CHANNEL |
 | com.example.Transaction@15dd5ac2 | 205.0 | 15/12/2020 | true | com.example.Transaction@431f1eaf | SULAIMAN BIN HASHIM | PAYMENT/TRANSFER OTHR S$ SULAIMAN BIN HASHIM via PayNow: fy2553e | OTHR S$ | PAYMENT/TRANSFER |  |  | MAY-MATCH | 
&amp#27;[0m
com.example.Transaction@cb03411|ANDREW JOHN HUTCHEON | IBANKING -- IBANKING -- FBL2071U-001 : 054~054 IN
&amp#27;[36mReconciled May-matches ||||||||| PRINTING RECORDS ||||||||| :::
 | Record Ref ID | Transaction Amount | Transaction Date | Reconciled? | Reconciled with Txn Ref ID | Transaction Description | CHEQUE NO | CHANNEL |
 | com.example.Transaction@58a120b0 | 278.0 | 15/12/2020 | true | com.example.Transaction@cb03411 | HUTCHEON ANDREW JOH | PAYMENT/TRANSFER OTHR HUTCHEON ANDREW JOH FBL2071U | OTHR | PAYMENT/TRANSFER |  |  | MAY-MATCH | 
&amp#27;[0m
com.example.Transaction@4c59e45e|AXA INSURANCE SINGAPORE PTE LTD | IBANKING -- IBANKING -- FBR219T ACCIDENT CLAIMS
&amp#27;[36mReconciled May-matches ||||||||| PRINTING RECORDS ||||||||| :::
 | Record Ref ID | Transaction Amount | Transaction Date | Reconciled? | Reconciled with Txn Ref ID | Transaction Description | CHEQUE NO | CHANNEL |
 | com.example.Transaction@54aca26f | 6609.77 | 15/12/2020 | true | com.example.Transaction@4c59e45e | AXA INSURANCE PTE L | PAYMENT/TRANSFER OTHR AXA INSURANCE PTE L 58789107 | OTHR | PAYMENT/TRANSFER |  |  | MAY-MATCH | 
&amp#27;[0m
com.example.Transaction@58ec7116|SALAM BIN ABDULLAH | PAYNOW -- PAYNOW -- FX9324J : JO201504-0157
&amp#27;[36mReconciled May-matches ||||||||| PRINTING RECORDS ||||||||| :::
 | Record Ref ID | Transaction Amount | Transaction Date | Reconciled? | Reconciled with Txn Ref ID | Transaction Description | CHEQUE NO | CHANNEL |
 | com.example.Transaction@421a4ee1 | 93.1 | 15/12/2020 | true | com.example.Transaction@58ec7116 | MUHAMMAD FARID BIN | PAYMENT/TRANSFER OTHR MUHAMMAD FARID BIN FX9324J | OTHR | PAYMENT/TRANSFER |  |  | MAY-MATCH | 
&amp#27;[0m
com.example.Transaction@63bde6c2|MUHAMMAD FAUZIE BIN BAHARUDIN | IBANKING -- IBANKING -- FBM4118B-001 : 037~037 IN
&amp#27;[36mReconciled May-matches ||||||||| PRINTING RECORDS ||||||||| :::
 | Record Ref ID | Transaction Amount | Transaction Date | Reconciled? | Reconciled with Txn Ref ID | Transaction Description | CHEQUE NO | CHANNEL |
 | com.example.Transaction@ea9e141 | 280.0 | 16/12/2020 | true | com.example.Transaction@63bde6c2 | FARHANAH BINTE ABDU | PAYMENT/TRANSFER OTHR FARHANAH BINTE ABDU FBM4118B | OTHR | PAYMENT/TRANSFER |  |  | MAY-MATCH | 
&amp#27;[0m
com.example.Transaction@6ea04618|CHAI YUEN KENG | IBANKING -- IBANKING -- FBR1497A-001 : 009~009 IN
&amp#27;[36mReconciled May-matches ||||||||| PRINTING RECORDS ||||||||| :::
 | Record Ref ID | Transaction Amount | Transaction Date | Reconciled? | Reconciled with Txn Ref ID | Transaction Description | CHEQUE NO | CHANNEL |
 | com.example.Transaction@5c748168 | 250.0 | 16/12/2020 | true | com.example.Transaction@6ea04618 | MOHAMED YUSSOFF BIN | PAYMENT/TRANSFER TRPT MOHAMED YUSSOFF BIN FBL1650E | TRPT | PAYMENT/TRANSFER |  |  | MAY-MATCH | 
&amp#27;[0m
com.example.Transaction@6dd82486|ANBALAKAN S/O SELLADORAI | PAYNOW -- PAYNOW -- FBK6219R DEPOSIT
&amp#27;[36mReconciled May-matches ||||||||| PRINTING RECORDS ||||||||| :::
 | Record Ref ID | Transaction Amount | Transaction Date | Reconciled? | Reconciled with Txn Ref ID | Transaction Description | CHEQUE NO | CHANNEL |
 | com.example.Transaction@6441c486 | 890.0 | 16/12/2020 | true | com.example.Transaction@6dd82486 | SHARINESWARI D/O MO | PAYMENT/TRANSFER OTHR S$ SHARINESWARI D/O MO via PayNow: FBK6219R | OTHR S$ | PAYMENT/TRANSFER |  |  | MAY-MATCH | 
&amp#27;[0m
com.example.Transaction@56078cea|ISNIS BIN MOHAMED NOR | IBANKING -- IBANKING -- FBF9973C-001 : 010~010 IN
&amp#27;[36mReconciled May-matches ||||||||| PRINTING RECORDS ||||||||| :::
 | Record Ref ID | Transaction Amount | Transaction Date | Reconciled? | Reconciled with Txn Ref ID | Transaction Description | CHEQUE NO | CHANNEL |
 | com.example.Transaction@1dc2de84 | 280.0 | 16/12/2020 | true | com.example.Transaction@56078cea | MUHAMMAD NUR ZARIF | PAYMENT/TRANSFER OTHR S$ MUHAMMAD NUR ZARIF via PayNow: FBF9973C | OTHR S$ | PAYMENT/TRANSFER |  |  | MAY-MATCH | 
&amp#27;[0m
com.example.Transaction@5a00eb1e|CHUA CHOON HOCK | IBANKING -- IBANKING -- FBH7781S-002 : 035~035 IN
&amp#27;[36mReconciled May-matches ||||||||| PRINTING RECORDS ||||||||| :::
 | Record Ref ID | Transaction Amount | Transaction Date | Reconciled? | Reconciled with Txn Ref ID | Transaction Description | CHEQUE NO | CHANNEL |
 | com.example.Transaction@6a0659ac | 200.0 | 16/12/2020 | true | com.example.Transaction@5a00eb1e | LIM KIAN HOU | PAYMENT/TRANSFER OTHR LIM KIAN HOU Transfer | OTHR | PAYMENT/TRANSFER |  |  | MAY-MATCH | 
&amp#27;[0m
com.example.Transaction@36fcf6c0|CHONG KHOON POH | PAYNOW -- PAYNOW -- FBP9996J-001 : 017~017 IN
&amp#27;[36mReconciled May-matches ||||||||| PRINTING RECORDS ||||||||| :::
 | Record Ref ID | Transaction Amount | Transaction Date | Reconciled? | Reconciled with Txn Ref ID | Transaction Description | CHEQUE NO | CHANNEL |
 | com.example.Transaction@58d63b16 | 210.0 | 16/12/2020 | true | com.example.Transaction@36fcf6c0 | PayLah| kelvinchong | PAYMENT/TRANSFER OTHR S$ PayLah| kelvinchong via PayNow: FBP9996J | OTHR S$ | PAYMENT/TRANSFER |  |  | MAY-MATCH | 
&amp#27;[0m
com.example.Transaction@1aac188d|SHAFIYUDDIN BIN MANSOR | IBANKING -- IBANKING -- FBQ4766J-001 : 014~014 IN
&amp#27;[36mReconciled May-matches ||||||||| PRINTING RECORDS ||||||||| :::
 | Record Ref ID | Transaction Amount | Transaction Date | Reconciled? | Reconciled with Txn Ref ID | Transaction Description | CHEQUE NO | CHANNEL |
 | com.example.Transaction@66e8997c | 240.0 | 18/12/2020 | true | com.example.Transaction@1aac188d | from FBQ4766J SHAFI | OTHR - FBQ4766J FUND TRANSFER |  | FUND TRANSFER |  |  | MAY-MATCH | 
&amp#27;[0m
com.example.Transaction@7026b7ee|MUHAMMAD ZUHAIDI BIN ABDUL WAHAB | PAYNOW -- PAYNOW -- FBL9376U-002 : 014~014 IN
&amp#27;[36mReconciled May-matches ||||||||| PRINTING RECORDS ||||||||| :::
 | Record Ref ID | Transaction Amount | Transaction Date | Reconciled? | Reconciled with Txn Ref ID | Transaction Description | CHEQUE NO | CHANNEL |
 | com.example.Transaction@6f0cb5a1 | 290.0 | 18/12/2020 | true | com.example.Transaction@7026b7ee | from MUHAMMAD ZUHAI | OTHR - Other FUND TRANSFER | via PayNow-UEN | FUND TRANSFER |  |  | MAY-MATCH | 
&amp#27;[0m
com.example.Transaction@2d23faef|SHIEK FAIZAL BIN SHIEK RAHIM | PAYNOW -- PAYNOW -- FBN9158Y-001 : IN202012-0
&amp#27;[36mReconciled May-matches ||||||||| PRINTING RECORDS ||||||||| :::
 | Record Ref ID | Transaction Amount | Transaction Date | Reconciled? | Reconciled with Txn Ref ID | Transaction Description | CHEQUE NO | CHANNEL |
 | com.example.Transaction@1b29d52b | 65.0 | 18/12/2020 | true | com.example.Transaction@2d23faef | NAZIMA BINTE SHIEK | PAYMENT/TRANSFER OTHR S$ NAZIMA BINTE SHIEK via PayNow: Ins extension FBN9158Y | OTHR S$ | PAYMENT/TRANSFER |  |  | MAY-MATCH | 
&amp#27;[0m
com.example.Transaction@7cb8437d|ABDUL MALEK BIN ABDUL RAHIM | PAYNOW -- PAYNOW -- FBG8423A-003 : 011~011 IN
&amp#27;[36mReconciled May-matches ||||||||| PRINTING RECORDS ||||||||| :::
 | Record Ref ID | Transaction Amount | Transaction Date | Reconciled? | Reconciled with Txn Ref ID | Transaction Description | CHEQUE NO | CHANNEL |
 | com.example.Transaction@6f3f0fae | 144.0 | 18/12/2020 | true | com.example.Transaction@7cb8437d | MUHAMMAD MUZZAMMIL | PAYMENT/TRANSFER OTHR S$ MUHAMMAD MUZZAMMIL via PayNow: FBG8423A | OTHR S$ | PAYMENT/TRANSFER |  |  | MAY-MATCH | 
&amp#27;[0m
com.example.Transaction@62a4417|VARATHARAJAN RAMKUMAR ROHAN | IBANKING -- IBANKING -- FBJ3475S-003 : 008~008 IN
&amp#27;[36mReconciled May-matches ||||||||| PRINTING RECORDS ||||||||| :::
 | Record Ref ID | Transaction Amount | Transaction Date | Reconciled? | Reconciled with Txn Ref ID | Transaction Description | CHEQUE NO | CHANNEL |
 | com.example.Transaction@63fdffcd | 243.43 | 18/12/2020 | true | com.example.Transaction@62a4417 | SRI LAKSHMI VINAYAG | PAYMENT/TRANSFER OTHR SRI LAKSHMI VINAYAG FBJ3475S | OTHR | PAYMENT/TRANSFER |  |  | MAY-MATCH | 
&amp#27;[0m
com.example.Transaction@43f61afb|HARUN AL RASYID | IBANKING -- IBANKING -- FBQ8185J-001 : 008~009 IN
&amp#27;[36mReconciled May-matches ||||||||| PRINTING RECORDS ||||||||| :::
 | Record Ref ID | Transaction Amount | Transaction Date | Reconciled? | Reconciled with Txn Ref ID | Transaction Description | CHEQUE NO | CHANNEL |
 | com.example.Transaction@2a9bc08f | 434.0 | 19/12/2020 | true | com.example.Transaction@43f61afb | from FBQ8185J HARUN | OTHR - FBQ8185J FUND TRANSFER |  | FUND TRANSFER |  |  | MAY-MATCH | 
&amp#27;[0m
com.example.Transaction@713064e8|MOHAMED NOR IRFAN BIN MOHAMED HASHIM | IBANKING -- IBANKING -- FBM7628B-001 : 033~033 IN
&amp#27;[36mReconciled May-matches ||||||||| PRINTING RECORDS ||||||||| :::
 | Record Ref ID | Transaction Amount | Transaction Date | Reconciled? | Reconciled with Txn Ref ID | Transaction Description | CHEQUE NO | CHANNEL |
 | com.example.Transaction@971e903 | 354.0 | 19/12/2020 | true | com.example.Transaction@713064e8 | MOHAMED HASHIM BIN | PAYMENT/TRANSFER OTHR MOHAMED HASHIM BIN FBM7628B -Irfan | OTHR | PAYMENT/TRANSFER |  |  | MAY-MATCH | 
&amp#27;[0m
com.example.Transaction@4fad6218|SUPARDE BIN SATJA | IBANKING -- IBANKING -- FBQ4503B-001 : 014~014 IN
&amp#27;[36mReconciled May-matches ||||||||| PRINTING RECORDS ||||||||| :::
 | Record Ref ID | Transaction Amount | Transaction Date | Reconciled? | Reconciled with Txn Ref ID | Transaction Description | CHEQUE NO | CHANNEL |
 | com.example.Transaction@1549bba7 | 168.0 | 19/12/2020 | true | com.example.Transaction@4fad6218 | MOHAMAD EFFENDI B S | PAYMENT/TRANSFER OTHR MOHAMAD EFFENDI B S FBQ 4503B | OTHR | PAYMENT/TRANSFER |  |  | MAY-MATCH | 
&amp#27;[0m
com.example.Transaction@1bf39d06|BAKHIT BIN MOHD SA'AD (NOT RIDING) | PAYNOW -- PAYNOW -- FBP3430P-001 : 021~021 IN
&amp#27;[36mReconciled May-matches ||||||||| PRINTING RECORDS ||||||||| :::
 | Record Ref ID | Transaction Amount | Transaction Date | Reconciled? | Reconciled with Txn Ref ID | Transaction Description | CHEQUE NO | CHANNEL |
 | com.example.Transaction@36dfbdaf | 258.0 | 21/12/2020 | true | com.example.Transaction@1bf39d06 | BAKHIT BIN MOHD SA' | PAYMENT/TRANSFER OTHR S$ BAKHIT BIN MOHD SA' via PayNow: FBP3430P | OTHR S$ | PAYMENT/TRANSFER |  |  | MAY-MATCH | 
&amp#27;[0m
com.example.Transaction@68217d41|MUHAMMAD SAHRIN BIN SOLEH | IBANKING -- IBANKING -- FBM0646U-001 : 041~041 IN
&amp#27;[36mReconciled May-matches ||||||||| PRINTING RECORDS ||||||||| :::
 | Record Ref ID | Transaction Amount | Transaction Date | Reconciled? | Reconciled with Txn Ref ID | Transaction Description | CHEQUE NO | CHANNEL |
 | com.example.Transaction@4f82663e | 346.55 | 21/12/2020 | true | com.example.Transaction@68217d41 | MUHAMMAD SAHRIN BIN | PAYMENT/TRANSFER OTHR MUHAMMAD SAHRIN BIN Transfer | OTHR | PAYMENT/TRANSFER |  |  | MAY-MATCH | 
&amp#27;[0m
com.example.Transaction@1ac45389|OOI KOOK SOON | IBANKING -- IBANKING -- FBP6466S-001 : 019~019 IN
&amp#27;[36mReconciled May-matches ||||||||| PRINTING RECORDS ||||||||| :::
 | Record Ref ID | Transaction Amount | Transaction Date | Reconciled? | Reconciled with Txn Ref ID | Transaction Description | CHEQUE NO | CHANNEL |
 | com.example.Transaction@e04ccf8 | 444.0 | 21/12/2020 | true | com.example.Transaction@1ac45389 |  | CASH DEPOSIT     CDM |  | CASH DEPOSIT     CDM |  |  | MAY-MATCH | 
&amp#27;[0m
com.example.Transaction@3e5d4f6b|AMSYAR DINIE BIN ABDUL GHAFOR | PAYNOW -- PAYNOW -- FR2184Z-002 : 009~009 INS
&amp#27;[36mReconciled May-matches ||||||||| PRINTING RECORDS ||||||||| :::
 | Record Ref ID | Transaction Amount | Transaction Date | Reconciled? | Reconciled with Txn Ref ID | Transaction Description | CHEQUE NO | CHANNEL |
 | com.example.Transaction@51d143a1 | 355.0 | 21/12/2020 | true | com.example.Transaction@3e5d4f6b | AMSYAR DINIE BIN AB | PAYMENT/TRANSFER OTHR S$ AMSYAR DINIE BIN AB via PayNow: FR2184Z | OTHR S$ | PAYMENT/TRANSFER |  |  | MAY-MATCH | 
&amp#27;[0m
com.example.Transaction@39c1fe0b|MOHAMMAD ZAINUDDIN ARSYAD BIN RAIMEE | IBANKING -- IBANKING -- FBM8540M-001 : 030~030 IN
&amp#27;[36mReconciled May-matches ||||||||| PRINTING RECORDS ||||||||| :::
 | Record Ref ID | Transaction Amount | Transaction Date | Reconciled? | Reconciled with Txn Ref ID | Transaction Description | CHEQUE NO | CHANNEL |
 | com.example.Transaction@1f387978 | 390.0 | 22/12/2020 | true | com.example.Transaction@39c1fe0b | from FBM8540M MOHAM | OTHR - FBM8540M FUND TRANSFER |  | FUND TRANSFER |  |  | MAY-MATCH | 
&amp#27;[0m
com.example.Transaction@5ae95707|EARNEST PONNUSAMY | PAYNOW -- PAYNOW -- FBP9042L-002 : 005~005 IN
&amp#27;[36mReconciled May-matches ||||||||| PRINTING RECORDS ||||||||| :::
 | Record Ref ID | Transaction Amount | Transaction Date | Reconciled? | Reconciled with Txn Ref ID | Transaction Description | CHEQUE NO | CHANNEL |
 | com.example.Transaction@4441d567 | 242.0 | 22/12/2020 | true | com.example.Transaction@5ae95707 | JESSICA JESSIE D/O | PAYMENT/TRANSFER OTHR S$ JESSICA JESSIE D/O via PayNow: FBP9042L December 20 | OTHR S$ | PAYMENT/TRANSFER |  |  | MAY-MATCH | 
&amp#27;[0m
com.example.Transaction@62891fc8|AZMAN THANI BIN ABDUL GHAFFAR | IBANKING -- IBANKING -- FBK7157D-002 : IN202012-0
&amp#27;[36mReconciled May-matches ||||||||| PRINTING RECORDS ||||||||| :::
 | Record Ref ID | Transaction Amount | Transaction Date | Reconciled? | Reconciled with Txn Ref ID | Transaction Description | CHEQUE NO | CHANNEL |
 | com.example.Transaction@47ec7422 | 399.0 | 22/12/2020 | true | com.example.Transaction@62891fc8 | AZMAN THANI B ABD G | PAYMENT/TRANSFER OTHR AZMAN THANI B ABD G Insurance renewal for FBK7157D | OTHR | PAYMENT/TRANSFER |  |  | MAY-MATCH | 
&amp#27;[0m
com.example.Transaction@367b22e5|SUFFIAN BIN MOHAMED NOOR | PAYNOW -- PAYNOW -- FBJ1917Y : JO201803-0030
&amp#27;[36mReconciled May-matches ||||||||| PRINTING RECORDS ||||||||| :::
 | Record Ref ID | Transaction Amount | Transaction Date | Reconciled? | Reconciled with Txn Ref ID | Transaction Description | CHEQUE NO | CHANNEL |
 | com.example.Transaction@610df783 | 117.7 | 22/12/2020 | true | com.example.Transaction@367b22e5 | SUFFIAN BIN MOHD NO | PAYMENT/TRANSFER OTHR S$ SUFFIAN BIN MOHD NO via PayNow: FBJ1917Y | OTHR S$ | PAYMENT/TRANSFER |  |  | MAY-MATCH | 
&amp#27;[0m
com.example.Transaction@fca387|MUHAMMAD FAIZ TAJUDDIN BIN MOHAMED RAZIF | PAYNOW -- PAYNOW -- FBP3628L-001 : 022~022 IN
&amp#27;[36mReconciled May-matches ||||||||| PRINTING RECORDS ||||||||| :::
 | Record Ref ID | Transaction Amount | Transaction Date | Reconciled? | Reconciled with Txn Ref ID | Transaction Description | CHEQUE NO | CHANNEL |
 | com.example.Transaction@46d9aec8 | 230.0 | 23/12/2020 | true | com.example.Transaction@fca387 | MUHAMMAD ZULHUSNI B | PAYMENT/TRANSFER OTHR S$ MUHAMMAD ZULHUSNI B via PayNow: FBQ4082Z | OTHR S$ | PAYMENT/TRANSFER |  |  | MAY-MATCH | 
&amp#27;[0m
com.example.Transaction@10bd9df0|ZURINAH BTE AB RAZAK(NOT RIDING) | PAYNOW -- PAYNOW -- FBL6215X-001 : IN202012-0
&amp#27;[36mReconciled May-matches ||||||||| PRINTING RECORDS ||||||||| :::
 | Record Ref ID | Transaction Amount | Transaction Date | Reconciled? | Reconciled with Txn Ref ID | Transaction Description | CHEQUE NO | CHANNEL |
 | com.example.Transaction@5c82cd4f | 184.0 | 23/12/2020 | true | com.example.Transaction@10bd9df0 | OSNI BIN YUSOF | PAYMENT/TRANSFER OTHR S$ OSNI BIN YUSOF via PayNow: Fbl6215X insurance | OTHR S$ | PAYMENT/TRANSFER |  |  | MAY-MATCH | 
&amp#27;[0m
com.example.Transaction@3ae0b770|JAMALUDIN BIN AHMAD | PAYNOW -- PAYNOW -- FBM7755S-001 : 032~032 IN
&amp#27;[36mReconciled May-matches ||||||||| PRINTING RECORDS ||||||||| :::
 | Record Ref ID | Transaction Amount | Transaction Date | Reconciled? | Reconciled with Txn Ref ID | Transaction Description | CHEQUE NO | CHANNEL |
 | com.example.Transaction@7a231dfd | 300.0 | 23/12/2020 | true | com.example.Transaction@3ae0b770 | NORETA BINTE MD RAU | PAYMENT/TRANSFER OTHR S$ NORETA BINTE MD RAU via PayNow: Instalmt for FBM7755S | OTHR S$ | PAYMENT/TRANSFER |  |  | MAY-MATCH | 
&amp#27;[0m
com.example.Transaction@55e3d6c3|ATAN MOTORING SUPPLY PTE LTD | CASH -- CASH -- TRF : PETTY CASH TO CASH
&amp#27;[36mReconciled May-matches ||||||||| PRINTING RECORDS ||||||||| :::
 | Record Ref ID | Transaction Amount | Transaction Date | Reconciled? | Reconciled with Txn Ref ID | Transaction Description | CHEQUE NO | CHANNEL |
 | com.example.Transaction@3cee53dc | 3.23 | 24/12/2020 | true | com.example.Transaction@55e3d6c3 | from Kenneth TAN YO | OTHR - Other FUND TRANSFER |  | FUND TRANSFER |  |  | MAY-MATCH | 
&amp#27;[0m
com.example.Transaction@30e6a763|TAN YEAN CHERNG | IBANKING -- IBANKING -- FBM1400E-001 : 041~041 IN
&amp#27;[36mReconciled May-matches ||||||||| PRINTING RECORDS ||||||||| :::
 | Record Ref ID | Transaction Amount | Transaction Date | Reconciled? | Reconciled with Txn Ref ID | Transaction Description | CHEQUE NO | CHANNEL |
 | com.example.Transaction@73ad4ecc | 531.0 | 24/12/2020 | true | com.example.Transaction@30e6a763 | TAN YEAN CHERNG (CH | PAYMENT/TRANSFER OTHR TAN YEAN CHERNG (CH fbm1400 | OTHR | PAYMENT/TRANSFER |  |  | MAY-MATCH | 
&amp#27;[0m
com.example.Transaction@4c48fe92|TOH AIK TIONG | PAYNOW -- PAYNOW -- FBH4251A : JO201506-0009
&amp#27;[36mReconciled May-matches ||||||||| PRINTING RECORDS ||||||||| :::
 | Record Ref ID | Transaction Amount | Transaction Date | Reconciled? | Reconciled with Txn Ref ID | Transaction Description | CHEQUE NO | CHANNEL |
 | com.example.Transaction@69da0b12 | 23.55 | 24/12/2020 | true | com.example.Transaction@4c48fe92 | PayLah| Adam Toh | PAYMENT/TRANSFER OTHR S$ PayLah| Adam Toh via PayNow: FBH4251A | OTHR S$ | PAYMENT/TRANSFER |  |  | MAY-MATCH | 
&amp#27;[0m
com.example.Transaction@732c9b5c|TAN YEAN CHERNG | IBANKING -- IBANKING -- FBL4639U-001 : 050~050 IN
&amp#27;[36mReconciled May-matches ||||||||| PRINTING RECORDS ||||||||| :::
 | Record Ref ID | Transaction Amount | Transaction Date | Reconciled? | Reconciled with Txn Ref ID | Transaction Description | CHEQUE NO | CHANNEL |
 | com.example.Transaction@2764c546 | 314.0 | 24/12/2020 | true | com.example.Transaction@732c9b5c | CARDUP.CO | PAYMENT/TRANSFER IVPT CARDUP.CO FBL4639U HP201610-0012 | IVPT | PAYMENT/TRANSFER |  |  | MAY-MATCH | 
&amp#27;[0m
com.example.Transaction@38320e34|MUHAMMAD ZULHUSNI BIN ABDUL GHANI | PAYNOW -- PAYNOW -- FBQ4082Z-001 : 015~015 IN
&amp#27;[36mReconciled May-matches ||||||||| PRINTING RECORDS ||||||||| :::
 | Record Ref ID | Transaction Amount | Transaction Date | Reconciled? | Reconciled with Txn Ref ID | Transaction Description | CHEQUE NO | CHANNEL |
 | com.example.Transaction@1ad8df52 | 260.0 | 26/12/2020 | true | com.example.Transaction@38320e34 | SITI SHARIPAH BTE M | PAYMENT/TRANSFER IHRP SITI SHARIPAH BTE M mthly instalment for FBM2963R | IHRP | PAYMENT/TRANSFER |  |  | MAY-MATCH | 
&amp#27;[0m
com.example.Transaction@3d6a6bee|SITI SHARIPAH BINTE MASWADI | IBANKING -- IBANKING -- FBM4172T-001 : 038~038 IN
&amp#27;[36mReconciled May-matches ||||||||| PRINTING RECORDS ||||||||| :::
 | Record Ref ID | Transaction Amount | Transaction Date | Reconciled? | Reconciled with Txn Ref ID | Transaction Description | CHEQUE NO | CHANNEL |
 | com.example.Transaction@45d6ef73 | 248.0 | 26/12/2020 | true | com.example.Transaction@3d6a6bee | SITI SHARIPAH BTE M | PAYMENT/TRANSFER IHRP SITI SHARIPAH BTE M mthly instalment for FBM4172T | IHRP | PAYMENT/TRANSFER |  |  | MAY-MATCH | 
&amp#27;[0m
com.example.Transaction@36ddaebf|CHEONG SAI FHONG | IBANKING -- IBANKING -- FBQ6856U-001 : 013~013 IN
&amp#27;[36mReconciled May-matches ||||||||| PRINTING RECORDS ||||||||| :::
 | Record Ref ID | Transaction Amount | Transaction Date | Reconciled? | Reconciled with Txn Ref ID | Transaction Description | CHEQUE NO | CHANNEL |
 | com.example.Transaction@3f29e26 | 214.0 | 26/12/2020 | true | com.example.Transaction@36ddaebf | CHEONG SAI FHONG | PAYMENT/TRANSFER OTHR S$ CHEONG SAI FHONG via PayNow: 198903552W | OTHR S$ | PAYMENT/TRANSFER |  |  | MAY-MATCH | 
&amp#27;[0m
com.example.Transaction@213c3543|AMIRRUDIN BIN AHMAD | IBANKING -- IBANKING -- FBN6494X-001 : 025~025 IN
&amp#27;[36mReconciled May-matches ||||||||| PRINTING RECORDS ||||||||| :::
 | Record Ref ID | Transaction Amount | Transaction Date | Reconciled? | Reconciled with Txn Ref ID | Transaction Description | CHEQUE NO | CHANNEL |
 | com.example.Transaction@1f6d27cc | 356.0 | 26/12/2020 | true | com.example.Transaction@213c3543 | AMIRRUDIN BIN AHMAD | PAYMENT/TRANSFER OTHR AMIRRUDIN BIN AHMAD FBN6494X | OTHR | PAYMENT/TRANSFER |  |  | MAY-MATCH | 
&amp#27;[0m
com.example.Transaction@9d7ccfe|LEONG MUN TUCK | IBANKING -- IBANKING -- FBP9659H-001 : 018~018 IN
&amp#27;[36mReconciled May-matches ||||||||| PRINTING RECORDS ||||||||| :::
 | Record Ref ID | Transaction Amount | Transaction Date | Reconciled? | Reconciled with Txn Ref ID | Transaction Description | CHEQUE NO | CHANNEL |
 | com.example.Transaction@4393593c | 254.0 | 26/12/2020 | true | com.example.Transaction@9d7ccfe | LEONG HOONG SHENG | PAYMENT/TRANSFER OTHR LEONG HOONG SHENG FBP9659H | OTHR | PAYMENT/TRANSFER |  |  | MAY-MATCH | 
&amp#27;[0m
com.example.Transaction@670ce331|EMY HAZLEY BIN GHAZALI | IBANKING -- IBANKING -- FBM3236A-003 : 009~009 IN
&amp#27;[36mReconciled May-matches ||||||||| PRINTING RECORDS ||||||||| :::
 | Record Ref ID | Transaction Amount | Transaction Date | Reconciled? | Reconciled with Txn Ref ID | Transaction Description | CHEQUE NO | CHANNEL |
 | com.example.Transaction@314c8b4a | 263.45 | 26/12/2020 | true | com.example.Transaction@670ce331 | EMY HAZLEY BIN GHAZ | PAYMENT/TRANSFER OTHR EMY HAZLEY BIN GHAZ FBM 3236 A | OTHR | PAYMENT/TRANSFER |  |  | MAY-MATCH | 
&amp#27;[0m
com.example.Transaction@3cff0139|NORKHISHAM BIN KAMSANI | IBANKING -- IBANKING -- FBQ6819C-001 : 013~013 IN
&amp#27;[36mReconciled May-matches ||||||||| PRINTING RECORDS ||||||||| :::
 | Record Ref ID | Transaction Amount | Transaction Date | Reconciled? | Reconciled with Txn Ref ID | Transaction Description | CHEQUE NO | CHANNEL |
 | com.example.Transaction@26d820eb | 419.0 | 26/12/2020 | true | com.example.Transaction@3cff0139 | NORKHISHAM BIN KAMS | PAYMENT/TRANSFER OTHR NORKHISHAM BIN KAMS Transfer | OTHR | PAYMENT/TRANSFER |  |  | MAY-MATCH | 
&amp#27;[0m
com.example.Transaction@7c29adc8|TAN JI WEI | PAYNOW -- PAYNOW -- FBQ8228U-001 : 009~009 IN
&amp#27;[36mReconciled May-matches ||||||||| PRINTING RECORDS ||||||||| :::
 | Record Ref ID | Transaction Amount | Transaction Date | Reconciled? | Reconciled with Txn Ref ID | Transaction Description | CHEQUE NO | CHANNEL |
 | com.example.Transaction@507d20bb | 350.0 | 26/12/2020 | true | com.example.Transaction@7c29adc8 | TAN JI WEI | PAYMENT/TRANSFER OTHR S$ TAN JI WEI via PayNow: fbq8228u | OTHR S$ | PAYMENT/TRANSFER |  |  | MAY-MATCH | 
&amp#27;[0m
com.example.Transaction@4b2e3e8f|NURUL AISYAH (NOT RIDING) | PAYNOW -- PAYNOW -- FBC7693P-002 : 017~017 IN
&amp#27;[36mReconciled May-matches ||||||||| PRINTING RECORDS ||||||||| :::
 | Record Ref ID | Transaction Amount | Transaction Date | Reconciled? | Reconciled with Txn Ref ID | Transaction Description | CHEQUE NO | CHANNEL |
 | com.example.Transaction@9fec931 | 156.0 | 26/12/2020 | true | com.example.Transaction@4b2e3e8f | FATHUR RAHMAN BIN H | PAYMENT/TRANSFER OTHR S$ FATHUR RAHMAN BIN H via PayNow: FBC7693P | OTHR S$ | PAYMENT/TRANSFER |  |  | MAY-MATCH | 
&amp#27;[0m
com.example.Transaction@4bbb49b0|FATHUR ROSY BIN MASHURI | IBANKING -- IBANKING -- FW4928E-002 : 024~024 INS
&amp#27;[36mReconciled May-matches ||||||||| PRINTING RECORDS ||||||||| :::
 | Record Ref ID | Transaction Amount | Transaction Date | Reconciled? | Reconciled with Txn Ref ID | Transaction Description | CHEQUE NO | CHANNEL |
 | com.example.Transaction@5cbd159f | 200.0 | 26/12/2020 | true | com.example.Transaction@4bbb49b0 | FATHUR ROSY BIN MAS | PAYMENT/TRANSFER OTHR FATHUR ROSY BIN MAS FW4928E December | OTHR | PAYMENT/TRANSFER |  |  | MAY-MATCH | 
&amp#27;[0m
com.example.Transaction@f096f37|ABDUL HADI BIN SURANI | IBANKING -- IBANKING -- FBL1650E-002 : 044~044 IN
&amp#27;[36mReconciled May-matches ||||||||| PRINTING RECORDS ||||||||| :::
 | Record Ref ID | Transaction Amount | Transaction Date | Reconciled? | Reconciled with Txn Ref ID | Transaction Description | CHEQUE NO | CHANNEL |
 | com.example.Transaction@3b05a99b | 250.0 | 26/12/2020 | true | com.example.Transaction@f096f37 | ASHLEY ANIL SARAN | PAYMENT/TRANSFER OTHR S$ ASHLEY ANIL SARAN via PayNow: FBR9262H | OTHR S$ | PAYMENT/TRANSFER |  |  | MAY-MATCH | 
&amp#27;[0m
com.example.Transaction@3effd4f3|ABU SUFYANDIN BIN JALALUDIN | IBANKING -- IBANKING -- FBL2248C-001 : 053~053 IN
&amp#27;[36mReconciled May-matches ||||||||| PRINTING RECORDS ||||||||| :::
 | Record Ref ID | Transaction Amount | Transaction Date | Reconciled? | Reconciled with Txn Ref ID | Transaction Description | CHEQUE NO | CHANNEL |
 | com.example.Transaction@2c43eb8 | 395.0 | 26/12/2020 | true | com.example.Transaction@3effd4f3 |  | CASH DEPOSIT     CDM |  | CASH DEPOSIT     CDM |  |  | MAY-MATCH | 
&amp#27;[0m
com.example.Transaction@41f4fe5|JANID BIN AWANG | IBANKING -- IBANKING -- FBN2354T-001 : 028~028 IN
&amp#27;[36mReconciled May-matches ||||||||| PRINTING RECORDS ||||||||| :::
 | Record Ref ID | Transaction Amount | Transaction Date | Reconciled? | Reconciled with Txn Ref ID | Transaction Description | CHEQUE NO | CHANNEL |
 | com.example.Transaction@7d0cc890 | 271.0 | 26/12/2020 | true | com.example.Transaction@41f4fe5 | NUR LYNDA BTE ABDUL | PAYMENT/TRANSFER OTHR NUR LYNDA BTE ABDUL Transfer | OTHR | PAYMENT/TRANSFER |  |  | MAY-MATCH | 
&amp#27;[0m
com.example.Transaction@15f8701f|MOHAMMAD ANIS BIN OTHMAN | IBANKING -- IBANKING -- FBM3729U-001 : 038~038 IN
&amp#27;[36mReconciled May-matches ||||||||| PRINTING RECORDS ||||||||| :::
 | Record Ref ID | Transaction Amount | Transaction Date | Reconciled? | Reconciled with Txn Ref ID | Transaction Description | CHEQUE NO | CHANNEL |
 | com.example.Transaction@67b7c170 | 214.0 | 26/12/2020 | true | com.example.Transaction@15f8701f | NUR'ATIKAH BINTE MO | PAYMENT/TRANSFER OTHR NUR'ATIKAH BINTE MO Transfer | OTHR | PAYMENT/TRANSFER |  |  | MAY-MATCH | 
&amp#27;[0m
com.example.Transaction@514cd540|MUHAMMAD NOOR IZUAN BIN MOHD FAIZ | PAYNOW -- PAYNOW -- FBN7299L-001 : 028~028 IN
&amp#27;[36mReconciled May-matches ||||||||| PRINTING RECORDS ||||||||| :::
 | Record Ref ID | Transaction Amount | Transaction Date | Reconciled? | Reconciled with Txn Ref ID | Transaction Description | CHEQUE NO | CHANNEL |
 | com.example.Transaction@889d9e8 | 350.0 | 26/12/2020 | true | com.example.Transaction@514cd540 | MUHAMMAD I'ZZUN BIN | PAYMENT/TRANSFER OTHR S$ MUHAMMAD I'ZZUN BIN via PayNow: FBN7299L  JAN 2021 | OTHR S$ | PAYMENT/TRANSFER |  |  | MAY-MATCH | 
&amp#27;[0m
com.example.Transaction@11d4dbd6|SAFIAH NAFISAH BINTE SHARI | PAYNOW -- PAYNOW -- FBQ8355K-001 : 011~011 IN
&amp#27;[36mReconciled May-matches ||||||||| PRINTING RECORDS ||||||||| :::
 | Record Ref ID | Transaction Amount | Transaction Date | Reconciled? | Reconciled with Txn Ref ID | Transaction Description | CHEQUE NO | CHANNEL |
 | com.example.Transaction@acf859d | 391.0 | 26/12/2020 | true | com.example.Transaction@11d4dbd6 | RAJA ZULFIKAAR ABDU | PAYMENT/TRANSFER OTHR S$ RAJA ZULFIKAAR ABDU via PayNow: FBQ8355K | OTHR S$ | PAYMENT/TRANSFER |  |  | MAY-MATCH | 
&amp#27;[0m
com.example.Transaction@6f4ade6e|NG WENG LOON | PAYNOW -- PAYNOW -- FBE7176E-002 : 005~005 IN
&amp#27;[36mReconciled May-matches ||||||||| PRINTING RECORDS ||||||||| :::
 | Record Ref ID | Transaction Amount | Transaction Date | Reconciled? | Reconciled with Txn Ref ID | Transaction Description | CHEQUE NO | CHANNEL |
 | com.example.Transaction@7ce7e83c | 197.0 | 28/12/2020 | true | com.example.Transaction@6f4ade6e | from NG WENG LOON | LOAR - FBE7176E FUND TRANSFER | via PayNow-UEN | FUND TRANSFER |  |  | MAY-MATCH | 
&amp#27;[0m
com.example.Transaction@39e43310|MUHAMMAD HANNAN BIN MOHNI | IBANKING -- IBANKING -- FBL0679E-002 : 029~000 IN
&amp#27;[36mReconciled May-matches ||||||||| PRINTING RECORDS ||||||||| :::
 | Record Ref ID | Transaction Amount | Transaction Date | Reconciled? | Reconciled with Txn Ref ID | Transaction Description | CHEQUE NO | CHANNEL |
 | com.example.Transaction@3c904f1e | 100.0 | 28/12/2020 | true | com.example.Transaction@39e43310 | SABRINA BINTE SALIM | PAYMENT/TRANSFER OTHR SABRINA BINTE SALIM FBL679E | OTHR | PAYMENT/TRANSFER |  |  | MAY-MATCH | 
&amp#27;[0m
com.example.Transaction@eb507b9|MUHAMMAD SYAHMIE BIN ARSHAD | PAYNOW -- PAYNOW -- FBN0444E-001 : 030~030 IN
&amp#27;[36mReconciled May-matches ||||||||| PRINTING RECORDS ||||||||| :::
 | Record Ref ID | Transaction Amount | Transaction Date | Reconciled? | Reconciled with Txn Ref ID | Transaction Description | CHEQUE NO | CHANNEL |
 | com.example.Transaction@4eb30d44 | 251.0 | 28/12/2020 | true | com.example.Transaction@eb507b9 | MUHAMMAD SYAHMIE BI | PAYMENT/TRANSFER OTHR S$ MUHAMMAD SYAHMIE BI via PayNow: FBN444E | OTHR S$ | PAYMENT/TRANSFER |  |  | MAY-MATCH | 
&amp#27;[0m
com.example.Transaction@390877d2|JURAIMI BIN SAMAT | PAYNOW -- PAYNOW -- FBN2190Z-001 : 018~018 IN
&amp#27;[36mReconciled May-matches ||||||||| PRINTING RECORDS ||||||||| :::
 | Record Ref ID | Transaction Amount | Transaction Date | Reconciled? | Reconciled with Txn Ref ID | Transaction Description | CHEQUE NO | CHANNEL |
 | com.example.Transaction@d56aaa6 | 171.0 | 28/12/2020 | true | com.example.Transaction@390877d2 | MUHAMMAD HAIRULNIZA | PAYMENT/TRANSFER OTHR S$ MUHAMMAD HAIRULNIZA via PayNow: FBN2190Z. S7145947J. | OTHR S$ | PAYMENT/TRANSFER |  |  | MAY-MATCH | 
&amp#27;[0m
com.example.Transaction@86733|HUSSIN BIN SALIMON | PAYNOW -- PAYNOW -- FBG6220G-002 : 030~030 IN
&amp#27;[36mReconciled May-matches ||||||||| PRINTING RECORDS ||||||||| :::
 | Record Ref ID | Transaction Amount | Transaction Date | Reconciled? | Reconciled with Txn Ref ID | Transaction Description | CHEQUE NO | CHANNEL |
 | com.example.Transaction@327c7bea | 131.0 | 28/12/2020 | true | com.example.Transaction@86733 | MUHAMMAD BIN HUSSIN | PAYMENT/TRANSFER OTHR S$ MUHAMMAD BIN HUSSIN via PayNow: FBG 6220G | OTHR S$ | PAYMENT/TRANSFER |  |  | MAY-MATCH | 
&amp#27;[0m
com.example.Transaction@186cb891|MUHAMMAD KHAIRUNIZAM BIN FADILAH | PAYNOW -- PAYNOW -- FBR9273B-001 : 001~001 IN
&amp#27;[36mReconciled May-matches ||||||||| PRINTING RECORDS ||||||||| :::
 | Record Ref ID | Transaction Amount | Transaction Date | Reconciled? | Reconciled with Txn Ref ID | Transaction Description | CHEQUE NO | CHANNEL |
 | com.example.Transaction@2d000e80 | 378.0 | 28/12/2020 | true | com.example.Transaction@186cb891 | NORHUDAH BINTE ISMA | PAYMENT/TRANSFER OTHR S$ NORHUDAH BINTE ISMA via PayNow: FBR9273B CB400XA INSTA | OTHR S$ | PAYMENT/TRANSFER |  |  | MAY-MATCH | 
&amp#27;[0m
com.example.Transaction@3ec2ecea|NADZRAH BTE AHMAD FITTRI (NOT RIDING) | IBANKING -- IBANKING -- FBN3736T-001 : 027~027 IN
&amp#27;[36mReconciled May-matches ||||||||| PRINTING RECORDS ||||||||| :::
 | Record Ref ID | Transaction Amount | Transaction Date | Reconciled? | Reconciled with Txn Ref ID | Transaction Description | CHEQUE NO | CHANNEL |
 | com.example.Transaction@252f626c | 298.0 | 28/12/2020 | true | com.example.Transaction@3ec2ecea | NUR WANI BINTE MOHA | PAYMENT/TRANSFER OTHR NUR WANI BINTE MOHA Transfer FBN3736T | OTHR | PAYMENT/TRANSFER |  |  | MAY-MATCH | 
&amp#27;[0m
com.example.Transaction@440eaa07|MUHAMMAD HADI BIN HALI | PAYNOW -- PAYNOW -- FBL0193P : JO201611-0027
&amp#27;[36mReconciled May-matches ||||||||| PRINTING RECORDS ||||||||| :::
 | Record Ref ID | Transaction Amount | Transaction Date | Reconciled? | Reconciled with Txn Ref ID | Transaction Description | CHEQUE NO | CHANNEL |
 | com.example.Transaction@33f98231 | 37.45 | 28/12/2020 | true | com.example.Transaction@440eaa07 | MUHD HADI BIN HALI | PAYMENT/TRANSFER OTHR S$ MUHD HADI BIN HALI via PayNow: FBL193P JO | OTHR S$ | PAYMENT/TRANSFER |  |  | MAY-MATCH | 
&amp#27;[0m
com.example.Transaction@7fc7c4a|LIVINGSTON | PAYNOW -- PAYNOW -- FBN0797L : JO202012-0027
&amp#27;[36mReconciled May-matches ||||||||| PRINTING RECORDS ||||||||| :::
 | Record Ref ID | Transaction Amount | Transaction Date | Reconciled? | Reconciled with Txn Ref ID | Transaction Description | CHEQUE NO | CHANNEL |
 | com.example.Transaction@2125ad3 | 15.0 | 28/12/2020 | true | com.example.Transaction@7fc7c4a | CHURCHILL MOSES LIV | PAYMENT/TRANSFER OTHR S$ CHURCHILL MOSES LIV via PayNow: FBN797L | OTHR S$ | PAYMENT/TRANSFER |  |  | MAY-MATCH | 
&amp#27;[0m
com.example.Transaction@7aa9e414|ASHLEY ANIL SARAN | PAYNOW -- PAYNOW -- FBR9262H-001 : 001~001 IN
&amp#27;[36mReconciled May-matches ||||||||| PRINTING RECORDS ||||||||| :::
 | Record Ref ID | Transaction Amount | Transaction Date | Reconciled? | Reconciled with Txn Ref ID | Transaction Description | CHEQUE NO | CHANNEL |
 | com.example.Transaction@7a5b769b | 250.0 | 28/12/2020 | true | com.example.Transaction@7aa9e414 | IDROS BIN RAJAB ALI | PAYMENT/TRANSFER OTHR S$ IDROS BIN RAJAB ALI via PayNow: FBP8530B | OTHR S$ | PAYMENT/TRANSFER |  |  | MAY-MATCH | 
&amp#27;[0m
com.example.Transaction@53a5e217|MUHAMAD YAZID BIN JUMAAT | IBANKING -- IBANKING -- FBB0290U-001 : 015~015 IN
&amp#27;[36mReconciled May-matches ||||||||| PRINTING RECORDS ||||||||| :::
 | Record Ref ID | Transaction Amount | Transaction Date | Reconciled? | Reconciled with Txn Ref ID | Transaction Description | CHEQUE NO | CHANNEL |
 | com.example.Transaction@5e2f3be5 | 224.0 | 29/12/2020 | true | com.example.Transaction@53a5e217 | MUHAMAD YAZID B JUM | PAYMENT/TRANSFER OTHR MUHAMAD YAZID B JUM FBB290U | OTHR | PAYMENT/TRANSFER |  |  | MAY-MATCH | 
&amp#27;[0m
com.example.Transaction@624a24f6|MUHAMMAD ZAIDI BIN ABDUL RAHMAN | IBANKING -- IBANKING -- FBL1111U-001 : 055~055 IN
&amp#27;[36mReconciled May-matches ||||||||| PRINTING RECORDS ||||||||| :::
 | Record Ref ID | Transaction Amount | Transaction Date | Reconciled? | Reconciled with Txn Ref ID | Transaction Description | CHEQUE NO | CHANNEL |
 | com.example.Transaction@1bd0b0e5 | 360.0 | 29/12/2020 | true | com.example.Transaction@624a24f6 | MUHD ZAIDI BIN ABD | PAYMENT/TRANSFER OTHR MUHD ZAIDI BIN ABD FBL1111U | OTHR | PAYMENT/TRANSFER |  |  | MAY-MATCH | 
&amp#27;[0m
com.example.Transaction@6b00ad9|MUHAMMAD HARIS BIN ROSLAN | PAYNOW -- PAYNOW -- FBM8318P-001 : 032~032 IN
&amp#27;[36mReconciled May-matches ||||||||| PRINTING RECORDS ||||||||| :::
 | Record Ref ID | Transaction Amount | Transaction Date | Reconciled? | Reconciled with Txn Ref ID | Transaction Description | CHEQUE NO | CHANNEL |
 | com.example.Transaction@dc7b462 | 342.0 | 29/12/2020 | true | com.example.Transaction@6b00ad9 | NUR ZUHAIRAH BINTE | PAYMENT/TRANSFER OTHR S$ NUR ZUHAIRAH BINTE via PayNow: FBM8318P | OTHR S$ | PAYMENT/TRANSFER |  |  | MAY-MATCH | 
&amp#27;[0m
com.example.Transaction@338cc75f|MUHAMMAD FAZLIE BIN MOHAMAD | IBANKING -- IBANKING -- FBK9330G-001 : 057~057 IN
&amp#27;[36mReconciled May-matches ||||||||| PRINTING RECORDS ||||||||| :::
 | Record Ref ID | Transaction Amount | Transaction Date | Reconciled? | Reconciled with Txn Ref ID | Transaction Description | CHEQUE NO | CHANNEL |
 | com.example.Transaction@8bffb8b | 355.0 | 29/12/2020 | true | com.example.Transaction@338cc75f | OW YONG HOA LEON | PAYMENT/TRANSFER OTHR OW YONG HOA LEON Transfer | OTHR | PAYMENT/TRANSFER |  |  | MAY-MATCH | 
&amp#27;[0m
com.example.Transaction@4f453e63|SYED KAMAL BIN ISHAK | PAYNOW -- PAYNOW -- FBM9353E-001 : 031~031 IN
&amp#27;[36mReconciled May-matches ||||||||| PRINTING RECORDS ||||||||| :::
 | Record Ref ID | Transaction Amount | Transaction Date | Reconciled? | Reconciled with Txn Ref ID | Transaction Description | CHEQUE NO | CHANNEL |
 | com.example.Transaction@692fd26 | 275.0 | 30/12/2020 | true | com.example.Transaction@4f453e63 | ZAREENAH BEEVI D/O | PAYMENT/TRANSFER OTHR S$ ZAREENAH BEEVI D/O via PayNow: FBM9353E | OTHR S$ | PAYMENT/TRANSFER |  |  | MAY-MATCH | 
&amp#27;[0m
com.example.Transaction@7c9bdee9|MAY | PAYNOW -- PAYNOW -- FBJ2004A : JO201712-0017
&amp#27;[36mReconciled May-matches ||||||||| PRINTING RECORDS ||||||||| :::
 | Record Ref ID | Transaction Amount | Transaction Date | Reconciled? | Reconciled with Txn Ref ID | Transaction Description | CHEQUE NO | CHANNEL |
 | com.example.Transaction@61e3cf4d | 60.0 | 30/12/2020 | true | com.example.Transaction@7c9bdee9 | CHONG YEN MEI | PAYMENT/TRANSFER OTHR S$ CHONG YEN MEI via PayNow: Fbj2004a | OTHR S$ | PAYMENT/TRANSFER |  |  | MAY-MATCH | 
&amp#27;[0m
com.example.Transaction@7afbf561|REPAIR | IBANKING -- IBANKING -- ENGINE OIL
&amp#27;[36mReconciled May-matches ||||||||| PRINTING RECORDS ||||||||| :::
 | Record Ref ID | Transaction Amount | Transaction Date | Reconciled? | Reconciled with Txn Ref ID | Transaction Description | CHEQUE NO | CHANNEL |
 | com.example.Transaction@77010a30 | 21.4 | 30/12/2020 | true | com.example.Transaction@7afbf561 | MOHAMAD FAIZ JUFRI | PAYMENT/TRANSFER OTHR S$ MOHAMAD FAIZ JUFRI via PayNow: 2T | OTHR S$ | PAYMENT/TRANSFER |  |  | MAY-MATCH | 
&amp#27;[0m
com.example.Transaction@2f98635e|MUHAMMAD RIDUAN BIN A RAHIM | IBANKING -- IBANKING -- FBQ2241U-001 : 016~016 IN
&amp#27;[36mReconciled May-matches ||||||||| PRINTING RECORDS ||||||||| :::
 | Record Ref ID | Transaction Amount | Transaction Date | Reconciled? | Reconciled with Txn Ref ID | Transaction Description | CHEQUE NO | CHANNEL |
 | com.example.Transaction@67c119b7 | 217.0 | 31/12/2020 | true | com.example.Transaction@2f98635e | NORJULIANAWATI BTE | PAYMENT/TRANSFER OTHR NORJULIANAWATI BTE FBQ2241U | OTHR | PAYMENT/TRANSFER |  |  | MAY-MATCH | 
&amp#27;[0m
com.example.Transaction@49c8f6e8|KANG SWEE SOO | IBANKING -- IBANKING -- FBM3627E-001 : 006~006 IN
&amp#27;[36mReconciled May-matches ||||||||| PRINTING RECORDS ||||||||| :::
 | Record Ref ID | Transaction Amount | Transaction Date | Reconciled? | Reconciled with Txn Ref ID | Transaction Description | CHEQUE NO | CHANNEL |
 | com.example.Transaction@6c03fb16 | 155.0 | 31/12/2020 | true | com.example.Transaction@49c8f6e8 | SEAH LI HOON | PAYMENT/TRANSFER OTHR SEAH LI HOON FBM3627E | OTHR | PAYMENT/TRANSFER |  |  | MAY-MATCH | 
&amp#27;[0m
com.example.Transaction@6b0615ae|MUHAMMAD MAHMUD BIN MOHD MORLI | IBANKING -- IBANKING -- FBG1921A-001 : 048~048 IN
&amp#27;[36mReconciled May-matches ||||||||| PRINTING RECORDS ||||||||| :::
 | Record Ref ID | Transaction Amount | Transaction Date | Reconciled? | Reconciled with Txn Ref ID | Transaction Description | CHEQUE NO | CHANNEL |
 | com.example.Transaction@6f9ad11c | 271.0 | 31/12/2020 | true | com.example.Transaction@6b0615ae | MUHAMMAD MAHMUD B M | PAYMENT/TRANSFER OTHR MUHAMMAD MAHMUD B M FBG1921A | OTHR | PAYMENT/TRANSFER |  |  | MAY-MATCH | 
&amp#27;[0m
com.example.Transaction@4e73b552|ANDA INSURANCE AGENCIES PTE LTD | P201220:OCBC -- P201220:OCBC -- NOV 2020
&amp#27;[36mReconciled May-matches ||||||||| PRINTING RECORDS ||||||||| :::
 | Record Ref ID | Transaction Amount | Transaction Date | Reconciled? | Reconciled with Txn Ref ID | Transaction Description | CHEQUE NO | CHANNEL |
 | com.example.Transaction@58e92c23 | -3496.04 | 31/12/2020 | true | com.example.Transaction@4e73b552 | P201220 | FUND TRANSFER Fund Transfer to account 652325689001 SGD 3 496.04@1 ATAN MOTORING - Nov 2020 | CT0020478821 | FUND TRANSFER |  |  | MAY-MATCH | 
&amp#27;[0m
com.example.Transaction@221dad51|JELANI BIN CHIK | PAYNOW -- PAYNOW -- FBR8570A-001 : 002~002 IN
&amp#27;[36mReconciled May-matches ||||||||| PRINTING RECORDS ||||||||| :::
 | Record Ref ID | Transaction Amount | Transaction Date | Reconciled? | Reconciled with Txn Ref ID | Transaction Description | CHEQUE NO | CHANNEL |
 | com.example.Transaction@3e7545e8 | 300.0 | 31/12/2020 | true | com.example.Transaction@221dad51 | MARIANI BINTE ABDUL | PAYMENT/TRANSFER OTHR S$ MARIANI BINTE ABDUL via PayNow: FBR8570A | OTHR S$ | PAYMENT/TRANSFER |  |  | MAY-MATCH | 
&amp#27;[0m
com.example.Transaction@2cec704c|TAN JI WEI | IBANKING -- IBANKING -- FBQ8228U-001 : 012~000 IN
&amp#27;[36mReconciled May-matches ||||||||| PRINTING RECORDS ||||||||| :::
 | Record Ref ID | Transaction Amount | Transaction Date | Reconciled? | Reconciled with Txn Ref ID | Transaction Description | CHEQUE NO | CHANNEL |
 | com.example.Transaction@5782d777 | 800.0 | 31/12/2020 | true | com.example.Transaction@2cec704c | LEE SENG CHUN | PAYMENT/TRANSFER OTHR S$ LEE SENG CHUN via PayNow: Fbq8228u | OTHR S$ | PAYMENT/TRANSFER |  |  | MAY-MATCH | 
&amp#27;[0m
]]></system-out>
  </testcase>
  <testcase name="expect_AfterReconRun_remove_CASH_REBATE_and_Sumup_forUser" classname="com.example.tests.TestReconciliationTool" time="0.005">
    <system-out><![CDATA[CASH REBATE TOTAL: 0.9199999999999998
{18/12/2020=0.9199999999999998}
&amp#27;[36mRECONCILED CASH REBATE ||||||||| PRINTING RECORDS ||||||||| ::: Record Count: (3)
 | CHANNEL | Record Ref ID | Transaction Amount | Transaction Date | Reconciled? | Reconciled with Txn Ref ID | Transaction Description |
 | CASH REBATE | com.example.Transaction@25a5c7db | 0.03 | 18/12/2020 | true | Manual User Entry for CASH REBATE on 18/12/2020 |  | CASH REBATE CASH REBATE |  | CASH REBATE | 
 | CASH REBATE | com.example.Transaction@35cd68d4 | 0.04 | 18/12/2020 | true | Manual User Entry for CASH REBATE on 18/12/2020 |  | CASH REBATE CASH REBATE |  | CASH REBATE | 
 | CASH REBATE | com.example.Transaction@316a598d | 0.85 | 18/12/2020 | true | Manual User Entry for CASH REBATE on 18/12/2020 |  | CASH REBATE CASH REBATE |  | CASH REBATE | 
&amp#27;[0m
]]></system-out>
  </testcase>
  <testcase name="expect_reconciled_records_transaction_dates_are_the_same_for_goodmatches" classname="com.example.tests.TestReconciliationTool" time="0.173"/>
  <testcase name="expect_NETS_bank_transaction_tallywith_the_sum_of_company_NETS_transaction_per_day" classname="com.example.tests.TestReconciliationTool" time="0.01"/>
  <testcase name="expect_able_to_compare_balance_of_two_set_of_records" classname="com.example.tests.TestReconciliationTool" time="0.003"/>
  <testcase name="expect_to_reconcile_LTA_transaction_by_user_reference_date" classname="com.example.tests.TestReconciliationTool" time="0.085"/>
  <testcase name="expect_able_to_tell_which_records_on_array1_unable_to_reconcile" classname="com.example.tests.TestReconciliationTool" time="0.206">
    <system-out><![CDATA[GIRO CHARGES TOTAL: -6.2
{21/12/2020=-0.4, 14/12/2020=-0.2, 07/12/2020=-0.2, 08/12/2020=-0.4, 28/12/2020=-3.8000000000000003, 31/12/2020=-0.2, 11/12/2020=-0.8, 29/12/2020=-0.2}
CASH REBATE TOTAL: 0.9199999999999998
{18/12/2020=0.9199999999999998}

&amp#27;[46mBank Statement Pending Recon ||||||||| SUMMARY OF RECORDS ||||||||| ::: Count:35 of 590 | Reconciled: 94%&amp#27;[0m

&amp#27;[46mCompany unrecorded pending  ||||||||| SUMMARY OF RECORDS ||||||||| ::: Count:36 of 634 | Reconciled: 94%&amp#27;[0m

&amp#27;[46mBank Statement Pending Recon ||||||||| SUMMARY OF RECORDS ||||||||| ::: Count:35 of 590 | Reconciled: 94%&amp#27;[0m
&amp#27;[36mBANK STATEMENT records not found in COMPANY BOOKS ||||||||| PRINTING RECORDS ||||||||| ::: Record Count: (35)
 | CHANNEL | Record Ref ID | Transaction Amount | Transaction Date | Reconciled? | Reconciled with Txn Ref ID | Transaction Description |
 |  | com.example.Transaction@6a1d6ef2 | 216.7 | 02/12/2020 | false |  | ARMAN BIN MOHAMED A | SI               FBN8463Y IBG GIRO | OTHR | IBG GIRO | 
 |  | com.example.Transaction@590f0c50 | -3171.22 | 03/12/2020 | false |  | P201201 | FUND TRANSFER Fund Transfer to account 652325689001 SGD 3 171.22@1 ATAN MOTORING - Oct 2020 | CT0020242905 | FUND TRANSFER | 
 |  | com.example.Transaction@3a4ab7f7 | 0.5 | 03/12/2020 | false |  |  | FAST Rebate SERVICE CHARGE ADJ | 1028675531 | SERVICE CHARGE ADJ | 
 |  | com.example.Transaction@29c17c3d | -0.07 | 23/12/2020 | false |  |  | ST-ATM DEP OCBC-ION ORCHARD BRANCH SVCCHG COIN DEPOSIT |  | SVCCHG COIN DEPOSIT | 
 |  | com.example.Transaction@7c5d1d25 | -39.81 | 28/12/2020 | false |  | SP SERVICES LTD | GIRO Collection 8902370199 IBG GIRO | COLL 8902370199 | IBG GIRO | 
 |  | com.example.Transaction@550e9be6 | -73.27 | 28/12/2020 | false |  | SP SERVICES LTD | GIRO Collection 8903495888 IBG GIRO | COLL 8903495888 | IBG GIRO | 
 |  | com.example.Transaction@cedee22 | 340.0 | 29/12/2020 | false |  |  | CASH DEPOSIT     CDM |  | CASH DEPOSIT     CDM | 
 |  | com.example.Transaction@3408f695 | -59.35 | 30/12/2020 | false |  | Singapore Telecommu | 68472174 IBG GIRO | COLL 68472174 | IBG GIRO | 
 |  | com.example.Transaction@2b6a0ea9 | -429.51 | 30/12/2020 | false |  | Singapore Telecommu | 11538363 IBG GIRO | COLL 11538363 | IBG GIRO | 
 |  | com.example.Transaction@4faf104 | -17.25 | 31/12/2020 | false |  |  | TRANS CHARGE |  | TRANS CHARGE | 
 | CHEQUE | com.example.Transaction@2740e316 | -1305.03 | 01/12/2020 | false |  | 186441 | CHQ186441 CHEQUE |  | CHEQUE | 
 | CHEQUE | com.example.Transaction@d257579 | 345.0 | 10/12/2020 | false |  | 254254 | RHB BANK BHD CHQ254254 CHEQUE DEPOSIT |  | CHEQUE DEPOSIT | 
 | CHEQUE | com.example.Transaction@33a55bd8 | -345.0 | 11/12/2020 | false |  | 254254 | RHB BANK BHD CHQ254254 RETURN CHEQUE Cheque Irregularly Drawn |  | RETURN CHEQUE | 
 | CHEQUE | com.example.Transaction@6a1d526c | -7000.0 | 28/12/2020 | false |  | 186168 | CHQ186168 CHEQUE |  | CHEQUE | 
 | GIRO PAYMENT | com.example.Transaction@40fa8766 | -4669.6 | 08/12/2020 | false |  | P201205 | GIRO PAYMENT |  | GIRO PAYMENT | 
 | GIRO PAYMENT | com.example.Transaction@67774e29 | -4683.64 | 08/12/2020 | false |  | P201206 | GIRO PAYMENT |  | GIRO PAYMENT | 
 | GIRO PAYMENT | com.example.Transaction@64dae3b7 | -283.59 | 11/12/2020 | false |  | P201205 (2/2) | GIRO PAYMENT |  | GIRO PAYMENT | 
 | GIRO PAYMENT | com.example.Transaction@726934e2 | -25369.0 | 28/12/2020 | false |  | P201216 | GIRO PAYMENT |  | GIRO PAYMENT | 
 | LTA | com.example.Transaction@58b5a2f3 | -199.0 | 19/12/2020 | false |  | 16/12/2020 | xx-7992 LTA E-SERVICE VRLS     SIN DEBIT PURCHASE |  | DEBIT PURCHASE | 
 | LTA | com.example.Transaction@d70f722 | -25.0 | 21/12/2020 | false |  | 17/12/2020 | xx-7992 LTA E-SERVICE VRLS     SIN DEBIT PURCHASE |  | DEBIT PURCHASE | 
 | NETS -- NETS | com.example.Transaction@6f6c6077 | 661.65 | 01/12/2020 | false |  | ATAN MOTOR | 11146097500 POS SETTLEMENT | 30/11/2020 | POS SETTLEMENT | 
 | NETS -- NETS | com.example.Transaction@20eaeaf8 | 418.45 | 21/12/2020 | false |  | ATAN MOTOR | 11146097500 POS SETTLEMENT | 18/12/2020 | POS SETTLEMENT | 
 | NETS -- NETS | com.example.Transaction@2f10f633 | 3191.97 | 24/12/2020 | false |  | ATAN MOTOR | 11146097500 POS SETTLEMENT | 23/12/2020 | POS SETTLEMENT | 
 | PAYMENT/TRANSFER | com.example.Transaction@2c413ffc | 5609.0 | 01/12/2020 | false |  | ISWANDA BIN PUJIYON | PAYMENT/TRANSFER OTHR S$ ISWANDA BIN PUJIYON via PayNow: FBG9596C | OTHR S$ | PAYMENT/TRANSFER | 
 | PAYMENT/TRANSFER | com.example.Transaction@205df5dc | 15.3 | 02/12/2020 | false |  | ARMAN BIN MOHAMED A | PAYMENT/TRANSFER OTHR S$ ARMAN BIN MOHAMED A via PayNow: FBN8463Y | OTHR S$ | PAYMENT/TRANSFER | 
 | PAYMENT/TRANSFER | com.example.Transaction@63cf9de0 | 172.0 | 04/12/2020 | false |  | CHEN TIAM JIAM | PAYMENT/TRANSFER OTHR S$ CHEN TIAM JIAM via PayNow: FOR FBD8296R | OTHR S$ | PAYMENT/TRANSFER | 
 | PAYMENT/TRANSFER | com.example.Transaction@594d9f07 | 172.0 | 04/12/2020 | false |  | CHEN TIAM JIAM | PAYMENT/TRANSFER OTHR S$ CHEN TIAM JIAM via PayNow: FOR FBD8296R | OTHR S$ | PAYMENT/TRANSFER | 
 | PAYMENT/TRANSFER | com.example.Transaction@5e9f73b | 303.0 | 04/12/2020 | false |  | SHAKYNA BINTE RAMLE | PAYMENT/TRANSFER OTHR SHAKYNA BINTE RAMLE FBN2823G and insurance | OTHR | PAYMENT/TRANSFER | 
 | PAYMENT/TRANSFER | com.example.Transaction@76e9f00b | 8.0 | 04/12/2020 | false |  | SHAKYNA BINTE RAMLE | PAYMENT/TRANSFER OTHR SHAKYNA BINTE RAMLE Thanks and Sorry | OTHR | PAYMENT/TRANSFER | 
 | PAYMENT/TRANSFER | com.example.Transaction@2ee83775 | 187.2 | 05/12/2020 | false |  | MOHAMMED SHAFEERUDE | PAYMENT/TRANSFER OTHR S$ MOHAMMED SHAFEERUDE via PayNow: 198903552w | OTHR S$ | PAYMENT/TRANSFER | 
 | PAYMENT/TRANSFER | com.example.Transaction@7327a447 | 187.0 | 19/12/2020 | false |  | ONG YU YING (WANG Y | PAYMENT/TRANSFER OTHR ONG YU YING (WANG Y fbn9331m | OTHR | PAYMENT/TRANSFER | 
 | PAYMENT/TRANSFER | com.example.Transaction@67022ea | 187.0 | 19/12/2020 | false |  | ONG YU YING (WANG Y | PAYMENT/TRANSFER OTHR ONG YU YING (WANG Y fnb9331m | OTHR | PAYMENT/TRANSFER | 
 | PAYMENT/TRANSFER | com.example.Transaction@2db1b657 | 500.0 | 21/12/2020 | false |  | HEE WHYE TECK (XU W | PAYMENT/TRANSFER OTHR HEE WHYE TECK (XU W Transfer | OTHR | PAYMENT/TRANSFER | 
 | PAYMENT/TRANSFER | com.example.Transaction@67536ae0 | 30.0 | 23/12/2020 | false |  | MUHAMMAD ZULHUSNI B | PAYMENT/TRANSFER OTHR S$ MUHAMMAD ZULHUSNI B via PayNow: Fbq4082z | OTHR S$ | PAYMENT/TRANSFER | 
 | PAYMENT/TRANSFER | com.example.Transaction@7cfac39f | 230.0 | 28/12/2020 | false |  | MUHAMMAD FAIZ TAJUD | PAYMENT/TRANSFER OTHR S$ MUHAMMAD FAIZ TAJUD via PayNow: FBP3628L | OTHR S$ | PAYMENT/TRANSFER | 
&amp#27;[0m
&amp#27;[36m&amp#27;[35m BANK RECORDS ||||||||| PRINTING RECORDS ||||||||| ::: Record Count: (590)
 | CHANNEL | Record Ref ID | Transaction Amount | Transaction Date | Reconciled? | Reconciled with Txn Ref ID | Transaction Description |
 | PAYMENT/TRANSFER | com.example.Transaction@2c413ffc | 5609.0 | 01/12/2020 | false |  | ISWANDA BIN PUJIYON | PAYMENT/TRANSFER OTHR S$ ISWANDA BIN PUJIYON via PayNow: FBG9596C | OTHR S$ | PAYMENT/TRANSFER | 
 | MAY-MATCH | com.example.Transaction@7d21852b | 250.0 | 01/12/2020 | true | com.example.Transaction@5995851e | MOHAMMAD ZAMEER BIN | PAYMENT/TRANSFER OTHR S$ MOHAMMAD ZAMEER BIN via PayNow: FBJ6122R | OTHR S$ | PAYMENT/TRANSFER | 
 | PAYMENT/TRANSFER | com.example.Transaction@6cd98a05 | 278.0 | 01/12/2020 | true | com.example.Transaction@f29353f | HO ZHI QUAN | PAYMENT/TRANSFER OTHR HO ZHI QUAN FBK9357E | OTHR | PAYMENT/TRANSFER | 
 | MAY-MATCH | com.example.Transaction@3b8ec001 | 131.0 | 01/12/2020 | true | com.example.Transaction@48a2db72 | RIFQI NAZMI BIN ABD | PAYMENT/TRANSFER OTHR S$ RIFQI NAZMI BIN ABD via PayNow: FBJ832P | OTHR S$ | PAYMENT/TRANSFER | 
 | PAYMENT/TRANSFER | com.example.Transaction@1e95b653 | 204.0 | 01/12/2020 | true | com.example.Transaction@36f7d7b | NURUL KHAIRUNNISA B | PAYMENT/TRANSFER OTHR NURUL KHAIRUNNISA B fbp994z | OTHR | PAYMENT/TRANSFER | 
 | NETS -- NETS | com.example.Transaction@6f6c6077 | 661.65 | 01/12/2020 | false |  | ATAN MOTOR | 11146097500 POS SETTLEMENT | 30/11/2020 | POS SETTLEMENT | 
 |  | com.example.Transaction@4fc5563d | 251.0 | 01/12/2020 | true | com.example.Transaction@7951c3a2 | from FBL3296G FARID | OTHR - Other FUND TRANSFER |  | FUND TRANSFER | 
 | PAYMENT/TRANSFER | com.example.Transaction@286090c | 265.0 | 01/12/2020 | true | com.example.Transaction@60aec68a | MOHAMED FEROZE BIN | PAYMENT/TRANSFER IHRP MOHAMED FEROZE BIN Feroze  FBN 401 D | IHRP | PAYMENT/TRANSFER | 
 | PAYMENT/TRANSFER | com.example.Transaction@31120021 | 333.0 | 01/12/2020 | true | com.example.Transaction@25a7fedf | SUHAIRY BIN FADLILA | PAYMENT/TRANSFER OTHR S$ SUHAIRY BIN FADLILA via PayNow: FBR3022Z | OTHR S$ | PAYMENT/TRANSFER | 
 |  | com.example.Transaction@3df1a1ac | 230.0 | 01/12/2020 | true | com.example.Transaction@4ed9f7b1 | from MUHAMMAD SHAHR | OTHR - FBQ5657J FUND TRANSFER | via PayNow-UEN | FUND TRANSFER | 
 | MAY-MATCH | com.example.Transaction@58606c91 | 156.0 | 01/12/2020 | true | com.example.Transaction@51bddd98 | FATHUR RAHMAN BIN H | PAYMENT/TRANSFER OTHR S$ FATHUR RAHMAN BIN H via PayNow: FBC7693P | OTHR S$ | PAYMENT/TRANSFER | 
 | PAYMENT/TRANSFER | com.example.Transaction@6a9cd0f8 | 500.0 | 01/12/2020 | true | com.example.Transaction@6361b799 | MUHAMMAD RAQIB BIN | PAYMENT/TRANSFER OTHR MUHAMMAD RAQIB BIN fbp1371p | OTHR | PAYMENT/TRANSFER | 
 | MAY-MATCH | com.example.Transaction@4baed682 | 350.0 | 01/12/2020 | true | com.example.Transaction@21c747a | MUHAMMAD I'ZZUN BIN | PAYMENT/TRANSFER OTHR S$ MUHAMMAD I'ZZUN BIN via PayNow: FBN7299L | OTHR S$ | PAYMENT/TRANSFER | 
 | PAYMENT/TRANSFER | com.example.Transaction@7be2f29a | 307.0 | 01/12/2020 | true | com.example.Transaction@1b9d9a2b | SENG TSHUN MING | PAYMENT/TRANSFER LOAN SENG TSHUN MING Fbm1996c | LOAN | PAYMENT/TRANSFER | 
 | PAYMENT/TRANSFER | com.example.Transaction@203d1d93 | 500.0 | 01/12/2020 | true | com.example.Transaction@d919544 | CHAN CHEE HONG | PAYMENT/TRANSFER OTHR CHAN CHEE HONG FBR2603R | OTHR | PAYMENT/TRANSFER | 
 | PAYMENT/TRANSFER | com.example.Transaction@2c2a027c | 235.0 | 01/12/2020 | true | com.example.Transaction@17dad32f | LEE KAH KUANG | PAYMENT/TRANSFER LOAN LEE KAH KUANG Transfer | LOAN | PAYMENT/TRANSFER | 
 | PAYMENT/TRANSFER | com.example.Transaction@118dcbbd | 225.0 | 01/12/2020 | true | com.example.Transaction@79696332 | M I MUHAMMAD ABDULL | PAYMENT/TRANSFER OTHR S$ M I MUHAMMAD ABDULL via PayNow: FBK4960X | OTHR S$ | PAYMENT/TRANSFER | 
 | MAY-MATCH | com.example.Transaction@7d979d34 | 500.0 | 01/12/2020 | true | com.example.Transaction@77d4ac52 | 665417770001 | 3RD PTY TRANSFER ATM |  | 3RD PTY TRANSFER ATM | 
 | MAY-MATCH | com.example.Transaction@350ec690 | 171.0 | 01/12/2020 | true | com.example.Transaction@29f38091 | MUHAMMAD HAIRULNIZA | PAYMENT/TRANSFER OTHR S$ MUHAMMAD HAIRULNIZA via PayNow: fbn2190z. S7145947J | OTHR S$ | PAYMENT/TRANSFER | 
 |  | com.example.Transaction@49cb1baf | 360.0 | 01/12/2020 | true | com.example.Transaction@2d119405 | DBS INTERNET BANKIN | FBL1111U IBG GIRO | OTHR | IBG GIRO | 
 |  | com.example.Transaction@3664f108 | 198.0 | 01/12/2020 | true | com.example.Transaction@57e388c3 | NOHAZLAN BIN ALI | SI               FBD6525T IBG GIRO | OTHR | IBG GIRO | 
 |  | com.example.Transaction@77dba4cd | 208.0 | 01/12/2020 | true | com.example.Transaction@20580d4e | MOHD HAMSANI B HAMD | SI               FBP6035C IBG GIRO | OTHR | IBG GIRO | 
 |  | com.example.Transaction@34a2d6e0 | 231.0 | 01/12/2020 | true | com.example.Transaction@21bd128b | MOHD SHARIFFUDDIN B | SI               FBN2822J IBG GIRO | OTHR | IBG GIRO | 
 |  | com.example.Transaction@2525a5b8 | 281.0 | 01/12/2020 | true | com.example.Transaction@2d0b05 | CHEW KEAN NAM | SI               FBR5128P IBG GIRO | OTHR | IBG GIRO | 
 |  | com.example.Transaction@3458eca5 | 284.0 | 01/12/2020 | true | com.example.Transaction@4b432e53 | from MOHAMAD SHAHRI | OTHR - Fbm6464m FUND TRANSFER | via PayNow-UEN | FUND TRANSFER | 
 | MAY-MATCH | com.example.Transaction@1e0fdb2f | 219.0 | 01/12/2020 | true | com.example.Transaction@161dd92a | ALIZAH BINTE ABDULL | PAYMENT/TRANSFER OTHR S$ ALIZAH BINTE ABDULL via PayNow: FBL4181Y | OTHR S$ | PAYMENT/TRANSFER | 
 | MAY-MATCH | com.example.Transaction@3c380bd8 | 300.0 | 01/12/2020 | true | com.example.Transaction@77c3c037 | NORETA BINTE MD RAU | PAYMENT/TRANSFER OTHR S$ NORETA BINTE MD RAU via PayNow: Instalment for FBM7755 | OTHR S$ | PAYMENT/TRANSFER | 
 | MAY-MATCH | com.example.Transaction@34b87182 | 388.0 | 01/12/2020 | true | com.example.Transaction@252744a1 | MUHAMMAD ZUHAIR JOH | PAYMENT/TRANSFER OTHR MUHAMMAD ZUHAIR JOH Transfer | OTHR | PAYMENT/TRANSFER | 
 | CHEQUE | com.example.Transaction@27be17c8 | 4050.0 | 01/12/2020 | true | com.example.Transaction@47768e74 | 893115 | OCBC CHQ893115 CHEQUE DEPOSIT |  | CHEQUE DEPOSIT | 
 | CHEQUE | com.example.Transaction@2740e316 | -1305.03 | 01/12/2020 | false |  | 186441 | CHQ186441 CHEQUE |  | CHEQUE | 
 | MAY-MATCH | com.example.Transaction@2c991465 | 438.0 | 02/12/2020 | true | com.example.Transaction@10e5bf9c | HO CHI WING | PAYMENT/TRANSFER OTHR HO CHI WING FBG0332G | OTHR | PAYMENT/TRANSFER | 
 | MAY-MATCH | com.example.Transaction@5fef2aac | 372.0 | 02/12/2020 | true | com.example.Transaction@68c9e023 | GOH SIAU THIAN | PAYMENT/TRANSFER OTHR S$ GOH SIAU THIAN via PayNow: UEN198903552W FBP561P | OTHR S$ | PAYMENT/TRANSFER | 
 | NETS -- NETS | com.example.Transaction@7f973a14 | 3433.5 | 02/12/2020 | true | DailyNETSSum-01/12/2020 | ATAN MOTOR | 11146097500 POS SETTLEMENT | 01/12/2020 | POS SETTLEMENT | 
 | MAY-MATCH | com.example.Transaction@76130a29 | 298.0 | 02/12/2020 | true | com.example.Transaction@1624775 | NUR WANI BINTE MOHA | PAYMENT/TRANSFER OTHR NUR WANI BINTE MOHA Transfer FBN3736T | OTHR | PAYMENT/TRANSFER | 
 |  | com.example.Transaction@124d02b2 | 100.0 | 02/12/2020 | true | com.example.Transaction@2b916808 | 665417770001 | 3RD PTY TRANSFER ATM |  | 3RD PTY TRANSFER ATM | 
 | PAYMENT/TRANSFER | com.example.Transaction@3451f01d | 220.0 | 02/12/2020 | true | com.example.Transaction@ed2f2f6 | QUAH CHEUN TAI | PAYMENT/TRANSFER OTHR S$ QUAH CHEUN TAI via PayNow: FBN2627G | OTHR S$ | PAYMENT/TRANSFER | 
 |  | com.example.Transaction@72503b19 | 256.0 | 02/12/2020 | true | com.example.Transaction@62f11ebb | from SEE YAO JIE RO | OTHR - NA FUND TRANSFER | via PayNow-QR Code | FUND TRANSFER | 
 |  | com.example.Transaction@1cfc2538 | 147.0 | 02/12/2020 | true | com.example.Transaction@a6c54c3 | 665417770001 | 3RD PTY TRANSFER ATM |  | 3RD PTY TRANSFER ATM | 
 | PAYMENT/TRANSFER | com.example.Transaction@66deec87 | 232.0 | 02/12/2020 | true | com.example.Transaction@fe87ddd | SURESH PILLAI SAMMU | PAYMENT/TRANSFER OTHR SURESH PILLAI SAMMU Transfer | OTHR | PAYMENT/TRANSFER | 
 | MAY-MATCH | com.example.Transaction@5d342959 | 187.0 | 02/12/2020 | true | com.example.Transaction@1e7f19b4 | MOHD IZWAN BIN MOHD | PAYMENT/TRANSFER OTHR S$ MOHD IZWAN BIN MOHD via PayNow: FBM1276Y | OTHR S$ | PAYMENT/TRANSFER | 
 |  | com.example.Transaction@2ecf5915 | 264.0 | 02/12/2020 | true | com.example.Transaction@580fd26b | SIM LAI HOCK | SI               FBQ7119H IBG GIRO | OTHR | IBG GIRO | 
 |  | com.example.Transaction@53e76c11 | 198.0 | 02/12/2020 | true | com.example.Transaction@78fe204a | SUFFIAN BIN MOHD NO | SI               FBJ1917Y IBG GIRO | OTHR | IBG GIRO | 
 |  | com.example.Transaction@42cc183e | 520.0 | 02/12/2020 | true | com.example.Transaction@1290ed28 | JURAIMI BIN SAMRI | SI               FBL4574Y IBG GIRO | OTHR | IBG GIRO | 
 |  | com.example.Transaction@3e4e8fdf | 392.0 | 02/12/2020 | true | com.example.Transaction@7a3269f5 | ONG BOON HUAT | SI               FBR6999K IBG GIRO | OTHR | IBG GIRO | 
 |  | com.example.Transaction@6a1d6ef2 | 216.7 | 02/12/2020 | false |  | ARMAN BIN MOHAMED A | SI               FBN8463Y IBG GIRO | OTHR | IBG GIRO | 
 |  | com.example.Transaction@2721044 | 264.0 | 02/12/2020 | true | com.example.Transaction@5c887052 | MANAF BIN ABDULLAH | SI               FBJ6983Y IBG GIRO | OTHR | IBG GIRO | 
 | PAYMENT/TRANSFER | com.example.Transaction@205df5dc | 15.3 | 02/12/2020 | false |  | ARMAN BIN MOHAMED A | PAYMENT/TRANSFER OTHR S$ ARMAN BIN MOHAMED A via PayNow: FBN8463Y | OTHR S$ | PAYMENT/TRANSFER | 
 | PAYMENT/TRANSFER | com.example.Transaction@6aa7b67f | 234.0 | 03/12/2020 | true | com.example.Transaction@4eea94a4 | MOHD SHAMSUDIN B MD | PAYMENT/TRANSFER OTHR MOHD SHAMSUDIN B MD FBL 6392 S | OTHR | PAYMENT/TRANSFER | 
 | PAYMENT/TRANSFER | com.example.Transaction@6bcc3f27 | 296.0 | 03/12/2020 | true | com.example.Transaction@7c281eb8 | CHEAH WENG LEONG | PAYMENT/TRANSFER OTHR CHEAH WENG LEONG FBQ5269X | OTHR | PAYMENT/TRANSFER | 
 | NETS -- NETS | com.example.Transaction@79aee22a | 561.8 | 03/12/2020 | true | DailyNETSSum-02/12/2020 | ATAN MOTOR | 11146097500 POS SETTLEMENT | 02/12/2020 | POS SETTLEMENT | 
 |  | com.example.Transaction@36920bd6 | 150.0 | 03/12/2020 | true | com.example.Transaction@55fdf7f9 | from FBP1105S JAYA | OTHR - Dec FUND TRANSFER |  | FUND TRANSFER | 
 | PAYMENT/TRANSFER | com.example.Transaction@61514735 | 220.0 | 03/12/2020 | true | com.example.Transaction@65f40689 | TAMIL SELVAM S/O G | PAYMENT/TRANSFER OTHR S$ TAMIL SELVAM S/O G via PayNow: FBK6328J | OTHR S$ | PAYMENT/TRANSFER | 
 | PAYMENT/TRANSFER | com.example.Transaction@6bee793f | 166.0 | 03/12/2020 | true | com.example.Transaction@29be997f | NOR IRSHARUDDIN BIN | PAYMENT/TRANSFER OTHR NOR IRSHARUDDIN BIN FBC6854Z S9702411A | OTHR | PAYMENT/TRANSFER | 
 | PAYMENT/TRANSFER | com.example.Transaction@655f69da | 230.0 | 03/12/2020 | true | com.example.Transaction@33eb6758 | MUHAMMAD KHAIRI BIN | PAYMENT/TRANSFER OTHR MUHAMMAD KHAIRI BIN Transfer | OTHR | PAYMENT/TRANSFER | 
 | MAY-MATCH | com.example.Transaction@43b5021c | 122.0 | 03/12/2020 | true | com.example.Transaction@235b4cb8 | NUR RISHDA BINTE MO | PAYMENT/TRANSFER OTHR S$ NUR RISHDA BINTE MO via PayNow: FBG5928E | OTHR S$ | PAYMENT/TRANSFER | 
 |  | com.example.Transaction@28369db0 | 185.0 | 03/12/2020 | true | com.example.Transaction@4091b9c3 | from NORMALA BINTE | OTHR - FBQ9771K FUND TRANSFER | via PayNow-UEN | FUND TRANSFER | 
 | PAYMENT/TRANSFER | com.example.Transaction@30893e08 | 176.0 | 03/12/2020 | true | com.example.Transaction@f8a6243 | MOHAMED JAVED | PAYMENT/TRANSFER OTHR S$ MOHAMED JAVED via PayNow: FBH7745Y | OTHR S$ | PAYMENT/TRANSFER | 
 |  | com.example.Transaction@2e86807a | 306.0 | 03/12/2020 | true | com.example.Transaction@29050de5 | ATAN MOTOR | TRANSFER Fund Transfer from KSL AIRCONDITIONING & ENGINEERING W SGD 306.00 insuran | CT0020242199 | TRANSFER | 
 | MAY-MATCH | com.example.Transaction@4548d254 | 53.5 | 03/12/2020 | true | com.example.Transaction@4346808 | AXA INSURANCE PTE. | 33600WMKCSK IBG GIRO | OTHR | IBG GIRO | 
 |  | com.example.Transaction@590f0c50 | -3171.22 | 03/12/2020 | false |  | P201201 | FUND TRANSFER Fund Transfer to account 652325689001 SGD 3 171.22@1 ATAN MOTORING - Oct 2020 | CT0020242905 | FUND TRANSFER | 
 | PAYMENT/TRANSFER | com.example.Transaction@208f0007 | 300.0 | 03/12/2020 | true | com.example.Transaction@4a8ffd75 | MUHAMMAD ZAFAPRI BI | PAYMENT/TRANSFER OTHR S$ MUHAMMAD ZAFAPRI BI via PayNow: 9971 | OTHR S$ | PAYMENT/TRANSFER | 
 | PAYMENT/TRANSFER | com.example.Transaction@3a90c13c | 150.0 | 03/12/2020 | true | com.example.Transaction@1727e03a | WONG CHIN KEAT | PAYMENT/TRANSFER OTHR S$ WONG CHIN KEAT via PayNow: FBF7229G | OTHR S$ | PAYMENT/TRANSFER | 
 | PAYMENT/TRANSFER | com.example.Transaction@39c96e48 | 306.0 | 03/12/2020 | true | com.example.Transaction@7f9e8421 | LIM KOK HWA | PAYMENT/TRANSFER OTHR S$ LIM KOK HWA via PayNow: Lim Kok Hwa FBR1035A | OTHR S$ | PAYMENT/TRANSFER | 
 | CHEQUE | com.example.Transaction@5b5a4aed | 226.2 | 03/12/2020 | true | com.example.Transaction@188598ad | 480374 | UOB BANK CHQ480374 CHEQUE DEPOSIT |  | CHEQUE DEPOSIT | 
 | CHEQUE | com.example.Transaction@40d23c82 | 5000.0 | 03/12/2020 | true | com.example.Transaction@7cf78c85 | 987868 | CREDIT AGRICOLE C&I CHQ987868 CHEQUE DEPOSIT |  | CHEQUE DEPOSIT | 
 |  | com.example.Transaction@3a4ab7f7 | 0.5 | 03/12/2020 | false |  |  | FAST Rebate SERVICE CHARGE ADJ | 1028675531 | SERVICE CHARGE ADJ | 
 | LTA | com.example.Transaction@6badba10 | -25.0 | 04/12/2020 | true | com.example.Transaction@13e5d243 | 01/12/2020 | xx-7992 LTA E-SERVICE VRLS     SIN DEBIT PURCHASE |  | DEBIT PURCHASE | 
 | LTA | com.example.Transaction@2b7e8044 | -74.0 | 04/12/2020 | true | com.example.Transaction@35ef439e | 01/12/2020 | xx-8024 LTA E-SERVICE VRLS     SIN DEBIT PURCHASE |  | DEBIT PURCHASE | 
 | NETS -- NETS | com.example.Transaction@550de6b8 | 2535.15 | 04/12/2020 | true | DailyNETSSum-03/12/2020 | ATAN MOTOR | 11146097500 POS SETTLEMENT | 03/12/2020 | POS SETTLEMENT | 
 |  | com.example.Transaction@3a1706e1 | 215.0 | 04/12/2020 | true | com.example.Transaction@3610f277 | from MOHD SYAFIE BI | OTHR - FBQ8096H FUND TRANSFER | via PayNow-UEN | FUND TRANSFER | 
 | PAYMENT/TRANSFER | com.example.Transaction@3c6c4689 | 217.0 | 04/12/2020 | true | com.example.Transaction@23da79eb | MOHAMMAD ALI BIN LA | PAYMENT/TRANSFER OTHR S$ MOHAMMAD ALI BIN LA via PayNow: FBK863U | OTHR S$ | PAYMENT/TRANSFER | 
 | PAYMENT/TRANSFER | com.example.Transaction@63cf9de0 | 172.0 | 04/12/2020 | false |  | CHEN TIAM JIAM | PAYMENT/TRANSFER OTHR S$ CHEN TIAM JIAM via PayNow: FOR FBD8296R | OTHR S$ | PAYMENT/TRANSFER | 
 | PAYMENT/TRANSFER | com.example.Transaction@594d9f07 | 172.0 | 04/12/2020 | false |  | CHEN TIAM JIAM | PAYMENT/TRANSFER OTHR S$ CHEN TIAM JIAM via PayNow: FOR FBD8296R | OTHR S$ | PAYMENT/TRANSFER | 
 | MAY-MATCH | com.example.Transaction@5befbac1 | 100.0 | 04/12/2020 | true | com.example.Transaction@17fede14 | SABRINA BINTE SALIM | PAYMENT/TRANSFER OTHR SABRINA BINTE SALIM fbl679e | OTHR | PAYMENT/TRANSFER | 
 | PAYMENT/TRANSFER | com.example.Transaction@5e9f73b | 303.0 | 04/12/2020 | false |  | SHAKYNA BINTE RAMLE | PAYMENT/TRANSFER OTHR SHAKYNA BINTE RAMLE FBN2823G and insurance | OTHR | PAYMENT/TRANSFER | 
 | PAYMENT/TRANSFER | com.example.Transaction@1a565afb | 150.0 | 04/12/2020 | true | com.example.Transaction@168b4cb0 | MUHAMMAD NIZAM BIN | PAYMENT/TRANSFER OTHR S$ MUHAMMAD NIZAM BIN via PayNow: fbm2846x nizam | OTHR S$ | PAYMENT/TRANSFER | 
 |  | com.example.Transaction@2fd64b11 | 350.0 | 04/12/2020 | true | com.example.Transaction@c689973 | SIVAKUMAR A/L G RAM | SI               FBP7760K IBG GIRO | OTHR | IBG GIRO | 
 |  | com.example.Transaction@949c598 | 300.0 | 04/12/2020 | true | com.example.Transaction@41fa769c | LIANG WAI KEAN | SI               FBQ7274S IBG GIRO | OTHR | IBG GIRO | 
 |  | com.example.Transaction@43d3aba5 | 467.0 | 04/12/2020 | true | com.example.Transaction@40113163 | GOH CHIEW LEONG | SI               FBC3952T IBG GIRO | OTHR | IBG GIRO | 
 |  | com.example.Transaction@6bfaa0a6 | -661.12 | 04/12/2020 | true | com.example.Transaction@71a3e05c | VISA GOLD | CREV00705101 IBG GIRO | OTHR 850012549516 | IBG GIRO | 
 | PAYMENT/TRANSFER | com.example.Transaction@76e9f00b | 8.0 | 04/12/2020 | false |  | SHAKYNA BINTE RAMLE | PAYMENT/TRANSFER OTHR SHAKYNA BINTE RAMLE Thanks and Sorry | OTHR | PAYMENT/TRANSFER | 
 | PAYMENT/TRANSFER | com.example.Transaction@314b9e4b | 742.5 | 04/12/2020 | true | com.example.Transaction@3e05586b | SUNDARESWARAR S/O P | PAYMENT/TRANSFER OTHR S$ SUNDARESWARAR S/O P via PayNow: FQ1098X | OTHR S$ | PAYMENT/TRANSFER | 
 | PAYMENT/TRANSFER | com.example.Transaction@6f1b8544 | 195.0 | 05/12/2020 | true | com.example.Transaction@35b17c06 | SAHAADHEVAN S/O PAT | PAYMENT/TRANSFER OTHR S$ SAHAADHEVAN S/O PAT via PayNow: FBQ4954H | OTHR S$ | PAYMENT/TRANSFER | 
 | LTA | com.example.Transaction@51dae791 | -48.0 | 05/12/2020 | true | com.example.Transaction@4997552e | 02/12/2020 | xx-8024 LTA E-SERVICE VRLS     SIN DEBIT PURCHASE |  | DEBIT PURCHASE | 
 |  | com.example.Transaction@688a2c09 | 123.0 | 05/12/2020 | true | com.example.Transaction@39c85c1a | from FBQ4411H NUR'I | OTHR - FBQ4411H FUND TRANSFER |  | FUND TRANSFER | 
 | PAYMENT/TRANSFER | com.example.Transaction@5de5e95 | 147.0 | 05/12/2020 | true | com.example.Transaction@45545e7a | SIAH SENG CHONG | PAYMENT/TRANSFER LOAN SIAH SENG CHONG FBM7218B Alex | LOAN | PAYMENT/TRANSFER | 
 | MAY-MATCH | com.example.Transaction@365cdacf | -19777.53 | 05/12/2020 | true | com.example.Transaction@712ac7e6 | P2012SF1 | FUND TRANSFER Fund Transfer to account 501831564001 SGD 19 777.53@1 Atan Motoring 11th Dec Payment | CT0020257286 | FUND TRANSFER | 
 | MAY-MATCH | com.example.Transaction@303c55fa | 300.0 | 05/12/2020 | true | com.example.Transaction@86d6bf7 | MARIANI BINTE ABDUL | PAYMENT/TRANSFER OTHR S$ MARIANI BINTE ABDUL via PayNow: FBR8570A | OTHR S$ | PAYMENT/TRANSFER | 
 | PAYMENT/TRANSFER | com.example.Transaction@9efcd90 | 300.0 | 05/12/2020 | true | com.example.Transaction@9f674ac | MOHAMAD BIN A MANAP | PAYMENT/TRANSFER OTHR S$ MOHAMAD BIN A MANAP via PayNow: fy7625z | OTHR S$ | PAYMENT/TRANSFER | 
 | MAY-MATCH | com.example.Transaction@7eb200ce | 205.0 | 05/12/2020 | true | com.example.Transaction@2fbe26da | MUHD HADI BIN HALI | PAYMENT/TRANSFER OTHR S$ MUHD HADI BIN HALI via PayNow: FBL193P instalment | OTHR S$ | PAYMENT/TRANSFER | 
 | PAYMENT/TRANSFER | com.example.Transaction@2ee83775 | 187.2 | 05/12/2020 | false |  | MOHAMMED SHAFEERUDE | PAYMENT/TRANSFER OTHR S$ MOHAMMED SHAFEERUDE via PayNow: 198903552w | OTHR S$ | PAYMENT/TRANSFER | 
 | PAYMENT/TRANSFER | com.example.Transaction@7c2924d7 | 300.0 | 05/12/2020 | true | com.example.Transaction@1da4b3f9 | MUHAMMAD HAIKAL BIN | PAYMENT/TRANSFER OTHR S$ MUHAMMAD HAIKAL BIN via PayNow: FBB8315E | OTHR S$ | PAYMENT/TRANSFER | 
 | MAY-MATCH | com.example.Transaction@b5de58f | 500.0 | 05/12/2020 | true | com.example.Transaction@4ed15347 | TAN KIAN HER (CHEN | PAYMENT/TRANSFER OTHR S$ TAN KIAN HER (CHEN via PayNow: Fbg2847a | OTHR S$ | PAYMENT/TRANSFER | 
 | LTA | com.example.Transaction@6587305a | -25.0 | 07/12/2020 | true | com.example.Transaction@7bcecef6 | 03/12/2020 | xx-7992 LTA E-SERVICE VRLS     SIN DEBIT PURCHASE |  | DEBIT PURCHASE | 
 | LTA | com.example.Transaction@abbe000 | -25.0 | 07/12/2020 | true | com.example.Transaction@46046c06 | 03/12/2020 | xx-7992 LTA E-SERVICE VRLS     SIN DEBIT PURCHASE |  | DEBIT PURCHASE | 
 |  | com.example.Transaction@3f81621c | -149.18 | 07/12/2020 | true | com.example.Transaction@2b148329 | 44168 | xx-8008 M1LTD RECURRING        SIN DEBIT PURCHASE |  | DEBIT PURCHASE | 
 | MAY-MATCH | com.example.Transaction@5b9499fe | 110.0 | 07/12/2020 | true | com.example.Transaction@6963b88c | FADIL BIN ABD RAHIM | PAYMENT/TRANSFER OTHR FADIL BIN ABD RAHIM Transfer | OTHR | PAYMENT/TRANSFER | 
 | MAY-MATCH | com.example.Transaction@74d6736 | 158.0 | 07/12/2020 | true | com.example.Transaction@ab24484 | HANNAN HUZAIFI BIN | PAYMENT/TRANSFER OTHR S$ HANNAN HUZAIFI BIN via PayNow: Fbk7253j | OTHR S$ | PAYMENT/TRANSFER | 
 | MAY-MATCH | com.example.Transaction@52a33c3f | 155.0 | 07/12/2020 | true | com.example.Transaction@54e43bfe | SEAH LI HOON | PAYMENT/TRANSFER OTHR SEAH LI HOON FBM3627 | OTHR | PAYMENT/TRANSFER | 
 |  | com.example.Transaction@668625f5 | 10.0 | 07/12/2020 | true | com.example.Transaction@62c72501 |  | CASH DEPOSIT     CDM |  | CASH DEPOSIT     CDM | 
 | MAY-MATCH | com.example.Transaction@19a20bb2 | 255.0 | 07/12/2020 | true | com.example.Transaction@106b014e |  | CASH DEPOSIT     CDM |  | CASH DEPOSIT     CDM | 
 | LTA | com.example.Transaction@75babb67 | -64.0 | 07/12/2020 | true | com.example.Transaction@93824eb | 04/12/2020 | xx-8024 LTA E-SERVICE VRLS     SIN DEBIT PURCHASE |  | DEBIT PURCHASE | 
 | NETS -- NETS | com.example.Transaction@3eb3232b | 73.85 | 07/12/2020 | true | DailyNETSSum-04/12/2020 | ATAN MOTOR | 11146097500 POS SETTLEMENT | 04/12/2020 | POS SETTLEMENT | 
 | NETS -- NETS | com.example.Transaction@69cd1085 | 632.45 | 07/12/2020 | true | DailyNETSSum-05/12/2020 | ATAN MOTOR | 11146097500 POS SETTLEMENT | 05/12/2020 | POS SETTLEMENT | 
 | GIRO PAYMENT | com.example.Transaction@ebe067d | -350.0 | 07/12/2020 | true | com.example.Transaction@60bb7995 | P201202 | GIRO PAYMENT |  | GIRO PAYMENT | 
 | GIRO CHARGES | com.example.Transaction@5d7399f9 | -0.2 | 07/12/2020 | true | Manual User Entry for GIRO CHARGES on 07/12/2020 | P201202 | GIRO CHARGES |  | GIRO CHARGES | 
 | MAY-MATCH | com.example.Transaction@49a6f486 | 330.0 | 07/12/2020 | true | com.example.Transaction@64387c17 | MOHD ROSLAN B MARWA | PAYMENT/TRANSFER OTHR MOHD ROSLAN B MARWA Transfer | OTHR | PAYMENT/TRANSFER | 
 |  | com.example.Transaction@14fded9d | 215.0 | 07/12/2020 | true | com.example.Transaction@c889805 | from AFK ALAN FROST | LOAR - FBN2826Z FUND TRANSFER |  | FUND TRANSFER | 
 | PAYMENT/TRANSFER | com.example.Transaction@bc6288b | 244.0 | 07/12/2020 | true | com.example.Transaction@23cbbd07 | THANIUS BIN MUSNI | PAYMENT/TRANSFER OTHR THANIUS BIN MUSNI INSTALLMENT NO 44 FOR BIKE FBL8716 | OTHR | PAYMENT/TRANSFER | 
 |  | com.example.Transaction@4a3bd45b | 199.0 | 07/12/2020 | true | com.example.Transaction@77db3d02 | from CHANG POO TECK | OTHR - PayNow Transfer FUND TRANSFER | via PayNow-UEN | FUND TRANSFER | 
 | PAYMENT/TRANSFER | com.example.Transaction@34c70b5e | 270.0 | 07/12/2020 | true | com.example.Transaction@448b808a | NAZRE BIN ABU BAKAR | PAYMENT/TRANSFER OTHR S$ NAZRE BIN ABU BAKAR via PayNow: FBP9156S | OTHR S$ | PAYMENT/TRANSFER | 
 | PAYMENT/TRANSFER | com.example.Transaction@4f2d995e | 270.0 | 07/12/2020 | true | com.example.Transaction@7e62cfa3 | MOHD ISA BIN ISMAIL | PAYMENT/TRANSFER OTHR MOHD ISA BIN ISMAIL Transfer | OTHR | PAYMENT/TRANSFER | 
 | PAYMENT/TRANSFER | com.example.Transaction@75156240 | 340.0 | 07/12/2020 | true | com.example.Transaction@46e190ed | SARAVANAN NADARAJA | PAYMENT/TRANSFER OTHR SARAVANAN NADARAJA Transfer | OTHR | PAYMENT/TRANSFER | 
 | PAYMENT/TRANSFER | com.example.Transaction@6198e9b5 | 484.0 | 07/12/2020 | true | com.example.Transaction@383c3eb3 | INDRA SUKMA BIN BUH | PAYMENT/TRANSFER IHRP INDRA SUKMA BIN BUH FBP6139L- December 2020 | IHRP | PAYMENT/TRANSFER | 
 |  | com.example.Transaction@6d099323 | 270.0 | 07/12/2020 | true | com.example.Transaction@78d9f51b | MUHAMMAD SUFIAN BIN | SI               FBL6449M IBG GIRO | OTHR | IBG GIRO | 
 |  | com.example.Transaction@4ecd00b5 | 250.0 | 07/12/2020 | true | com.example.Transaction@23ed382c | BAHARIN BIN OSMAN | SI               FBQ8329L IBG GIRO | OTHR | IBG GIRO | 
 |  | com.example.Transaction@10947c4e | 228.0 | 07/12/2020 | true | com.example.Transaction@6bedd4e4 | NORDIN BIN YUSOF | SI               FBP5784E IBG GIRO | OTHR | IBG GIRO | 
 |  | com.example.Transaction@3667faa8 | 304.0 | 07/12/2020 | true | com.example.Transaction@4570d7b6 | NORAZMI BIN RAMLI | SI               FBR7763S IBG GIRO | OTHR | IBG GIRO | 
 |  | com.example.Transaction@1756f7cc | 242.0 | 07/12/2020 | true | com.example.Transaction@72b6832e | RAJA AFIQAH QISTINA | SI               FBN5666Z IBG GIRO | OTHR | IBG GIRO | 
 |  | com.example.Transaction@3138953b | 226.0 | 07/12/2020 | true | com.example.Transaction@3850e90c | MOHAMED HASDI BIN M | SI               FBQ7850D IBG GIRO | OTHR | IBG GIRO | 
 |  | com.example.Transaction@27df95e | 186.0 | 07/12/2020 | true | com.example.Transaction@3d9f5016 | KASMANI BIN KAMIS | SI               FBM1760R IBG GIRO | OTHR | IBG GIRO | 
 |  | com.example.Transaction@b46e103 | 200.0 | 07/12/2020 | true | com.example.Transaction@7e91ed74 | MOHD SAFARUL HAFIF | SI               FBN3623K IBG GIRO | OTHR | IBG GIRO | 
 |  | com.example.Transaction@2b0e9f30 | 326.0 | 07/12/2020 | true | com.example.Transaction@3878be7b | LOW CHENG KEE | SI               FBR7166R IBG GIRO | OTHR | IBG GIRO | 
 |  | com.example.Transaction@5eea5627 | 363.0 | 07/12/2020 | true | com.example.Transaction@7df28f1 | ISHAK BIN SUBARI | SI               FBN3663U IBG GIRO | OTHR | IBG GIRO | 
 | PAYMENT/TRANSFER | com.example.Transaction@3330f3ad | 280.0 | 07/12/2020 | true | com.example.Transaction@20ab76ee | GOH WEE PHANG BENJA | PAYMENT/TRANSFER OTHR S$ GOH WEE PHANG BENJA via PayNow: FBA6868U back trye | OTHR S$ | PAYMENT/TRANSFER | 
 | PAYMENT/TRANSFER | com.example.Transaction@f425231 | 304.0 | 07/12/2020 | true | com.example.Transaction@485caa8f | LOH CHIANG LONG | PAYMENT/TRANSFER TRPT LOH CHIANG LONG FBQ8258H | TRPT | PAYMENT/TRANSFER | 
 | PAYMENT/TRANSFER | com.example.Transaction@506aabf6 | 218.0 | 07/12/2020 | true | com.example.Transaction@2703d91 | MOHD RAZALI BIN MOH | PAYMENT/TRANSFER OTHR MOHD RAZALI BIN MOH Transfer | OTHR | PAYMENT/TRANSFER | 
 | NETS -- NETS | com.example.Transaction@5cbd94b2 | 271.96 | 08/12/2020 | true | DailyNETSSum-07/12/2020 | ATAN MOTOR | 11146097500 POS SETTLEMENT | 07/12/2020 | POS SETTLEMENT | 
 | GIRO PAYMENT | com.example.Transaction@40fa8766 | -4669.6 | 08/12/2020 | false |  | P201205 | GIRO PAYMENT |  | GIRO PAYMENT | 
 | GIRO PAYMENT | com.example.Transaction@67774e29 | -4683.64 | 08/12/2020 | false |  | P201206 | GIRO PAYMENT |  | GIRO PAYMENT | 
 | GIRO CHARGES | com.example.Transaction@6824b913 | -0.2 | 08/12/2020 | true | Manual User Entry for GIRO CHARGES on 08/12/2020 | P201205 | GIRO CHARGES |  | GIRO CHARGES | 
 | GIRO CHARGES | com.example.Transaction@756aadfc | -0.2 | 08/12/2020 | true | Manual User Entry for GIRO CHARGES on 08/12/2020 | P201206 | GIRO CHARGES |  | GIRO CHARGES | 
 | MAY-MATCH | com.example.Transaction@705a8dbc | 203.0 | 08/12/2020 | true | com.example.Transaction@7c369270 | FARHANI SHEREEN BTE | PAYMENT/TRANSFER OTHR FARHANI SHEREEN BTE FBP1309X | OTHR | PAYMENT/TRANSFER | 
 | PAYMENT/TRANSFER | com.example.Transaction@40729f01 | 160.0 | 08/12/2020 | true | com.example.Transaction@5be052ca | MUHAMMAD FAIZ BIN H | PAYMENT/TRANSFER OTHR S$ MUHAMMAD FAIZ BIN H via PayNow: Fw7324c 2nd instalment | OTHR S$ | PAYMENT/TRANSFER | 
 | PAYMENT/TRANSFER | com.example.Transaction@d535a3d | 480.0 | 08/12/2020 | true | com.example.Transaction@2007435e | KHONG TECK GUAN | PAYMENT/TRANSFER OTHR S$ KHONG TECK GUAN via PayNow: FBR 7547A | OTHR S$ | PAYMENT/TRANSFER | 
 | MAY-MATCH | com.example.Transaction@2d760326 | 209.0 | 08/12/2020 | true | com.example.Transaction@9f86dc3 | NOOR HAFIZAH BTE MO | PAYMENT/TRANSFER OTHR S$ NOOR HAFIZAH BTE MO via PayNow: FT2792H | OTHR S$ | PAYMENT/TRANSFER | 
 | MAY-MATCH | com.example.Transaction@9e54c59 | 2000.0 | 08/12/2020 | true | com.example.Transaction@41d16cc3 | NURUL FARADILAH BTE | PAYMENT/TRANSFER OTHR NURUL FARADILAH BTE MOTORBIKE FBE5630Z | OTHR | PAYMENT/TRANSFER | 
 |  | com.example.Transaction@5dbb50f3 | 218.0 | 08/12/2020 | true | com.example.Transaction@4087c7fc | JOYCE THAM SHAO YUN | SI               FBN8982R IBG GIRO | OTHR | IBG GIRO | 
 |  | com.example.Transaction@4a2e7bcb | 223.0 | 08/12/2020 | true | com.example.Transaction@318c68d5 | ABDUL AZIZ BIN ANSA | SI               FBJ8469C IBG GIRO | OTHR | IBG GIRO | 
 |  | com.example.Transaction@575c3e9b | -2117.0 | 08/12/2020 | true | com.example.Transaction@4cfa83f9 | DAIMLER FINANCIAL S | HP156344 IBG GIRO | COLL HP156344 | IBG GIRO | 
 | MAY-MATCH | com.example.Transaction@74f827ad | 19.3 | 08/12/2020 | true | com.example.Transaction@662e682a | MUHD HADI BIN HALI | PAYMENT/TRANSFER OTHR S$ MUHD HADI BIN HALI via PayNow: FBL193P | OTHR S$ | PAYMENT/TRANSFER | 
 |  | com.example.Transaction@73c3cd09 | 235.0 | 08/12/2020 | true | com.example.Transaction@321ca237 | 665417770001 | 3RD PTY TRANSFER ATM |  | 3RD PTY TRANSFER ATM | 
 | MAY-MATCH | com.example.Transaction@4a8a0099 | 272.0 | 09/12/2020 | true | com.example.Transaction@2e43c38d | MUHAMMAD RAZMI BIN | PAYMENT/TRANSFER OTHR MUHAMMAD RAZMI BIN FBK6296S | OTHR | PAYMENT/TRANSFER | 
 | NETS -- NETS | com.example.Transaction@7c1447b5 | 2665.1 | 09/12/2020 | true | DailyNETSSum-08/12/2020 | ATAN MOTOR | 11146097500 POS SETTLEMENT | 08/12/2020 | POS SETTLEMENT | 
 | PAYMENT/TRANSFER | com.example.Transaction@49e4c2d5 | 361.0 | 09/12/2020 | true | com.example.Transaction@da28d03 | MOHD BAKHTIAR BIN U | PAYMENT/TRANSFER OTHR MOHD BAKHTIAR BIN U FBP3055P monthly installment | OTHR | PAYMENT/TRANSFER | 
 | MAY-MATCH | com.example.Transaction@24a2e565 | 208.0 | 09/12/2020 | true | com.example.Transaction@649f25f3 | ONG YU YING (WANG Y | PAYMENT/TRANSFER GOVI ONG YU YING (WANG Y for fbn9331m | GOVI | PAYMENT/TRANSFER | 
 | MAY-MATCH | com.example.Transaction@3e36b7a0 | 275.0 | 09/12/2020 | true | com.example.Transaction@2e62ead7 | LAZARUS RAYMOND YON | PAYMENT/TRANSFER OTHR S$ LAZARUS RAYMOND YON via PayNow: Na | OTHR S$ | PAYMENT/TRANSFER | 
 | PAYMENT/TRANSFER | com.example.Transaction@60c1663c | 1198.8 | 09/12/2020 | true | com.example.Transaction@ebda593 | HELFI BIN HERMAN | PAYMENT/TRANSFER OTHR S$ HELFI BIN HERMAN via PayNow: FBP2388K | OTHR S$ | PAYMENT/TRANSFER | 
 |  | com.example.Transaction@f5cf29b | 262.0 | 09/12/2020 | true | com.example.Transaction@4c5a2baf | 665417770001 | xx-6230 OCBC-TAMPINES BRANCH     S 3RD PTY TRANSFER ATM |  | 3RD PTY TRANSFER ATM | 
 |  | com.example.Transaction@3c66b7d8 | 252.0 | 09/12/2020 | true | com.example.Transaction@1ec22831 | from FBP4146D MUHAM | OTHR - FBP4146D FUND TRANSFER |  | FUND TRANSFER | 
 | CHEQUE | com.example.Transaction@663f237a | 359.0 | 09/12/2020 | true | com.example.Transaction@37e69c43 | 411937 | DBS BANK CHQ411937 CHEQUE DEPOSIT |  | CHEQUE DEPOSIT | 
 | CHEQUE | com.example.Transaction@5c7dfc05 | -5.35 | 09/12/2020 | true | com.example.Transaction@345d053b | 186444 | CHQ186444 CHEQUE |  | CHEQUE | 
 | CHEQUE | com.example.Transaction@3d0cac1f | -236.0 | 09/12/2020 | true | com.example.Transaction@3e8b3b79 | 186445 | CHQ186445 CHEQUE |  | CHEQUE | 
 | MAY-MATCH | com.example.Transaction@939ff41 | 226.0 | 10/12/2020 | true | com.example.Transaction@3b98b809 | KHAIRIL SHAZWAN B S | PAYMENT/TRANSFER OTHR S$ KHAIRIL SHAZWAN B S via PayNow: FBP6263K | OTHR S$ | PAYMENT/TRANSFER | 
 | MAY-MATCH | com.example.Transaction@6e0e5dec | 195.0 | 10/12/2020 | true | com.example.Transaction@bf75b5c | MOHAMMAD KHAIRUL AZ | PAYMENT/TRANSFER OTHR MOHAMMAD KHAIRUL AZ FBP6279R | OTHR | PAYMENT/TRANSFER | 
 | LTA | com.example.Transaction@48a663e9 | -32.0 | 10/12/2020 | true | com.example.Transaction@7af52ec7 | 07/12/2020 | xx-8024 LTA E-SERVICE VRLS     SIN DEBIT PURCHASE |  | DEBIT PURCHASE | 
 | PAYMENT/TRANSFER | com.example.Transaction@777d0bc3 | 352.0 | 10/12/2020 | true | com.example.Transaction@5792c08c | VILLAFUERTE ARIEL D | PAYMENT/TRANSFER COLL VILLAFUERTE ARIEL D FBR 1665 G December 2020 | COLL | PAYMENT/TRANSFER | 
 |  | com.example.Transaction@3178219a | 203.0 | 10/12/2020 | true | com.example.Transaction@63f855b | from SRI NUR ASMA-U | OTHR - FBQ2362D - installm FUND TRANSFER | via PayNow-UEN | FUND TRANSFER | 
 | MAY-MATCH | com.example.Transaction@2d85fb64 | 2999.04 | 10/12/2020 | true | com.example.Transaction@16da476c | MUHAMMAD NUR HAZWAN | PAYMENT/TRANSFER OTHR MUHAMMAD NUR HAZWAN FBG2736L remaining payment | OTHR | PAYMENT/TRANSFER | 
 |  | com.example.Transaction@56476c16 | -1076.82 | 10/12/2020 | true | com.example.Transaction@516592b1 | P201207 | FUND TRANSFER Fund Transfer to account 510522089001 SGD 1 076.82@1 HSBC Payment | CT0020299409 | FUND TRANSFER | 
 |  | com.example.Transaction@497b560e | -117.7 | 10/12/2020 | true | com.example.Transaction@4cffcc61 | P201209 | FUND TRANSFER Fund Transfer to account 601265671001 SGD 117.70@1 Atan Motoring Supply Pte Ltd - Nov 2020 | CT0020299426 | FUND TRANSFER | 
 |  | com.example.Transaction@39ffda4a | -41620.02 | 10/12/2020 | true | com.example.Transaction@4373f66f | P201208 | FUND TRANSFER Fund Transfer to account 618591200001 SGD 41 620.02@1 Inv:1331088827  1331089047  1331089330  1331089374  SMCTA OCT 2020 | CT0020299427 | FUND TRANSFER | 
 | PAYMENT/TRANSFER | com.example.Transaction@3ba348ca | 195.0 | 10/12/2020 | true | com.example.Transaction@4d157493 | MOHAMMAD KHAIRY SHU | PAYMENT/TRANSFER OTHR MOHAMMAD KHAIRY SHU FBP6099T | OTHR | PAYMENT/TRANSFER | 
 | MAY-MATCH | com.example.Transaction@56e9a474 | 193.0 | 10/12/2020 | true | com.example.Transaction@2fd72332 | FOREST CHILD CADRE | PAYMENT/TRANSFER SALA FOREST CHILD CADRE Nadiah bike installment | SALA | PAYMENT/TRANSFER | 
 | PAYMENT/TRANSFER | com.example.Transaction@45b15381 | 399.0 | 10/12/2020 | true | com.example.Transaction@54c622a7 | MUHAMMAD NABIL BIN | PAYMENT/TRANSFER OTHR MUHAMMAD NABIL BIN Transfer for renewing insurance | OTHR | PAYMENT/TRANSFER | 
 | PAYMENT/TRANSFER | com.example.Transaction@2dbfcf7 | 184.0 | 10/12/2020 | true | com.example.Transaction@37348491 | V RAJENDRAN | PAYMENT/TRANSFER OTHR S$ V RAJENDRAN via PayNow: FBF9210X | OTHR S$ | PAYMENT/TRANSFER | 
 |  | com.example.Transaction@239f017e | 19.0 | 10/12/2020 | true | com.example.Transaction@399ca607 | LTA | LTAFBF860D IBG GIRO | SUPP | IBG GIRO | 
 |  | com.example.Transaction@38cedb7d | 33.0 | 10/12/2020 | true | com.example.Transaction@44114b9f | LTA | LTAFBK4107T IBG GIRO | SUPP | IBG GIRO | 
 |  | com.example.Transaction@772caabe | 67.0 | 10/12/2020 | true | com.example.Transaction@76bf1bb8 | LTA | LTAFX594E IBG GIRO | SUPP | IBG GIRO | 
 |  | com.example.Transaction@2acdcce8 | 8.0 | 10/12/2020 | true | com.example.Transaction@2a235b8e | LTA | LTAFBF860D IBG GIRO | SUPP | IBG GIRO | 
 |  | com.example.Transaction@7102ac3e | 454.0 | 10/12/2020 | true | com.example.Transaction@76536c53 | LTA | LTAFX594E IBG GIRO | SUPP | IBG GIRO | 
 |  | com.example.Transaction@3f598450 | 270.0 | 10/12/2020 | true | com.example.Transaction@38d08cb5 | YELEMALAI S/O SUBRA | SI               FBM6729A IBG GIRO | OTHR | IBG GIRO | 
 |  | com.example.Transaction@2db2a05f | 296.0 | 10/12/2020 | true | com.example.Transaction@363c32cc | ABDUL KHALIQ MARICA | SI               FBM3473G IBG GIRO | OTHR | IBG GIRO | 
 |  | com.example.Transaction@695c938d | 214.0 | 10/12/2020 | true | com.example.Transaction@6f3f0ae | MOHAMMAD RAMZAN | SI               FBP7651S IBG GIRO | OTHR | IBG GIRO | 
 |  | com.example.Transaction@d5bb1c4 | 164.0 | 10/12/2020 | true | com.example.Transaction@6baf25d7 | MUHAMMAD ISKANDAR B | SI                FW5342M IBG GIRO | OTHR | IBG GIRO | 
 |  | com.example.Transaction@7ed3df3b | 322.0 | 10/12/2020 | true | com.example.Transaction@57a6a933 | KAU YENG CHING | SI               FBP1031X IBG GIRO | OTHR | IBG GIRO | 
 |  | com.example.Transaction@465b38e6 | 3156.67 | 10/12/2020 | true | com.example.Transaction@5b5b59 | TOKIO MARINE INSURA | C1289369 IBG GIRO | OTHR | IBG GIRO | 
 | MAY-MATCH | com.example.Transaction@4b960b5b | -1350.0 | 10/12/2020 | true | com.example.Transaction@51f18e31 | HONG LEONG FINANCE | HLF-006 DUE 20201210 IBG GIRO | IHRP 38316717005680 | IBG GIRO | 
 | MAY-MATCH | com.example.Transaction@1b13467c | 195.0 | 10/12/2020 | true | com.example.Transaction@60ed12e8 | SANATI BIN MOHAMED | PAYMENT/TRANSFER OTHR SANATI BIN MOHAMED FX 373B | OTHR | PAYMENT/TRANSFER | 
 | CHEQUE | com.example.Transaction@d257579 | 345.0 | 10/12/2020 | false |  | 254254 | RHB BANK BHD CHQ254254 CHEQUE DEPOSIT |  | CHEQUE DEPOSIT | 
 | CHEQUE | com.example.Transaction@518ddd3b | -8024.0 | 10/12/2020 | true | com.example.Transaction@7bd96822 | 186448 | CHQ186448 CHEQUE |  | CHEQUE | 
 | MAY-MATCH | com.example.Transaction@1e4c6583 | 266.0 | 10/12/2020 | true | com.example.Transaction@24c8d8be | from FBD7182L MUHAM | OTHR - FBP1782L FUND TRANSFER |  | FUND TRANSFER | 
 | MAY-MATCH | com.example.Transaction@2ee48610 | 239.0 | 11/12/2020 | true | com.example.Transaction@3290b1a6 | NURAISHAH BINTE HAS | PAYMENT/TRANSFER OTHR NURAISHAH BINTE HAS FBP0184U Md Nafee Sukiman | OTHR | PAYMENT/TRANSFER | 
 | MAY-MATCH | com.example.Transaction@1d901f20 | 311.0 | 11/12/2020 | true | com.example.Transaction@6fcd31c3 | MUHAMMAD IDRUS BIN | PAYMENT/TRANSFER OTHR S$ MUHAMMAD IDRUS BIN via PayNow: FBL8595K RD TAX INSURA | OTHR S$ | PAYMENT/TRANSFER | 
 | PAYMENT/TRANSFER | com.example.Transaction@6d08b4e6 | 269.0 | 11/12/2020 | true | com.example.Transaction@76e3b45b | ARUNKUMAR S/O ELANG | PAYMENT/TRANSFER OTHR S$ ARUNKUMAR S/O ELANG via PayNow: FBQ9294X | OTHR S$ | PAYMENT/TRANSFER | 
 | LTA | com.example.Transaction@1015a4b9 | -25.0 | 11/12/2020 | true | com.example.Transaction@77c1e611 | 08/12/2020 | xx-7992 LTA E-SERVICE VRLS     SIN DEBIT PURCHASE |  | DEBIT PURCHASE | 
 | NETS -- NETS | com.example.Transaction@1acb74ad | 727.61 | 11/12/2020 | true | DailyNETSSum-10/12/2020 | ATAN MOTOR | 11146097500 POS SETTLEMENT | 10/12/2020 | POS SETTLEMENT | 
 | GIRO CHARGES | com.example.Transaction@7bf01cb | -0.2 | 11/12/2020 | true | Manual User Entry for GIRO CHARGES on 11/12/2020 | P201205 (2/2) | GIRO CHARGES |  | GIRO CHARGES | 
 | GIRO CHARGES | com.example.Transaction@2f382a5e | -0.2 | 11/12/2020 | true | Manual User Entry for GIRO CHARGES on 11/12/2020 | P201210 | GIRO CHARGES |  | GIRO CHARGES | 
 | GIRO CHARGES | com.example.Transaction@12b5736c | -0.2 | 11/12/2020 | true | Manual User Entry for GIRO CHARGES on 11/12/2020 | P201211 | GIRO CHARGES |  | GIRO CHARGES | 
 | GIRO CHARGES | com.example.Transaction@539a138b | -0.2 | 11/12/2020 | true | Manual User Entry for GIRO CHARGES on 11/12/2020 | P201212 | GIRO CHARGES |  | GIRO CHARGES | 
 | GIRO PAYMENT | com.example.Transaction@64dae3b7 | -283.59 | 11/12/2020 | false |  | P201205 (2/2) | GIRO PAYMENT |  | GIRO PAYMENT | 
 | GIRO PAYMENT | com.example.Transaction@1fedf0a4 | -1174.2 | 11/12/2020 | true | com.example.Transaction@2cd4e16a | P201210 | GIRO PAYMENT |  | GIRO PAYMENT | 
 | GIRO PAYMENT | com.example.Transaction@42505474 | -50000.0 | 11/12/2020 | true | com.example.Transaction@7b477141 | P201211 | GIRO PAYMENT |  | GIRO PAYMENT | 
 | GIRO PAYMENT | com.example.Transaction@784223e9 | -7303.0 | 11/12/2020 | true | com.example.Transaction@7316523a | P201212 | GIRO PAYMENT |  | GIRO PAYMENT | 
 |  | com.example.Transaction@1a1cc163 | 292.0 | 11/12/2020 | true | com.example.Transaction@1934ad7c | from Payment MUHAMA | TRPT - FBR659G FUND TRANSFER |  | FUND TRANSFER | 
 | MAY-MATCH | com.example.Transaction@5b5ac798 | -18108.38 | 11/12/2020 | true | com.example.Transaction@67bf0480 | P201213 | FUND TRANSFER Fund Transfer to account 507076347001 SGD 18 108.38@1 Atan Motoring Supply Aug-Nov 2020 | CT0020307463 | FUND TRANSFER | 
 | PAYMENT/TRANSFER | com.example.Transaction@42383cb0 | 270.0 | 11/12/2020 | true | com.example.Transaction@10b4e7f8 | GAURAV THAKUR | PAYMENT/TRANSFER OTHR GAURAV THAKUR FBR8537Y - bike instalement | OTHR | PAYMENT/TRANSFER | 
 | CHEQUE | com.example.Transaction@33a55bd8 | -345.0 | 11/12/2020 | false |  | 254254 | RHB BANK BHD CHQ254254 RETURN CHEQUE Cheque Irregularly Drawn |  | RETURN CHEQUE | 
 | MAY-MATCH | com.example.Transaction@7668892a | 24484.71 | 11/12/2020 | true | com.example.Transaction@5503de1 | B01 24142 | TRANSFER Fund Transfer from SINGAPURA FINANCE LTD SGD 24 484.71 B01 24142 | CT0020315893 | TRANSFER | 
 | MAY-MATCH | com.example.Transaction@a83495d | 300.0 | 11/12/2020 | true | com.example.Transaction@32faa16c | SABRINA BINTE SALIM | PAYMENT/TRANSFER OTHR SABRINA BINTE SALIM fbl679e | OTHR | PAYMENT/TRANSFER | 
 | MAY-MATCH | com.example.Transaction@7e83992 | 228.0 | 11/12/2020 | true | com.example.Transaction@343fddd9 | PayLah| christina | PAYMENT/TRANSFER OTHR S$ PayLah| christina via PayNow: FBR8564T | OTHR S$ | PAYMENT/TRANSFER | 
 |  | com.example.Transaction@4364863 | 292.0 | 11/12/2020 | true | com.example.Transaction@b27b210 | KAVIARASAN A/L SELL | SI               FBN5471T IBG GIRO | OTHR | IBG GIRO | 
 | PAYMENT/TRANSFER | com.example.Transaction@3625a016 | 254.0 | 11/12/2020 | true | com.example.Transaction@75023c53 | ISMAIL BIN MOHD JAI | PAYMENT/TRANSFER IHRP ISMAIL BIN MOHD JAI FBP2944E ISMAIL M JAI | IHRP | PAYMENT/TRANSFER | 
 | CHEQUE | com.example.Transaction@73a8e994 | -775.57 | 11/12/2020 | true | com.example.Transaction@267cde2e | 186447 | CHQ186447 CHEQUE |  | CHEQUE | 
 | PAYMENT/TRANSFER | com.example.Transaction@56dd6efa | 239.0 | 12/12/2020 | true | com.example.Transaction@66813e6e | MUHAMMAD JAMIL BIN | PAYMENT/TRANSFER IHRP MUHAMMAD JAMIL BIN Transfer | IHRP | PAYMENT/TRANSFER | 
 | PAYMENT/TRANSFER | com.example.Transaction@4d634127 | 258.0 | 12/12/2020 | true | com.example.Transaction@dab1f89 | MOHAMED SHAHRIL BIN | PAYMENT/TRANSFER OTHR MOHAMED SHAHRIL BIN shahril fbq671a yamaha mt15 | OTHR | PAYMENT/TRANSFER | 
 | PAYMENT/TRANSFER | com.example.Transaction@d2e6b0b | 241.0 | 12/12/2020 | true | com.example.Transaction@3a17b2e3 | NUR AZAM BIN AB RAH | PAYMENT/TRANSFER OTHR NUR AZAM BIN AB RAH FBN8042D | OTHR | PAYMENT/TRANSFER | 
 | MAY-MATCH | com.example.Transaction@1f1cddf3 | 207.0 | 12/12/2020 | true | com.example.Transaction@2bbb44da | MUHAMMAD SHUKOR BIN | PAYMENT/TRANSFER OTHR MUHAMMAD SHUKOR BIN FBP9788T For month of Jan 2021 | OTHR | PAYMENT/TRANSFER | 
 | PAYMENT/TRANSFER | com.example.Transaction@228bda54 | 273.0 | 12/12/2020 | true | com.example.Transaction@5e13f156 | MUHAMMAD NASSER BIN | PAYMENT/TRANSFER OTHR MUHAMMAD NASSER BIN Dec 2020 Instalment for FBR8629R | OTHR | PAYMENT/TRANSFER | 
 | PAYMENT/TRANSFER | com.example.Transaction@75b6dd5b | 330.0 | 12/12/2020 | true | com.example.Transaction@310ed6b4 | RIDZAL BIN BUANG | PAYMENT/TRANSFER OTHR RIDZAL BIN BUANG FBP6334P | OTHR | PAYMENT/TRANSFER | 
 | PAYMENT/TRANSFER | com.example.Transaction@b3e86d5 | 349.0 | 12/12/2020 | true | com.example.Transaction@640cc04b | YAP NENG HAU | PAYMENT/TRANSFER OTHR S$ YAP NENG HAU via PayNow: Fbj1531b | OTHR S$ | PAYMENT/TRANSFER | 
 | MAY-MATCH | com.example.Transaction@72b43104 | 214.0 | 12/12/2020 | true | com.example.Transaction@2f80cb79 | LIM CHIN LOONG | PAYMENT/TRANSFER OTHR S$ LIM CHIN LOONG via PayNow: FBJ7848Z | OTHR S$ | PAYMENT/TRANSFER | 
 | PAYMENT/TRANSFER | com.example.Transaction@e111c7c | 189.0 | 12/12/2020 | true | com.example.Transaction@630bf683 | SAIFUL BAHRI BIN MD | PAYMENT/TRANSFER OTHR SAIFUL BAHRI BIN MD FBQ8326U - bike installment | OTHR | PAYMENT/TRANSFER | 
 | PAYMENT/TRANSFER | com.example.Transaction@4d0e54e0 | 466.0 | 12/12/2020 | true | com.example.Transaction@22d322f5 | MUHAMMAD SHAH INDRA | PAYMENT/TRANSFER OTHR S$ MUHAMMAD SHAH INDRA via PayNow: FBF4280B nov dec 2020 | OTHR S$ | PAYMENT/TRANSFER | 
 | PAYMENT/TRANSFER | com.example.Transaction@32f96bba | 260.0 | 12/12/2020 | true | com.example.Transaction@65afeb6d | NUR AZAM BIN AB RAH | PAYMENT/TRANSFER OTHR NUR AZAM BIN AB RAH FBN8042D | OTHR | PAYMENT/TRANSFER | 
 | MAY-MATCH | com.example.Transaction@611640f0 | 302.18 | 12/12/2020 | true | com.example.Transaction@4816ee24 | LIM FU JIANG | PAYMENT/TRANSFER OTHR S$ LIM FU JIANG via PayNow: FBP8110E | OTHR S$ | PAYMENT/TRANSFER | 
 | PAYMENT/TRANSFER | com.example.Transaction@67e25252 | 318.0 | 12/12/2020 | true | com.example.Transaction@6723610b | MUHAMMAD ISKANDAR B | PAYMENT/TRANSFER OTHR S$ MUHAMMAD ISKANDAR B via PayNow: NA | OTHR S$ | PAYMENT/TRANSFER | 
 | MAY-MATCH | com.example.Transaction@58f4b31a | 66.0 | 12/12/2020 | true | com.example.Transaction@20d33ea | HO YI DAN | PAYMENT/TRANSFER OTHR S$ HO YI DAN via PayNow: 198903552W | OTHR S$ | PAYMENT/TRANSFER | 
 | PAYMENT/TRANSFER | com.example.Transaction@21a9a705 | 268.0 | 12/12/2020 | true | com.example.Transaction@5ba03c82 | ROSLIN HAZLINDA BIN | PAYMENT/TRANSFER OTHR ROSLIN HAZLINDA BIN FBM8192J | OTHR | PAYMENT/TRANSFER | 
 |  | com.example.Transaction@72eb6200 | 270.0 | 12/12/2020 | true | com.example.Transaction@69aa7d76 | from DALAIL BIN ABU | LOAR - Thanks FUND TRANSFER | via PayNow-UEN | FUND TRANSFER | 
 | PAYMENT/TRANSFER | com.example.Transaction@76ececd | 216.0 | 12/12/2020 | true | com.example.Transaction@60df7989 | MUHAMMAD ANDIKA BIN | PAYMENT/TRANSFER OTHR MUHAMMAD ANDIKA BIN FBP4314K | OTHR | PAYMENT/TRANSFER | 
 | PAYMENT/TRANSFER | com.example.Transaction@7affc159 | 258.0 | 12/12/2020 | true | com.example.Transaction@7ab1127c | NUR MUHAMMAD FIRDAU | PAYMENT/TRANSFER OTHR S$ NUR MUHAMMAD FIRDAU via PayNow: Fbl 6793T | OTHR S$ | PAYMENT/TRANSFER | 
 | MAY-MATCH | com.example.Transaction@1682c08c | 300.0 | 12/12/2020 | true | com.example.Transaction@73613ae5 | NOR HIDIAYATI BTE A | PAYMENT/TRANSFER OTHR NOR HIDIAYATI BTE A FBL8923Y | OTHR | PAYMENT/TRANSFER | 
 |  | com.example.Transaction@3fd05b3e | 479.0 | 12/12/2020 | true | com.example.Transaction@33f17289 | from Dzulhilmy MOHA | OTHR - FBJ927A FUND TRANSFER |  | FUND TRANSFER | 
 |  | com.example.Transaction@4eb9f2af | 20000.0 | 12/12/2020 | true | com.example.Transaction@f1266c6 |  | CASH DEPOSIT     CDM |  | CASH DEPOSIT     CDM | 
 |  | com.example.Transaction@4a481728 | 9950.0 | 12/12/2020 | true | com.example.Transaction@3913f206 |  | CASH DEPOSIT     CDM |  | CASH DEPOSIT     CDM | 
 |  | com.example.Transaction@4ace284d | 9900.0 | 12/12/2020 | true | com.example.Transaction@3e8799f |  | CASH DEPOSIT     CDM |  | CASH DEPOSIT     CDM | 
 |  | com.example.Transaction@77fa9381 | 9850.0 | 12/12/2020 | true | com.example.Transaction@3b353651 |  | CASH DEPOSIT     CDM |  | CASH DEPOSIT     CDM | 
 | MAY-MATCH | com.example.Transaction@76d72b5b | 258.0 | 14/12/2020 | true | com.example.Transaction@5a13fcf3 | MUHAMMAD NUR HAKEEM | PAYMENT/TRANSFER OTHR S$ MUHAMMAD NUR HAKEEM via PayNow: FBQ7609K Dec | OTHR S$ | PAYMENT/TRANSFER | 
 | LTA | com.example.Transaction@7cac93fe | -25.0 | 14/12/2020 | true | com.example.Transaction@12c0c0b3 | 10/12/2020 | xx-7992 LTA E-SERVICE VRLS     SIN DEBIT PURCHASE |  | DEBIT PURCHASE | 
 | LTA | com.example.Transaction@479b5066 | -32.0 | 14/12/2020 | true | com.example.Transaction@5a97b17c | 10/12/2020 | xx-8024 LTA E-SERVICE VRLS     SIN DEBIT PURCHASE |  | DEBIT PURCHASE | 
 | LTA | com.example.Transaction@64deb58f | -32.0 | 14/12/2020 | true | com.example.Transaction@9c73fff | 10/12/2020 | xx-8024 LTA E-SERVICE VRLS     SIN DEBIT PURCHASE |  | DEBIT PURCHASE | 
 |  | com.example.Transaction@2b1cd7bc | 307.0 | 14/12/2020 | true | com.example.Transaction@270d43a7 | 665417770001 | 3RD PTY TRANSFER ATM |  | 3RD PTY TRANSFER ATM | 
 | MAY-MATCH | com.example.Transaction@33379242 | 246.0 | 14/12/2020 | true | com.example.Transaction@250b5e5b | from FBK5286C SHARE | OTHR - Other FUND TRANSFER |  | FUND TRANSFER | 
 | MAY-MATCH | com.example.Transaction@2e32fc22 | 363.0 | 14/12/2020 | true | com.example.Transaction@4ef2ab73 | AZMAN BIN YUSOF | PAYMENT/TRANSFER OTHR S$ AZMAN BIN YUSOF via PayNow: FBQ 373 K | OTHR S$ | PAYMENT/TRANSFER | 
 | MAY-MATCH | com.example.Transaction@3f5156a6 | 226.0 | 14/12/2020 | true | com.example.Transaction@34be065a | RADIWATI BTE MOHAME | PAYMENT/TRANSFER OTHR RADIWATI BTE MOHAME FBR1534B | OTHR | PAYMENT/TRANSFER | 
 | MAY-MATCH | com.example.Transaction@72bdd7c7 | 390.0 | 14/12/2020 | true | com.example.Transaction@718f805a |  | CASH DEPOSIT     CDM |  | CASH DEPOSIT     CDM | 
 | MAY-MATCH | com.example.Transaction@7d17ee50 | 267.0 | 14/12/2020 | true | com.example.Transaction@e09f1b6 | MUHAMMAD AFIQ BIN A | PAYMENT/TRANSFER OTHR S$ MUHAMMAD AFIQ BIN A via PayNow: FBP1376B | OTHR S$ | PAYMENT/TRANSFER | 
 | MAY-MATCH | com.example.Transaction@44fdce3c | 185.0 | 14/12/2020 | true | com.example.Transaction@557b6a37 | RAZALI BIN JOHARI | PAYMENT/TRANSFER OTHR RAZALI BIN JOHARI Transfer | OTHR | PAYMENT/TRANSFER | 
 | MAY-MATCH | com.example.Transaction@712c5463 | 105.0 | 14/12/2020 | true | com.example.Transaction@11b32a14 | FADIL BIN ABD RAHIM | PAYMENT/TRANSFER OTHR FADIL BIN ABD RAHIM Transfer | OTHR | PAYMENT/TRANSFER | 
 | MAY-MATCH | com.example.Transaction@6d33a66e | -33.55 | 14/12/2020 | true | com.example.Transaction@1c33e528 | 44176 | xx-7992 HDB SEASON PARKING     SIN DEBIT PURCHASE |  | DEBIT PURCHASE | 
 | LTA | com.example.Transaction@2f14b0f6 | -25.0 | 14/12/2020 | true | com.example.Transaction@71cea1b8 | 11/12/2020 | xx-7992 LTA E-SERVICE VRLS     SIN DEBIT PURCHASE |  | DEBIT PURCHASE | 
 | LTA | com.example.Transaction@5b20706 | -25.0 | 14/12/2020 | true | com.example.Transaction@659f226a | 11/12/2020 | xx-7992 LTA E-SERVICE VRLS     SIN DEBIT PURCHASE |  | DEBIT PURCHASE | 
 | LTA | com.example.Transaction@16aed49f | -25.0 | 14/12/2020 | true | com.example.Transaction@2e463f4 | 11/12/2020 | xx-7992 LTA E-SERVICE VRLS     SIN DEBIT PURCHASE |  | DEBIT PURCHASE | 
 | LTA | com.example.Transaction@66de00f2 | -25.0 | 14/12/2020 | true | com.example.Transaction@32ec9c90 | 11/12/2020 | xx-7992 LTA E-SERVICE VRLS     SIN DEBIT PURCHASE |  | DEBIT PURCHASE | 
 | MAY-MATCH | com.example.Transaction@6c479fdf | -7.15 | 14/12/2020 | true | com.example.Transaction@5df63359 | 44176 | xx-8024 SENGKANG POLYCLINIC    SIN DEBIT PURCHASE |  | DEBIT PURCHASE | 
 |  | com.example.Transaction@79d82f66 | 325.0 | 14/12/2020 | true | com.example.Transaction@1280682 | from FBM9691D NASRI | OTHR - 29th FBM9691D FUND TRANSFER |  | FUND TRANSFER | 
 |  | com.example.Transaction@19b206ee | -543.0 | 14/12/2020 | true | com.example.Transaction@41ccb3b9 | CPF | BIZ GIRO | COLL 2624990 | GIRO | 
 | NETS -- NETS | com.example.Transaction@ffd4cba | 74.94 | 14/12/2020 | true | DailyNETSSum-11/12/2020 | ATAN MOTOR | 11146097500 POS SETTLEMENT | 11/12/2020 | POS SETTLEMENT | 
 | NETS -- NETS | com.example.Transaction@5f1483fd | 844.25 | 14/12/2020 | true | DailyNETSSum-12/12/2020 | ATAN MOTOR | 11146097500 POS SETTLEMENT | 12/12/2020 | POS SETTLEMENT | 
 |  | com.example.Transaction@670f2466 | 2000.0 | 14/12/2020 | true | com.example.Transaction@53d9826f | THE ACCOUNTANT GENE | 5003577674 GIRO | OTHR | GIRO | 
 | GIRO CHARGES | com.example.Transaction@6e03db1f | -0.2 | 14/12/2020 | true | Manual User Entry for GIRO CHARGES on 14/12/2020 | P201203 | GIRO CHARGES |  | GIRO CHARGES | 
 | GIRO PAYMENT | com.example.Transaction@609e57da | -350.0 | 14/12/2020 | true | com.example.Transaction@bfec2f9 | P201203 | GIRO PAYMENT |  | GIRO PAYMENT | 
 | PAYMENT/TRANSFER | com.example.Transaction@6ebc9573 | 180.0 | 14/12/2020 | true | com.example.Transaction@6e60f18 | HAZLIATI BINTE ABDU | PAYMENT/TRANSFER OTHR HAZLIATI BINTE ABDU FBK1608J | OTHR | PAYMENT/TRANSFER | 
 | PAYMENT/TRANSFER | com.example.Transaction@1e977098 | 202.0 | 14/12/2020 | true | com.example.Transaction@5cf8676a | MUHAMMAD ASYRAF BIN | PAYMENT/TRANSFER OTHR S$ MUHAMMAD ASYRAF BIN via PayNow: FBL6182G | OTHR S$ | PAYMENT/TRANSFER | 
 | MAY-MATCH | com.example.Transaction@630390b9 | 258.0 | 14/12/2020 | true | com.example.Transaction@53d2d002 | RAJA ZULFIKAAR ABDU | PAYMENT/TRANSFER OTHR S$ RAJA ZULFIKAAR ABDU via PayNow: FBQ8355K extend insura | OTHR S$ | PAYMENT/TRANSFER | 
 |  | com.example.Transaction@6690b9fa | 88.87 | 14/12/2020 | true | com.example.Transaction@1e84f3c8 | from # TAN HWA MENG | OTHR - Other FUND TRANSFER |  | FUND TRANSFER | 
 | PAYMENT/TRANSFER | com.example.Transaction@6c8dbf56 | 174.0 | 14/12/2020 | true | com.example.Transaction@47f04e4d | MUHAMMAD SHAFIQ BIN | PAYMENT/TRANSFER OTHR S$ MUHAMMAD SHAFIQ BIN via PayNow: FBP782T | OTHR S$ | PAYMENT/TRANSFER | 
 |  | com.example.Transaction@493b01ef | -16835.52 | 14/12/2020 | true | com.example.Transaction@5f59ea8c | P2012SF2 | FUND TRANSFER Fund Transfer to account 501831564001 SGD 16 835.52@1 Atan Motoring 21st Dec Payment | CT0020329482 | FUND TRANSFER | 
 |  | com.example.Transaction@36c2d629 | 1203.0 | 14/12/2020 | true | com.example.Transaction@7b2ccba5 | LTA | LTAFBK4107T IBG GIRO | SUPP | IBG GIRO | 
 |  | com.example.Transaction@55fee662 | 202.0 | 14/12/2020 | true | com.example.Transaction@64f9f455 | WAHAB BIN MOHD ISA | SI               FBP2238K IBG GIRO | OTHR | IBG GIRO | 
 |  | com.example.Transaction@54089484 | 301.0 | 14/12/2020 | true | com.example.Transaction@5d5a51b1 | YEOH AH FOCK | SI               FBQ8386X IBG GIRO | OTHR | IBG GIRO | 
 | MAY-MATCH | com.example.Transaction@45adc393 | 307.0 | 14/12/2020 | true | com.example.Transaction@5b39a3e6 | RITA ZAHARA BTE KAM | SI               FBN5441E IBG GIRO | OTHR | IBG GIRO | 
 |  | com.example.Transaction@65fe2691 | 201.0 | 14/12/2020 | true | com.example.Transaction@4dc7cd1c | SHAHRUL ANDEKA BIN | SI               FBM1787P IBG GIRO | OTHR | IBG GIRO | 
 |  | com.example.Transaction@479111ba | 363.0 | 14/12/2020 | true | com.example.Transaction@50ab56e2 | TAN CHUN CHANG | SI               FBM8030T IBG GIRO | OTHR | IBG GIRO | 
 |  | com.example.Transaction@57ad1178 | 236.0 | 14/12/2020 | true | com.example.Transaction@7b5b5bfe | WONG CHEE SONG | SI               FBN7766E IBG GIRO | OTHR | IBG GIRO | 
 |  | com.example.Transaction@7c37f145 | 300.0 | 14/12/2020 | true | com.example.Transaction@74834afd | KAMARIAH BINTE KAMS | SI               FBM2846X IBG GIRO | OTHR | IBG GIRO | 
 |  | com.example.Transaction@68699afc | 200.0 | 14/12/2020 | true | com.example.Transaction@75fd65c | AMILDA DEWI BINTE A | SI               FBN9391P IBG GIRO | OTHR | IBG GIRO | 
 |  | com.example.Transaction@273a5a8a | 261.0 | 14/12/2020 | true | com.example.Transaction@d499c13 | ABDULLAH KHALESH KA | SI               FBP8163C IBG GIRO | OTHR | IBG GIRO | 
 |  | com.example.Transaction@1823b9c4 | 167.0 | 14/12/2020 | true | com.example.Transaction@2ceca2ef | MUHAMMAD ADZLAN BIN | SI               FBP5843T IBG GIRO | OTHR | IBG GIRO | 
 |  | com.example.Transaction@5b5dce5c | 278.0 | 14/12/2020 | true | com.example.Transaction@42d6c12d | MOHAMMAD FAREHIN BI | SI               FBN2209E IBG GIRO | OTHR | IBG GIRO | 
 | MAY-MATCH | com.example.Transaction@7f4701b1 | 15.0 | 14/12/2020 | true | com.example.Transaction@5820070c | MUHAMMAD SYAHIN AZW | PAYMENT/TRANSFER OTHR S$ MUHAMMAD SYAHIN AZW via PayNow: NA | OTHR S$ | PAYMENT/TRANSFER | 
 | PAYMENT/TRANSFER | com.example.Transaction@adcfad9 | 265.0 | 14/12/2020 | true | com.example.Transaction@3520963d | SUNDARESWARAR S/O P | PAYMENT/TRANSFER OTHR S$ SUNDARESWARAR S/O P via PayNow: 1098 super 4 | OTHR S$ | PAYMENT/TRANSFER | 
 | CHEQUE | com.example.Transaction@708eb310 | 345.0 | 14/12/2020 | true | com.example.Transaction@fb49fdf | 254256 | RHB BANK BHD CHQ254256 CHEQUE DEPOSIT |  | CHEQUE DEPOSIT | 
 | MAY-MATCH | com.example.Transaction@7da34b26 | 265.0 | 14/12/2020 | true | com.example.Transaction@34208baa | MUHAMMAD AMEEN BADE | PAYMENT/TRANSFER OTHR S$ MUHAMMAD AMEEN BADE via PayNow: FBJ3942K | OTHR S$ | PAYMENT/TRANSFER | 
 | CHEQUE | com.example.Transaction@3a2e9f5b | -4653.0 | 14/12/2020 | true | com.example.Transaction@10c47c79 | 186174 | CHQ186174 CHEQUE |  | CHEQUE | 
 |  | com.example.Transaction@753fd7a1 | 198.0 | 14/12/2020 | true | com.example.Transaction@3b42121d | from Moto shop ROSL | LOAR - FBN3213K FUND TRANSFER |  | FUND TRANSFER | 
 | MAY-MATCH | com.example.Transaction@12a2585b | 218.0 | 15/12/2020 | true | com.example.Transaction@71370fec | MOHAMED HISHAM BIN | PAYMENT/TRANSFER OTHR S$ MOHAMED HISHAM BIN via PayNow: Transfer - UEN | OTHR S$ | PAYMENT/TRANSFER | 
 | MAY-MATCH | com.example.Transaction@21b6c9c2 | 205.0 | 15/12/2020 | true | com.example.Transaction@6707a4bf | SULAIMAN BIN HASHIM | PAYMENT/TRANSFER OTHR S$ SULAIMAN BIN HASHIM via PayNow: fy2553e | OTHR S$ | PAYMENT/TRANSFER | 
 | NETS -- NETS | com.example.Transaction@309cedb6 | 395.0 | 15/12/2020 | true | DailyNETSSum-14/12/2020 | ATAN MOTOR | 11146097500 POS SETTLEMENT | 14/12/2020 | POS SETTLEMENT | 
 |  | com.example.Transaction@3b95a6db | 325.0 | 15/12/2020 | true | com.example.Transaction@7a2ab862 | from ZAIM ZA'IM AL- | TRPT - FBM3243D FUND TRANSFER |  | FUND TRANSFER | 
 | MAY-MATCH | com.example.Transaction@3bf54172 | 278.0 | 15/12/2020 | true | com.example.Transaction@3fc7c734 | HUTCHEON ANDREW JOH | PAYMENT/TRANSFER OTHR HUTCHEON ANDREW JOH FBL2071U | OTHR | PAYMENT/TRANSFER | 
 | PAYMENT/TRANSFER | com.example.Transaction@2c9a6717 | 203.0 | 15/12/2020 | true | com.example.Transaction@388d14e | SAIFUL AMIRIN BIN J | PAYMENT/TRANSFER OTHR SAIFUL AMIRIN BIN J Transfer | OTHR | PAYMENT/TRANSFER | 
 | PAYMENT/TRANSFER | com.example.Transaction@7b3cde6f | 183.0 | 15/12/2020 | true | com.example.Transaction@1cd43562 | KAMSANI BIN MD AMIN | PAYMENT/TRANSFER OTHR S$ KAMSANI BIN MD AMIN via PayNow: NA | OTHR S$ | PAYMENT/TRANSFER | 
 | PAYMENT/TRANSFER | com.example.Transaction@6d091cad | 3860.0 | 15/12/2020 | true | com.example.Transaction@59939293 | LEE CHIN HSI | PAYMENT/TRANSFER OTHR S$ LEE CHIN HSI via PayNow: atan motoring | OTHR S$ | PAYMENT/TRANSFER | 
 | PAYMENT/TRANSFER | com.example.Transaction@7c663eaf | 230.0 | 15/12/2020 | true | com.example.Transaction@68b366e2 | SARRAVANAN PATMANAT | PAYMENT/TRANSFER OTHR S$ SARRAVANAN PATMANAT via PayNow: fbq4588g | OTHR S$ | PAYMENT/TRANSFER | 
 | MAY-MATCH | com.example.Transaction@3bb5ceb | 6609.77 | 15/12/2020 | true | com.example.Transaction@f0a66bd | AXA INSURANCE PTE L | PAYMENT/TRANSFER OTHR AXA INSURANCE PTE L 58789107 | OTHR | PAYMENT/TRANSFER | 
 | PAYMENT/TRANSFER | com.example.Transaction@1e692555 | 10000.0 | 15/12/2020 | true | com.example.Transaction@2d74c81b | LEE CHIN HSI | PAYMENT/TRANSFER OTHR S$ LEE CHIN HSI via PayNow: Fbr9730z | OTHR S$ | PAYMENT/TRANSFER | 
 |  | com.example.Transaction@3ba0ae41 | 310.0 | 15/12/2020 | true | com.example.Transaction@33188612 | ROBIAH BINTE HAMIDO | SI                FBK803T IBG GIRO | OTHR | IBG GIRO | 
 |  | com.example.Transaction@76fe6cdc | 291.0 | 15/12/2020 | true | com.example.Transaction@4733f6f5 | MUHAMMAD NABIL BIN | SI               FBK6972Z IBG GIRO | OTHR | IBG GIRO | 
 |  | com.example.Transaction@2ffb3aec | 191.76 | 15/12/2020 | true | com.example.Transaction@6ccac6f4 | ALDREN MICHAEL KOH | SI               FBM4788S IBG GIRO | OTHR | IBG GIRO | 
 |  | com.example.Transaction@786ff1cb | 241.0 | 15/12/2020 | true | com.example.Transaction@438c9aa7 | RAMARAU A/L SIMMTHE | SI               FBP6774C IBG GIRO | OTHR | IBG GIRO | 
 |  | com.example.Transaction@46039a21 | 212.0 | 15/12/2020 | true | com.example.Transaction@3453acd2 | KHAJAA SHAS S/O YAB | SI               FBH5802D IBG GIRO | OTHR | IBG GIRO | 
 |  | com.example.Transaction@431e86b1 | 242.0 | 15/12/2020 | true | com.example.Transaction@6c8f60f3 | JOACHIM DAVID SATIS | SI               FBL6204C IBG GIRO | OTHR | IBG GIRO | 
 | PAYMENT/TRANSFER | com.example.Transaction@35c4e864 | 300.0 | 15/12/2020 | true | com.example.Transaction@10b687f2 | TAN ZHI WEI JOSHUA | PAYMENT/TRANSFER OTHR S$ TAN ZHI WEI JOSHUA via PayNow: na | OTHR S$ | PAYMENT/TRANSFER | 
 | MAY-MATCH | com.example.Transaction@32a2a6be | 93.1 | 15/12/2020 | true | com.example.Transaction@460b50df | MUHAMMAD FARID BIN | PAYMENT/TRANSFER OTHR MUHAMMAD FARID BIN FX9324J | OTHR | PAYMENT/TRANSFER | 
 | CHEQUE | com.example.Transaction@3b2553d9 | -200.0 | 15/12/2020 | true | com.example.Transaction@682af059 | 186175 | CHQ186175 CHEQUE |  | CHEQUE | 
 | MAY-MATCH | com.example.Transaction@4da39ca9 | 280.0 | 16/12/2020 | true | com.example.Transaction@1cf336fd | FARHANAH BINTE ABDU | PAYMENT/TRANSFER OTHR FARHANAH BINTE ABDU FBM4118B | OTHR | PAYMENT/TRANSFER | 
 | NETS -- NETS | com.example.Transaction@6a9344f5 | 365.05 | 16/12/2020 | true | DailyNETSSum-15/12/2020 | ATAN MOTOR | 11146097500 POS SETTLEMENT | 15/12/2020 | POS SETTLEMENT | 
 |  | com.example.Transaction@5584d9c6 | 227.0 | 16/12/2020 | true | com.example.Transaction@56c8e6f0 | from FBL4428L HASLI | TRPT - Transport FUND TRANSFER |  | FUND TRANSFER | 
 |  | com.example.Transaction@3c9c6245 | -3824.97 | 16/12/2020 | true | com.example.Transaction@71b6172c | P2012SF3 | FUND TRANSFER Fund Transfer to account 501831564001 SGD 3 824.97@1 Blk: 22593  FBQ4588G F/S | CT0020349513 | FUND TRANSFER | 
 | MAY-MATCH | com.example.Transaction@6d0be7ab | 250.0 | 16/12/2020 | true | com.example.Transaction@1d0cac30 | MOHAMED YUSSOFF BIN | PAYMENT/TRANSFER TRPT MOHAMED YUSSOFF BIN FBL1650E | TRPT | PAYMENT/TRANSFER | 
 | MAY-MATCH | com.example.Transaction@1d4fb213 | 890.0 | 16/12/2020 | true | com.example.Transaction@41ef1ea2 | SHARINESWARI D/O MO | PAYMENT/TRANSFER OTHR S$ SHARINESWARI D/O MO via PayNow: FBK6219R | OTHR S$ | PAYMENT/TRANSFER | 
 | PAYMENT/TRANSFER | com.example.Transaction@6ef60295 | 85.0 | 16/12/2020 | true | com.example.Transaction@55f4887d | SAIFUL BAHRI BIN MD | PAYMENT/TRANSFER OTHR SAIFUL BAHRI BIN MD insurance extension | OTHR | PAYMENT/TRANSFER | 
 |  | com.example.Transaction@3127cb44 | 295.0 | 16/12/2020 | true | com.example.Transaction@58aa10f4 | MOOVAANAN S/O KUNAS | SI               FBN3339G IBG GIRO | OTHR | IBG GIRO | 
 | PAYMENT/TRANSFER | com.example.Transaction@3234474 | 461.0 | 16/12/2020 | true | com.example.Transaction@26837057 | MUHAMMAD SUFIAN BIN | PAYMENT/TRANSFER IHRP MUHAMMAD SUFIAN BIN FBR7774K | IHRP | PAYMENT/TRANSFER | 
 | PAYMENT/TRANSFER | com.example.Transaction@631cb129 | 227.0 | 16/12/2020 | true | com.example.Transaction@2dbc408c | YAP LIP MAN | PAYMENT/TRANSFER OTHR S$ YAP LIP MAN via PayNow: fbq3495y | OTHR S$ | PAYMENT/TRANSFER | 
 | MAY-MATCH | com.example.Transaction@3d20e575 | 280.0 | 16/12/2020 | true | com.example.Transaction@5dfe23e8 | MUHAMMAD NUR ZARIF | PAYMENT/TRANSFER OTHR S$ MUHAMMAD NUR ZARIF via PayNow: FBF9973C | OTHR S$ | PAYMENT/TRANSFER | 
 | MAY-MATCH | com.example.Transaction@3252747e | 200.0 | 16/12/2020 | true | com.example.Transaction@583fb274 | LIM KIAN HOU | PAYMENT/TRANSFER OTHR LIM KIAN HOU Transfer | OTHR | PAYMENT/TRANSFER | 
 | MAY-MATCH | com.example.Transaction@2b4b96a4 | 210.0 | 16/12/2020 | true | com.example.Transaction@202ae86f | PayLah| kelvinchong | PAYMENT/TRANSFER OTHR S$ PayLah| kelvinchong via PayNow: FBP9996J | OTHR S$ | PAYMENT/TRANSFER | 
 | CHEQUE | com.example.Transaction@5f36c8e3 | -637.6 | 16/12/2020 | true | com.example.Transaction@2dd8ff1d | 186450 | CHQ186450 CHEQUE |  | CHEQUE | 
 | CHEQUE | com.example.Transaction@17e9bc9e | -7352.0 | 16/12/2020 | true | com.example.Transaction@36b9cb99 | 186451 | CHQ186451 CHEQUE |  | CHEQUE | 
 | LTA | com.example.Transaction@2bfaba70 | -25.0 | 17/12/2020 | true | com.example.Transaction@36ab3814 | 14/12/2020 | xx-8024 LTA E-SERVICE VRLS     SIN DEBIT PURCHASE |  | DEBIT PURCHASE | 
 | LTA | com.example.Transaction@71adfedd | -62.0 | 17/12/2020 | true | com.example.Transaction@2abbd0d9 | 14/12/2020 | xx-8024 LTA E-SERVICE VRLS     SIN DEBIT PURCHASE |  | DEBIT PURCHASE | 
 | LTA | com.example.Transaction@9301672 | -64.0 | 17/12/2020 | true | com.example.Transaction@b61edb9 | 14/12/2020 | xx-8024 LTA E-SERVICE VRLS     SIN DEBIT PURCHASE |  | DEBIT PURCHASE | 
 | NETS -- NETS | com.example.Transaction@4ceff87d | 510.5 | 17/12/2020 | true | DailyNETSSum-16/12/2020 | ATAN MOTOR | 11146097500 POS SETTLEMENT | 16/12/2020 | POS SETTLEMENT | 
 |  | com.example.Transaction@3238e2aa | -6291.0 | 17/12/2020 | true | com.example.Transaction@4fb56bea | CPF | BIZ GIRO | COLL 2624990 | GIRO | 
 |  | com.example.Transaction@2c7db926 | -1650.0 | 17/12/2020 | true | com.example.Transaction@5e5beb8a | CPF | BFWL GIRO | COLL 2624990 | GIRO | 
 | PAYMENT/TRANSFER | com.example.Transaction@2577a95d | 350.0 | 17/12/2020 | true | com.example.Transaction@991cbde | SALAHEDDIN BIN SHAI | PAYMENT/TRANSFER IHRP SALAHEDDIN BIN SHAI FBQ4887T | IHRP | PAYMENT/TRANSFER | 
 | PAYMENT/TRANSFER | com.example.Transaction@1668919e | 197.0 | 17/12/2020 | true | com.example.Transaction@78d71df1 | GOH WEE PHANG BENJA | PAYMENT/TRANSFER OTHR S$ GOH WEE PHANG BENJA via PayNow: FBA6868U battery chang | OTHR S$ | PAYMENT/TRANSFER | 
 | PAYMENT/TRANSFER | com.example.Transaction@63300c4b | 685.0 | 17/12/2020 | true | com.example.Transaction@456bcb74 | AHMAD SYAQEER BIN S | PAYMENT/TRANSFER OTHR S$ AHMAD SYAQEER BIN S via PayNow: FBN7941R | OTHR S$ | PAYMENT/TRANSFER | 
 |  | com.example.Transaction@22c53d82 | 264.0 | 17/12/2020 | true | com.example.Transaction@1f95881a | LIM ZONG WEI | SI               FBL6349T IBG GIRO | OTHR | IBG GIRO | 
 |  | com.example.Transaction@3a6045c6 | 170.0 | 17/12/2020 | true | com.example.Transaction@17b016ac | ABDUL RAHIM BIN YUS | SI               FBH1648J IBG GIRO | OTHR | IBG GIRO | 
 | PAYMENT/TRANSFER | com.example.Transaction@68d6d775 | 300.0 | 17/12/2020 | true | com.example.Transaction@a9c5b75 | NURUL ASHIKIN BINTE | PAYMENT/TRANSFER OTHR NURUL ASHIKIN BINTE FBF4230X | OTHR | PAYMENT/TRANSFER | 
 | PAYMENT/TRANSFER | com.example.Transaction@b67cc70 | 300.0 | 17/12/2020 | true | com.example.Transaction@dd4aec3 | MOHAMED IRFAN ALI | PAYMENT/TRANSFER OTHR S$ MOHAMED IRFAN ALI via PayNow: FBJ7619T | OTHR S$ | PAYMENT/TRANSFER | 
 | CHEQUE | com.example.Transaction@4130955c | 1626.5 | 17/12/2020 | true | com.example.Transaction@45c9b3 | 848911 | CITIBANK  NA CHQ848911 CHEQUE DEPOSIT |  | CHEQUE DEPOSIT | 
 | CHEQUE | com.example.Transaction@38b3f208 | 130.0 | 17/12/2020 | true | com.example.Transaction@6680f714 | 676603 | UOB BANK CHQ676603 CHEQUE DEPOSIT |  | CHEQUE DEPOSIT | 
 | MAY-MATCH | com.example.Transaction@7d97e06c | 240.0 | 18/12/2020 | true | com.example.Transaction@1989e8c6 | from FBQ4766J SHAFI | OTHR - FBQ4766J FUND TRANSFER |  | FUND TRANSFER | 
 | MAY-MATCH | com.example.Transaction@5a936e64 | 290.0 | 18/12/2020 | true | com.example.Transaction@35c4697c | from MUHAMMAD ZUHAI | OTHR - Other FUND TRANSFER | via PayNow-UEN | FUND TRANSFER | 
 | MAY-MATCH | com.example.Transaction@3b4a1a75 | 65.0 | 18/12/2020 | true | com.example.Transaction@104dc1a2 | NAZIMA BINTE SHIEK | PAYMENT/TRANSFER OTHR S$ NAZIMA BINTE SHIEK via PayNow: Ins extension FBN9158Y | OTHR S$ | PAYMENT/TRANSFER | 
 | CASH REBATE | com.example.Transaction@65bad087 | 0.03 | 18/12/2020 | true | Manual User Entry for CASH REBATE on 18/12/2020 |  | CASH REBATE CASH REBATE |  | CASH REBATE | 
 | CASH REBATE | com.example.Transaction@276cc8dc | 0.04 | 18/12/2020 | true | Manual User Entry for CASH REBATE on 18/12/2020 |  | CASH REBATE CASH REBATE |  | CASH REBATE | 
 | CASH REBATE | com.example.Transaction@66cd621b | 0.85 | 18/12/2020 | true | Manual User Entry for CASH REBATE on 18/12/2020 |  | CASH REBATE CASH REBATE |  | CASH REBATE | 
 | LTA | com.example.Transaction@d3f4505 | -25.0 | 18/12/2020 | true | com.example.Transaction@5d3ff859 | 15/12/2020 | xx-7992 LTA E-SERVICE VRLS     SIN DEBIT PURCHASE |  | DEBIT PURCHASE | 
 |  | com.example.Transaction@3eb292cd | -62.95 | 18/12/2020 | true | com.example.Transaction@733ec58b | 44180 | xx-8008 M1LTD RECURRING        SIN DEBIT PURCHASE |  | DEBIT PURCHASE | 
 | NETS -- NETS | com.example.Transaction@7fd987ef | 547.1 | 18/12/2020 | true | DailyNETSSum-17/12/2020 | ATAN MOTOR | 11146097500 POS SETTLEMENT | 17/12/2020 | POS SETTLEMENT | 
 |  | com.example.Transaction@7209ffb5 | -260.0 | 18/12/2020 | true | com.example.Transaction@723877dd | P201214 | FUND TRANSFER Fund Transfer to account 713007102001 SGD 260.00@1 Invoice: #2020-12-011 | CT0020370097 | FUND TRANSFER | 
 | MAY-MATCH | com.example.Transaction@5e99b9c | 144.0 | 18/12/2020 | true | com.example.Transaction@67d32a54 | MUHAMMAD MUZZAMMIL | PAYMENT/TRANSFER OTHR S$ MUHAMMAD MUZZAMMIL via PayNow: FBG8423A | OTHR S$ | PAYMENT/TRANSFER | 
 | PAYMENT/TRANSFER | com.example.Transaction@2fe74516 | 300.0 | 18/12/2020 | true | com.example.Transaction@4dac121d | POOBALAN LOGANATHAN | PAYMENT/TRANSFER IHRP POOBALAN LOGANATHAN Transfer | IHRP | PAYMENT/TRANSFER | 
 | PAYMENT/TRANSFER | com.example.Transaction@1c3259fa | 231.0 | 18/12/2020 | true | com.example.Transaction@568750b7 | ZULKIFLI BIN MOHAME | PAYMENT/TRANSFER LOAN ZULKIFLI BIN MOHAME FBL2565L | LOAN | PAYMENT/TRANSFER | 
 | MAY-MATCH | com.example.Transaction@217bf99e | 243.43 | 18/12/2020 | true | com.example.Transaction@314a31b0 | SRI LAKSHMI VINAYAG | PAYMENT/TRANSFER OTHR SRI LAKSHMI VINAYAG FBJ3475S | OTHR | PAYMENT/TRANSFER | 
 |  | com.example.Transaction@6807a356 | 221.0 | 18/12/2020 | true | com.example.Transaction@415ef4d8 | LIM BOON LEONG | SI               FBN9177S IBG GIRO | OTHR | IBG GIRO | 
 |  | com.example.Transaction@7ddd84b5 | 285.0 | 18/12/2020 | true | com.example.Transaction@56cc9f29 | CHAWLA AMIT | SI               FBM1701L IBG GIRO | OTHR | IBG GIRO | 
 | CHEQUE | com.example.Transaction@53b1a3f8 | 368.0 | 18/12/2020 | true | com.example.Transaction@73aeef7d | 660224 | UOB BANK CHQ660224 CHEQUE DEPOSIT |  | CHEQUE DEPOSIT | 
 | CHEQUE | com.example.Transaction@d675f9f | -500.0 | 18/12/2020 | true | com.example.Transaction@58af5076 | 185933 | CHQ185933 CHEQUE |  | CHEQUE | 
 | MAY-MATCH | com.example.Transaction@4d9754a8 | 434.0 | 19/12/2020 | true | com.example.Transaction@2753316c | from FBQ8185J HARUN | OTHR - FBQ8185J FUND TRANSFER |  | FUND TRANSFER | 
 | PAYMENT/TRANSFER | com.example.Transaction@7a3b7122 | 264.0 | 19/12/2020 | true | com.example.Transaction@3e28fee1 | MUHAMMAD IZZAN BIN | PAYMENT/TRANSFER OTHR MUHAMMAD IZZAN BIN Transfer | OTHR | PAYMENT/TRANSFER | 
 | LTA | com.example.Transaction@58b5a2f3 | -199.0 | 19/12/2020 | false |  | 16/12/2020 | xx-7992 LTA E-SERVICE VRLS     SIN DEBIT PURCHASE |  | DEBIT PURCHASE | 
 | LTA | com.example.Transaction@25f15f50 | -25.0 | 19/12/2020 | true | com.example.Transaction@32bb0072 | 16/12/2020 | xx-7992 LTA E-SERVICE VRLS     SIN DEBIT PURCHASE |  | DEBIT PURCHASE | 
 | LTA | com.example.Transaction@52b46d52 | -25.0 | 19/12/2020 | true | com.example.Transaction@467233e4 | 16/12/2020 | xx-7992 LTA E-SERVICE VRLS     SIN DEBIT PURCHASE |  | DEBIT PURCHASE | 
 | PAYMENT/TRANSFER | com.example.Transaction@7327a447 | 187.0 | 19/12/2020 | false |  | ONG YU YING (WANG Y | PAYMENT/TRANSFER OTHR ONG YU YING (WANG Y fbn9331m | OTHR | PAYMENT/TRANSFER | 
 | PAYMENT/TRANSFER | com.example.Transaction@67022ea | 187.0 | 19/12/2020 | false |  | ONG YU YING (WANG Y | PAYMENT/TRANSFER OTHR ONG YU YING (WANG Y fnb9331m | OTHR | PAYMENT/TRANSFER | 
 | PAYMENT/TRANSFER | com.example.Transaction@2954f6ab | 379.85 | 19/12/2020 | true | com.example.Transaction@16a2ed51 | WEE CHENG YAN | PAYMENT/TRANSFER OTHR S$ WEE CHENG YAN via PayNow: FBG5482Z | OTHR S$ | PAYMENT/TRANSFER | 
 | MAY-MATCH | com.example.Transaction@58fbd02e | 354.0 | 19/12/2020 | true | com.example.Transaction@59edb4f5 | MOHAMED HASHIM BIN | PAYMENT/TRANSFER OTHR MOHAMED HASHIM BIN FBM7628B -Irfan | OTHR | PAYMENT/TRANSFER | 
 | PAYMENT/TRANSFER | com.example.Transaction@163042ea | 338.0 | 19/12/2020 | true | com.example.Transaction@3b332962 | SUTAN NAZARUDIN ANI | PAYMENT/TRANSFER OTHR SUTAN NAZARUDIN ANI FBR8019B | OTHR | PAYMENT/TRANSFER | 
 | MAY-MATCH | com.example.Transaction@11d045b4 | 168.0 | 19/12/2020 | true | com.example.Transaction@2792b416 | MOHAMAD EFFENDI B S | PAYMENT/TRANSFER OTHR MOHAMAD EFFENDI B S FBQ 4503B | OTHR | PAYMENT/TRANSFER | 
 | LTA | com.example.Transaction@1fbf088b | -25.0 | 21/12/2020 | true | com.example.Transaction@427a12b6 | 17/12/2020 | xx-7992 LTA E-SERVICE VRLS     SIN DEBIT PURCHASE |  | DEBIT PURCHASE | 
 | LTA | com.example.Transaction@1943c1f2 | -25.0 | 21/12/2020 | true | com.example.Transaction@6025d790 | 17/12/2020 | xx-7992 LTA E-SERVICE VRLS     SIN DEBIT PURCHASE |  | DEBIT PURCHASE | 
 | LTA | com.example.Transaction@d70f722 | -25.0 | 21/12/2020 | false |  | 17/12/2020 | xx-7992 LTA E-SERVICE VRLS     SIN DEBIT PURCHASE |  | DEBIT PURCHASE | 
 | LTA | com.example.Transaction@1e1eeedd | -32.0 | 21/12/2020 | true | com.example.Transaction@af7e376 | 17/12/2020 | xx-8024 LTA E-SERVICE VRLS     SIN DEBIT PURCHASE |  | DEBIT PURCHASE | 
 | LTA | com.example.Transaction@798256c5 | -48.0 | 21/12/2020 | true | com.example.Transaction@5dcd0cdf | 17/12/2020 | xx-8024 LTA E-SERVICE VRLS     SIN DEBIT PURCHASE |  | DEBIT PURCHASE | 
 | MAY-MATCH | com.example.Transaction@7ec95456 | 258.0 | 21/12/2020 | true | com.example.Transaction@4735d6e5 | BAKHIT BIN MOHD SA' | PAYMENT/TRANSFER OTHR S$ BAKHIT BIN MOHD SA' via PayNow: FBP3430P | OTHR S$ | PAYMENT/TRANSFER | 
 | MAY-MATCH | com.example.Transaction@748a654a | 346.55 | 21/12/2020 | true | com.example.Transaction@79d3473e | MUHAMMAD SAHRIN BIN | PAYMENT/TRANSFER OTHR MUHAMMAD SAHRIN BIN Transfer | OTHR | PAYMENT/TRANSFER | 
 | MAY-MATCH | com.example.Transaction@1d8b0500 | 444.0 | 21/12/2020 | true | com.example.Transaction@4dad0eed |  | CASH DEPOSIT     CDM |  | CASH DEPOSIT     CDM | 
 | MAY-MATCH | com.example.Transaction@76544c0a | 355.0 | 21/12/2020 | true | com.example.Transaction@7fad214a | AMSYAR DINIE BIN AB | PAYMENT/TRANSFER OTHR S$ AMSYAR DINIE BIN AB via PayNow: FR2184Z | OTHR S$ | PAYMENT/TRANSFER | 
 | LTA | com.example.Transaction@428bdd72 | -17.1 | 21/12/2020 | true | com.example.Transaction@4fb04a72 | 18/12/2020 | xx-8024 LTA E-SERVICE VRLS     SIN DEBIT PURCHASE |  | DEBIT PURCHASE | 
 | LTA | com.example.Transaction@650c405c | -32.0 | 21/12/2020 | true | com.example.Transaction@1e79d43 | 18/12/2020 | xx-8024 LTA E-SERVICE VRLS     SIN DEBIT PURCHASE |  | DEBIT PURCHASE | 
 | NETS -- NETS | com.example.Transaction@20eaeaf8 | 418.45 | 21/12/2020 | false |  | ATAN MOTOR | 11146097500 POS SETTLEMENT | 18/12/2020 | POS SETTLEMENT | 
 | NETS -- NETS | com.example.Transaction@748ac6f3 | 2789.05 | 21/12/2020 | true | DailyNETSSum-19/12/2020 | ATAN MOTOR | 11146097500 POS SETTLEMENT | 19/12/2020 | POS SETTLEMENT | 
 | GIRO CHARGES | com.example.Transaction@68f6e55d | -0.2 | 21/12/2020 | true | Manual User Entry for GIRO CHARGES on 21/12/2020 | P201204 | GIRO CHARGES |  | GIRO CHARGES | 
 | GIRO CHARGES | com.example.Transaction@6fff46bf | -0.2 | 21/12/2020 | true | Manual User Entry for GIRO CHARGES on 21/12/2020 | P201215 | GIRO CHARGES |  | GIRO CHARGES | 
 | GIRO PAYMENT | com.example.Transaction@49469ffa | -350.0 | 21/12/2020 | true | com.example.Transaction@1835dc92 | P201204 | GIRO PAYMENT |  | GIRO PAYMENT | 
 | GIRO PAYMENT | com.example.Transaction@3aaa3c39 | -600.0 | 21/12/2020 | true | com.example.Transaction@65a9ea3c | P201215 | GIRO PAYMENT |  | GIRO PAYMENT | 
 | PAYMENT/TRANSFER | com.example.Transaction@46911148 | 110.0 | 21/12/2020 | true | com.example.Transaction@57ddd45b | FADIL BIN ABD RAHIM | PAYMENT/TRANSFER OTHR FADIL BIN ABD RAHIM Transfer | OTHR | PAYMENT/TRANSFER | 
 | PAYMENT/TRANSFER | com.example.Transaction@2db1b657 | 500.0 | 21/12/2020 | false |  | HEE WHYE TECK (XU W | PAYMENT/TRANSFER OTHR HEE WHYE TECK (XU W Transfer | OTHR | PAYMENT/TRANSFER | 
 | PAYMENT/TRANSFER | com.example.Transaction@7e351d7 | 2847.72 | 21/12/2020 | true | com.example.Transaction@2e7bf7b7 | MOHAMMAD HASIF BIN | PAYMENT/TRANSFER OTHR MOHAMMAD HASIF BIN Transfer | OTHR | PAYMENT/TRANSFER | 
 | PAYMENT/TRANSFER | com.example.Transaction@43c57161 | 374.5 | 21/12/2020 | true | com.example.Transaction@2fb25f4c | MOHAMMAD HASIF BIN | PAYMENT/TRANSFER OTHR MOHAMMAD HASIF BIN Transfer | OTHR | PAYMENT/TRANSFER | 
 |  | com.example.Transaction@d902300 | 34833.57 | 21/12/2020 | true | com.example.Transaction@535b1ae6 | B01 24209 | TRANSFER Fund Transfer from SINGAPURA FINANCE LTD SGD 34 833.57 B01 24209 | CT0020390120 | TRANSFER | 
 |  | com.example.Transaction@2db33feb | 236.0 | 21/12/2020 | true | com.example.Transaction@626c19cf | MUHAMMAD AIZAT BIN | SI               FBM4963C IBG GIRO | OTHR | IBG GIRO | 
 |  | com.example.Transaction@30c3ae63 | 185.0 | 21/12/2020 | true | com.example.Transaction@54a2d96e | TNG BOON CHAI | SI               FBM0392B IBG GIRO | OTHR | IBG GIRO | 
 |  | com.example.Transaction@58658f63 | 210.0 | 21/12/2020 | true | com.example.Transaction@66a53104 | RAM PRAKASH | SI               FBN8194Z IBG GIRO | OTHR | IBG GIRO | 
 |  | com.example.Transaction@54e12f4c | 267.0 | 21/12/2020 | true | com.example.Transaction@6d229b1c | MUHD NUUR SHIDDIQ B | SI                FBR219T IBG GIRO | OTHR | IBG GIRO | 
 |  | com.example.Transaction@60990e5c | -238.21 | 21/12/2020 | true | com.example.Transaction@6f825516 | NETS (S) Pte Ltd | F110001310 IBG GIRO | PADD EA4354 | IBG GIRO | 
 |  | com.example.Transaction@4d84049a | 24.6 | 21/12/2020 | true | com.example.Transaction@2da99821 | from NURDIANA BINTE | OTHR - Other FUND TRANSFER | via PayNow-UEN | FUND TRANSFER | 
 | CHEQUE | com.example.Transaction@70f68288 | -370.0 | 21/12/2020 | true | com.example.Transaction@39ee94de | 185934 | CHQ185934 CHEQUE |  | CHEQUE | 
 | MAY-MATCH | com.example.Transaction@4c6b4ed7 | 390.0 | 22/12/2020 | true | com.example.Transaction@164642a4 | from FBM8540M MOHAM | OTHR - FBM8540M FUND TRANSFER |  | FUND TRANSFER | 
 | NETS -- NETS | com.example.Transaction@21263314 | 1777.35 | 22/12/2020 | true | DailyNETSSum-21/12/2020 | ATAN MOTOR | 11146097500 POS SETTLEMENT | 21/12/2020 | POS SETTLEMENT | 
 | MAY-MATCH | com.example.Transaction@6ca30b8a | 242.0 | 22/12/2020 | true | com.example.Transaction@75cf0de5 | JESSICA JESSIE D/O | PAYMENT/TRANSFER OTHR S$ JESSICA JESSIE D/O via PayNow: FBP9042L December 20 | OTHR S$ | PAYMENT/TRANSFER | 
 | PAYMENT/TRANSFER | com.example.Transaction@4a92c6a9 | 207.0 | 22/12/2020 | true | com.example.Transaction@de81be1 | FUN GUO HAO | PAYMENT/TRANSFER OTHR FUN GUO HAO FBJ8167Z | OTHR | PAYMENT/TRANSFER | 
 | PAYMENT/TRANSFER | com.example.Transaction@5c9934da | 352.0 | 22/12/2020 | true | com.example.Transaction@342e690b | AMIR HAMZAH BIN ABD | PAYMENT/TRANSFER OTHR AMIR HAMZAH BIN ABD Transfer | OTHR | PAYMENT/TRANSFER | 
 | PAYMENT/TRANSFER | com.example.Transaction@4cb702ce | 227.0 | 22/12/2020 | true | com.example.Transaction@4519f676 | ALMALIK FAIZAL BIN | PAYMENT/TRANSFER OTHR S$ ALMALIK FAIZAL BIN via PayNow: FU156C | OTHR S$ | PAYMENT/TRANSFER | 
 | MAY-MATCH | com.example.Transaction@383caf89 | 399.0 | 22/12/2020 | true | com.example.Transaction@50b0afd7 | AZMAN THANI B ABD G | PAYMENT/TRANSFER OTHR AZMAN THANI B ABD G Insurance renewal for FBK7157D | OTHR | PAYMENT/TRANSFER | 
 |  | com.example.Transaction@64c781a9 | 200.0 | 22/12/2020 | true | com.example.Transaction@62cba181 | 665417770001 | xx-5173 OCBC-AMK CENTRAL BR      S 3RD PTY TRANSFER ATM |  | 3RD PTY TRANSFER ATM | 
 | MAY-MATCH | com.example.Transaction@71ed560f | 117.7 | 22/12/2020 | true | com.example.Transaction@468173fa | SUFFIAN BIN MOHD NO | PAYMENT/TRANSFER OTHR S$ SUFFIAN BIN MOHD NO via PayNow: FBJ1917Y | OTHR S$ | PAYMENT/TRANSFER | 
 |  | com.example.Transaction@5b88b8e | 308.0 | 22/12/2020 | true | com.example.Transaction@1b482cbf |  | CASH DEPOSIT |  | CASH DEPOSIT | 
 | PAYMENT/TRANSFER | com.example.Transaction@58253c57 | 362.0 | 22/12/2020 | true | com.example.Transaction@78ec89a6 | JOACHIM DAVID SATIS | PAYMENT/TRANSFER INSU JOACHIM DAVID SATIS Transfer | INSU | PAYMENT/TRANSFER | 
 | PAYMENT/TRANSFER | com.example.Transaction@b73433 | 237.0 | 22/12/2020 | true | com.example.Transaction@3596b249 | MUHAMMAD NAZRUL BIN | PAYMENT/TRANSFER OTHR S$ MUHAMMAD NAZRUL BIN via PayNow: Fbm 7871p | OTHR S$ | PAYMENT/TRANSFER | 
 | PAYMENT/TRANSFER | com.example.Transaction@1bf14704 | 247.0 | 22/12/2020 | true | com.example.Transaction@7237f3c1 | MUHAMMAD NUR IMAN B | PAYMENT/TRANSFER OTHR MUHAMMAD NUR IMAN B fbp8737y | OTHR | PAYMENT/TRANSFER | 
 |  | com.example.Transaction@5a545b0f | 247.0 | 22/12/2020 | true | com.example.Transaction@661fe025 | SYED THAHA AHMAD B | SI               FBM4180U IBG GIRO | OTHR | IBG GIRO | 
 |  | com.example.Transaction@2be21396 | 162.0 | 22/12/2020 | true | com.example.Transaction@7161457 | ABDUL HAFIQ BIN ABD | SI               FBP3652R IBG GIRO | OTHR | IBG GIRO | 
 |  | com.example.Transaction@124dac75 | 248.0 | 22/12/2020 | true | com.example.Transaction@38ee7a9d | MOHD NOR HASSAN B A | SI               FBN9719D IBG GIRO | OTHR | IBG GIRO | 
 |  | com.example.Transaction@315105f | 240.0 | 22/12/2020 | true | com.example.Transaction@629984eb | NOOR AISYAH BINTE K | SI               FBM3499H IBG GIRO | OTHR | IBG GIRO | 
 | CHEQUE | com.example.Transaction@642857e0 | -53.5 | 22/12/2020 | true | com.example.Transaction@7b61bf11 | 186435 | CHQ186435 CHEQUE |  | CHEQUE | 
 | CHEQUE | com.example.Transaction@40247d48 | -133.96 | 22/12/2020 | true | com.example.Transaction@3ff54f3d | 186378 | CHQ186378 CHEQUE |  | CHEQUE | 
 | CHEQUE | com.example.Transaction@14c93774 | -1626.5 | 22/12/2020 | true | com.example.Transaction@62a68bcb | 186453 | CHQ186453 CHEQUE |  | CHEQUE | 
 | CHEQUE | com.example.Transaction@18b74ea | -7352.0 | 22/12/2020 | true | com.example.Transaction@14924f41 | 186454 | CHQ186454 CHEQUE |  | CHEQUE | 
 | CHEQUE | com.example.Transaction@493da830 | -7352.0 | 22/12/2020 | true | com.example.Transaction@1f939a0f | 186455 | CHQ186455 CHEQUE |  | CHEQUE | 
 | MAY-MATCH | com.example.Transaction@430b2699 | 230.0 | 23/12/2020 | true | com.example.Transaction@62765aec | MUHAMMAD ZULHUSNI B | PAYMENT/TRANSFER OTHR S$ MUHAMMAD ZULHUSNI B via PayNow: FBQ4082Z | OTHR S$ | PAYMENT/TRANSFER | 
 | PAYMENT/TRANSFER | com.example.Transaction@67536ae0 | 30.0 | 23/12/2020 | false |  | MUHAMMAD ZULHUSNI B | PAYMENT/TRANSFER OTHR S$ MUHAMMAD ZULHUSNI B via PayNow: Fbq4082z | OTHR S$ | PAYMENT/TRANSFER | 
 | NETS -- NETS | com.example.Transaction@6413d7e7 | 420.55 | 23/12/2020 | true | DailyNETSSum-22/12/2020 | ATAN MOTOR | 11146097500 POS SETTLEMENT | 22/12/2020 | POS SETTLEMENT | 
 | PAYMENT/TRANSFER | com.example.Transaction@d16be4f | 150.0 | 23/12/2020 | true | com.example.Transaction@781711b7 | SANGARAN SINNAKOLAN | PAYMENT/TRANSFER OTHR SANGARAN SINNAKOLAN Transfer | OTHR | PAYMENT/TRANSFER | 
 |  | com.example.Transaction@17b37e9a | 12000.0 | 23/12/2020 | true | com.example.Transaction@7b1e5e55 |  | ST-ATM DEP OCBC-ION ORCHARD BRANCH CASH DEPOSIT     CDM |  | CASH DEPOSIT     CDM | 
 |  | com.example.Transaction@6bcb12e6 | 10000.0 | 23/12/2020 | true | com.example.Transaction@4c1d59cd |  | ST-ATM DEP OCBC-ION ORCHARD BRANCH CASH DEPOSIT     CDM |  | CASH DEPOSIT     CDM | 
 |  | com.example.Transaction@111d5c97 | 6260.7 | 23/12/2020 | true | com.example.Transaction@76cf841 |  | ST-ATM DEP OCBC-ION ORCHARD BRANCH CASH DEPOSIT     CDM |  | CASH DEPOSIT     CDM | 
 |  | com.example.Transaction@29c17c3d | -0.07 | 23/12/2020 | false |  |  | ST-ATM DEP OCBC-ION ORCHARD BRANCH SVCCHG COIN DEPOSIT |  | SVCCHG COIN DEPOSIT | 
 |  | com.example.Transaction@250a9031 | 3358.0 | 23/12/2020 | true | com.example.Transaction@297c9a9b |  | ST-ATM DEP OCBC-ION ORCHARD BRANCH CASH DEPOSIT     CDM |  | CASH DEPOSIT     CDM | 
 | PAYMENT/TRANSFER | com.example.Transaction@1665fa54 | 268.0 | 23/12/2020 | true | com.example.Transaction@642a16aa | MUHAMMAD ZULKHAIRI | PAYMENT/TRANSFER OTHR S$ MUHAMMAD ZULKHAIRI via PayNow: FBG6838A | OTHR S$ | PAYMENT/TRANSFER | 
 | MAY-MATCH | com.example.Transaction@6d67f5eb | 184.0 | 23/12/2020 | true | com.example.Transaction@6f5bd362 | OSNI BIN YUSOF | PAYMENT/TRANSFER OTHR S$ OSNI BIN YUSOF via PayNow: Fbl6215X insurance | OTHR S$ | PAYMENT/TRANSFER | 
 | PAYMENT/TRANSFER | com.example.Transaction@4f654cee | 222.0 | 23/12/2020 | true | com.example.Transaction@642ee49c | MOHAMED ASIQ ALI S/ | PAYMENT/TRANSFER OTHR S$ MOHAMED ASIQ ALI S/ via PayNow: FBG650M | OTHR S$ | PAYMENT/TRANSFER | 
 | PAYMENT/TRANSFER | com.example.Transaction@3e1fd62b | 239.0 | 23/12/2020 | true | com.example.Transaction@294aba23 | MUHAMMAD AZLAN BIN | PAYMENT/TRANSFER OTHR S$ MUHAMMAD AZLAN BIN via PayNow: FBN 7442 P | OTHR S$ | PAYMENT/TRANSFER | 
 | MAY-MATCH | com.example.Transaction@7112ce6 | 300.0 | 23/12/2020 | true | com.example.Transaction@3a401749 | NORETA BINTE MD RAU | PAYMENT/TRANSFER OTHR S$ NORETA BINTE MD RAU via PayNow: Instalmt for FBM7755S | OTHR S$ | PAYMENT/TRANSFER | 
 | PAYMENT/TRANSFER | com.example.Transaction@558b4942 | 2000.0 | 23/12/2020 | true | com.example.Transaction@69909c14 | LIM YEAN ANN | PAYMENT/TRANSFER OTHR S$ LIM YEAN ANN via PayNow: Transfer - UEN | OTHR S$ | PAYMENT/TRANSFER | 
 |  | com.example.Transaction@30ec7d21 | 200.0 | 23/12/2020 | true | com.example.Transaction@20999517 | MUHAMMAD FAZREE BIN | SI                   F46L IBG GIRO | OTHR | IBG GIRO | 
 |  | com.example.Transaction@70025b99 | 328.0 | 23/12/2020 | true | com.example.Transaction@6ec63f8 | HAMID BIN AHMAD | SI               FBQ2875R IBG GIRO | OTHR | IBG GIRO | 
 |  | com.example.Transaction@7efa3f63 | 245.0 | 23/12/2020 | true | com.example.Transaction@66223d94 | LEE YEOU MING | SI                FBQ566X IBG GIRO | OTHR | IBG GIRO | 
 |  | com.example.Transaction@7134b8a7 | 242.0 | 23/12/2020 | true | com.example.Transaction@2bc7db89 | MUHAMMAD ALI BIN HU | SI               FBN3333Y IBG GIRO | OTHR | IBG GIRO | 
 | PAYMENT/TRANSFER | com.example.Transaction@2262d6d5 | 268.0 | 23/12/2020 | true | com.example.Transaction@5d3b58ca | AMILDA DEWI BINTE A | PAYMENT/TRANSFER OTHR S$ AMILDA DEWI BINTE A via PayNow: RenewaLInsuranceFBN939 | OTHR S$ | PAYMENT/TRANSFER | 
 | CHEQUE | com.example.Transaction@45658133 | 450000.0 | 23/12/2020 | true | com.example.Transaction@40de8f93 | 605584 | UOB BANK CHQ605584 CHEQUE DEPOSIT |  | CHEQUE DEPOSIT | 
 | CHEQUE | com.example.Transaction@6ff0b1cc | -10641.2 | 23/12/2020 | true | com.example.Transaction@3b55dd15 | 186449 | CHQ186449 CHEQUE |  | CHEQUE | 
 | CHEQUE | com.example.Transaction@f3560d4 | -22536.02 | 23/12/2020 | true | com.example.Transaction@3ba3d4b6 | 186379 | CHQ186379 CHEQUE |  | CHEQUE | 
 |  | com.example.Transaction@441fbe89 | 356.0 | 24/12/2020 | true | com.example.Transaction@479ac2cb | from FBG6220G RIYAN | OTHR - FY9951T FUND TRANSFER |  | FUND TRANSFER | 
 | LTA | com.example.Transaction@6088451e | -25.0 | 24/12/2020 | true | com.example.Transaction@343e225a | 21/12/2020 | xx-8024 LTA E-SERVICE VRLS     SIN DEBIT PURCHASE |  | DEBIT PURCHASE | 
 | LTA | com.example.Transaction@45ab3bdd | -17.1 | 24/12/2020 | true | com.example.Transaction@1a07bf6 | 21/12/2020 | xx-8024 LTA E-SERVICE VRLS     SIN DEBIT PURCHASE |  | DEBIT PURCHASE | 
 | NETS -- NETS | com.example.Transaction@2f10f633 | 3191.97 | 24/12/2020 | false |  | ATAN MOTOR | 11146097500 POS SETTLEMENT | 23/12/2020 | POS SETTLEMENT | 
 | PAYMENT/TRANSFER | com.example.Transaction@1642eeae | 235.0 | 24/12/2020 | true | com.example.Transaction@4e224df5 | CHAN SIEW MEI | PAYMENT/TRANSFER OTHR CHAN SIEW MEI FBL7318B | OTHR | PAYMENT/TRANSFER | 
 |  | com.example.Transaction@3440e9cd | 333.0 | 24/12/2020 | true | com.example.Transaction@220c9a63 | from FBP2032L AKHFS | LOAR - FBP2032L (Haikal) FUND TRANSFER |  | FUND TRANSFER | 
 | MAY-MATCH | com.example.Transaction@28a9494b | 3.23 | 24/12/2020 | true | com.example.Transaction@7793ad58 | from Kenneth TAN YO | OTHR - Other FUND TRANSFER |  | FUND TRANSFER | 
 | PAYMENT/TRANSFER | com.example.Transaction@a09303 | 281.0 | 24/12/2020 | true | com.example.Transaction@32456db0 | MOHAMED RAFEE BIN A | PAYMENT/TRANSFER OTHR MOHAMED RAFEE BIN A Transfer | OTHR | PAYMENT/TRANSFER | 
 | MAY-MATCH | com.example.Transaction@1163a27 | 531.0 | 24/12/2020 | true | com.example.Transaction@27e2287c | TAN YEAN CHERNG (CH | PAYMENT/TRANSFER OTHR TAN YEAN CHERNG (CH fbm1400 | OTHR | PAYMENT/TRANSFER | 
 | MAY-MATCH | com.example.Transaction@322ba549 | 23.55 | 24/12/2020 | true | com.example.Transaction@16132f21 | PayLah| Adam Toh | PAYMENT/TRANSFER OTHR S$ PayLah| Adam Toh via PayNow: FBH4251A | OTHR S$ | PAYMENT/TRANSFER | 
 | MAY-MATCH | com.example.Transaction@502a4156 | 314.0 | 24/12/2020 | true | com.example.Transaction@2cd388f5 | CARDUP.CO | PAYMENT/TRANSFER IVPT CARDUP.CO FBL4639U HP201610-0012 | IVPT | PAYMENT/TRANSFER | 
 |  | com.example.Transaction@5416f8db | -200000.0 | 24/12/2020 | true | com.example.Transaction@55b5cd2b | P201217 | FUND TRANSFER Fund Transfer to account 5490003018 SGD 200 000.00@1 Return director loan | CT0020428200 | FUND TRANSFER | 
 | PAYMENT/TRANSFER | com.example.Transaction@64e1377c | 354.0 | 24/12/2020 | true | com.example.Transaction@5f5827d0 | AZMEE BIN HAMZAH | PAYMENT/TRANSFER OTHR S$ AZMEE BIN HAMZAH via PayNow: FBQ4869X | OTHR S$ | PAYMENT/TRANSFER | 
 | PAYMENT/TRANSFER | com.example.Transaction@b0fd744 | 3093.58 | 24/12/2020 | true | com.example.Transaction@58a2d9f9 | LIANG WAI KEAN | PAYMENT/TRANSFER OTHR LIANG WAI KEAN Transfer | OTHR | PAYMENT/TRANSFER | 
 |  | com.example.Transaction@92d1782 | 170.0 | 24/12/2020 | true | com.example.Transaction@40bb4f87 | SHAHRUL BIN ISMAIL | SI               FBR1251S IBG GIRO | OTHR | IBG GIRO | 
 | PAYMENT/TRANSFER | com.example.Transaction@6a1ef65c | 250.0 | 24/12/2020 | true | com.example.Transaction@4337afd | MUHAMMAD RAYMOND BI | PAYMENT/TRANSFER OTHR S$ MUHAMMAD RAYMOND BI via PayNow: FBR9286P | OTHR S$ | PAYMENT/TRANSFER | 
 | CHEQUE | com.example.Transaction@51b77cdf | -7753.0 | 24/12/2020 | true | com.example.Transaction@72976b4 | 186458 | CHQ186458 CHEQUE |  | CHEQUE | 
 | MAY-MATCH | com.example.Transaction@e280403 | 260.0 | 26/12/2020 | true | com.example.Transaction@4640195a | SITI SHARIPAH BTE M | PAYMENT/TRANSFER IHRP SITI SHARIPAH BTE M mthly instalment for FBM2963R | IHRP | PAYMENT/TRANSFER | 
 | MAY-MATCH | com.example.Transaction@42f85fa4 | 248.0 | 26/12/2020 | true | com.example.Transaction@70d77826 | SITI SHARIPAH BTE M | PAYMENT/TRANSFER IHRP SITI SHARIPAH BTE M mthly instalment for FBM4172T | IHRP | PAYMENT/TRANSFER | 
 | MAY-MATCH | com.example.Transaction@798dad3d | 214.0 | 26/12/2020 | true | com.example.Transaction@7f323b3a | CHEONG SAI FHONG | PAYMENT/TRANSFER OTHR S$ CHEONG SAI FHONG via PayNow: 198903552W | OTHR S$ | PAYMENT/TRANSFER | 
 | MAY-MATCH | com.example.Transaction@27abb6ca | 356.0 | 26/12/2020 | true | com.example.Transaction@4f169009 | AMIRRUDIN BIN AHMAD | PAYMENT/TRANSFER OTHR AMIRRUDIN BIN AHMAD FBN6494X | OTHR | PAYMENT/TRANSFER | 
 | MAY-MATCH | com.example.Transaction@696db620 | 254.0 | 26/12/2020 | true | com.example.Transaction@9dada78 | LEONG HOONG SHENG | PAYMENT/TRANSFER OTHR LEONG HOONG SHENG FBP9659H | OTHR | PAYMENT/TRANSFER | 
 | MAY-MATCH | com.example.Transaction@6968c1d6 | 263.45 | 26/12/2020 | true | com.example.Transaction@4207852d | EMY HAZLEY BIN GHAZ | PAYMENT/TRANSFER OTHR EMY HAZLEY BIN GHAZ FBM 3236 A | OTHR | PAYMENT/TRANSFER | 
 | MAY-MATCH | com.example.Transaction@7d986d83 | 419.0 | 26/12/2020 | true | com.example.Transaction@2c829dbc | NORKHISHAM BIN KAMS | PAYMENT/TRANSFER OTHR NORKHISHAM BIN KAMS Transfer | OTHR | PAYMENT/TRANSFER | 
 | MAY-MATCH | com.example.Transaction@77f991c | 350.0 | 26/12/2020 | true | com.example.Transaction@57efc6fd | TAN JI WEI | PAYMENT/TRANSFER OTHR S$ TAN JI WEI via PayNow: fbq8228u | OTHR S$ | PAYMENT/TRANSFER | 
 | MAY-MATCH | com.example.Transaction@3a7e365 | 156.0 | 26/12/2020 | true | com.example.Transaction@839df62 | FATHUR RAHMAN BIN H | PAYMENT/TRANSFER OTHR S$ FATHUR RAHMAN BIN H via PayNow: FBC7693P | OTHR S$ | PAYMENT/TRANSFER | 
 | MAY-MATCH | com.example.Transaction@2ceee4b6 | 200.0 | 26/12/2020 | true | com.example.Transaction@76e90da5 | FATHUR ROSY BIN MAS | PAYMENT/TRANSFER OTHR FATHUR ROSY BIN MAS FW4928E December | OTHR | PAYMENT/TRANSFER | 
 | MAY-MATCH | com.example.Transaction@12a470dd | 250.0 | 26/12/2020 | true | com.example.Transaction@4e3e11b9 | ASHLEY ANIL SARAN | PAYMENT/TRANSFER OTHR S$ ASHLEY ANIL SARAN via PayNow: FBR9262H | OTHR S$ | PAYMENT/TRANSFER | 
 | MAY-MATCH | com.example.Transaction@6968bcec | 395.0 | 26/12/2020 | true | com.example.Transaction@67cffead |  | CASH DEPOSIT     CDM |  | CASH DEPOSIT     CDM | 
 | MAY-MATCH | com.example.Transaction@5568c66f | 271.0 | 26/12/2020 | true | com.example.Transaction@214beff9 | NUR LYNDA BTE ABDUL | PAYMENT/TRANSFER OTHR NUR LYNDA BTE ABDUL Transfer | OTHR | PAYMENT/TRANSFER | 
 | LTA | com.example.Transaction@e784320 | -25.0 | 26/12/2020 | true | com.example.Transaction@4c0e426a | 23/12/2020 | xx-7992 LTA E-SERVICE VRLS     SIN DEBIT PURCHASE |  | DEBIT PURCHASE | 
 | LTA | com.example.Transaction@3f6bf8aa | -25.0 | 26/12/2020 | true | com.example.Transaction@713ec32d | 23/12/2020 | xx-7992 LTA E-SERVICE VRLS     SIN DEBIT PURCHASE |  | DEBIT PURCHASE | 
 | PAYMENT/TRANSFER | com.example.Transaction@13c8ac77 | 160.0 | 26/12/2020 | true | com.example.Transaction@1d02af26 | MUHAMMAD FAIZ BIN H | PAYMENT/TRANSFER OTHR S$ MUHAMMAD FAIZ BIN H via PayNow: Fw7324c 3rd instalment | OTHR S$ | PAYMENT/TRANSFER | 
 | MAY-MATCH | com.example.Transaction@4bdf | 214.0 | 26/12/2020 | true | com.example.Transaction@1ff15a50 | NUR'ATIKAH BINTE MO | PAYMENT/TRANSFER OTHR NUR'ATIKAH BINTE MO Transfer | OTHR | PAYMENT/TRANSFER | 
 | PAYMENT/TRANSFER | com.example.Transaction@4cad79bc | 297.0 | 26/12/2020 | true | com.example.Transaction@3fa7df1 | JEFFRY ZIN BIN SALL | PAYMENT/TRANSFER LOAN JEFFRY ZIN BIN SALL FBM358B JEFFRY ZIN BIN SALLEH | LOAN | PAYMENT/TRANSFER | 
 | MAY-MATCH | com.example.Transaction@2c63762b | 350.0 | 26/12/2020 | true | com.example.Transaction@217c23ce | MUHAMMAD I'ZZUN BIN | PAYMENT/TRANSFER OTHR S$ MUHAMMAD I'ZZUN BIN via PayNow: FBN7299L  JAN 2021 | OTHR S$ | PAYMENT/TRANSFER | 
 | PAYMENT/TRANSFER | com.example.Transaction@7a9eccc4 | 302.0 | 26/12/2020 | true | com.example.Transaction@4dd90166 | TAN YEE SENG | PAYMENT/TRANSFER LOAN TAN YEE SENG FBR 8878 M | LOAN | PAYMENT/TRANSFER | 
 |  | com.example.Transaction@78422efb | 277.0 | 26/12/2020 | true | com.example.Transaction@51a651c1 | from Zak ABDUL RAZA | OTHR - Other FUND TRANSFER |  | FUND TRANSFER | 
 | PAYMENT/TRANSFER | com.example.Transaction@5f05c8d6 | 300.0 | 26/12/2020 | true | com.example.Transaction@52227eb2 | MUHAMMAD AZMI HAKIM | PAYMENT/TRANSFER OTHR MUHAMMAD AZMI HAKIM FBM7287B | OTHR | PAYMENT/TRANSFER | 
 | MAY-MATCH | com.example.Transaction@68e02f33 | 391.0 | 26/12/2020 | true | com.example.Transaction@39de9bda | RAJA ZULFIKAAR ABDU | PAYMENT/TRANSFER OTHR S$ RAJA ZULFIKAAR ABDU via PayNow: FBQ8355K | OTHR S$ | PAYMENT/TRANSFER | 
 | LTA | com.example.Transaction@64942607 | -25.0 | 28/12/2020 | true | com.example.Transaction@34d713a2 | 24/12/2020 | xx-7992 LTA E-SERVICE VRLS     SIN DEBIT PURCHASE |  | DEBIT PURCHASE | 
 | MAY-MATCH | com.example.Transaction@d48e998 | 197.0 | 28/12/2020 | true | com.example.Transaction@47148f3f | from NG WENG LOON | LOAR - FBE7176E FUND TRANSFER | via PayNow-UEN | FUND TRANSFER | 
 | PAYMENT/TRANSFER | com.example.Transaction@7cfac39f | 230.0 | 28/12/2020 | false |  | MUHAMMAD FAIZ TAJUD | PAYMENT/TRANSFER OTHR S$ MUHAMMAD FAIZ TAJUD via PayNow: FBP3628L | OTHR S$ | PAYMENT/TRANSFER | 
 | MAY-MATCH | com.example.Transaction@158ae284 | 100.0 | 28/12/2020 | true | com.example.Transaction@52226e57 | SABRINA BINTE SALIM | PAYMENT/TRANSFER OTHR SABRINA BINTE SALIM FBL679E | OTHR | PAYMENT/TRANSFER | 
 | MAY-MATCH | com.example.Transaction@50eb4a2c | 251.0 | 28/12/2020 | true | com.example.Transaction@1200458e | MUHAMMAD SYAHMIE BI | PAYMENT/TRANSFER OTHR S$ MUHAMMAD SYAHMIE BI via PayNow: FBN444E | OTHR S$ | PAYMENT/TRANSFER | 
 | MAY-MATCH | com.example.Transaction@1a256d80 | 171.0 | 28/12/2020 | true | com.example.Transaction@5fcd1c5f | MUHAMMAD HAIRULNIZA | PAYMENT/TRANSFER OTHR S$ MUHAMMAD HAIRULNIZA via PayNow: FBN2190Z. S7145947J. | OTHR S$ | PAYMENT/TRANSFER | 
 | PAYMENT/TRANSFER | com.example.Transaction@3069a360 | 755.0 | 28/12/2020 | true | com.example.Transaction@5ad1904f | KAHARUDDIN BIN SAJA | PAYMENT/TRANSFER OTHR S$ KAHARUDDIN BIN SAJA via PayNow: FBK5878U | OTHR S$ | PAYMENT/TRANSFER | 
 | NETS -- NETS | com.example.Transaction@7235f92b | 50.3 | 28/12/2020 | true | DailyNETSSum-24/12/2020 | ATAN MOTOR | 11146097500 POS SETTLEMENT | 24/12/2020 | POS SETTLEMENT | 
 |  | com.example.Transaction@7885776b | -3202.28 | 28/12/2020 | true | com.example.Transaction@173f1614 | JTC CORPORATION | SGGC201224230450 GIRO | COLL 1950008265 | GIRO | 
 | GIRO CHARGES | com.example.Transaction@497d4c96 | -1.8 | 28/12/2020 | true | Manual User Entry for GIRO CHARGES on 28/12/2020 | P201216 | GIRO CHARGES |  | GIRO CHARGES | 
 | GIRO CHARGES | com.example.Transaction@3472947a | -1.8 | 28/12/2020 | true | Manual User Entry for GIRO CHARGES on 28/12/2020 | B2020 | GIRO CHARGES |  | GIRO CHARGES | 
 | GIRO CHARGES | com.example.Transaction@69d3cf7e | -0.2 | 28/12/2020 | true | Manual User Entry for GIRO CHARGES on 28/12/2020 | P201218 | GIRO CHARGES |  | GIRO CHARGES | 
 | GIRO PAYMENT | com.example.Transaction@726934e2 | -25369.0 | 28/12/2020 | false |  | P201216 | GIRO PAYMENT |  | GIRO PAYMENT | 
 | GIRO PAYMENT | com.example.Transaction@1319bc2a | -25679.0 | 28/12/2020 | true | com.example.Transaction@3a3ed300 | B2020 | GIRO PAYMENT |  | GIRO PAYMENT | 
 | GIRO PAYMENT | com.example.Transaction@1984212d | -1393.57 | 28/12/2020 | true | com.example.Transaction@39f5b723 | P201218 | GIRO PAYMENT |  | GIRO PAYMENT | 
 | PAYMENT/TRANSFER | com.example.Transaction@2404b5a | 260.0 | 28/12/2020 | true | com.example.Transaction@a146b11 | FAIZAH BINTE MASIRA | PAYMENT/TRANSFER OTHR FAIZAH BINTE MASIRA FBP270D | OTHR | PAYMENT/TRANSFER | 
 | MAY-MATCH | com.example.Transaction@3af58f76 | 131.0 | 28/12/2020 | true | com.example.Transaction@3cc30dee | MUHAMMAD BIN HUSSIN | PAYMENT/TRANSFER OTHR S$ MUHAMMAD BIN HUSSIN via PayNow: FBG 6220G | OTHR S$ | PAYMENT/TRANSFER | 
 | PAYMENT/TRANSFER | com.example.Transaction@2ead6ba4 | 221.0 | 28/12/2020 | true | com.example.Transaction@f438904 | OOI WOOI HIM | PAYMENT/TRANSFER OTHR S$ OOI WOOI HIM via PayNow: Dec loan payment | OTHR S$ | PAYMENT/TRANSFER | 
 | PAYMENT/TRANSFER | com.example.Transaction@31a2a9fa | 330.32 | 28/12/2020 | true | com.example.Transaction@4ed5a1b0 | ASTIKA BIN ARHAM | PAYMENT/TRANSFER IHRP ASTIKA BIN ARHAM FBF9880L | IHRP | PAYMENT/TRANSFER | 
 | MAY-MATCH | com.example.Transaction@31b82e0f | 378.0 | 28/12/2020 | true | com.example.Transaction@7d528cf7 | NORHUDAH BINTE ISMA | PAYMENT/TRANSFER OTHR S$ NORHUDAH BINTE ISMA via PayNow: FBR9273B CB400XA INSTA | OTHR S$ | PAYMENT/TRANSFER | 
 | PAYMENT/TRANSFER | com.example.Transaction@27a09971 | 30.0 | 28/12/2020 | true | com.example.Transaction@18d003cd | NADIAH BINTE SAIRON | PAYMENT/TRANSFER OTHR S$ NADIAH BINTE SAIRON via PayNow: FBP9517J | OTHR S$ | PAYMENT/TRANSFER | 
 | PAYMENT/TRANSFER | com.example.Transaction@6215366a | 232.0 | 28/12/2020 | true | com.example.Transaction@3135bf25 | SHAKYNA BINTE RAMLE | PAYMENT/TRANSFER OTHR SHAKYNA BINTE RAMLE FBN2823G | OTHR | PAYMENT/TRANSFER | 
 | PAYMENT/TRANSFER | com.example.Transaction@46dcbeab | 175.0 | 28/12/2020 | true | com.example.Transaction@22ad1bae | CHONG YEN MEI | PAYMENT/TRANSFER OTHR S$ CHONG YEN MEI via PayNow: Fbj2004a insu | OTHR S$ | PAYMENT/TRANSFER | 
 | PAYMENT/TRANSFER | com.example.Transaction@36e43829 | 205.0 | 28/12/2020 | true | com.example.Transaction@4116f66a | SOON CHEN ONN | PAYMENT/TRANSFER OTHR S$ SOON CHEN ONN via PayNow: insurance premuim | OTHR S$ | PAYMENT/TRANSFER | 
 | MAY-MATCH | com.example.Transaction@152c4495 | 298.0 | 28/12/2020 | true | com.example.Transaction@6dee8ae6 | NUR WANI BINTE MOHA | PAYMENT/TRANSFER OTHR NUR WANI BINTE MOHA Transfer FBN3736T | OTHR | PAYMENT/TRANSFER | 
 | MAY-MATCH | com.example.Transaction@5ec1963c | 37.45 | 28/12/2020 | true | com.example.Transaction@5af64ce0 | MUHD HADI BIN HALI | PAYMENT/TRANSFER OTHR S$ MUHD HADI BIN HALI via PayNow: FBL193P JO | OTHR S$ | PAYMENT/TRANSFER | 
 |  | com.example.Transaction@7dcb42a9 | 203.0 | 28/12/2020 | true | com.example.Transaction@6c184d4d | MUHAMMAD SHAH RIZAL | SI               FBP3909B IBG GIRO | OTHR | IBG GIRO | 
 |  | com.example.Transaction@6af90849 | 409.0 | 28/12/2020 | true | com.example.Transaction@7645f03e | AL HALIM BIN KAMARU | SI               FBL9348B IBG GIRO | OTHR | IBG GIRO | 
 |  | com.example.Transaction@1d06f16f | 260.0 | 28/12/2020 | true | com.example.Transaction@158e9f6e | NORIDAH BINTE OTHMA | SI               FBP1819R IBG GIRO | OTHR | IBG GIRO | 
 |  | com.example.Transaction@4fa4f485 | 285.0 | 28/12/2020 | true | com.example.Transaction@7a6ea47d | MOHD HAZEEM BIN ABD | SI               FBM1617Y IBG GIRO | OTHR | IBG GIRO | 
 |  | com.example.Transaction@68dd39d2 | 198.0 | 28/12/2020 | true | com.example.Transaction@54b2fc58 | SALBIAH BTE ATAN | SI               FBM7103Z IBG GIRO | OTHR | IBG GIRO | 
 |  | com.example.Transaction@4a44cfc0 | 258.0 | 28/12/2020 | true | com.example.Transaction@daf22f0 | WONG VOON PIN | SI               FBQ6808J IBG GIRO | OTHR | IBG GIRO | 
 |  | com.example.Transaction@60e3c26e | 209.0 | 28/12/2020 | true | com.example.Transaction@6cbbb9c4 | RAJMOHAMED SHAHUL H | SI               FBQ8394Y IBG GIRO | OTHR | IBG GIRO | 
 |  | com.example.Transaction@80b122b | 518.0 | 28/12/2020 | true | com.example.Transaction@63f9b562 | MUHAMMAD QUSYAIRI B | SI                FN5115A IBG GIRO | OTHR | IBG GIRO | 
 |  | com.example.Transaction@999b951 | 275.0 | 28/12/2020 | true | com.example.Transaction@20ead579 | HAJJAH ROSE MELATI | SI               FBL5738K IBG GIRO | OTHR | IBG GIRO | 
 |  | com.example.Transaction@65cf4d6d | 437.0 | 28/12/2020 | true | com.example.Transaction@5426cb36 | WONG SIEW KEE | SI               FBM5844G IBG GIRO | OTHR | IBG GIRO | 
 |  | com.example.Transaction@1b410308 | 296.0 | 28/12/2020 | true | com.example.Transaction@65e22def | LUQMAANUL-HAKEEM BI | SI                FBL694K IBG GIRO | OTHR | IBG GIRO | 
 |  | com.example.Transaction@4b0bd001 | 353.0 | 28/12/2020 | true | com.example.Transaction@4b1ec694 | MUHAMMAD ASYRAF BIN | SI               FBQ2820Z IBG GIRO | OTHR | IBG GIRO | 
 |  | com.example.Transaction@f9cab00 | 278.0 | 28/12/2020 | true | com.example.Transaction@3d299393 | HASBULLAH BIN ABDUL | SI               FBL4649R IBG GIRO | OTHR | IBG GIRO | 
 |  | com.example.Transaction@10272bbb | 278.0 | 28/12/2020 | true | com.example.Transaction@5f34907b | CHEW KUOK CHOON CLE | SI               FBL5211M IBG GIRO | OTHR | IBG GIRO | 
 |  | com.example.Transaction@36d33f4 | 207.0 | 28/12/2020 | true | com.example.Transaction@2b4d4327 | MUHAMMAD ROSLEE AFI | SI               FBN8386L IBG GIRO | OTHR | IBG GIRO | 
 |  | com.example.Transaction@16736040 | 276.0 | 28/12/2020 | true | com.example.Transaction@16da1abc | MUHD SAHAFUDDIN B A | SI                FW4747K IBG GIRO | OTHR | IBG GIRO | 
 |  | com.example.Transaction@7c5d1d25 | -39.81 | 28/12/2020 | false |  | SP SERVICES LTD | GIRO Collection 8902370199 IBG GIRO | COLL 8902370199 | IBG GIRO | 
 |  | com.example.Transaction@550e9be6 | -73.27 | 28/12/2020 | false |  | SP SERVICES LTD | GIRO Collection 8903495888 IBG GIRO | COLL 8903495888 | IBG GIRO | 
 |  | com.example.Transaction@3f96f020 | -523.86 | 28/12/2020 | true | com.example.Transaction@671ea6ff | Keppel Electric Pte | CU00012269 IBG GIRO | COLL CU00012269 | IBG GIRO | 
 | MAY-MATCH | com.example.Transaction@32eae6f2 | 15.0 | 28/12/2020 | true | com.example.Transaction@7e7e962d | CHURCHILL MOSES LIV | PAYMENT/TRANSFER OTHR S$ CHURCHILL MOSES LIV via PayNow: FBN797L | OTHR S$ | PAYMENT/TRANSFER | 
 | MAY-MATCH | com.example.Transaction@26ca61bf | 250.0 | 28/12/2020 | true | com.example.Transaction@17229821 | IDROS BIN RAJAB ALI | PAYMENT/TRANSFER OTHR S$ IDROS BIN RAJAB ALI via PayNow: FBP8530B | OTHR S$ | PAYMENT/TRANSFER | 
 |  | com.example.Transaction@73a0f2b | 270.0 | 28/12/2020 | true | com.example.Transaction@1c52552f | from NASRIN FATIMAH | OTHR - FBM8473Z FUND TRANSFER | via PayNow-UEN | FUND TRANSFER | 
 | CHEQUE | com.example.Transaction@4eaa375c | -64.2 | 28/12/2020 | true | com.example.Transaction@fa5f81c | 186457 | CHQ186457 CHEQUE |  | CHEQUE | 
 | CHEQUE | com.example.Transaction@6a1d526c | -7000.0 | 28/12/2020 | false |  | 186168 | CHQ186168 CHEQUE |  | CHEQUE | 
 | PAYMENT/TRANSFER | com.example.Transaction@483b0690 | 250.0 | 29/12/2020 | true | com.example.Transaction@59c04bee | WONG WILLIAM | PAYMENT/TRANSFER OTHR S$ WONG WILLIAM via PayNow: william | OTHR S$ | PAYMENT/TRANSFER | 
 | NETS -- NETS | com.example.Transaction@687e6293 | 500.95 | 29/12/2020 | true | DailyNETSSum-28/12/2020 | ATAN MOTOR | 11146097500 POS SETTLEMENT | 28/12/2020 | POS SETTLEMENT | 
 | GIRO PAYMENT | com.example.Transaction@1f2f0109 | -3855.42 | 29/12/2020 | true | com.example.Transaction@6870c3c2 | P201219 | GIRO PAYMENT |  | GIRO PAYMENT | 
 | GIRO CHARGES | com.example.Transaction@1faf386c | -0.2 | 29/12/2020 | true | Manual User Entry for GIRO CHARGES on 29/12/2020 | P201219 | GIRO CHARGES |  | GIRO CHARGES | 
 |  | com.example.Transaction@4debbf0 | -6414.0 | 29/12/2020 | true | com.example.Transaction@5dc769f9 | CPF | BIZ GIRO | COLL 2624990 | GIRO | 
 | PAYMENT/TRANSFER | com.example.Transaction@6a5e167a | 613.0 | 29/12/2020 | true | com.example.Transaction@45900b64 | MOHAMMAD NASIR BIN | PAYMENT/TRANSFER OTHR S$ MOHAMMAD NASIR BIN via PayNow: Dec 2020 FBR2373S | OTHR S$ | PAYMENT/TRANSFER | 
 | MAY-MATCH | com.example.Transaction@60e06f7d | 224.0 | 29/12/2020 | true | com.example.Transaction@e829999 | MUHAMAD YAZID B JUM | PAYMENT/TRANSFER OTHR MUHAMAD YAZID B JUM FBB290U | OTHR | PAYMENT/TRANSFER | 
 | MAY-MATCH | com.example.Transaction@66a5755 | 360.0 | 29/12/2020 | true | com.example.Transaction@66fb45e5 | MUHD ZAIDI BIN ABD | PAYMENT/TRANSFER OTHR MUHD ZAIDI BIN ABD FBL1111U | OTHR | PAYMENT/TRANSFER | 
 | MAY-MATCH | com.example.Transaction@771a7d53 | 342.0 | 29/12/2020 | true | com.example.Transaction@6cbe68e9 | NUR ZUHAIRAH BINTE | PAYMENT/TRANSFER OTHR S$ NUR ZUHAIRAH BINTE via PayNow: FBM8318P | OTHR S$ | PAYMENT/TRANSFER | 
 | PAYMENT/TRANSFER | com.example.Transaction@6d6d480c | 307.0 | 29/12/2020 | true | com.example.Transaction@f2a1813 | MOHAMMAD YAZID BIN | PAYMENT/TRANSFER IHRP MOHAMMAD YAZID BIN FX8752M | IHRP | PAYMENT/TRANSFER | 
 | PAYMENT/TRANSFER | com.example.Transaction@e95595b | 334.0 | 29/12/2020 | true | com.example.Transaction@79f90a3a | LIM CHENG SOON | PAYMENT/TRANSFER OTHR LIM CHENG SOON FBC4963E | OTHR | PAYMENT/TRANSFER | 
 | PAYMENT/TRANSFER | com.example.Transaction@5a917723 | 274.0 | 29/12/2020 | true | com.example.Transaction@22bdb1d0 | MOHAMMAD FARID BIN | PAYMENT/TRANSFER OTHR MOHAMMAD FARID BIN FBL8465C | OTHR | PAYMENT/TRANSFER | 
 | MAY-MATCH | com.example.Transaction@7e4579c7 | 355.0 | 29/12/2020 | true | com.example.Transaction@6f5e16cf | OW YONG HOA LEON | PAYMENT/TRANSFER OTHR OW YONG HOA LEON Transfer | OTHR | PAYMENT/TRANSFER | 
 | PAYMENT/TRANSFER | com.example.Transaction@796f632b | 350.0 | 29/12/2020 | true | com.example.Transaction@67b355c8 | SIAH WOEI SHYANG | PAYMENT/TRANSFER OTHR S$ SIAH WOEI SHYANG via PayNow: FBM5529S | OTHR S$ | PAYMENT/TRANSFER | 
 |  | com.example.Transaction@5d94a2dc | 860.0 | 29/12/2020 | true | com.example.Transaction@1b0e9707 |  | xx-4008 OCBC-103 YISHUN RING RD  S CASH DEPOSIT     CDM |  | CASH DEPOSIT     CDM | 
 |  | com.example.Transaction@cedee22 | 340.0 | 29/12/2020 | false |  |  | CASH DEPOSIT     CDM |  | CASH DEPOSIT     CDM | 
 | MAY-MATCH | com.example.Transaction@59b32539 | 275.0 | 30/12/2020 | true | com.example.Transaction@750a04ec | ZAREENAH BEEVI D/O | PAYMENT/TRANSFER OTHR S$ ZAREENAH BEEVI D/O via PayNow: FBM9353E | OTHR S$ | PAYMENT/TRANSFER | 
 | PAYMENT/TRANSFER | com.example.Transaction@5b47731f | 361.0 | 30/12/2020 | true | com.example.Transaction@388623ad | MUHAMMAD RAMADHAN B | PAYMENT/TRANSFER OTHR MUHAMMAD RAMADHAN B FBN396K Installment | OTHR | PAYMENT/TRANSFER | 
 | NETS -- NETS | com.example.Transaction@233db8e9 | 214.0 | 30/12/2020 | true | DailyNETSSum-29/12/2020 | ATAN MOTOR | 11146097500 POS SETTLEMENT | 29/12/2020 | POS SETTLEMENT | 
 |  | com.example.Transaction@40c2ce52 | 203.0 | 30/12/2020 | true | com.example.Transaction@9b5f3c7 | from MUHAMMAD SHAHR | OTHR - Other FUND TRANSFER | via PayNow-UEN | FUND TRANSFER | 
 | PAYMENT/TRANSFER | com.example.Transaction@18a19e | 355.0 | 30/12/2020 | true | com.example.Transaction@91f565d | SITI MAISARAH BINTE | PAYMENT/TRANSFER OTHR SITI MAISARAH BINTE FBJ4257Z | OTHR | PAYMENT/TRANSFER | 
 |  | com.example.Transaction@60a7e509 | 282.0 | 30/12/2020 | true | com.example.Transaction@74024f3 | from FBJ6173T ZALAN | LOAR - Fbj6173T FUND TRANSFER |  | FUND TRANSFER | 
 |  | com.example.Transaction@2e13f304 | 251.0 | 30/12/2020 | true | com.example.Transaction@61ae0d43 | from FBL3296G FARID | OTHR - Other FUND TRANSFER |  | FUND TRANSFER | 
 | PAYMENT/TRANSFER | com.example.Transaction@787508ca | 274.0 | 30/12/2020 | true | com.example.Transaction@46e3559f | SITI NUR EISSABELLA | PAYMENT/TRANSFER OTHR SITI NUR EISSABELLA FBP726G | OTHR | PAYMENT/TRANSFER | 
 | PAYMENT/TRANSFER | com.example.Transaction@3d24420b | 204.0 | 30/12/2020 | true | com.example.Transaction@3b83459e | NURUL KHAIRUNNISA B | PAYMENT/TRANSFER OTHR NURUL KHAIRUNNISA B fbp994z | OTHR | PAYMENT/TRANSFER | 
 | PAYMENT/TRANSFER | com.example.Transaction@6274670b | 158.0 | 30/12/2020 | true | com.example.Transaction@32118208 | MUHAMMAD SALMAN BIN | PAYMENT/TRANSFER OTHR S$ MUHAMMAD SALMAN BIN via PayNow: 198903552W | OTHR S$ | PAYMENT/TRANSFER | 
 | PAYMENT/TRANSFER | com.example.Transaction@53ce2392 | 250.26 | 30/12/2020 | true | com.example.Transaction@414f87a9 | MOHAMMAD KHAIRUL AZ | PAYMENT/TRANSFER OTHR MOHAMMAD KHAIRUL AZ FBP6279R | OTHR | PAYMENT/TRANSFER | 
 | PAYMENT/TRANSFER | com.example.Transaction@32d5279 | 230.0 | 30/12/2020 | true | com.example.Transaction@1ddc6db2 | MUHAMMAD KHAIRI BIN | PAYMENT/TRANSFER OTHR MUHAMMAD KHAIRI BIN Transfer | OTHR | PAYMENT/TRANSFER | 
 | MAY-MATCH | com.example.Transaction@1c067c0d | 60.0 | 30/12/2020 | true | com.example.Transaction@49e2b3c5 | CHONG YEN MEI | PAYMENT/TRANSFER OTHR S$ CHONG YEN MEI via PayNow: Fbj2004a | OTHR S$ | PAYMENT/TRANSFER | 
 |  | com.example.Transaction@5d0b0cb9 | 33.0 | 30/12/2020 | true | com.example.Transaction@ef718de | LTA | LTAFBA4051Y IBG GIRO | SUPP | IBG GIRO | 
 |  | com.example.Transaction@7f7b6639 | 2.0 | 30/12/2020 | true | com.example.Transaction@287ae90c | LTA | LTAFBF1360Z IBG GIRO | SUPP | IBG GIRO | 
 |  | com.example.Transaction@16ac5d35 | 6.0 | 30/12/2020 | true | com.example.Transaction@2e1b374c | LTA | LTAFBA6110Y IBG GIRO | SUPP | IBG GIRO | 
 |  | com.example.Transaction@3965bdf9 | 10.0 | 30/12/2020 | true | com.example.Transaction@3fcee3d9 | LTA | LTAFBA2439B IBG GIRO | SUPP | IBG GIRO | 
 |  | com.example.Transaction@3c0e00a8 | 300.0 | 30/12/2020 | true | com.example.Transaction@9c93d16 | MUHAMMAD FIRDAUS BI | SI                FBP898T IBG GIRO | OTHR | IBG GIRO | 
 |  | com.example.Transaction@1860f3be | 330.0 | 30/12/2020 | true | com.example.Transaction@760487aa | HUSAIN BIN MOHAMED | SI                FY9294G IBG GIRO | OTHR | IBG GIRO | 
 |  | com.example.Transaction@6cd15072 | 316.0 | 30/12/2020 | true | com.example.Transaction@1526f71 | ABDUL HAKIM BIN TAJ | SI               FBQ3011K IBG GIRO | OTHR | IBG GIRO | 
 |  | com.example.Transaction@78cfa264 | 267.0 | 30/12/2020 | true | com.example.Transaction@49ca94a9 | WAN CHEE SENG | SI               FBP3179R IBG GIRO | OTHR | IBG GIRO | 
 |  | com.example.Transaction@3408f695 | -59.35 | 30/12/2020 | false |  | Singapore Telecommu | 68472174 IBG GIRO | COLL 68472174 | IBG GIRO | 
 |  | com.example.Transaction@2b6a0ea9 | -429.51 | 30/12/2020 | false |  | Singapore Telecommu | 11538363 IBG GIRO | COLL 11538363 | IBG GIRO | 
 | MAY-MATCH | com.example.Transaction@4dde8976 | 21.4 | 30/12/2020 | true | com.example.Transaction@56846330 | MOHAMAD FAIZ JUFRI | PAYMENT/TRANSFER OTHR S$ MOHAMAD FAIZ JUFRI via PayNow: 2T | OTHR S$ | PAYMENT/TRANSFER | 
 |  | com.example.Transaction@4887de2b | 138.0 | 30/12/2020 | true | com.example.Transaction@9ab310b |  | CASH DEPOSIT     CDM |  | CASH DEPOSIT     CDM | 
 |  | com.example.Transaction@3b4825f0 | 238.0 | 30/12/2020 | true | com.example.Transaction@5b40de43 | from NURUL AIN BINT | OTHR - Fbr9679P jan 2021 i FUND TRANSFER | via PayNow-UEN | FUND TRANSFER | 
 | PAYMENT/TRANSFER | com.example.Transaction@40ac6b76 | 1000.0 | 30/12/2020 | true | com.example.Transaction@3cd26422 | TAN JI WEI | PAYMENT/TRANSFER OTHR S$ TAN JI WEI via PayNow: fbq8228u | OTHR S$ | PAYMENT/TRANSFER | 
 | MAY-MATCH | com.example.Transaction@7980cf2c | 217.0 | 31/12/2020 | true | com.example.Transaction@49f3ff41 | NORJULIANAWATI BTE | PAYMENT/TRANSFER OTHR NORJULIANAWATI BTE FBQ2241U | OTHR | PAYMENT/TRANSFER | 
 | PAYMENT/TRANSFER | com.example.Transaction@f0020b1 | 1000.0 | 31/12/2020 | true | com.example.Transaction@2eda072 | TAN JI WEI | PAYMENT/TRANSFER OTHR S$ TAN JI WEI via PayNow: fbq8228u | OTHR S$ | PAYMENT/TRANSFER | 
 | MAY-MATCH | com.example.Transaction@759de304 | 155.0 | 31/12/2020 | true | com.example.Transaction@6cfbbff7 | SEAH LI HOON | PAYMENT/TRANSFER OTHR SEAH LI HOON FBM3627E | OTHR | PAYMENT/TRANSFER | 
 | LTA | com.example.Transaction@5649d11a | -25.0 | 31/12/2020 | true | com.example.Transaction@36aab105 | 27/12/2020 | xx-8008 LTA E-SERVICE VRLS     SIN DEBIT PURCHASE |  | DEBIT PURCHASE | 
 | LTA | com.example.Transaction@294f9d50 | -25.0 | 31/12/2020 | true | com.example.Transaction@889a8a8 | 27/12/2020 | xx-8008 LTA E-SERVICE VRLS     SIN DEBIT PURCHASE |  | DEBIT PURCHASE | 
 | GIRO CHARGES | com.example.Transaction@27443560 | -0.2 | 31/12/2020 | true | Manual User Entry for GIRO CHARGES on 31/12/2020 | P201221 | GIRO CHARGES |  | GIRO CHARGES | 
 | GIRO PAYMENT | com.example.Transaction@fb0a08c | -6741.01 | 31/12/2020 | true | com.example.Transaction@3ddb774f | P201221 | GIRO PAYMENT |  | GIRO PAYMENT | 
 | MAY-MATCH | com.example.Transaction@70721c12 | 271.0 | 31/12/2020 | true | com.example.Transaction@30db5536 | MUHAMMAD MAHMUD B M | PAYMENT/TRANSFER OTHR MUHAMMAD MAHMUD B M FBG1921A | OTHR | PAYMENT/TRANSFER | 
 | PAYMENT/TRANSFER | com.example.Transaction@769bd849 | 165.0 | 31/12/2020 | true | com.example.Transaction@3fa21d49 | MOHAMED AIDIL BIN A | PAYMENT/TRANSFER OTHR S$ MOHAMED AIDIL BIN A via PayNow: Fbh6749t | OTHR S$ | PAYMENT/TRANSFER | 
 | MAY-MATCH | com.example.Transaction@101ca8da | -3496.04 | 31/12/2020 | true | com.example.Transaction@45b32dfe | P201220 | FUND TRANSFER Fund Transfer to account 652325689001 SGD 3 496.04@1 ATAN MOTORING - Nov 2020 | CT0020478821 | FUND TRANSFER | 
 | MAY-MATCH | com.example.Transaction@20a967fe | 300.0 | 31/12/2020 | true | com.example.Transaction@136ccbfe | MARIANI BINTE ABDUL | PAYMENT/TRANSFER OTHR S$ MARIANI BINTE ABDUL via PayNow: FBR8570A | OTHR S$ | PAYMENT/TRANSFER | 
 | PAYMENT/TRANSFER | com.example.Transaction@405b6d75 | 15.0 | 31/12/2020 | true | com.example.Transaction@416d56f2 | SARAVANAN NADARAJA | PAYMENT/TRANSFER OTHR S$ SARAVANAN NADARAJA via PayNow: FBM9426D | OTHR S$ | PAYMENT/TRANSFER | 
 | PAYMENT/TRANSFER | com.example.Transaction@682abca7 | 10400.0 | 31/12/2020 | true | com.example.Transaction@6e31d989 | KUAH PENG YAN | PAYMENT/TRANSFER OTHR S$ KUAH PENG YAN via PayNow: 198903552W | OTHR S$ | PAYMENT/TRANSFER | 
 | PAYMENT/TRANSFER | com.example.Transaction@1d858300 | 350.0 | 31/12/2020 | true | com.example.Transaction@1b01a0d | LEONG KAM SOONG | PAYMENT/TRANSFER OTHR LEONG KAM SOONG Transfer | OTHR | PAYMENT/TRANSFER | 
 | PAYMENT/TRANSFER | com.example.Transaction@76f881d9 | 213.0 | 31/12/2020 | true | com.example.Transaction@2ed71727 | MUHAMMAD IRFAN BIN | PAYMENT/TRANSFER OTHR MUHAMMAD IRFAN BIN Transfer | OTHR | PAYMENT/TRANSFER | 
 | MAY-MATCH | com.example.Transaction@6dd36ab6 | 800.0 | 31/12/2020 | true | com.example.Transaction@22d9ca63 | LEE SENG CHUN | PAYMENT/TRANSFER OTHR S$ LEE SENG CHUN via PayNow: Fbq8228u | OTHR S$ | PAYMENT/TRANSFER | 
 |  | com.example.Transaction@50a13c2f | 170.0 | 31/12/2020 | true | com.example.Transaction@49fb0bbd | SAZALAN BIN ABDUL H | SI               FBH6208M IBG GIRO | OTHR | IBG GIRO | 
 | PAYMENT/TRANSFER | com.example.Transaction@610d28b8 | 341.0 | 31/12/2020 | true | com.example.Transaction@5261ec9 | HAH KIM CHUEN | PAYMENT/TRANSFER OTHR HAH KIM CHUEN Transfer | OTHR | PAYMENT/TRANSFER | 
 | PAYMENT/TRANSFER | com.example.Transaction@53c99b09 | 438.0 | 31/12/2020 | true | com.example.Transaction@65bb6275 | ARIEF SUFIAN BIN ZU | PAYMENT/TRANSFER IHRP ARIEF SUFIAN BIN ZU Instalment of Ducati FBF5439E | IHRP | PAYMENT/TRANSFER | 
 |  | com.example.Transaction@2539cd1c | 284.0 | 31/12/2020 | true | com.example.Transaction@5489b1f7 | from MOHAMAD SHAHRI | OTHR - Fbm 6464 m FUND TRANSFER | via PayNow-UEN | FUND TRANSFER | 
 | PAYMENT/TRANSFER | com.example.Transaction@7c20cdd0 | 500.0 | 31/12/2020 | true | com.example.Transaction@64da6cbd | MUHAMMAD RAQIB BIN | PAYMENT/TRANSFER OTHR MUHAMMAD RAQIB BIN fbp1371p | OTHR | PAYMENT/TRANSFER | 
 | PAYMENT/TRANSFER | com.example.Transaction@74606204 | 215.0 | 31/12/2020 | true | com.example.Transaction@72a2312e | M I MUHAMMAD ABDULL | PAYMENT/TRANSFER OTHR S$ M I MUHAMMAD ABDULL via PayNow: FBK4960X | OTHR S$ | PAYMENT/TRANSFER | 
 | PAYMENT/TRANSFER | com.example.Transaction@6b6eae52 | 315.0 | 31/12/2020 | true | com.example.Transaction@47c7a9e5 | MUHAMMAD SAHRIN BIN | PAYMENT/TRANSFER OTHR MUHAMMAD SAHRIN BIN Transfer fbm 646 u | OTHR | PAYMENT/TRANSFER | 
 | CHEQUE | com.example.Transaction@2582b0ef | -1054.1 | 31/12/2020 | true | com.example.Transaction@d4df0e | 186456 | CHQ186456 CHEQUE |  | CHEQUE | 
 | CHEQUE | com.example.Transaction@7ae0cc89 | -1458.75 | 31/12/2020 | true | com.example.Transaction@de7e193 | 186459 | CHQ186459 CHEQUE |  | CHEQUE | 
 |  | com.example.Transaction@4faf104 | -17.25 | 31/12/2020 | false |  |  | TRANS CHARGE |  | TRANS CHARGE | 
&amp#27;[0m

&amp#27;[46m&amp#27;[34m Company unrecorded pending  ||||||||| SUMMARY OF RECORDS ||||||||| ::: Count:36 of 634 | Reconciled: 94%&amp#27;[0m
&amp#27;[36m&amp#27;[34m COMPANY BOOKS records not found in BANK STATEMENT ||||||||| PRINTING RECORDS ||||||||| ::: Record Count: (36)
 | CHANNEL | Record Ref ID | Transaction Amount | Transaction Date | Reconciled? | Reconciled with Txn Ref ID | Transaction Description |
 |  | com.example.Transaction@67bd351e | -222666.67 | 111100 | false |  |  | BALANCE B/F | 
 |  | com.example.Transaction@4cc7d00d | 232.0 | 02/12/2020 | false |  | ARMAN BIN MOHAMED ARIFFIN | IBANKING -- IBANKING -- FBN8463Y-001 : 024~024 IN | 
 |  | com.example.Transaction@468e8565 | 344.0 | 04/12/2020 | false |  | CHEN TIAM JIAM | PAYNOW -- PAYNOW -- FBD8296R-001 : 016~017 IN | 
 |  | com.example.Transaction@91da29b | 123.0 | 05/12/2020 | false |  | MOHAMMED SHAFEERUDEEN S/O SALEEM MOHAMMED | PAYNOW -- PAYNOW -- FBJ8432H-001 : 007~007 IN | 
 |  | com.example.Transaction@7066363 | 64.2 | 05/12/2020 | false |  | MOHAMMED SHAFEERUDEEN S/O SALEEM MOHAMMED | PAYNOW -- PAYNOW -- FBJ8432H : JO202006-0009 | 
 |  | com.example.Transaction@75b38c36 | -283.59 | 10/12/2020 | false |  | WTT INSURANCE AGENCIES PTE LTD | P201205 [2/2] -- P201205 [2/2] -- SEP 2020 [2/2] | 
 |  | com.example.Transaction@47248a48 | 311.0 | 10/12/2020 | false |  | MUHAMMAD IDRUS BIN ADAM | PAYNOW -- PAYNOW -- FBL8595K-002 : 012~000 IN | 
 |  | com.example.Transaction@2349f14d | -323.55 | 16/12/2020 | false |  | WILSON PARKING | JK:OCBC -- JK:OCBC -- EP2888Z & SJT1188L SEASON | 
 |  | com.example.Transaction@17e0933c | -199.0 | 17/12/2020 | false |  | LAND TRANSPORT AUTHORITY | AS:OCBC -- AS:OCBC -- FBK6219R ATAN TO OWNER, R | 
 |  | com.example.Transaction@7edb6fca | -25.0 | 18/12/2020 | false |  | LAND TRANSPORT AUTHORITY | AS:OCBC -- AS:OCBC -- FBR9679P ATAN TO OWNER | 
 |  | com.example.Transaction@1dcedc93 | 374.0 | 19/12/2020 | false |  | ONG YU YING | IBANKING -- IBANKING -- FBN9331M-001 : 023~024 IN | 
 |  | com.example.Transaction@716185fe | 260.0 | 25/12/2020 | false |  | SITI SHARIPAH BINTE MASWADI | IBANKING -- IBANKING -- FBM2963R-001 : 039~039 IN | 
 |  | com.example.Transaction@628b819d | -25369.0 | 28/12/2020 | false |  | ATAN MOTORING SUPPLY  PTE LTD | P201218:OCBC -- P201218:OCBC -- DEC 2020 SALARY | 
 |  | com.example.Transaction@478b0739 | -113.08 | 28/12/2020 | false |  | SP SERVICES | GIRO:OCBC -- GIRO:OCBC -- DEC 2020 UTILITIES | 
 |  | com.example.Transaction@2cca611f | 250.0 | 28/12/2020 | false |  | NUR KHAIRUNISA BINTE IDROS | PAYNOW -- PAYNOW -- FBP8530B-001 : 018~018 IN | 
 |  | com.example.Transaction@51f95f0d | -64.0 | 29/12/2020 | false |  | LAND TRANSPORT AUTHORITY | JK:OCBC -- JK:OCBC -- FBK7318G R/T 1YR | 
 |  | com.example.Transaction@6fc0bbc6 | 100.0 | 29/12/2020 | false |  | SAKTHEEVEIL S/O KOVALLIKISNO | IBANKING -- IBANKING -- FY9021C : JO201504-0121 | 
 |  | com.example.Transaction@706ddbc8 | 240.0 | 29/12/2020 | false |  | SAKTHEEVEIL S/O KOVALLIKISNO | IBANKING -- IBANKING -- FY9021C-002 : 032~032 INS | 
 |  | com.example.Transaction@fd09e43 | -25.0 | 30/12/2020 | false |  | LAND TRANSPORT AUTHORITY | AS:OCBC -- AS:OCBC -- FBG7431H ATAN TO OWNER | 
 |  | com.example.Transaction@144ab983 | -488.86 | 30/12/2020 | false |  | SINGAPORE TELECOMMUNICATIONS LTD | GIRO:OCBC -- GIRO:OCBC -- DEC 2020 TEL CHARGES | 
 |  | com.example.Transaction@7ebe2e47 | -64.0 | 31/12/2020 | false |  | LAND TRANSPORT AUTHORITY | JK:OCBC -- JK:OCBC -- FBQ8853P R/T 1YR | 
 |  | com.example.Transaction@609319c3 | -7753.0 | 31/12/2020 | false |  | HONG LEONG CORPORATION HOLDINGS PTE LTD | 186460:OCBC -- 186460:OCBC -- FBS472Y COE BAL REGN FEE | 
 |  | com.example.Transaction@6bbab114 | -25.0 | 31/12/2020 | false |  | LAND TRANSPORT AUTHORITY | AS:OCBC -- AS:OCBC -- FBK5480H OWNER TO ATAN | 
 |  | com.example.Transaction@2a7d9b41 | -25.0 | 31/12/2020 | false |  | LAND TRANSPORT AUTHORITY | AS:OCBC -- AS:OCBC -- FBS472Y ATAN TO OWNER | 
 |  | com.example.Transaction@25be445f | -22.1 | 31/12/2020 | false |  | OVERSEAS-CHINESE BANKING CORPORATION LIMITED | GIRO:OCBC -- GIRO:OCBC -- DEC 2020 BANK CHARGES | 
 | NETS -- NETS | com.example.Transaction@5d1b1c2a | 2000.0 | 18/12/2020 | false |  | PAN ONN SOON | NETS -- NETS -- FBM2846X PART PAYMENT | 
 | NETS -- NETS | com.example.Transaction@6397248c | 236.45 | 18/12/2020 | false |  | MYAT KOWIN | NETS -- NETS -- FBG8532T : JO202012-0014 | 
 | NETS -- NETS | com.example.Transaction@25f61c2c | 182.0 | 18/12/2020 | false |  | MYAT KO WIN | NETS -- NETS -- FBG8532T-001 : IN202012-0 | 
 | NETS -- NETS | com.example.Transaction@72bd2871 | 169.06 | 23/12/2020 | false |  | ZAINAL BIN MARDZUKI | NETS -- NETS -- FBJ9997M : JO201504-0490 | 
 | NETS -- NETS | com.example.Transaction@77429040 | 53.5 | 23/12/2020 | false |  | REPAIR | NETS -- NETS -- BRAKE PAD X 2 | 
 | NETS -- NETS | com.example.Transaction@2d2b6960 | 50.0 | 23/12/2020 | false |  | LIM YEAN ANN | NETS -- NETS -- TOP UP HELMET | 
 | NETS -- NETS | com.example.Transaction@38291795 | 171.2 | 23/12/2020 | false |  | JAMALUDIN BIN MOHAMED @ JAMALD BARI | NETS -- NETS -- FBG3218J : JO201906-0008 | 
 | NETS -- NETS | com.example.Transaction@234c5e41 | 58.85 | 23/12/2020 | false |  | SARAVANAN NADARAJA | NETS -- NETS -- FBM9426D : JO202006-0007 | 
 | NETS -- NETS | com.example.Transaction@40ef0af8 | 494.36 | 23/12/2020 | false |  | HAJA | NETS -- NETS -- FBL9478J : JO201907-0025 | 
 | NETS -- NETS | com.example.Transaction@36790bec | 195.0 | 23/12/2020 | false |  | JAMALUDIN BIN MOHAMED @ JAMALD BARI | NETS -- NETS -- FBG3218J : JO201906-0008 | 
 | NETS -- NETS | com.example.Transaction@461c3709 | 127.35 | 31/12/2020 | false |  | TAN BOON JOO | NETS -- NETS -- FBP9268C : JO201907-0037 | 
&amp#27;[0m
&amp#27;[36m&amp#27;[32m COMPANY BOOKS ||||||||| PRINTING RECORDS ||||||||| ::: Record Count: (634)
 | CHANNEL | Record Ref ID | Transaction Amount | Transaction Date | Reconciled? | Reconciled with Txn Ref ID | Transaction Description |
 |  | com.example.Transaction@67bd351e | -222666.67 | 111100 | false |  |  | BALANCE B/F | 
 |  | com.example.Transaction@345d053b | -5.35 | 01/12/2020 | true | com.example.Transaction@5c7dfc05 | HIRE PURCHASE, FINANCE AND LEASING ASSOCIATION OF SINGAPORE | 186444:OCBC -- 186444:OCBC -- #69125 | 
 | LTA | com.example.Transaction@35ef439e | -74.0 | 01/12/2020 | true | com.example.Transaction@2b7e8044 | LAND TRANSPORT AUTHORITY | JK:OCBC -- JK:OCBC -- FBQ7119H R/T 1YR & FINE | 
 |  | com.example.Transaction@3e8b3b79 | -236.0 | 01/12/2020 | true | com.example.Transaction@3d0cac1f | ZAKARIAH BIN BABA | 186445:OCBC -- 186445:OCBC -- FBF5622S REFUND EXCESS IN | 
 | LTA | com.example.Transaction@13e5d243 | -25.0 | 01/12/2020 | true | com.example.Transaction@6badba10 | LAND TRANSPORT AUTHORITY | AS:OCBC -- AS:OCBC -- FBR9286P ATAN TO OWNER | 
 |  | com.example.Transaction@f29353f | 278.0 | 01/12/2020 | true | com.example.Transaction@6cd98a05 | HO ZHI QUAN | IBANKING -- IBANKING -- FBK9357E-001 : 056~056 IN | 
 | MAY-MATCH | com.example.Transaction@48a2db72 | 131.0 | 01/12/2020 | true | com.example.Transaction@3b8ec001 | ABDUL RAHMAT BIN YUSOF | PAYNOW -- PAYNOW -- FBJ0832P-002 : 011~011 IN | 
 |  | com.example.Transaction@36f7d7b | 204.0 | 01/12/2020 | true | com.example.Transaction@1e95b653 | NURUL KHAIRUNNISA BINTE A RAHIM | IBANKING -- IBANKING -- FBP0994Z-001 : 022~022 IN | 
 |  | com.example.Transaction@7951c3a2 | 251.0 | 01/12/2020 | true | com.example.Transaction@4fc5563d | FARIDAH BINTE ABDULLAH | IBANKING -- IBANKING -- FBL3296G-001 : 051~051 IN | 
 |  | com.example.Transaction@60aec68a | 265.0 | 01/12/2020 | true | com.example.Transaction@286090c | MOHAMED FEROZE BIN MOHAMED ABDUL KADER | IBANKING -- IBANKING -- FBN0401D-001 : 029~029 IN | 
 |  | com.example.Transaction@25a7fedf | 333.0 | 01/12/2020 | true | com.example.Transaction@31120021 | SUHAIRY BIN FADLILALAILI | PAYNOW -- PAYNOW -- FBR3022Z-001 : 008~008 IN | 
 |  | com.example.Transaction@4ed9f7b1 | 230.0 | 01/12/2020 | true | com.example.Transaction@3df1a1ac | MUHAMMAD SHAHRIZAL BIN SA'AT | PAYNOW -- PAYNOW -- FBQ5657J-001 : 012~012 IN | 
 | MAY-MATCH | com.example.Transaction@51bddd98 | 156.0 | 01/12/2020 | true | com.example.Transaction@58606c91 | NURUL AISYAH (NOT RIDING) | PAYNOW -- PAYNOW -- FBC7693P-002 : 016~016 IN | 
 |  | com.example.Transaction@6361b799 | 500.0 | 01/12/2020 | true | com.example.Transaction@6a9cd0f8 | MUHAMMAD RAQIB BIN MOHD NURI | IBANKING -- IBANKING -- FBP1371P-001 : 027~028 IN | 
 | NETS -- NETS | com.example.Transaction@4c82b5df | 144.5 | 01/12/2020 | true | com.example.Transaction@4c82b5df | TSING MOH LIM | NETS -- NETS -- AZ0085G : JO201505-0057 | 
 | NETS -- NETS | com.example.Transaction@67eec8e1 | 112.45 | 01/12/2020 | true | com.example.Transaction@67eec8e1 | AHMAD MUSTAFA | NETS -- NETS -- FX7628X : JO201904-0020 | 
 | NETS -- NETS | com.example.Transaction@4214ae8f | 2000.0 | 01/12/2020 | true | com.example.Transaction@4214ae8f | MUHAMMAD RAYMOND BIN MOHD RIZAL | NETS -- NETS -- BAL DOWNPAYMENT FOR FBR92 | 
 | MAY-MATCH | com.example.Transaction@21c747a | 350.0 | 01/12/2020 | true | com.example.Transaction@4baed682 | MUHAMMAD NOOR IZUAN BIN MOHD FAIZ | PAYNOW -- PAYNOW -- FBN7299L-001 : 027~027 IN | 
 |  | com.example.Transaction@1b9d9a2b | 307.0 | 01/12/2020 | true | com.example.Transaction@7be2f29a | SENG TSHUN MING | IBANKING -- IBANKING -- FBM1996C-001 : 040~040 IN | 
 |  | com.example.Transaction@d919544 | 500.0 | 01/12/2020 | true | com.example.Transaction@203d1d93 | CHAN CHEE HONG | IBANKING -- IBANKING -- FBR2603D-001 : 009~009 IN | 
 |  | com.example.Transaction@17dad32f | 235.0 | 01/12/2020 | true | com.example.Transaction@2c2a027c | LEE KAH KUANG | IBANKING -- IBANKING -- FBQ5352M-001 : 014~014 IN | 
 |  | com.example.Transaction@79696332 | 225.0 | 01/12/2020 | true | com.example.Transaction@118dcbbd | M I MUHAMMAD ABDULLAH | PAYNOW -- PAYNOW -- FBK4960X-002 : 003~003 IN | 
 | MAY-MATCH | com.example.Transaction@5995851e | 250.0 | 01/12/2020 | true | com.example.Transaction@7d21852b | CHAI YUEN KENG | IBANKING -- IBANKING -- FBR1446Y-001 : 009~009 IN | 
 | MAY-MATCH | com.example.Transaction@1d0cac30 | 250.0 | 01/12/2020 | true | com.example.Transaction@6d0be7ab | CHAI YUEN KENG | IBANKING -- IBANKING -- FBR1497A-001 : 009~009 IN | 
 | NETS -- NETS | com.example.Transaction@7ba93755 | 176.55 | 01/12/2020 | true | com.example.Transaction@7ba93755 | NIWA HIROKI | NETS -- NETS -- FU6978H : JO201903-0020 | 
 | MAY-MATCH | com.example.Transaction@29f38091 | 171.0 | 01/12/2020 | true | com.example.Transaction@350ec690 | JURAIMI BIN SAMAT | PAYNOW -- PAYNOW -- FBN2190Z-001 : 017~017 IN | 
 |  | com.example.Transaction@2d119405 | 360.0 | 01/12/2020 | true | com.example.Transaction@49cb1baf | MUHAMMAD ZAIDI BIN ABDUL RAHMAN | IBANKING -- IBANKING -- FBL1111U-001 : 054~054 IN | 
 |  | com.example.Transaction@57e388c3 | 198.0 | 01/12/2020 | true | com.example.Transaction@3664f108 | NOHAZLAN BIN ALI | IBANKING -- IBANKING -- FBD6525T-001 : 018~018 IN | 
 |  | com.example.Transaction@20580d4e | 208.0 | 01/12/2020 | true | com.example.Transaction@77dba4cd | MOHD HAMSANI BIN MOHD HAMDAN | IBANKING -- IBANKING -- FBP6035C-001 : 019~019 IN | 
 |  | com.example.Transaction@21bd128b | 231.0 | 01/12/2020 | true | com.example.Transaction@34a2d6e0 | MOHD SHARIFFUDDIN BIN ABDULLAH | IBANKING -- IBANKING -- FBN2822J-001 : 027~027 IN | 
 |  | com.example.Transaction@2d0b05 | 281.0 | 01/12/2020 | true | com.example.Transaction@2525a5b8 | CHEW KEAN NAM | IBANKING -- IBANKING -- FBR5128P-001 : 004~004 IN | 
 | NETS -- NETS | com.example.Transaction@22dc59b2 | 1000.0 | 01/12/2020 | true | com.example.Transaction@22dc59b2 | KAMARUZLEE BIN SAPUAN | NETS -- NETS -- CB125R DEPOSIT | 
 |  | com.example.Transaction@4b432e53 | 284.0 | 01/12/2020 | true | com.example.Transaction@3458eca5 | SOON CHEN ONN | IBANKING -- IBANKING -- FBM6464M-001 : 034~034 IN | 
 | MAY-MATCH | com.example.Transaction@161dd92a | 219.0 | 01/12/2020 | true | com.example.Transaction@1e0fdb2f | RAJA AFIQAH QISTINA BINTE RAJA MOHAMAD ARIS | PAYNOW -- PAYNOW -- FBL4181Y-003 : 019~019 IN | 
 | MAY-MATCH | com.example.Transaction@77c3c037 | 300.0 | 01/12/2020 | true | com.example.Transaction@3c380bd8 | JAMALUDIN BIN AHMAD | PAYNOW -- PAYNOW -- FBM7755S-001 : 031~031 IN | 
 | MAY-MATCH | com.example.Transaction@252744a1 | 388.0 | 01/12/2020 | true | com.example.Transaction@34b87182 | MOHAMAD AZREE BIN MOHTAR | IBANKING -- IBANKING -- FBG1645Y-001 : 056~056 IN | 
 | MAY-MATCH | com.example.Transaction@10e5bf9c | 438.0 | 01/12/2020 | true | com.example.Transaction@2c991465 | HO CHI WING | IBANKING -- IBANKING -- FBG0332G-001 : 043~043 IN | 
 | MAY-MATCH | com.example.Transaction@68c9e023 | 372.0 | 01/12/2020 | true | com.example.Transaction@5fef2aac | LAM WEI XYNG | PAYNOW -- PAYNOW -- FBP0561P-001 : 022~022 IN | 
 |  | com.example.Transaction@267cde2e | -775.57 | 02/12/2020 | true | com.example.Transaction@73a8e994 | WTT INSURANCE AGENCIES PTE LTD | 186447:OCBC -- 186447:OCBC -- FBR8720J FBR9286P FBN2823 | 
 |  | com.example.Transaction@7bd96822 | -8024.0 | 02/12/2020 | true | com.example.Transaction@518ddd3b | BOON SIEW SINGAPORE PTE LTD | 186448:OCBC -- 186448:OCBC -- FBR9149C COE BAL REGN FEE | 
 | LTA | com.example.Transaction@4997552e | -48.0 | 02/12/2020 | true | com.example.Transaction@51dae791 | LAND TRANSPORT AUTHORITY | JK:OCBC -- JK:OCBC -- FBK4107T R/T 6 MTHS & FIN | 
 | NETS -- NETS | com.example.Transaction@488f3dd1 | 268.55 | 02/12/2020 | true | com.example.Transaction@488f3dd1 | SHAHRUL BIN ISMAIL | NETS -- NETS -- FBR1251S : JO202003-0016 | 
 | MAY-MATCH | com.example.Transaction@1624775 | 298.0 | 02/12/2020 | true | com.example.Transaction@76130a29 | NADZRAH BTE AHMAD FITTRI (NOT RIDING) | IBANKING -- IBANKING -- FBN3736T-001 : 026~026 IN | 
 |  | com.example.Transaction@2b916808 | 100.0 | 02/12/2020 | true | com.example.Transaction@124d02b2 | AMAT BIN SURANI | IBANKING -- IBANKING -- FV0407Z-002 : 027~027 INS | 
 |  | com.example.Transaction@ed2f2f6 | 220.0 | 02/12/2020 | true | com.example.Transaction@3451f01d | QUAH CHEUN TAI | PAYNOW -- PAYNOW -- FBN2627G-002 : 002~002 IN | 
 | NETS -- NETS | com.example.Transaction@2091833 | 47.1 | 02/12/2020 | true | com.example.Transaction@2091833 | SEE YAO JIE RONALD | NETS -- NETS -- FBJ9013C : JO202012-0001 | 
 | NETS -- NETS | com.example.Transaction@7bc58891 | 30.0 | 02/12/2020 | true | com.example.Transaction@7bc58891 | SARAVANAN NADARAJA | NETS -- NETS -- FBM9426D : JO202006-0007 | 
 |  | com.example.Transaction@7cf78c85 | 5000.0 | 02/12/2020 | true | com.example.Transaction@40d23c82 | BRENNTAG PTE LTD | 987868:CQ -- 987868:CQ -- REBATE | 
 | NETS -- NETS | com.example.Transaction@6411504a | 190.45 | 02/12/2020 | true | com.example.Transaction@6411504a | LIM CHIA YEONG | NETS -- NETS -- FBL0677K : JO202012-0002 | 
 |  | com.example.Transaction@62f11ebb | 256.0 | 02/12/2020 | true | com.example.Transaction@72503b19 | SEE YAO JIE RONALD | PAYNOW -- PAYNOW -- FBJ9013C-002 : 014~014 IN | 
 |  | com.example.Transaction@a6c54c3 | 147.0 | 02/12/2020 | true | com.example.Transaction@1cfc2538 | CHIN JUH KHOI | IBANKING -- IBANKING -- FBH4641H-002 : 011~011 IN | 
 |  | com.example.Transaction@fe87ddd | 232.0 | 02/12/2020 | true | com.example.Transaction@66deec87 | SURESH PILLAI SAMMUGAM | IBANKING -- IBANKING -- FBN5356T-001 : 025~025 IN | 
 | NETS -- NETS | com.example.Transaction@554188ac | 25.7 | 02/12/2020 | true | com.example.Transaction@554188ac | KAMISAN BIN HASSAN | NETS -- NETS -- FBH2745E : JO201801-0020 | 
 | MAY-MATCH | com.example.Transaction@1e7f19b4 | 187.0 | 02/12/2020 | true | com.example.Transaction@5d342959 | MOHAMAD ISHAK BIN DOLLAH | PAYNOW -- PAYNOW -- FBM1276Y-002 : 028~028 IN | 
 |  | com.example.Transaction@580fd26b | 264.0 | 02/12/2020 | true | com.example.Transaction@2ecf5915 | SIM LAI HOCK | IBANKING -- IBANKING -- FBQ7119H-001 : 012~012 IN | 
 |  | com.example.Transaction@78fe204a | 198.0 | 02/12/2020 | true | com.example.Transaction@53e76c11 | SUFFIAN BIN MOHAMED NOOR | IBANKING -- IBANKING -- FBJ1917Y-002 : 033~033 IN | 
 |  | com.example.Transaction@1290ed28 | 520.0 | 02/12/2020 | true | com.example.Transaction@42cc183e | HAJI JURAIMI BIN SAMRI | IBANKING -- IBANKING -- FBL4574Y-002 : 018~018 IN | 
 |  | com.example.Transaction@7a3269f5 | 392.0 | 02/12/2020 | true | com.example.Transaction@3e4e8fdf | ONG BOON HUAT | IBANKING -- IBANKING -- FBR6999K-001 : 002~002 IN | 
 |  | com.example.Transaction@4cc7d00d | 232.0 | 02/12/2020 | false |  | ARMAN BIN MOHAMED ARIFFIN | IBANKING -- IBANKING -- FBN8463Y-001 : 024~024 IN | 
 |  | com.example.Transaction@5c887052 | 264.0 | 02/12/2020 | true | com.example.Transaction@2721044 | MANAF BIN ABDULLAH | IBANKING -- IBANKING -- FBJ6983Y-002 : 027~027 IN | 
 |  | com.example.Transaction@47768e74 | 4050.0 | 02/12/2020 | true | com.example.Transaction@27be17c8 | LEE HSIAO YONG KELVIN | OCBC893115 -- OCBC893115 -- FBK6406S-001 : 054~060 IN | 
 | LTA | com.example.Transaction@7bcecef6 | -25.0 | 03/12/2020 | true | com.example.Transaction@6587305a | LAND TRANSPORT AUTHORITY | AS:OCBC -- AS:OCBC -- FBR9149C ATAN TO OWNER | 
 | LTA | com.example.Transaction@46046c06 | -25.0 | 03/12/2020 | true | com.example.Transaction@abbe000 | LAND TRANSPORT AUTHORITY | AS:OCBC -- AS:OCBC -- FBG3493E OWNER TO ATAN | 
 |  | com.example.Transaction@4eea94a4 | 234.0 | 03/12/2020 | true | com.example.Transaction@6aa7b67f | MOHD SHAMSUDIN B MD HANIFFA | IBANKING -- IBANKING -- FBL6392S-001 : 047~047 IN | 
 |  | com.example.Transaction@7c281eb8 | 296.0 | 03/12/2020 | true | com.example.Transaction@6bcc3f27 | CHEAH WENG LEONG | IBANKING -- IBANKING -- FBQ5269X-001 : 014~014 IN | 
 |  | com.example.Transaction@55fdf7f9 | 150.0 | 03/12/2020 | true | com.example.Transaction@36920bd6 | LAU WANG HUI JESSICA | IBANKING -- IBANKING -- FBP1105S-001 : 025~025 IN | 
 |  | com.example.Transaction@65f40689 | 220.0 | 03/12/2020 | true | com.example.Transaction@61514735 | TAMIL SELVAM S/O G JAGANATHAN | PAYNOW -- PAYNOW -- FBK6328J-003 : 001~001 IN | 
 |  | com.example.Transaction@29be997f | 166.0 | 03/12/2020 | true | com.example.Transaction@6bee793f | NOR IRSHARUDDIN BIN IKHSAN | IBANKING -- IBANKING -- FBC6854Z-001 : 030~030 IN | 
 |  | com.example.Transaction@33eb6758 | 230.0 | 03/12/2020 | true | com.example.Transaction@655f69da | MUHAMMAD KHAIRI BIN BALKIAH | IBANKING -- IBANKING -- FW8021U-001 : 013~013 INS | 
 | NETS -- NETS | com.example.Transaction@3728a578 | 128.4 | 03/12/2020 | true | com.example.Transaction@3728a578 | AHMAD ZAHID BIN SARIMAN | NETS -- NETS -- FBN8849T : JO201901-0027 | 
 | MAY-MATCH | com.example.Transaction@235b4cb8 | 122.0 | 03/12/2020 | true | com.example.Transaction@43b5021c | MOHAMAD NATTA BIN ARSHART | PAYNOW -- PAYNOW -- FBG5928E-002 : 013~013 IN | 
 |  | com.example.Transaction@4091b9c3 | 185.0 | 03/12/2020 | true | com.example.Transaction@28369db0 | NORMALA BINTE RUSLAN | PAYNOW -- PAYNOW -- FBQ9771K-001 : 011~011 IN | 
 |  | com.example.Transaction@f8a6243 | 176.0 | 03/12/2020 | true | com.example.Transaction@30893e08 | MOHAMED JAVED HAJA BADURUDEEN | PAYNOW -- PAYNOW -- FBH7745Y-002 : 001~001 IN | 
 | NETS -- NETS | com.example.Transaction@3e3cd6fe | 606.75 | 03/12/2020 | true | com.example.Transaction@3e3cd6fe | OW KEN LOON | NETS -- NETS -- FBG4566Y : JO201504-0289 | 
 |  | com.example.Transaction@29050de5 | 306.0 | 03/12/2020 | true | com.example.Transaction@2e86807a | LEONG KAM SOONG | IBANKING -- IBANKING -- FBQ7722R-001 : IN202012-0 | 
 |  | com.example.Transaction@4a8ffd75 | 300.0 | 03/12/2020 | true | com.example.Transaction@208f0007 | MUHAMMAD ZAFAPRI BIN ZAINI | IBANKING -- IBANKING -- FBL9971B-001 : 001~000 IN | 
 |  | com.example.Transaction@1727e03a | 150.0 | 03/12/2020 | true | com.example.Transaction@3a90c13c | WONG CHIN KEAT | PAYNOW -- PAYNOW -- FBF7229G-002 : 021~021 IN | 
 |  | com.example.Transaction@7f9e8421 | 306.0 | 03/12/2020 | true | com.example.Transaction@39c96e48 | LIM KOK HWA | PAYNOW -- PAYNOW -- FBR1035A-001 : 009~009 IN | 
 | NETS -- NETS | com.example.Transaction@1de0641b | 1800.0 | 03/12/2020 | true | com.example.Transaction@1de0641b | KAMARUZLEE BIN SAPUAN | NETS -- NETS -- FBR9149C BAL D/P | 
 |  | com.example.Transaction@188598ad | 226.2 | 03/12/2020 | true | com.example.Transaction@5b5a4aed | K PANNERSELVAM | 480374:UOB -- 480374:UOB -- FBJ9434X-001 : 019~019 IN | 
 | MAY-MATCH | com.example.Transaction@712ac7e6 | -19777.53 | 04/12/2020 | true | com.example.Transaction@365cdacf | SINGAPURA FINANCE LTD | P2012SF1 -- P2012SF1 -- 20912, 21380, 21543, 2188 | 
 | LTA | com.example.Transaction@93824eb | -64.0 | 04/12/2020 | true | com.example.Transaction@75babb67 | LAND TRANSPORT AUTHORITY | JK:OCBC -- JK:OCBC -- FBG3557E R/T 1YR | 
 |  | com.example.Transaction@71a3e05c | -661.12 | 04/12/2020 | true | com.example.Transaction@6bfaa0a6 | THE HONGKONG AND SHANGHAI BANKING CORPORATION LIMITED | GIRO:OCBC -- GIRO:OCBC -- HSBC CC BILL | 
 | NETS -- NETS | com.example.Transaction@43ac0a68 | 23.55 | 04/12/2020 | true | com.example.Transaction@43ac0a68 | MR | NETS -- NETS -- FBA7731Z : JO202007-0028 | 
 |  | com.example.Transaction@3610f277 | 215.0 | 04/12/2020 | true | com.example.Transaction@3a1706e1 | MOHD SYAFIE BIN MOHD SHAH | IBANKING -- IBANKING -- FBQ8096H-001 : 003~003 IN | 
 |  | com.example.Transaction@23da79eb | 217.0 | 04/12/2020 | true | com.example.Transaction@3c6c4689 | MOHAMMAD ALI BIN LATIFF | PAYNOW -- PAYNOW -- FBK0863U-002 : 032~032 IN | 
 | NETS -- NETS | com.example.Transaction@1dad01fe | 50.3 | 04/12/2020 | true | com.example.Transaction@1dad01fe | LEE HENG TECK | NETS -- NETS -- FBL9007K : JO201711-0011 | 
 |  | com.example.Transaction@468e8565 | 344.0 | 04/12/2020 | false |  | CHEN TIAM JIAM | PAYNOW -- PAYNOW -- FBD8296R-001 : 016~017 IN | 
 | MAY-MATCH | com.example.Transaction@17fede14 | 100.0 | 04/12/2020 | true | com.example.Transaction@5befbac1 | MUHAMMAD HANNAN BIN MOHNI | IBANKING -- IBANKING -- FBL0679E-002 : 028~000 IN | 
 | MAY-MATCH | com.example.Transaction@6fcd31c3 | 311.0 | 04/12/2020 | true | com.example.Transaction@1d901f20 | SHAKYNA BINTE RAMLEE | IBANKING -- IBANKING -- FBN2823G-001 : 027~027 IN | 
 |  | com.example.Transaction@168b4cb0 | 150.0 | 04/12/2020 | true | com.example.Transaction@1a565afb | MUHAMMAD NIZAM BIN RAHMAT | PAYNOW -- PAYNOW -- FBM2846X : JO201710-0012 | 
 |  | com.example.Transaction@c689973 | 350.0 | 04/12/2020 | true | com.example.Transaction@2fd64b11 | SIVAKUMAR S/O G RAMAN | IBANKING -- IBANKING -- FBP7760K-001 : 018~018 IN | 
 |  | com.example.Transaction@41fa769c | 300.0 | 04/12/2020 | true | com.example.Transaction@949c598 | LIANG WAI KEAN | IBANKING -- IBANKING -- FBQ7274S-001 : 012~012 IN | 
 |  | com.example.Transaction@40113163 | 467.0 | 04/12/2020 | true | com.example.Transaction@43d3aba5 | GOH CHIEW LEONG | IBANKING -- IBANKING -- FBC3952T-002 : 003~003 IN | 
 |  | com.example.Transaction@3e05586b | 742.5 | 04/12/2020 | true | com.example.Transaction@314b9e4b | SUNDARESWARAR S/O PENNIRSELVAM | IBANKING -- IBANKING -- FX1098P-002 : 003~004 INS | 
 |  | com.example.Transaction@35b17c06 | 195.0 | 05/12/2020 | true | com.example.Transaction@6f1b8544 | SAHAADHEVAN S/O PATMANATHAN | PAYNOW -- PAYNOW -- FBQ4954H-001 : 014~014 IN | 
 |  | com.example.Transaction@39c85c1a | 123.0 | 05/12/2020 | true | com.example.Transaction@688a2c09 | NUR'IFFAH ZAKIAH BINTE MOHD SAID | IBANKING -- IBANKING -- FBQ4411H-001 : 014~014 IN | 
 |  | com.example.Transaction@45545e7a | 147.0 | 05/12/2020 | true | com.example.Transaction@5de5e95 | SIAH SENG CHONG | IBANKING -- IBANKING -- FBM7218B-001 : 021~021 IN | 
 | NETS -- NETS | com.example.Transaction@5e230fc6 | 98.45 | 05/12/2020 | true | com.example.Transaction@5e230fc6 | WONG PAK SENG | NETS -- NETS -- FBL3940E : JO201610-0027 | 
 | MAY-MATCH | com.example.Transaction@86d6bf7 | 300.0 | 05/12/2020 | true | com.example.Transaction@303c55fa | JELANI BIN CHIK | PAYNOW -- PAYNOW -- FBR8570A-001 : 001~001 IN | 
 |  | com.example.Transaction@9f674ac | 300.0 | 05/12/2020 | true | com.example.Transaction@9efcd90 | MOHAMAD BIN A MANAP | PAYNOW -- PAYNOW -- FY7625Z-002 : 054~054 INS | 
 | NETS -- NETS | com.example.Transaction@7a8341c1 | 86.7 | 05/12/2020 | true | com.example.Transaction@7a8341c1 | ARVIN RAJ | NETS -- NETS -- FY4049G : JO202009-0019 | 
 | NETS -- NETS | com.example.Transaction@ca8ef3a | 122.0 | 05/12/2020 | true | com.example.Transaction@ca8ef3a | MUHAMAD ZAHID BIN HARIP | NETS -- NETS -- FBK5401L : JO201510-0057 | 
 |  | com.example.Transaction@91da29b | 123.0 | 05/12/2020 | false |  | MOHAMMED SHAFEERUDEEN S/O SALEEM MOHAMMED | PAYNOW -- PAYNOW -- FBJ8432H-001 : 007~007 IN | 
 |  | com.example.Transaction@7066363 | 64.2 | 05/12/2020 | false |  | MOHAMMED SHAFEERUDEEN S/O SALEEM MOHAMMED | PAYNOW -- PAYNOW -- FBJ8432H : JO202006-0009 | 
 | MAY-MATCH | com.example.Transaction@2fbe26da | 205.0 | 05/12/2020 | true | com.example.Transaction@7eb200ce | MUHAMMAD HADI BIN HALI | IBANKING -- IBANKING -- FBL0193P-001 : 055~055 IN | 
 | NETS -- NETS | com.example.Transaction@17043b04 | 267.5 | 05/12/2020 | true | com.example.Transaction@17043b04 | KAMISAN BIN HASSAN | NETS -- NETS -- FBH2745E : JO201801-0020 | 
 | NETS -- NETS | com.example.Transaction@511f5b1d | 57.8 | 05/12/2020 | true | com.example.Transaction@511f5b1d | NAZRE BIN ABU BAKAR | NETS -- NETS -- FBP9156S : JO201907-0041 | 
 |  | com.example.Transaction@1da4b3f9 | 300.0 | 05/12/2020 | true | com.example.Transaction@7c2924d7 | MUHAMMAD HAIKAL BIN JURAIMI | PAYNOW -- PAYNOW -- FBB8315E-002 : 004~004 IN | 
 | MAY-MATCH | com.example.Transaction@77d4ac52 | 500.0 | 05/12/2020 | true | com.example.Transaction@7d979d34 | TAN KIAN HER | PAYNOW -- PAYNOW -- FBG2847A DEPOSIT | 
 | MAY-MATCH | com.example.Transaction@6963b88c | 110.0 | 06/12/2020 | true | com.example.Transaction@5b9499fe | FADIL BIN ABD RAHIM | IBANKING -- IBANKING -- FBK2060G-004 : 014~000 IN | 
 | MAY-MATCH | com.example.Transaction@ab24484 | 158.0 | 06/12/2020 | true | com.example.Transaction@74d6736 | HANNAN HUZAIFI BIN SUHAIMI | PAYNOW -- PAYNOW -- FBK7253J-002 : 026~026 IN | 
 | MAY-MATCH | com.example.Transaction@54e43bfe | 155.0 | 06/12/2020 | true | com.example.Transaction@52a33c3f | KANG SWEE SOO | IBANKING -- IBANKING -- FBM3627E-001 : 005~005 IN | 
 | MAY-MATCH | com.example.Transaction@106b014e | 255.0 | 06/12/2020 | true | com.example.Transaction@19a20bb2 | KOK FOOK LOY | IBANKING -- IBANKING -- FBN0750X-001 : 029~029 IN | 
 | LTA | com.example.Transaction@7af52ec7 | -32.0 | 07/12/2020 | true | com.example.Transaction@48a663e9 | LAND TRANSPORT AUTHORITY | JK:OCBC -- JK:OCBC -- FBP9692K R/T 6MTHS | 
 |  | com.example.Transaction@60bb7995 | -350.0 | 07/12/2020 | true | com.example.Transaction@ebe067d | TAN POH MIN | P201202:OCBC -- P201202:OCBC -- DEC 2020 SALARY - MIN [1/ | 
 |  | com.example.Transaction@2b148329 | -149.18 | 07/12/2020 | true | com.example.Transaction@3f81621c | MOBILEONE LTD | GIRO:OCBC -- GIRO:OCBC -- DEC 2020 HP BILLS | 
 |  | com.example.Transaction@62c72501 | 10.0 | 07/12/2020 | true | com.example.Transaction@668625f5 | HOO CHEE WEI | IBANKING -- IBANKING -- FBD2198E : JO201504-0126 | 
 | MAY-MATCH | com.example.Transaction@64387c17 | 330.0 | 07/12/2020 | true | com.example.Transaction@49a6f486 | MOHAMMAD ROSLAN BIN MARWAN | IBANKING -- IBANKING -- FBR5030L-001 : 005~005 IN | 
 |  | com.example.Transaction@c889805 | 215.0 | 07/12/2020 | true | com.example.Transaction@14fded9d | ALAN FROST KOH | IBANKING -- IBANKING -- FBN2826Z-001 : 016~016 IN | 
 |  | com.example.Transaction@23cbbd07 | 244.0 | 07/12/2020 | true | com.example.Transaction@bc6288b | THANIUS BIN MUSNI | IBANKING -- IBANKING -- FBL8716D-001 : 044~044 IN | 
 |  | com.example.Transaction@77db3d02 | 199.0 | 07/12/2020 | true | com.example.Transaction@4a3bd45b | CHANG POO TECK | PAYNOW -- PAYNOW -- FBQ5656L-001 : 013~013 IN | 
 | NETS -- NETS | com.example.Transaction@70a898b0 | 118.86 | 07/12/2020 | true | com.example.Transaction@70a898b0 | LIM | NETS -- NETS -- FBJ8993E : JO201612-0005 | 
 | NETS -- NETS | com.example.Transaction@7bdf61ad | 116.65 | 07/12/2020 | true | com.example.Transaction@7bdf61ad | WONG CHIN KEAT | NETS -- NETS -- FBF7229G : JO201808-0035 | 
 |  | com.example.Transaction@448b808a | 270.0 | 07/12/2020 | true | com.example.Transaction@34c70b5e | NAZRE BIN ABU BAKAR | PAYNOW -- PAYNOW -- FBP9156S-001 : 017~017 IN | 
 |  | com.example.Transaction@7e62cfa3 | 270.0 | 07/12/2020 | true | com.example.Transaction@4f2d995e | MOHD ISA BIN ISMAIL | IBANKING -- IBANKING -- FBP4266R-001 : 018~018 IN | 
 |  | com.example.Transaction@46e190ed | 340.0 | 07/12/2020 | true | com.example.Transaction@75156240 | SARAVANAN NADARAJA | IBANKING -- IBANKING -- FBM9426D-001 : 030~030 IN | 
 |  | com.example.Transaction@383c3eb3 | 484.0 | 07/12/2020 | true | com.example.Transaction@6198e9b5 | INDRA SUKMA BIN BUHARI | IBANKING -- IBANKING -- FBP6139L-001 : 020~020 IN | 
 |  | com.example.Transaction@78d9f51b | 270.0 | 07/12/2020 | true | com.example.Transaction@6d099323 | MUHAMMAD SUFIAN BIN SANUDIN | IBANKING -- IBANKING -- FBL6449M-002 : 033~033 IN | 
 |  | com.example.Transaction@23ed382c | 250.0 | 07/12/2020 | true | com.example.Transaction@4ecd00b5 | BAHARIN BIN OSMAN | IBANKING -- IBANKING -- FBQ8329L-001 : 010~010 IN | 
 |  | com.example.Transaction@6bedd4e4 | 228.0 | 07/12/2020 | true | com.example.Transaction@10947c4e | NORDIN BIN YUSOF | IBANKING -- IBANKING -- FBP5784E-001 : 019~019 IN | 
 |  | com.example.Transaction@4570d7b6 | 304.0 | 07/12/2020 | true | com.example.Transaction@3667faa8 | NOR'AZMI BIN RAMLI | IBANKING -- IBANKING -- FBR7763S-001 : 002~002 IN | 
 |  | com.example.Transaction@72b6832e | 242.0 | 07/12/2020 | true | com.example.Transaction@1756f7cc | RAJA MOHAMAD ARIS BIN RAJA IDRIS | IBANKING -- IBANKING -- FBN5666Z-001 : 025~025 IN | 
 |  | com.example.Transaction@3850e90c | 226.0 | 07/12/2020 | true | com.example.Transaction@3138953b | MOHAMED HASDI BIN MOHAMED HASSAN | IBANKING -- IBANKING -- FBQ7850D-001 : 014~014 IN | 
 |  | com.example.Transaction@3d9f5016 | 186.0 | 07/12/2020 | true | com.example.Transaction@27df95e | KASMANI BIN KAMIS | IBANKING -- IBANKING -- FBM1760R-002 : 028~028 IN | 
 |  | com.example.Transaction@7e91ed74 | 200.0 | 07/12/2020 | true | com.example.Transaction@b46e103 | MOHD SAFARUL HAFIF BIN MOHD NOR | IBANKING -- IBANKING -- FBN3623K-001 : 027~027 IN | 
 |  | com.example.Transaction@3878be7b | 326.0 | 07/12/2020 | true | com.example.Transaction@2b0e9f30 | LOW CHENG KEE | IBANKING -- IBANKING -- FBR7166R-001 : 002~002 IN | 
 |  | com.example.Transaction@7df28f1 | 363.0 | 07/12/2020 | true | com.example.Transaction@5eea5627 | ISHAK BIN SUBARI | IBANKING -- IBANKING -- FBN3663U-001 : 027~027 IN | 
 |  | com.example.Transaction@20ab76ee | 280.0 | 07/12/2020 | true | com.example.Transaction@3330f3ad | GOH WEE PHANG BENJAMIN | PAYNOW -- PAYNOW -- FBA6868U : JO201607-0003 | 
 | NETS -- NETS | com.example.Transaction@54336976 | 36.45 | 07/12/2020 | true | com.example.Transaction@54336976 | RAJMOHAMED SHAHUL HAMEED | NETS -- NETS -- FBQ8394Y : JO202002-0004 | 
 |  | com.example.Transaction@485caa8f | 304.0 | 07/12/2020 | true | com.example.Transaction@f425231 | LOH CHIANG LONG | IBANKING -- IBANKING -- FBQ8258H-001 : 011~011 IN | 
 |  | com.example.Transaction@2703d91 | 218.0 | 07/12/2020 | true | com.example.Transaction@506aabf6 | MOHD RAZALI BIN MOHAMED SARIP | IBANKING -- IBANKING -- FBQ4745U-001 : 014~014 IN | 
 |  | com.example.Transaction@4cfa83f9 | -2117.0 | 08/12/2020 | true | com.example.Transaction@575c3e9b | MERCEDES-BENZ FINANCIAL SERVICES SINGAPORE PTE LTD | GIRO:OCBC -- GIRO:OCBC -- EP2888Z C180 [38/60] | 
 |  | com.example.Transaction@3ddb774f | -6741.01 | 08/12/2020 | true | com.example.Transaction@fb0a08c | WTT INSURANCE AGENCIES PTE LTD | P201221:OCBC -- P201221:OCBC -- NOV 2020 | 
 | LTA | com.example.Transaction@77c1e611 | -25.0 | 08/12/2020 | true | com.example.Transaction@1015a4b9 | LAND TRANSPORT AUTHORITY | AS:OCBC -- AS:OCBC -- FBG2847A ATAN TO OWNER | 
 | NETS -- NETS | com.example.Transaction@7499eac7 | 2356.9 | 08/12/2020 | true | com.example.Transaction@7499eac7 | TAN KIAN HER | NETS -- NETS -- FBG2847A | 
 | MAY-MATCH | com.example.Transaction@7c369270 | 203.0 | 08/12/2020 | true | com.example.Transaction@705a8dbc | AFRIZAL ABDULLAH | IBANKING -- IBANKING -- FBP1309X-001 : 022~022 IN | 
 |  | com.example.Transaction@5be052ca | 160.0 | 08/12/2020 | true | com.example.Transaction@40729f01 | MUHAMMAD FAIZ BIN HAMDAN | PAYNOW -- PAYNOW -- FW7324C-002 : 002~002 INS | 
 | NETS -- NETS | com.example.Transaction@5438c17a | 27.85 | 08/12/2020 | true | com.example.Transaction@5438c17a | KHAJAA SHAS S/O YABURDEEN | NETS -- NETS -- FBH5802D : JO201504-0423 | 
 | NETS -- NETS | com.example.Transaction@b9d018b | 107.0 | 08/12/2020 | true | com.example.Transaction@b9d018b | SIVAGURUNATHAN SRINIVASAN | NETS -- NETS -- FBJ0145P : JO201812-0015 | 
 |  | com.example.Transaction@2007435e | 480.0 | 08/12/2020 | true | com.example.Transaction@d535a3d | KHONG TECK GUAN | PAYNOW -- PAYNOW -- FBR7547A-001 : 002~002 IN | 
 | MAY-MATCH | com.example.Transaction@9f86dc3 | 209.0 | 08/12/2020 | true | com.example.Transaction@2d760326 | RIDUAN BIN RAHMAT | PAYNOW -- PAYNOW -- FT2792H-001 : 013~013 INS | 
 | MAY-MATCH | com.example.Transaction@41d16cc3 | 2000.0 | 08/12/2020 | true | com.example.Transaction@9e54c59 | MUHAMMAD RASHID BIN MOHD NOOR | IBANKING -- IBANKING -- FBE5630Z-001 : 015~000 IN | 
 | NETS -- NETS | com.example.Transaction@429aeac1 | 103.8 | 08/12/2020 | true | com.example.Transaction@429aeac1 | DOSHI SANDIPKUMAR NAVINCHANDRA | NETS -- NETS -- FBB7281A : JO201504-0058 | 
 | NETS -- NETS | com.example.Transaction@79eeff87 | 69.55 | 08/12/2020 | true | com.example.Transaction@79eeff87 | ALEX YAP MIEN YUEN | NETS -- NETS -- FBP3234P : JO201904-0014 | 
 |  | com.example.Transaction@4087c7fc | 218.0 | 08/12/2020 | true | com.example.Transaction@5dbb50f3 | VITARA AL EH LANG | IBANKING -- IBANKING -- FBN8982R-001 : 022~022 IN | 
 |  | com.example.Transaction@318c68d5 | 223.0 | 08/12/2020 | true | com.example.Transaction@4a2e7bcb | ABDUL AZIZ BIN ANSARI | IBANKING -- IBANKING -- FBJ8469C-002 : 027~027 IN | 
 | MAY-MATCH | com.example.Transaction@662e682a | 19.3 | 08/12/2020 | true | com.example.Transaction@74f827ad | MUHAMMAD HADI BIN HALI | PAYNOW -- PAYNOW -- FBL0193P : JO201611-0027 | 
 |  | com.example.Transaction@321ca237 | 235.0 | 08/12/2020 | true | com.example.Transaction@73c3cd09 | LIM CHE WAH | IBANKING -- IBANKING -- FBM8210R-001 : 032~032 IN | 
 | MAY-MATCH | com.example.Transaction@2e43c38d | 272.0 | 08/12/2020 | true | com.example.Transaction@4a8a0099 | MUHAMMAD RAZMI BIN HUSSIN | IBANKING -- IBANKING -- FBK6296S-002 : 032~032 IN | 
 |  | com.example.Transaction@65a9ea3c | -600.0 | 09/12/2020 | true | com.example.Transaction@3aaa3c39 | SYAZMAN LUTFI BIN MOHD SAID | P201215:OCBC -- P201215:OCBC -- FBM8575M | 
 |  | com.example.Transaction@da28d03 | 361.0 | 09/12/2020 | true | com.example.Transaction@49e4c2d5 | MOHD BAKHTIAR BIN UJANG | IBANKING -- IBANKING -- FBP3055P-001 : 021~021 IN | 
 | MAY-MATCH | com.example.Transaction@649f25f3 | 208.0 | 09/12/2020 | true | com.example.Transaction@24a2e565 | ONG YU YING | IBANKING -- IBANKING -- FBN9331M-001 : IN202012-0 | 
 | MAY-MATCH | com.example.Transaction@2e62ead7 | 275.0 | 09/12/2020 | true | com.example.Transaction@3e36b7a0 | YEO CHEE KOK | PAYNOW -- PAYNOW -- FBL8613S-002 : 002~002 IN | 
 |  | com.example.Transaction@ebda593 | 1198.8 | 09/12/2020 | true | com.example.Transaction@60c1663c | HELFI BIN HERMAN | PAYNOW -- PAYNOW -- FBP2388K-001 : 019~021 IN | 
 |  | com.example.Transaction@4c5a2baf | 262.0 | 09/12/2020 | true | com.example.Transaction@f5cf29b | RAZY BIN MOHAMMAD | IBANKING -- IBANKING -- FBL7819Y-001 : 045~045 IN | 
 |  | com.example.Transaction@1ec22831 | 252.0 | 09/12/2020 | true | com.example.Transaction@3c66b7d8 | MUHAMMAD HAIKAL BIN MOHAMED FUDIN | IBANKING -- IBANKING -- FBP4146D-002 : 002~002 IN | 
 | MAY-MATCH | com.example.Transaction@3b98b809 | 226.0 | 09/12/2020 | true | com.example.Transaction@939ff41 | KHAIRIL SHAZWAN BIN SURANI | PAYNOW -- PAYNOW -- FBP6263K-001 : 019~019 IN | 
 | MAY-MATCH | com.example.Transaction@bf75b5c | 195.0 | 09/12/2020 | true | com.example.Transaction@6e0e5dec | MOHAMMAD KHAIRUL AZIZI BIN JUMARI | IBANKING -- IBANKING -- FBP6279R-001 : 018~018 IN | 
 |  | com.example.Transaction@37e69c43 | 359.0 | 09/12/2020 | true | com.example.Transaction@663f237a | MOHAMED ISHAK BIN SAMSON | DBS411937 -- DBS411937 -- FBM7639U-002 : 021~021 IN | 
 | LTA | com.example.Transaction@5a97b17c | -32.0 | 10/12/2020 | true | com.example.Transaction@479b5066 | LAND TRANSPORT AUTHORITY | JK:OCBC -- JK:OCBC -- FBM618B 6 MTHS R/T | 
 | LTA | com.example.Transaction@9c73fff | -32.0 | 10/12/2020 | true | com.example.Transaction@64deb58f | LAND TRANSPORT AUTHORITY | JK:OCBC -- JK:OCBC -- FBM348E 6MTHS R/T | 
 |  | com.example.Transaction@516592b1 | -1076.82 | 10/12/2020 | true | com.example.Transaction@56476c16 | THE HONGKONG AND SHANGHAI BANKING CORPORATION LIMITED | P201207:OCBC -- P201207:OCBC -- HSBC CC | 
 |  | com.example.Transaction@75b38c36 | -283.59 | 10/12/2020 | false |  | WTT INSURANCE AGENCIES PTE LTD | P201205 [2/2] -- P201205 [2/2] -- SEP 2020 [2/2] | 
 |  | com.example.Transaction@4373f66f | -41620.02 | 10/12/2020 | true | com.example.Transaction@39ffda4a | HONG LEONG CORPORATION HOLDINGS PTE LTD | P201208:OCBC -- P201208:OCBC -- INV: 1131088827, 89047, 8 | 
 |  | com.example.Transaction@4cffcc61 | -117.7 | 10/12/2020 | true | com.example.Transaction@497b560e | STALLION INTERNATIONAL TRADING | P201209:OCBC -- P201209:OCBC -- NOV 2020 | 
 | MAY-MATCH | com.example.Transaction@67bf0480 | -18108.38 | 10/12/2020 | true | com.example.Transaction@5b5ac798 | CHONG AIK INTERNATIONAL PTE LTD | P201213:OCBC -- P201213:OCBC -- AUG-NOV 2020 | 
 |  | com.example.Transaction@7316523a | -7303.0 | 10/12/2020 | true | com.example.Transaction@784223e9 | SPEEDWAY MOTOR PTE LTD | P201212:OCBC -- P201212:OCBC -- FBR9615Z COE BAL, REGN FE | 
 | LTA | com.example.Transaction@12c0c0b3 | -25.0 | 10/12/2020 | true | com.example.Transaction@7cac93fe | LAND TRANSPORT AUTHORITY | AS:OCBC -- AS:OCBC -- FW4614K ATAN TO OWNER | 
 | NETS -- NETS | com.example.Transaction@68b734a8 | 120.0 | 10/12/2020 | true | com.example.Transaction@68b734a8 | BAHARIN BIN OSMAN | NETS -- NETS -- FBQ8329L-001 : IN202012-0 | 
 |  | com.example.Transaction@5792c08c | 352.0 | 10/12/2020 | true | com.example.Transaction@777d0bc3 | VILLAFUERTE ARIEL DELA CRUZ | IBANKING -- IBANKING -- FBR1665G-001 : 009~009 IN | 
 |  | com.example.Transaction@63f855b | 203.0 | 10/12/2020 | true | com.example.Transaction@3178219a | SRI NUR ASMA-UL-HUSNA BINTI MOHAMED HUSSAIN | IBANKING -- IBANKING -- FBQ2362D-001 : 015~015 IN | 
 | MAY-MATCH | com.example.Transaction@16da476c | 2999.04 | 10/12/2020 | true | com.example.Transaction@2d85fb64 | MOHAMED HARON BIN SALIM | IBANKING -- IBANKING -- FBG2736L-001 : 034~048 IN | 
 | NETS -- NETS | com.example.Transaction@1a464fa3 | 34.3 | 10/12/2020 | true | com.example.Transaction@1a464fa3 | VERNON WONG YONG WAI | NETS -- NETS -- FBB7712Z : JO202012-0004 | 
 | NETS -- NETS | com.example.Transaction@4215e133 | 94.16 | 10/12/2020 | true | com.example.Transaction@4215e133 | MOHAMAD FAIZAL BIN AZMI | NETS -- NETS -- FBQ7407B : JO201912-0023 | 
 | NETS -- NETS | com.example.Transaction@5ccb85d6 | 93.0 | 10/12/2020 | true | com.example.Transaction@5ccb85d6 | EARNEST PONNUSAMY | NETS -- NETS -- FBP9042L-002 : IN202012-0 | 
 | NETS -- NETS | com.example.Transaction@d88f893 | 144.45 | 10/12/2020 | true | com.example.Transaction@d88f893 | BASIL SILVAROY (NOT RIDING) | NETS -- NETS -- FBG9596C : JO201905-0003 | 
 | NETS -- NETS | com.example.Transaction@259b85d6 | 193.7 | 10/12/2020 | true | com.example.Transaction@259b85d6 | LIM | NETS -- NETS -- FP1422D : JO201701-0016 | 
 |  | com.example.Transaction@4d157493 | 195.0 | 10/12/2020 | true | com.example.Transaction@3ba348ca | MOHAMMAD KHAIRY SHULAIMY BIN JUMARI | IBANKING -- IBANKING -- FBP6099T-001 : 019~019 IN | 
 | MAY-MATCH | com.example.Transaction@2fd72332 | 193.0 | 10/12/2020 | true | com.example.Transaction@56e9a474 | NADIAH BINTE SAIRON | IBANKING -- IBANKING -- FBP9517J-001 : 017~017 IN | 
 |  | com.example.Transaction@54c622a7 | 399.0 | 10/12/2020 | true | com.example.Transaction@45b15381 | MUHAMMAD NABIL BIN MOHAMED FAUZI | IBANKING -- IBANKING -- FBK6972Z-002 : IN202012-0 | 
 | NETS -- NETS | com.example.Transaction@48eaf42f | 48.0 | 10/12/2020 | true | com.example.Transaction@48eaf42f | REPAIR | NETS -- NETS -- RAIN COAT | 
 |  | com.example.Transaction@37348491 | 184.0 | 10/12/2020 | true | com.example.Transaction@2dbfcf7 | V RAJENDRAN | PAYNOW -- PAYNOW -- FBF9210X-002 : 026~026 IN | 
 |  | com.example.Transaction@399ca607 | 19.0 | 10/12/2020 | true | com.example.Transaction@239f017e | LAND TRANSPORT AUTHORITY | GIRO -- GIRO -- FBF860D COE REBATE | 
 |  | com.example.Transaction@44114b9f | 33.0 | 10/12/2020 | true | com.example.Transaction@38cedb7d | LAND TRANSPORT AUTHORITY | GIRO -- GIRO -- FBK4107T R/T REFUND | 
 |  | com.example.Transaction@76bf1bb8 | 67.0 | 10/12/2020 | true | com.example.Transaction@772caabe | LAND TRANSPORT AUTHORITY | GIRO -- GIRO -- FX594E R/T REFUND | 
 |  | com.example.Transaction@2a235b8e | 8.0 | 10/12/2020 | true | com.example.Transaction@2acdcce8 | LAND TRANSPORT AUTHORITY | GIRO -- GIRO -- FBF860D R/T REFUND | 
 |  | com.example.Transaction@76536c53 | 454.0 | 10/12/2020 | true | com.example.Transaction@7102ac3e | LAND TRANSPORT AUTHORITY | GIRO -- GIRO -- FX594E COE REBATE | 
 |  | com.example.Transaction@38d08cb5 | 270.0 | 10/12/2020 | true | com.example.Transaction@3f598450 | YELEMALAI S/O SUBRAMANIAM | IBANKING -- IBANKING -- FBM6729A-001 : 034~034 IN | 
 |  | com.example.Transaction@363c32cc | 296.0 | 10/12/2020 | true | com.example.Transaction@2db2a05f | ABDUL KHALIQ MARICAN S/O MOHAMED HASSAN MARICAN | IBANKING -- IBANKING -- FBM3473G-001 : 084~084 IN | 
 |  | com.example.Transaction@6f3f0ae | 214.0 | 10/12/2020 | true | com.example.Transaction@695c938d | MOHAMMAD RAMZAN BIN OSMAN | IBANKING -- IBANKING -- FBP7651S-001 : 018~018 IN | 
 |  | com.example.Transaction@6baf25d7 | 164.0 | 10/12/2020 | true | com.example.Transaction@d5bb1c4 | MUHAMMAD ISKANDAR BIN ABDUL RAHMAN | IBANKING -- IBANKING -- FW5342M-002 : 012~012 INS | 
 |  | com.example.Transaction@57a6a933 | 322.0 | 10/12/2020 | true | com.example.Transaction@7ed3df3b | TEOH HUND SION | IBANKING -- IBANKING -- FBP1031X-001 : 022~022 IN | 
 |  | com.example.Transaction@5b5b59 | 3156.67 | 10/12/2020 | true | com.example.Transaction@465b38e6 | TOKIO MARINE INSURANCE SINGAPORE LTD | IBANKING -- IBANKING -- FBK2341X ACCIDENT CLAIM | 
 | MAY-MATCH | com.example.Transaction@60ed12e8 | 195.0 | 10/12/2020 | true | com.example.Transaction@1b13467c | MUHAMMAD NUUR SHIDDIQ BIN ABDUL RAHMAN | IBANKING -- IBANKING -- FX0373B-005 : 037~037 INS | 
 | MAY-MATCH | com.example.Transaction@3290b1a6 | 239.0 | 10/12/2020 | true | com.example.Transaction@2ee48610 | MOHAMMAD NAFEE BIN SUKIMAN | IBANKING -- IBANKING -- FBP0184U-001 : 023~023 IN | 
 |  | com.example.Transaction@47248a48 | 311.0 | 10/12/2020 | false |  | MUHAMMAD IDRUS BIN ADAM | PAYNOW -- PAYNOW -- FBL8595K-002 : 012~000 IN | 
 |  | com.example.Transaction@2cd4e16a | -1174.2 | 11/12/2020 | true | com.example.Transaction@1fedf0a4 | KENNETH TAN YONG WEI | P201210:OCBC -- P201210:OCBC -- GPCL 2019/2020 | 
 |  | com.example.Transaction@7b477141 | -50000.0 | 11/12/2020 | true | com.example.Transaction@42505474 | KENNETH TAN YONG WEI | P201211:OCBC -- P201211:OCBC -- DIRECTOR LOAN | 
 | MAY-MATCH | com.example.Transaction@1c33e528 | -33.55 | 11/12/2020 | true | com.example.Transaction@6d33a66e | HOUSING & DEVELOPMENT BOARD | AS:OCBC -- AS:OCBC -- FBR9615Z SEASON PARKING | 
 | LTA | com.example.Transaction@71cea1b8 | -25.0 | 11/12/2020 | true | com.example.Transaction@2f14b0f6 | LAND TRANSPORT AUTHORITY | AS:OCBC -- AS:OCBC -- FBR9615Z ATAN TO OWNER | 
 | LTA | com.example.Transaction@659f226a | -25.0 | 11/12/2020 | true | com.example.Transaction@5b20706 | LAND TRANSPORT AUTHORITY | AS:OCBC -- AS:OCBC -- FBA2439B OWNER TO ATAN | 
 | MAY-MATCH | com.example.Transaction@5df63359 | -7.15 | 11/12/2020 | true | com.example.Transaction@6c479fdf | JOYCE KOH | JK:OCBC -- JK:OCBC -- MEDICAL FEE | 
 | LTA | com.example.Transaction@2e463f4 | -25.0 | 11/12/2020 | true | com.example.Transaction@16aed49f | LAND TRANSPORT AUTHORITY | AS:OCBC -- AS:OCBC -- FBM348E ATAN TO OWNER | 
 | LTA | com.example.Transaction@32ec9c90 | -25.0 | 11/12/2020 | true | com.example.Transaction@66de00f2 | LAND TRANSPORT AUTHORITY | AS:OCBC -- AS:OCBC -- FBA4051Y OWNER TO ATAN | 
 |  | com.example.Transaction@10c47c79 | -4653.0 | 11/12/2020 | true | com.example.Transaction@3a2e9f5b | CHUA TECK GUAN | 186174:OCBC -- 186174:OCBC -- FBK2341X ACCIDENT CLAIM R | 
 | NETS -- NETS | com.example.Transaction@58ae402b | 24.65 | 11/12/2020 | true | com.example.Transaction@58ae402b | NOR'AZMI BIN RAMLI | NETS -- NETS -- FBR7763S : JO202011-0001 | 
 | MAY-MATCH | com.example.Transaction@24c8d8be | 266.0 | 11/12/2020 | true | com.example.Transaction@1e4c6583 | MUHAMMAD ROHAIZAD BIN MOHAMAD SULAIMAN | IBANKING -- IBANKING -- FBP1782L-001 : 022~022 IN | 
 |  | com.example.Transaction@76e3b45b | 269.0 | 11/12/2020 | true | com.example.Transaction@6d08b4e6 | ARUNKUMAR S/O ELANGKOVAN | PAYNOW -- PAYNOW -- FBQ9294X-001 : 011~011 IN | 
 |  | com.example.Transaction@1934ad7c | 292.0 | 11/12/2020 | true | com.example.Transaction@1a1cc163 | MUHAMAD NURIRMAN BIN MAZLAN | IBANKING -- IBANKING -- FBR0659G-001 : 010~010 IN | 
 |  | com.example.Transaction@10b4e7f8 | 270.0 | 11/12/2020 | true | com.example.Transaction@42383cb0 | GAURAV THAKUR | IBANKING -- IBANKING -- FBR8537Y-001 : 001~001 IN | 
 | NETS -- NETS | com.example.Transaction@4099209b | 50.29 | 11/12/2020 | true | com.example.Transaction@4099209b | ALFYAN | NETS -- NETS -- FBJ7314Y : JO202012-0006 | 
 | MAY-MATCH | com.example.Transaction@32faa16c | 300.0 | 11/12/2020 | true | com.example.Transaction@a83495d | MUHAMMAD HANNAN BIN MOHNI | IBANKING -- IBANKING -- FBL0679E-002 : 028~028 IN | 
 | MAY-MATCH | com.example.Transaction@343fddd9 | 228.0 | 11/12/2020 | true | com.example.Transaction@7e83992 | BHAUMIK SUDIP | PAYNOW -- PAYNOW -- FBR8564T-001 : 001~001 IN | 
 |  | com.example.Transaction@b27b210 | 292.0 | 11/12/2020 | true | com.example.Transaction@4364863 | KAVIARASAN S/O SELLAPPAN | IBANKING -- IBANKING -- FBN5471T-001 : 026~026 IN | 
 |  | com.example.Transaction@75023c53 | 254.0 | 11/12/2020 | true | com.example.Transaction@3625a016 | ISMAIL BIN MOHD JAI | IBANKING -- IBANKING -- FBP2944E-001 : 021~021 IN | 
 | MAY-MATCH | com.example.Transaction@4816ee24 | 302.18 | 12/12/2020 | true | com.example.Transaction@611640f0 | LIM LYE CHYE MELVIN | PAYNOW -- PAYNOW -- FBP8110E-001 : 018~018 IN | 
 | NETS -- NETS | com.example.Transaction@1de4285e | 363.8 | 12/12/2020 | true | com.example.Transaction@1de4285e | AHMAD AMIRRUDIN BIN MOHAMED  RAZIF | NETS -- NETS -- FBN9425B : JO201901-0010 | 
 | NETS -- NETS | com.example.Transaction@1378eea2 | 58.85 | 12/12/2020 | true | com.example.Transaction@1378eea2 | SITI SHARIPAH BINTE MASWADI | NETS -- NETS -- FBM4172T : JO201802-0022 | 
 | NETS -- NETS | com.example.Transaction@634ff56 | 47.1 | 12/12/2020 | true | com.example.Transaction@634ff56 | NURAGUS SUFI BIN SUSANTO | NETS -- NETS -- FBN2121Z : JO202012-0008 | 
 | NETS -- NETS | com.example.Transaction@66522ead | 23.55 | 12/12/2020 | true | com.example.Transaction@66522ead | DEV | NETS -- NETS -- FU8557B : JO202010-0007 | 
 | NETS -- NETS | com.example.Transaction@5a484ce1 | 350.95 | 12/12/2020 | true | com.example.Transaction@5a484ce1 | ROHAN | NETS -- NETS -- FBG8976X : JO201611-0026 | 
 |  | com.example.Transaction@66813e6e | 239.0 | 12/12/2020 | true | com.example.Transaction@56dd6efa | MUHAMMAD JAMIL BIN JOKI | IBANKING -- IBANKING -- FBR2008Y-001 : 009~009 IN | 
 |  | com.example.Transaction@dab1f89 | 258.0 | 12/12/2020 | true | com.example.Transaction@4d634127 | MOHAMED SHAHRIL BIN MOHAMED RAMLI | IBANKING -- IBANKING -- FBQ0671A-001 : 017~017 IN | 
 |  | com.example.Transaction@3a17b2e3 | 241.0 | 12/12/2020 | true | com.example.Transaction@d2e6b0b | NUR AZAM BIN AB RAHMAN | IBANKING -- IBANKING -- FBN8042D-001 : 024~024 IN | 
 | MAY-MATCH | com.example.Transaction@2bbb44da | 207.0 | 12/12/2020 | true | com.example.Transaction@1f1cddf3 | IRSYADUDDIN BIN JAMARUDDIN | IBANKING -- IBANKING -- FBP9788T-001 : 018~018 IN | 
 |  | com.example.Transaction@5e13f156 | 273.0 | 12/12/2020 | true | com.example.Transaction@228bda54 | MUHAMMAD NASSER BIN AHMAD YUSOFF | IBANKING -- IBANKING -- FBR8629R-001 : 001~001 IN | 
 |  | com.example.Transaction@310ed6b4 | 330.0 | 12/12/2020 | true | com.example.Transaction@75b6dd5b | RIDZAL BIN BUANG | IBANKING -- IBANKING -- FBP6334P-001 : 019~019 IN | 
 |  | com.example.Transaction@640cc04b | 349.0 | 12/12/2020 | true | com.example.Transaction@b3e86d5 | YAP NENG HAU | PAYNOW -- PAYNOW -- FBJ1531B INSURANCE RENEWA | 
 | MAY-MATCH | com.example.Transaction@2f80cb79 | 214.0 | 12/12/2020 | true | com.example.Transaction@72b43104 | LIM SIONG INN | PAYNOW -- PAYNOW -- FBJ7848Z-001 : 016~016 IN | 
 |  | com.example.Transaction@630bf683 | 189.0 | 12/12/2020 | true | com.example.Transaction@e111c7c | SAIFUL BAHRI BIN MD KASIM | IBANKING -- IBANKING -- FBQ8326U-001 : 009~009 IN | 
 |  | com.example.Transaction@22d322f5 | 466.0 | 12/12/2020 | true | com.example.Transaction@4d0e54e0 | MUHAMMAD SHAH INDRA BIN MOKHTAR | PAYNOW -- PAYNOW -- FBF4280B-002 : 018~019 IN | 
 |  | com.example.Transaction@65afeb6d | 260.0 | 12/12/2020 | true | com.example.Transaction@32f96bba | NUR AZAM BIN AB RAHMAN | IBANKING -- IBANKING -- FBN8042D-001 : IN202012-0 | 
 |  | com.example.Transaction@6723610b | 318.0 | 12/12/2020 | true | com.example.Transaction@67e25252 | MUHAMMAD ISKANDAR BIN ABDUL RAHMAN | PAYNOW -- PAYNOW -- FW5342M-002 : IN202012-00 | 
 | MAY-MATCH | com.example.Transaction@20d33ea | 66.0 | 12/12/2020 | true | com.example.Transaction@58f4b31a | HO MENG LEONG | PAYNOW -- PAYNOW -- FBG9284C-003 : IN202012-0 | 
 |  | com.example.Transaction@5ba03c82 | 268.0 | 12/12/2020 | true | com.example.Transaction@21a9a705 | ROSLIN HAZLINDA BINTE SANI | IBANKING -- IBANKING -- FBM8192J-001 : 032~032 IN | 
 |  | com.example.Transaction@69aa7d76 | 270.0 | 12/12/2020 | true | com.example.Transaction@72eb6200 | MOHAMMED EDDY AZMAN BIN ROSLI | PAYNOW -- PAYNOW -- FBR3079K-001 : 008~008 IN | 
 |  | com.example.Transaction@60df7989 | 216.0 | 12/12/2020 | true | com.example.Transaction@76ececd | MUHAMMAD ANDIKA BIN SALIMI | IBANKING -- IBANKING -- FBP4314K-001 : 021~021 IN | 
 |  | com.example.Transaction@7ab1127c | 258.0 | 12/12/2020 | true | com.example.Transaction@7affc159 | NUR MUHAMMAD FIRDAUS BIN ABDUL JUNADI | PAYNOW -- PAYNOW -- FBL6793T-001 : 046~046 IN | 
 | MAY-MATCH | com.example.Transaction@73613ae5 | 300.0 | 12/12/2020 | true | com.example.Transaction@1682c08c | RAHIM BIN ALI | IBANKING -- IBANKING -- FBL8923Y-001 : 041~041 IN | 
 |  | com.example.Transaction@33f17289 | 479.0 | 12/12/2020 | true | com.example.Transaction@3fd05b3e | MOHAMAD DZULHILMY BIN MASNI | IBANKING -- IBANKING -- FBJ0927A-001 : 034~034 IN | 
 | MAY-MATCH | com.example.Transaction@5a13fcf3 | 258.0 | 12/12/2020 | true | com.example.Transaction@76d72b5b | MUHAMMAD NUR HAKEEM BIN ADAM | PAYNOW -- PAYNOW -- FBQ7609K-001 : 012~012 IN | 
 |  | com.example.Transaction@f1266c6 | 20000.0 | 12/12/2020 | true | com.example.Transaction@4eb9f2af | ATAN MOTORING SUPPLY PTE LTD | CASH -- CASH -- TRF : PETTY CASH TO CASH | 
 |  | com.example.Transaction@3913f206 | 9950.0 | 12/12/2020 | true | com.example.Transaction@4a481728 | ATAN MOTORING SUPPLY PTE LTD | CASH -- CASH -- TRF : PETTY CASH TO CASH | 
 |  | com.example.Transaction@3e8799f | 9900.0 | 12/12/2020 | true | com.example.Transaction@4ace284d | ATAN MOTORING SUPPLY PTE LTD | CASH -- CASH -- TRF : PETTY CASH TO CASH | 
 |  | com.example.Transaction@3b353651 | 9850.0 | 12/12/2020 | true | com.example.Transaction@77fa9381 | ATAN MOTORING SUPPLY PTE LTD | CASH -- CASH -- TRF : PETTY CASH TO CASH | 
 | MAY-MATCH | com.example.Transaction@51f18e31 | -1350.0 | 13/12/2020 | true | com.example.Transaction@4b960b5b | HONG LEONG FINANCE | GIRO:OCBC -- GIRO:OCBC -- SJT1188L PREVIA [41/84] | 
 | MAY-MATCH | com.example.Transaction@5b39a3e6 | 307.0 | 13/12/2020 | true | com.example.Transaction@45adc393 | ZURINAH BTE AB RAZAK(NOT RIDING) | IBANKING -- IBANKING -- FBL6215X-001 : 047~047 IN | 
 | MAY-MATCH | com.example.Transaction@250b5e5b | 246.0 | 13/12/2020 | true | com.example.Transaction@33379242 | SHAREEQ A SERAJUDEEN | IBANKING -- IBANKING -- FBK5286C-002 : 022~022 IN | 
 | MAY-MATCH | com.example.Transaction@4ef2ab73 | 363.0 | 13/12/2020 | true | com.example.Transaction@2e32fc22 | AZMAN BIN YUSOF | PAYNOW -- PAYNOW -- FBQ0373K-001 : 015~015 IN | 
 | MAY-MATCH | com.example.Transaction@34be065a | 226.0 | 13/12/2020 | true | com.example.Transaction@3f5156a6 | RADIWATI BINTE MOHAMED SAID | IBANKING -- IBANKING -- FBR1534B-001 : 009~009 IN | 
 | MAY-MATCH | com.example.Transaction@718f805a | 390.0 | 13/12/2020 | true | com.example.Transaction@72bdd7c7 | VICKIE LEE HONG MUI | IBANKING -- IBANKING -- FBN5890S-001 : 025~025 IN | 
 | MAY-MATCH | com.example.Transaction@e09f1b6 | 267.0 | 13/12/2020 | true | com.example.Transaction@7d17ee50 | ABDUL MAJID BIN MUSTAJAB | PAYNOW -- PAYNOW -- FBP1376B-001 : 022~022 IN | 
 | MAY-MATCH | com.example.Transaction@557b6a37 | 185.0 | 13/12/2020 | true | com.example.Transaction@44fdce3c | RAZALI BIN JOHARI | IBANKING -- IBANKING -- FBG0756S-003 : 008~008 IN | 
 | MAY-MATCH | com.example.Transaction@11b32a14 | 105.0 | 13/12/2020 | true | com.example.Transaction@712c5463 | FADIL BIN ABD RAHIM | IBANKING -- IBANKING -- FBK2060G-004 : 014~000 IN | 
 |  | com.example.Transaction@bfec2f9 | -350.0 | 14/12/2020 | true | com.example.Transaction@609e57da | TAN POH MIN | P201203:OCBC -- P201203:OCBC -- DEC 2020 SALARY - MIN [2/ | 
 | LTA | com.example.Transaction@36ab3814 | -25.0 | 14/12/2020 | true | com.example.Transaction@2bfaba70 | LAND TRANSPORT AUTHORITY | JK:OCBC -- JK:OCBC -- FBA6110Y TO ATAN | 
 | LTA | com.example.Transaction@2abbd0d9 | -62.0 | 14/12/2020 | true | com.example.Transaction@71adfedd | LAND TRANSPORT AUTHORITY | JK:OCBC -- JK:OCBC -- FBL8595K R/T 6MTH & FINE | 
 | LTA | com.example.Transaction@b61edb9 | -64.0 | 14/12/2020 | true | com.example.Transaction@9301672 | LAND TRANSPORT AUTHORITY | JK:OCBC -- JK:OCBC -- FBJ1531B R/T 1YR | 
 |  | com.example.Transaction@2dd8ff1d | -637.6 | 14/12/2020 | true | com.example.Transaction@5f36c8e3 | WTT INSURANCE AGENCIES PTE LTD | 186450:OCBC -- 186450:OCBC -- FBJ6122R FBG8423A FBG8709 | 
 |  | com.example.Transaction@5f59ea8c | -16835.52 | 14/12/2020 | true | com.example.Transaction@493b01ef | SINGAPURA FINANCE LTD | P2012SF2 -- P2012SF2 -- 21125, 21253, 21583, 2174 | 
 |  | com.example.Transaction@3ff54f3d | -133.96 | 14/12/2020 | true | com.example.Transaction@40247d48 | MOTO PASSIONE PTE LTD | 186378:OCBC -- 186378:OCBC -- AUG - SEP 2020 | 
 |  | com.example.Transaction@682af059 | -200.0 | 14/12/2020 | true | com.example.Transaction@3b2553d9 | ABDUL RAHMAN BIN RAHIM | 186175:OCBC -- 186175:OCBC -- FBA6110Y | 
 |  | com.example.Transaction@41ccb3b9 | -543.0 | 14/12/2020 | true | com.example.Transaction@19b206ee | CENTRAL PROVIDENT FUND BOARD | GIRO:OCBC -- GIRO:OCBC -- DEC 2020 GPCL CPF CONTRIB | 
 | NETS -- NETS | com.example.Transaction@51fc862e | 34.3 | 14/12/2020 | true | com.example.Transaction@51fc862e | MR | NETS -- NETS -- FBH7774M : JO202011-0008 | 
 |  | com.example.Transaction@1e84f3c8 | 88.87 | 14/12/2020 | true | com.example.Transaction@6690b9fa | ATAN MOTORING SUPPLY PTE LTD | CASH -- CASH -- TRF : PETTY CASH TO CASH | 
 |  | com.example.Transaction@1280682 | 325.0 | 14/12/2020 | true | com.example.Transaction@79d82f66 | NASRI BIN MOKHTAR | IBANKING -- IBANKING -- FBM9691D-001 : 030~030 IN | 
 |  | com.example.Transaction@53d9826f | 2000.0 | 14/12/2020 | true | com.example.Transaction@670f2466 | NATIONAL ENVIROMENT AGENCY | GIRO -- GIRO -- FQ2326L | 
 |  | com.example.Transaction@6e60f18 | 180.0 | 14/12/2020 | true | com.example.Transaction@6ebc9573 | HAZLIATI BINTE ABDUL RAHIM | IBANKING -- IBANKING -- FBK1608J-002 : 027~027 IN | 
 |  | com.example.Transaction@5cf8676a | 202.0 | 14/12/2020 | true | com.example.Transaction@1e977098 | MUHAMMAD ASYRAF BIN MOLIANO | PAYNOW -- PAYNOW -- FBL6182G-001 : 047~047 IN | 
 | MAY-MATCH | com.example.Transaction@53d2d002 | 258.0 | 14/12/2020 | true | com.example.Transaction@630390b9 | SAFIAH NAFISAH BINTE SHARI | PAYNOW -- PAYNOW -- FBQ8355K-001 : IN202012-0 | 
 | NETS -- NETS | com.example.Transaction@a7cf42f | 62.1 | 14/12/2020 | true | com.example.Transaction@a7cf42f | MOHAMMED SHAFEERUDEEN S/O SALEEM MOHAMMED | NETS -- NETS -- FBJ8432H : JO202006-0009 | 
 | MAY-MATCH | com.example.Transaction@5503de1 | 24484.71 | 14/12/2020 | true | com.example.Transaction@7668892a | SINGAPURA FINANCE LTD | IBANKING -- IBANKING -- BLK NO 24142 | 
 | NETS -- NETS | com.example.Transaction@fe09383 | 214.0 | 14/12/2020 | true | com.example.Transaction@fe09383 | MR | NETS -- NETS -- FBH4393Z : JO202007-0013 | 
 |  | com.example.Transaction@47f04e4d | 174.0 | 14/12/2020 | true | com.example.Transaction@6c8dbf56 | MUHAMMAD SHAFIQ BIN HARON | PAYNOW -- PAYNOW -- FBP0782T-001 : 023~023 IN | 
 | NETS -- NETS | com.example.Transaction@28e0e464 | 58.9 | 14/12/2020 | true | com.example.Transaction@28e0e464 | MR | NETS -- NETS -- JTH3467M : JO202012-0010 | 
 | NETS -- NETS | com.example.Transaction@1d98daa0 | 25.7 | 14/12/2020 | true | com.example.Transaction@1d98daa0 | REPAIR | NETS -- NETS -- TYRE TUBE, SIGNAL BULB | 
 |  | com.example.Transaction@7b2ccba5 | 1203.0 | 14/12/2020 | true | com.example.Transaction@36c2d629 | LAND TRANSPORT AUTHORITY | GIRO -- GIRO -- FBK4107T COE REBATE | 
 |  | com.example.Transaction@64f9f455 | 202.0 | 14/12/2020 | true | com.example.Transaction@55fee662 | WAHAB BIN MOHAMAD ISA | IBANKING -- IBANKING -- FBP2238K-001 : 022~022 IN | 
 |  | com.example.Transaction@5d5a51b1 | 301.0 | 14/12/2020 | true | com.example.Transaction@54089484 | YEOH AH FOCK | IBANKING -- IBANKING -- FBQ8386X-001 : 010~010 IN | 
 |  | com.example.Transaction@270d43a7 | 307.0 | 14/12/2020 | true | com.example.Transaction@2b1cd7bc | ZAINI BIN MOHAMED SALLEH | IBANKING -- IBANKING -- FBN5441E-001 : 026~026 IN | 
 |  | com.example.Transaction@4dc7cd1c | 201.0 | 14/12/2020 | true | com.example.Transaction@65fe2691 | NORAH BINTE RAES (NOT RIDING) | IBANKING -- IBANKING -- FBM1787P-001 : 040~040 IN | 
 |  | com.example.Transaction@50ab56e2 | 363.0 | 14/12/2020 | true | com.example.Transaction@479111ba | TAN CHUN CHANG | IBANKING -- IBANKING -- FBM8030T-001 : 032~032 IN | 
 |  | com.example.Transaction@7b5b5bfe | 236.0 | 14/12/2020 | true | com.example.Transaction@57ad1178 | WONG CHEE SONG | IBANKING -- IBANKING -- FBN7766E-001 : 024~024 IN | 
 |  | com.example.Transaction@74834afd | 300.0 | 14/12/2020 | true | com.example.Transaction@7c37f145 | MUHAMMAD NIZAM BIN RAHMAT | IBANKING -- IBANKING -- FBM2846X PART PAYMENT | 
 |  | com.example.Transaction@75fd65c | 200.0 | 14/12/2020 | true | com.example.Transaction@68699afc | AMILDA DEWI BINTE AHMAD HUZAIRI | IBANKING -- IBANKING -- FBN9391P-001 : 024~024 IN | 
 |  | com.example.Transaction@d499c13 | 261.0 | 14/12/2020 | true | com.example.Transaction@273a5a8a | KAMARUDIN BIN YAHYA | IBANKING -- IBANKING -- FBP8163C-001 : 018~018 IN | 
 |  | com.example.Transaction@2ceca2ef | 167.0 | 14/12/2020 | true | com.example.Transaction@1823b9c4 | MUHAMMAD ADZLAN BIN HUSSEIN | IBANKING -- IBANKING -- FBP5843T-001 : 020~020 IN | 
 |  | com.example.Transaction@42d6c12d | 278.0 | 14/12/2020 | true | com.example.Transaction@5b5dce5c | MOHAMMAD FAREHIN BIN MOHAMED ZIN | IBANKING -- IBANKING -- FBN2209E-001 : 028~028 IN | 
 | MAY-MATCH | com.example.Transaction@5820070c | 15.0 | 14/12/2020 | true | com.example.Transaction@7f4701b1 | REPAIR | PAYNOW -- PAYNOW -- S/C | 
 |  | com.example.Transaction@3520963d | 265.0 | 14/12/2020 | true | com.example.Transaction@adcfad9 | SUNDARESWARAR S/O PENNIRSELVAM | PAYNOW -- PAYNOW -- FX1098P : JO202008-0040 | 
 | MAY-MATCH | com.example.Transaction@34208baa | 265.0 | 14/12/2020 | true | com.example.Transaction@7da34b26 | MUHAMMAD AMEEN BIN BADEKRUZAMAN | PAYNOW -- PAYNOW -- FBJ3942K-002 : 017~017 IN | 
 |  | com.example.Transaction@3b42121d | 198.0 | 14/12/2020 | true | com.example.Transaction@753fd7a1 | ROSLI BIN SALIM | IBANKING -- IBANKING -- FBN3213K-001 : 027~027 IN | 
 | MAY-MATCH | com.example.Transaction@71370fec | 218.0 | 14/12/2020 | true | com.example.Transaction@12a2585b | MOHAMED HISHAM BIN MOHAMED RAHIM | PAYNOW -- PAYNOW -- FBQ4888R-001 : 013~013 IN | 
 | MAY-MATCH | com.example.Transaction@6707a4bf | 205.0 | 14/12/2020 | true | com.example.Transaction@21b6c9c2 | SULAIMAN BIN HASHIM | PAYNOW -- PAYNOW -- FY2553E-002 : 004~004 INS | 
 | MAY-MATCH | com.example.Transaction@45b32dfe | -3496.04 | 15/12/2020 | true | com.example.Transaction@101ca8da | ANDA INSURANCE AGENCIES PTE LTD | P201220:OCBC -- P201220:OCBC -- NOV 2020 | 
 |  | com.example.Transaction@36b9cb99 | -7352.0 | 15/12/2020 | true | com.example.Transaction@17e9bc9e | HONG LEONG CORPORATION HOLDINGS PTE LTD | 186451:OCBC -- 186451:OCBC -- FBR9730Z COE BAL ,REGN FE | 
 | LTA | com.example.Transaction@5d3ff859 | -25.0 | 15/12/2020 | true | com.example.Transaction@d3f4505 | LAND TRANSPORT AUTHORITY | AS:OCBC -- AS:OCBC -- FBR9730Z ATAN TO OWNER | 
 | NETS -- NETS | com.example.Transaction@33e434c8 | 69.55 | 15/12/2020 | true | com.example.Transaction@33e434c8 | LIM BEE LAN CAROL | NETS -- NETS -- FBP5147U : JO201905-0022 | 
 |  | com.example.Transaction@7a2ab862 | 325.0 | 15/12/2020 | true | com.example.Transaction@3b95a6db | ZA'IM AL-MUQSITH BIN MOHAMAD KAMBALI | IBANKING -- IBANKING -- FBM3243D-001 : 039~039 IN | 
 | MAY-MATCH | com.example.Transaction@3fc7c734 | 278.0 | 15/12/2020 | true | com.example.Transaction@3bf54172 | ANDREW JOHN HUTCHEON | IBANKING -- IBANKING -- FBL2071U-001 : 054~054 IN | 
 |  | com.example.Transaction@388d14e | 203.0 | 15/12/2020 | true | com.example.Transaction@2c9a6717 | SAIFUL AMIRIN BIN JURI | IBANKING -- IBANKING -- FBQ3081H-001 : 015~015 IN | 
 |  | com.example.Transaction@1cd43562 | 183.0 | 15/12/2020 | true | com.example.Transaction@7b3cde6f | KAMSANI BIN MD AMIN | PAYNOW -- PAYNOW -- FBJ3745M-001 : 010~010 IN | 
 | NETS -- NETS | com.example.Transaction@546394ed | 86.7 | 15/12/2020 | true | com.example.Transaction@546394ed | MUHAMMAD RUSYDI BIN ABDUL HALIM | NETS -- NETS -- FBK0803T : JO201504-0065 | 
 |  | com.example.Transaction@59939293 | 3860.0 | 15/12/2020 | true | com.example.Transaction@6d091cad | LEE CHIN HSI | PAYNOW -- PAYNOW -- AEROX DEPOSIT BLUE | 
 | NETS -- NETS | com.example.Transaction@664212ab | 23.6 | 15/12/2020 | true | com.example.Transaction@664212ab | NURUL KHAIRUNNISA | NETS -- NETS -- FBB5640K : JO201504-0138 | 
 |  | com.example.Transaction@68b366e2 | 230.0 | 15/12/2020 | true | com.example.Transaction@7c663eaf | SARRAVANAN PATMANATHAN | PAYNOW -- PAYNOW -- FBQ4588G-001 : 014~014 IN | 
 | MAY-MATCH | com.example.Transaction@f0a66bd | 6609.77 | 15/12/2020 | true | com.example.Transaction@3bb5ceb | AXA INSURANCE SINGAPORE PTE LTD | IBANKING -- IBANKING -- FBR219T ACCIDENT CLAIMS | 
 |  | com.example.Transaction@2d74c81b | 10000.0 | 15/12/2020 | true | com.example.Transaction@1e692555 | LEE CHIN HSI | PAYNOW -- PAYNOW -- FBR9730Z VEHICLE PRICE BA | 
 |  | com.example.Transaction@33188612 | 310.0 | 15/12/2020 | true | com.example.Transaction@3ba0ae41 | MUHAMMAD RUSYDI BIN ABDUL HALIM | IBANKING -- IBANKING -- FBK0803T-001 : 069~069 IN | 
 |  | com.example.Transaction@4733f6f5 | 291.0 | 15/12/2020 | true | com.example.Transaction@76fe6cdc | MUHAMMAD NABIL BIN MOHAMED FAUZI | IBANKING -- IBANKING -- FBK6972Z-002 : 023~023 IN | 
 |  | com.example.Transaction@6ccac6f4 | 191.76 | 15/12/2020 | true | com.example.Transaction@2ffb3aec | ALDREN MICHAEL KOH WEI WEN | IBANKING -- IBANKING -- FBM4788S-001 : 036~036 IN | 
 |  | com.example.Transaction@438c9aa7 | 241.0 | 15/12/2020 | true | com.example.Transaction@786ff1cb | RAMARAU SIMMTHERE | IBANKING -- IBANKING -- FBP6774C-001 : 019~019 IN | 
 |  | com.example.Transaction@3453acd2 | 212.0 | 15/12/2020 | true | com.example.Transaction@46039a21 | KHAJAA SHAS S/O YABURDEEN | IBANKING -- IBANKING -- FBH5802D-002 : 018~018 IN | 
 |  | com.example.Transaction@6c8f60f3 | 242.0 | 15/12/2020 | true | com.example.Transaction@431e86b1 | JOACHIM DAVID SATISHRAJ | IBANKING -- IBANKING -- FBL6204C-002 : 022~022 IN | 
 | NETS -- NETS | com.example.Transaction@2693c618 | 32.15 | 15/12/2020 | true | com.example.Transaction@2693c618 | MR | NETS -- NETS -- JTH9676M : JO202006-0016 | 
 | NETS -- NETS | com.example.Transaction@3443e476 | 153.05 | 15/12/2020 | true | com.example.Transaction@3443e476 | MUHAMMAD QAMARUL ANWAR BIN MOHD NOOR | NETS -- NETS -- FBC4531T : JO201905-0024 | 
 |  | com.example.Transaction@10b687f2 | 300.0 | 15/12/2020 | true | com.example.Transaction@35c4e864 | TAN ZHI WEI JOSHUA | PAYNOW -- PAYNOW -- FBB1537C-002 : IN202012-0 | 
 | MAY-MATCH | com.example.Transaction@460b50df | 93.1 | 15/12/2020 | true | com.example.Transaction@32a2a6be | SALAM BIN ABDULLAH | PAYNOW -- PAYNOW -- FX9324J : JO201504-0157 | 
 | MAY-MATCH | com.example.Transaction@1cf336fd | 280.0 | 15/12/2020 | true | com.example.Transaction@4da39ca9 | MUHAMMAD FAUZIE BIN BAHARUDIN | IBANKING -- IBANKING -- FBM4118B-001 : 037~037 IN | 
 |  | com.example.Transaction@2349f14d | -323.55 | 16/12/2020 | false |  | WILSON PARKING | JK:OCBC -- JK:OCBC -- EP2888Z & SJT1188L SEASON | 
 |  | com.example.Transaction@71b6172c | -3824.97 | 16/12/2020 | true | com.example.Transaction@3c9c6245 | SINGAPURA FINANCE LTD | P2012SF3 -- P2012SF3 -- FBQ4588G-001 : 015~024 IN | 
 | LTA | com.example.Transaction@32bb0072 | -25.0 | 16/12/2020 | true | com.example.Transaction@25f15f50 | LAND TRANSPORT AUTHORITY | AS:OCBC -- AS:OCBC -- FBF1360Z OWNER TO ATAN | 
 | LTA | com.example.Transaction@467233e4 | -25.0 | 16/12/2020 | true | com.example.Transaction@52b46d52 | LAND TRANSPORT AUTHORITY | AS:OCBC -- AS:OCBC -- FBG9810J OWNER TO ATAN | 
 |  | com.example.Transaction@45c9b3 | 1626.5 | 16/12/2020 | true | com.example.Transaction@4130955c | AXA INSURANCE SINGAPORE PTE LTD | 848911:CITIB -- 848911:CITIB -- FBL9982Y ACCD CLAIMED | 
 |  | com.example.Transaction@56c8e6f0 | 227.0 | 16/12/2020 | true | com.example.Transaction@5584d9c6 | MUHAMMAD SYAIFULDIN BIN MOHD RASID | IBANKING -- IBANKING -- FBL4428L-001 : 050~050 IN | 
 |  | com.example.Transaction@6680f714 | 130.0 | 16/12/2020 | true | com.example.Transaction@38b3f208 | NATION & ASSOCIATE PTE LTD | UOB676603 -- UOB676603 -- FBM1276Y FY7625Z | 
 | MAY-MATCH | com.example.Transaction@4e3e11b9 | 250.0 | 16/12/2020 | true | com.example.Transaction@12a470dd | ABDUL HADI BIN SURANI | IBANKING -- IBANKING -- FBL1650E-002 : 044~044 IN | 
 | MAY-MATCH | com.example.Transaction@41ef1ea2 | 890.0 | 16/12/2020 | true | com.example.Transaction@1d4fb213 | ANBALAKAN S/O SELLADORAI | PAYNOW -- PAYNOW -- FBK6219R DEPOSIT | 
 |  | com.example.Transaction@55f4887d | 85.0 | 16/12/2020 | true | com.example.Transaction@6ef60295 | SAIFUL BAHRI BIN MD KASIM | IBANKING -- IBANKING -- FBQ8326U-001 : IN202012-0 | 
 | NETS -- NETS | com.example.Transaction@6b4fc2d1 | 384.2 | 16/12/2020 | true | com.example.Transaction@6b4fc2d1 | SENG TSHUN MING | NETS -- NETS -- FBM1996C : JO201711-0016 | 
 |  | com.example.Transaction@58aa10f4 | 295.0 | 16/12/2020 | true | com.example.Transaction@3127cb44 | MOOVAANAN S/O KUNASEGARAN | IBANKING -- IBANKING -- FBN3339G-002 : 015~015 IN | 
 |  | com.example.Transaction@26837057 | 461.0 | 16/12/2020 | true | com.example.Transaction@3234474 | MUHAMMAD SUFIAN BIN MOHAMED SUMARI | IBANKING -- IBANKING -- FBR7774K-001 : 002~002 IN | 
 | NETS -- NETS | com.example.Transaction@8bd076a | 126.3 | 16/12/2020 | true | com.example.Transaction@8bd076a | MUHAMMAD HADI BIN HALI | NETS -- NETS -- FBL0193P : JO201611-0027 | 
 |  | com.example.Transaction@2dbc408c | 227.0 | 16/12/2020 | true | com.example.Transaction@631cb129 | YAP LIP MAN | PAYNOW -- PAYNOW -- FBQ3495Y-001 : 015~015 IN | 
 | MAY-MATCH | com.example.Transaction@5dfe23e8 | 280.0 | 16/12/2020 | true | com.example.Transaction@3d20e575 | ISNIS BIN MOHAMED NOR | IBANKING -- IBANKING -- FBF9973C-001 : 010~010 IN | 
 | MAY-MATCH | com.example.Transaction@583fb274 | 200.0 | 16/12/2020 | true | com.example.Transaction@3252747e | CHUA CHOON HOCK | IBANKING -- IBANKING -- FBH7781S-002 : 035~035 IN | 
 | MAY-MATCH | com.example.Transaction@202ae86f | 210.0 | 16/12/2020 | true | com.example.Transaction@2b4b96a4 | CHONG KHOON POH | PAYNOW -- PAYNOW -- FBP9996J-001 : 017~017 IN | 
 |  | com.example.Transaction@fb49fdf | 345.0 | 16/12/2020 | true | com.example.Transaction@708eb310 | THIVAGAR MUNIANDY | 254256:RHB -- 254256:RHB -- FBP1203S-001 : 024~024 IN | 
 | LTA | com.example.Transaction@af7e376 | -32.0 | 17/12/2020 | true | com.example.Transaction@1e1eeedd | LAND TRANSPORT AUTHORITY | JK:OCBC -- JK:OCBC -- FBR5128P R/T 6MTHS | 
 |  | com.example.Transaction@17e0933c | -199.0 | 17/12/2020 | false |  | LAND TRANSPORT AUTHORITY | AS:OCBC -- AS:OCBC -- FBK6219R ATAN TO OWNER, R | 
 |  | com.example.Transaction@14924f41 | -7352.0 | 17/12/2020 | true | com.example.Transaction@18b74ea | HONG LEONG CORPORATION HOLDINGS PTE LTD | 186454:OCBC -- 186454:OCBC -- FBR9679P COE BAL ,REGN FE | 
 | LTA | com.example.Transaction@5dcd0cdf | -48.0 | 17/12/2020 | true | com.example.Transaction@798256c5 | LAND TRANSPORT AUTHORITY | JK:OCBC -- JK:OCBC -- FV407Z R/T 6MTH(ATAN) | 
 | LTA | com.example.Transaction@427a12b6 | -25.0 | 17/12/2020 | true | com.example.Transaction@1fbf088b | LAND TRANSPORT AUTHORITY | AS:OCBC -- AS:OCBC -- FBH9691E ATAN TO OWNER | 
 | LTA | com.example.Transaction@6025d790 | -25.0 | 17/12/2020 | true | com.example.Transaction@1943c1f2 | LAND TRANSPORT AUTHORITY | AS:OCBC -- AS:OCBC -- FZ8985Y OWNER TO ATAN | 
 |  | com.example.Transaction@58af5076 | -500.0 | 17/12/2020 | true | com.example.Transaction@d675f9f | TIU INN KIEN | 185933:OCBC -- 185933:OCBC -- FZ8985Y | 
 |  | com.example.Transaction@4fb56bea | -6291.0 | 17/12/2020 | true | com.example.Transaction@3238e2aa | CENTRAL PROVIDENT FUND BOARD | GIRO:OCBC -- GIRO:OCBC -- NOV 2020 CPF CONTRIBUTION | 
 |  | com.example.Transaction@5e5beb8a | -1650.0 | 17/12/2020 | true | com.example.Transaction@2c7db926 | CENTRAL PROVIDENT FUND BOARD | GIRO:OCBC -- GIRO:OCBC -- NOV 2020 FWL | 
 |  | com.example.Transaction@991cbde | 350.0 | 17/12/2020 | true | com.example.Transaction@2577a95d | SALAHEDDIN BIN SHAIKH AHMAD | IBANKING -- IBANKING -- FBQ4887T-001 : 014~014 IN | 
 |  | com.example.Transaction@78d71df1 | 197.0 | 17/12/2020 | true | com.example.Transaction@1668919e | GOH WEE PHANG BENJAMIN | PAYNOW -- PAYNOW -- FBA6868U : JO201607-0003 | 
 | NETS -- NETS | com.example.Transaction@e91b4f4 | 47.1 | 17/12/2020 | true | com.example.Transaction@e91b4f4 | RAHMAN | NETS -- NETS -- FBL1257H : JO201610-0008 | 
 |  | com.example.Transaction@456bcb74 | 685.0 | 17/12/2020 | true | com.example.Transaction@63300c4b | AHMAD SYAQEER BIN SALEH | PAYNOW -- PAYNOW -- FBN7941R-001 : 024~024 IN | 
 |  | com.example.Transaction@1f95881a | 264.0 | 17/12/2020 | true | com.example.Transaction@22c53d82 | NEO ZHI KAI EDMUND | IBANKING -- IBANKING -- FBL6349T-001 : 047~047 IN | 
 |  | com.example.Transaction@17b016ac | 170.0 | 17/12/2020 | true | com.example.Transaction@3a6045c6 | ABDUL RAHIM BIN YUSOFF | IBANKING -- IBANKING -- FBH1648J-004 : 017~017 IN | 
 |  | com.example.Transaction@a9c5b75 | 300.0 | 17/12/2020 | true | com.example.Transaction@68d6d775 | NURUL ASHIKIN BINTE MOHAMED | IBANKING -- IBANKING -- FBF4230X-001 : 013~013 IN | 
 |  | com.example.Transaction@dd4aec3 | 300.0 | 17/12/2020 | true | com.example.Transaction@b67cc70 | MOHAMED IRFAN ALI | PAYNOW -- PAYNOW -- FBJ7619T : JO202005-0002 | 
 | NETS -- NETS | com.example.Transaction@2ffe243f | 500.0 | 17/12/2020 | true | com.example.Transaction@2ffe243f | NURUL AIN BINTE KASMAN | NETS -- NETS -- FBR9679P BALANCE DOWN PAY | 
 | MAY-MATCH | com.example.Transaction@1989e8c6 | 240.0 | 17/12/2020 | true | com.example.Transaction@7d97e06c | SHAFIYUDDIN BIN MANSOR | IBANKING -- IBANKING -- FBQ4766J-001 : 014~014 IN | 
 | MAY-MATCH | com.example.Transaction@35c4697c | 290.0 | 17/12/2020 | true | com.example.Transaction@5a936e64 | MUHAMMAD ZUHAIDI BIN ABDUL WAHAB | PAYNOW -- PAYNOW -- FBL9376U-002 : 014~014 IN | 
 | MAY-MATCH | com.example.Transaction@104dc1a2 | 65.0 | 17/12/2020 | true | com.example.Transaction@3b4a1a75 | SHIEK FAIZAL BIN SHIEK RAHIM | PAYNOW -- PAYNOW -- FBN9158Y-001 : IN202012-0 | 
 |  | com.example.Transaction@723877dd | -260.0 | 18/12/2020 | true | com.example.Transaction@7209ffb5 | SHIFT CORP PTE LTD | P201214:OCBC -- P201214:OCBC -- #2020-12-011 | 
 |  | com.example.Transaction@39ee94de | -370.0 | 18/12/2020 | true | com.example.Transaction@70f68288 | JOHNSON | 185934:OCBC -- 185934:OCBC -- FBM2846, FX1098, FBP2388, | 
 |  | com.example.Transaction@7edb6fca | -25.0 | 18/12/2020 | false |  | LAND TRANSPORT AUTHORITY | AS:OCBC -- AS:OCBC -- FBR9679P ATAN TO OWNER | 
 | LTA | com.example.Transaction@1e79d43 | -32.0 | 18/12/2020 | true | com.example.Transaction@650c405c | LAND TRANSPORT AUTHORITY | JK:OCBC -- JK:OCBC -- FBK2944G R/T 6 MTHS(ATAN) | 
 | LTA | com.example.Transaction@4fb04a72 | -17.1 | 18/12/2020 | true | com.example.Transaction@428bdd72 | LAND TRANSPORT AUTHORITY | JK:OCBC -- JK:OCBC -- FBM6055K LAY UP | 
 |  | com.example.Transaction@733ec58b | -62.95 | 18/12/2020 | true | com.example.Transaction@3eb292cd | MOBILEONE LTD | GIRO:OCBC -- GIRO:OCBC -- DEC 2020 HP BILLS | 
 | MAY-MATCH | com.example.Transaction@67d32a54 | 144.0 | 18/12/2020 | true | com.example.Transaction@5e99b9c | ABDUL MALEK BIN ABDUL RAHIM | PAYNOW -- PAYNOW -- FBG8423A-003 : 011~011 IN | 
 | NETS -- NETS | com.example.Transaction@5d1b1c2a | 2000.0 | 18/12/2020 | false |  | PAN ONN SOON | NETS -- NETS -- FBM2846X PART PAYMENT | 
 |  | com.example.Transaction@4dac121d | 300.0 | 18/12/2020 | true | com.example.Transaction@2fe74516 | POOBALAN LOGANATHAN | IBANKING -- IBANKING -- FBP5754S-001 : 020~020 IN | 
 | NETS -- NETS | com.example.Transaction@6397248c | 236.45 | 18/12/2020 | false |  | MYAT KOWIN | NETS -- NETS -- FBG8532T : JO202012-0014 | 
 |  | com.example.Transaction@568750b7 | 231.0 | 18/12/2020 | true | com.example.Transaction@1c3259fa | ZULKIFLI BIN MOHAMED SALLEH | IBANKING -- IBANKING -- FBL2565L-002 : 012~012 IN | 
 | MAY-MATCH | com.example.Transaction@314a31b0 | 243.43 | 18/12/2020 | true | com.example.Transaction@217bf99e | VARATHARAJAN RAMKUMAR ROHAN | IBANKING -- IBANKING -- FBJ3475S-003 : 008~008 IN | 
 |  | com.example.Transaction@415ef4d8 | 221.0 | 18/12/2020 | true | com.example.Transaction@6807a356 | LIM BOON LEONG | IBANKING -- IBANKING -- FBN9177S-001 : 024~024 IN | 
 |  | com.example.Transaction@56cc9f29 | 285.0 | 18/12/2020 | true | com.example.Transaction@7ddd84b5 | CHAWLA AMIT | IBANKING -- IBANKING -- FBM1701L-001 : 040~040 IN | 
 | NETS -- NETS | com.example.Transaction@25f61c2c | 182.0 | 18/12/2020 | false |  | MYAT KO WIN | NETS -- NETS -- FBG8532T-001 : IN202012-0 | 
 | MAY-MATCH | com.example.Transaction@2753316c | 434.0 | 18/12/2020 | true | com.example.Transaction@4d9754a8 | HARUN AL RASYID | IBANKING -- IBANKING -- FBQ8185J-001 : 008~009 IN | 
 |  | com.example.Transaction@73aeef7d | 368.0 | 18/12/2020 | true | com.example.Transaction@53b1a3f8 | RONALDO RAMOS BALANLAY | 660224:UOB -- 660224:UOB -- FBM9028U-002 : 009~009 IN | 
 |  | com.example.Transaction@3e28fee1 | 264.0 | 19/12/2020 | true | com.example.Transaction@7a3b7122 | MUHAMMAD IZZAN BIN ASLI | IBANKING -- IBANKING -- FBP3580P-001 : 021~021 IN | 
 | NETS -- NETS | com.example.Transaction@1f43cab7 | 1500.0 | 19/12/2020 | true | com.example.Transaction@1f43cab7 | JUPRI BIN ABDULLAH | NETS -- NETS -- TRICITY DEPOSIT | 
 |  | com.example.Transaction@1dcedc93 | 374.0 | 19/12/2020 | false |  | ONG YU YING | IBANKING -- IBANKING -- FBN9331M-001 : 023~024 IN | 
 |  | com.example.Transaction@16a2ed51 | 379.85 | 19/12/2020 | true | com.example.Transaction@2954f6ab | WEE CHENG YAN | PAYNOW -- PAYNOW -- FBG5482Z : JO201510-0029 | 
 | NETS -- NETS | com.example.Transaction@481558ce | 128.4 | 19/12/2020 | true | com.example.Transaction@481558ce | ADVANCED MIRCO CONTROL PTE LTD | NETS -- NETS -- FBL9939X : JO201706-0020 | 
 | NETS -- NETS | com.example.Transaction@2668c286 | 128.4 | 19/12/2020 | true | com.example.Transaction@2668c286 | ILMI DIAN MASTURA BINTE MOHD ILIAS | NETS -- NETS -- FBP7408D : JO201907-0014 | 
 | NETS -- NETS | com.example.Transaction@7f353a0f | 32.25 | 19/12/2020 | true | com.example.Transaction@7f353a0f | ANTHONY NADAR JOHN BASKAR | NETS -- NETS -- FBF6394T : JO202007-0007 | 
 | NETS -- NETS | com.example.Transaction@7ea2412c | 1000.0 | 19/12/2020 | true | com.example.Transaction@7ea2412c | MUHAMMAD HAIQEL BIN LUTFEE | NETS -- NETS -- FBF4154H | 
 | MAY-MATCH | com.example.Transaction@59edb4f5 | 354.0 | 19/12/2020 | true | com.example.Transaction@58fbd02e | MOHAMED NOR IRFAN BIN MOHAMED HASHIM | IBANKING -- IBANKING -- FBM7628B-001 : 033~033 IN | 
 |  | com.example.Transaction@3b332962 | 338.0 | 19/12/2020 | true | com.example.Transaction@163042ea | SUTAN NAZARUDIN ANI BIN ISMAIL | IBANKING -- IBANKING -- FBR8019B-001 : 002~002 IN | 
 | MAY-MATCH | com.example.Transaction@2792b416 | 168.0 | 19/12/2020 | true | com.example.Transaction@11d045b4 | SUPARDE BIN SATJA | IBANKING -- IBANKING -- FBQ4503B-001 : 014~014 IN | 
 | MAY-MATCH | com.example.Transaction@4735d6e5 | 258.0 | 20/12/2020 | true | com.example.Transaction@7ec95456 | BAKHIT BIN MOHD SA'AD (NOT RIDING) | PAYNOW -- PAYNOW -- FBP3430P-001 : 021~021 IN | 
 | MAY-MATCH | com.example.Transaction@79d3473e | 346.55 | 20/12/2020 | true | com.example.Transaction@748a654a | MUHAMMAD SAHRIN BIN SOLEH | IBANKING -- IBANKING -- FBM0646U-001 : 041~041 IN | 
 | MAY-MATCH | com.example.Transaction@4dad0eed | 444.0 | 20/12/2020 | true | com.example.Transaction@1d8b0500 | OOI KOOK SOON | IBANKING -- IBANKING -- FBP6466S-001 : 019~019 IN | 
 | MAY-MATCH | com.example.Transaction@7fad214a | 355.0 | 20/12/2020 | true | com.example.Transaction@76544c0a | AMSYAR DINIE BIN ABDUL GHAFOR | PAYNOW -- PAYNOW -- FR2184Z-002 : 009~009 INS | 
 | MAY-MATCH | com.example.Transaction@4346808 | 53.5 | 20/12/2020 | true | com.example.Transaction@4548d254 | AXA INSURANCE SINGAPORE PTE LTD | GIRO -- GIRO -- REFUND FROM P201113 PAYME | 
 |  | com.example.Transaction@1835dc92 | -350.0 | 21/12/2020 | true | com.example.Transaction@49469ffa | TAN POH MIN | P201204 -- P201204 -- DEC 2020 SALARY - MIN [3/ | 
 |  | com.example.Transaction@3ba3d4b6 | -22536.02 | 21/12/2020 | true | com.example.Transaction@f3560d4 | SPEEDWAY MOTOR PTE LTD | 186379:OCBC -- 186379:OCBC -- INV: 5149, 5150, 5256, 52 | 
 | LTA | com.example.Transaction@343e225a | -25.0 | 21/12/2020 | true | com.example.Transaction@6088451e | LAND TRANSPORT AUTHORITY | JK:OCBC -- JK:OCBC -- FBF4154H TRANSFER FEE ATA | 
 |  | com.example.Transaction@d4df0e | -1054.1 | 21/12/2020 | true | com.example.Transaction@2582b0ef | WTT INSURANCE AGENCIES PTE LTD | 186456:OCBC -- 186456:OCBC -- FBR9730Z FBQ8386X FBK6219 | 
 | LTA | com.example.Transaction@1a07bf6 | -17.1 | 21/12/2020 | true | com.example.Transaction@45ab3bdd | LAND TRANSPORT AUTHORITY | JK:OCBC -- JK:OCBC -- FBK6986J LAY UP (ATAN) | 
 |  | com.example.Transaction@1f939a0f | -7352.0 | 21/12/2020 | true | com.example.Transaction@493da830 | HONG LEONG CORPORATION HOLDINGS PTE LTD | 186455:OCBC -- 186455:OCBC -- FBR9975J COE BAL REGN FEE | 
 |  | com.example.Transaction@6f825516 | -238.21 | 21/12/2020 | true | com.example.Transaction@60990e5c | NETWORK FOR ELECTRONIC TRANSFERS (S) PTE LTD | GIRO:OCBC -- GIRO:OCBC -- DEC 2020 NETS ADMIN CHARG | 
 | NETS -- NETS | com.example.Transaction@484149eb | 1100.0 | 21/12/2020 | true | com.example.Transaction@484149eb | MUHAMMAD HAIQEL BIN LUTFEE | NETS -- NETS -- FBF4154H BAL D/P | 
 |  | com.example.Transaction@57ddd45b | 110.0 | 21/12/2020 | true | com.example.Transaction@46911148 | FADIL BIN ABD RAHIM | IBANKING -- IBANKING -- FBK2060G-004 : 014~000 IN | 
 | MAY-MATCH | com.example.Transaction@4ed15347 | 500.0 | 21/12/2020 | true | com.example.Transaction@b5de58f | HEE WHYE TECK | IBANKING -- IBANKING -- FBQ1143B-001 : 017~017 IN | 
 | NETS -- NETS | com.example.Transaction@14c141c0 | 281.4 | 21/12/2020 | true | com.example.Transaction@14c141c0 | LIEW KOK CHIN | NETS -- NETS -- FBA8818B : JO201504-0230 | 
 | NETS -- NETS | com.example.Transaction@61874b9d | 270.7 | 21/12/2020 | true | com.example.Transaction@61874b9d | MS | NETS -- NETS -- FBL3227G : JO202012-0017 | 
 |  | com.example.Transaction@2e7bf7b7 | 2847.72 | 21/12/2020 | true | com.example.Transaction@7e351d7 | MOHAMMAD HASIF BIN ABDUL RAZAK | IBANKING -- IBANKING -- FBM8430Y-001 : 039~048 IN | 
 | NETS -- NETS | com.example.Transaction@d611f1c | 32.15 | 21/12/2020 | true | com.example.Transaction@d611f1c | RIFQI | NETS -- NETS -- FBJ0832P : JO202008-0024 | 
 |  | com.example.Transaction@2fb25f4c | 374.5 | 21/12/2020 | true | com.example.Transaction@43c57161 | MOHAMMAD HASIF BIN ABDUL RAZAK | IBANKING -- IBANKING -- FBM8430Y : JO201805-0030 | 
 |  | com.example.Transaction@626c19cf | 236.0 | 21/12/2020 | true | com.example.Transaction@2db33feb | MUHAMMAD AIZAT BIN BORHAN | IBANKING -- IBANKING -- FBM4963C-001 : 025~025 IN | 
 |  | com.example.Transaction@54a2d96e | 185.0 | 21/12/2020 | true | com.example.Transaction@30c3ae63 | TNG BOON CHAI | IBANKING -- IBANKING -- FBM0392B-001 : 042~042 IN | 
 |  | com.example.Transaction@66a53104 | 210.0 | 21/12/2020 | true | com.example.Transaction@58658f63 | RAM PRAKASH | IBANKING -- IBANKING -- FBN8194Z-001 : 024~024 IN | 
 |  | com.example.Transaction@6d229b1c | 267.0 | 21/12/2020 | true | com.example.Transaction@54e12f4c | MUHAMMAD NUUR SHIDDIQ BIN ABDUL RAHMAN | IBANKING -- IBANKING -- FBR0219T-001 : 011~011 IN | 
 |  | com.example.Transaction@2da99821 | 24.6 | 21/12/2020 | true | com.example.Transaction@4d84049a | NURDIANA | PAYNOW -- PAYNOW -- FBN9771B : JO202008-0034 | 
 |  | com.example.Transaction@535b1ae6 | 34833.57 | 21/12/2020 | true | com.example.Transaction@d902300 | SINGAPURA FINANCE LTD | IBANKING -- IBANKING -- BLK NO 24209 | 
 | NETS -- NETS | com.example.Transaction@4f2d014a | 93.1 | 21/12/2020 | true | com.example.Transaction@4f2d014a | ZULKIFLI BIN MOHAMED SALLEH | NETS -- NETS -- FBL2565L : JO202002-0025 | 
 | MAY-MATCH | com.example.Transaction@164642a4 | 390.0 | 21/12/2020 | true | com.example.Transaction@4c6b4ed7 | MOHAMMAD ZAINUDDIN ARSYAD BIN RAIMEE | IBANKING -- IBANKING -- FBM8540M-001 : 030~030 IN | 
 |  | com.example.Transaction@62a68bcb | -1626.5 | 22/12/2020 | true | com.example.Transaction@14c93774 | ISMAIL BIN OMAR | 186453:OCBC -- 186453:OCBC -- FBL9982U REFUND ACCIDENT | 
 |  | com.example.Transaction@7b61bf11 | -53.5 | 22/12/2020 | true | com.example.Transaction@642857e0 | MSIG INSURANCE (SINGAPORE) PTE LTD | 186435:OCBC -- 186435:OCBC -- INSURANCE AGENT RENEWAL F | 
 | MAY-MATCH | com.example.Transaction@75cf0de5 | 242.0 | 22/12/2020 | true | com.example.Transaction@6ca30b8a | EARNEST PONNUSAMY | PAYNOW -- PAYNOW -- FBP9042L-002 : 005~005 IN | 
 |  | com.example.Transaction@de81be1 | 207.0 | 22/12/2020 | true | com.example.Transaction@4a92c6a9 | FUN GUO HAO | IBANKING -- IBANKING -- FBJ8167Z-004 : 022~022 IN | 
 |  | com.example.Transaction@342e690b | 352.0 | 22/12/2020 | true | com.example.Transaction@5c9934da | AMIR HAMZAH BIN ABDUL MALIK | IBANKING -- IBANKING -- FBN1006E-001 : 026~026 IN | 
 |  | com.example.Transaction@4519f676 | 227.0 | 22/12/2020 | true | com.example.Transaction@4cb702ce | ALMALIK FAIZAL BIN ABDULLAH | PAYNOW -- PAYNOW -- FU0156C-001 : 021~021 INS | 
 | MAY-MATCH | com.example.Transaction@50b0afd7 | 399.0 | 22/12/2020 | true | com.example.Transaction@383caf89 | AZMAN THANI BIN ABDUL GHAFFAR | IBANKING -- IBANKING -- FBK7157D-002 : IN202012-0 | 
 | NETS -- NETS | com.example.Transaction@f25f48a | 203.3 | 22/12/2020 | true | com.example.Transaction@f25f48a | ALEX YAP MIEN YUEN | NETS -- NETS -- FBP3234P : JO201904-0014 | 
 | NETS -- NETS | com.example.Transaction@3b7c80c6 | 126.3 | 22/12/2020 | true | com.example.Transaction@3b7c80c6 | SEMBIAN SOMASUNDARAM | NETS -- NETS -- FBE7194C : JO201504-0082 | 
 |  | com.example.Transaction@62cba181 | 200.0 | 22/12/2020 | true | com.example.Transaction@64c781a9 | PETER WANG CHOR SENG | IBANKING -- IBANKING -- FBL6572P-001 : 047~047 IN | 
 | MAY-MATCH | com.example.Transaction@468173fa | 117.7 | 22/12/2020 | true | com.example.Transaction@71ed560f | SUFFIAN BIN MOHAMED NOOR | PAYNOW -- PAYNOW -- FBJ1917Y : JO201803-0030 | 
 |  | com.example.Transaction@78ec89a6 | 362.0 | 22/12/2020 | true | com.example.Transaction@58253c57 | JOACHIM DAVID SATISHRAJ | IBANKING -- IBANKING -- FBL6204C-001 : IN202012-0 | 
 |  | com.example.Transaction@1b482cbf | 308.0 | 22/12/2020 | true | com.example.Transaction@5b88b8e | SINGARAM RAMACHANDRAN | IBANKING -- IBANKING -- FBP3420T-001 : 021~021 IN | 
 |  | com.example.Transaction@3596b249 | 237.0 | 22/12/2020 | true | com.example.Transaction@b73433 | MUHAMMAD NAZRUL BIN IBRAHIM | PAYNOW -- PAYNOW -- FBM7871P-001 : 033~033 IN | 
 | NETS -- NETS | com.example.Transaction@3b2e5c0d | 90.95 | 22/12/2020 | true | com.example.Transaction@3b2e5c0d | MR | NETS -- NETS -- FBQ9898D : JO202012-0019 | 
 |  | com.example.Transaction@7237f3c1 | 247.0 | 22/12/2020 | true | com.example.Transaction@1bf14704 | MUHAMMAD NUR IMAN BIN MOHAMED SANI | IBANKING -- IBANKING -- FBP8737Y-001 : 018~018 IN | 
 |  | com.example.Transaction@661fe025 | 247.0 | 22/12/2020 | true | com.example.Transaction@5a545b0f | SITI NAQUIAH BINTE ROSLEE | IBANKING -- IBANKING -- FBM4180U-001 : 037~037 IN | 
 |  | com.example.Transaction@7161457 | 162.0 | 22/12/2020 | true | com.example.Transaction@2be21396 | MARSITA BINTE KAMIS | IBANKING -- IBANKING -- FBP3652R-001 : 021~021 IN | 
 |  | com.example.Transaction@38ee7a9d | 248.0 | 22/12/2020 | true | com.example.Transaction@124dac75 | MOHAMED NOR HASSAN BIN ABU BAKAR | IBANKING -- IBANKING -- FBN9719D-001 : 023~023 IN | 
 |  | com.example.Transaction@629984eb | 240.0 | 22/12/2020 | true | com.example.Transaction@315105f | NOOR AISYAH BINTE KASSIM | IBANKING -- IBANKING -- FBM3499H-001 : 038~038 IN | 
 | MAY-MATCH | com.example.Transaction@4640195a | 260.0 | 22/12/2020 | true | com.example.Transaction@e280403 | MUHAMMAD ZULHUSNI BIN ABDUL GHANI | PAYNOW -- PAYNOW -- FBQ4082Z-001 : 015~015 IN | 
 |  | com.example.Transaction@40de8f93 | 450000.0 | 22/12/2020 | true | com.example.Transaction@45658133 | ATAN MOTORING SUPPLY PTE LTD | CO:605584150 -- CO:605584150 -- TRF : CASH IN UOB BANK - | 
 |  | com.example.Transaction@3b55dd15 | -10641.2 | 23/12/2020 | true | com.example.Transaction@6ff0b1cc | SACQ MOTORCYCLES PTE LTD | 186449:OCBC -- 186449:OCBC -- 2 UNITS ADV150 | 
 |  | com.example.Transaction@fa5f81c | -64.2 | 23/12/2020 | true | com.example.Transaction@4eaa375c | AREES WATER PTE LTD | 186457:OCBC -- 186457:OCBC -- A201201538 & A201200254 | 
 | LTA | com.example.Transaction@4c0e426a | -25.0 | 23/12/2020 | true | com.example.Transaction@e784320 | LAND TRANSPORT AUTHORITY | AS:OCBC -- AS:OCBC -- FBM2846X ATAN TO OWNER | 
 | LTA | com.example.Transaction@713ec32d | -25.0 | 23/12/2020 | true | com.example.Transaction@3f6bf8aa | LAND TRANSPORT AUTHORITY | AS:OCBC -- AS:OCBC -- FBB6201M OWNER TO ATAN | 
 |  | com.example.Transaction@781711b7 | 150.0 | 23/12/2020 | true | com.example.Transaction@d16be4f | SANGARAN SINNAKOLANDAI | IBANKING -- IBANKING -- FBM0348E-001 : 001~001 IN | 
 | NETS -- NETS | com.example.Transaction@72bd2871 | 169.06 | 23/12/2020 | false |  | ZAINAL BIN MARDZUKI | NETS -- NETS -- FBJ9997M : JO201504-0490 | 
 | NETS -- NETS | com.example.Transaction@77429040 | 53.5 | 23/12/2020 | false |  | REPAIR | NETS -- NETS -- BRAKE PAD X 2 | 
 |  | com.example.Transaction@642a16aa | 268.0 | 23/12/2020 | true | com.example.Transaction@1665fa54 | MUHAMMAD ZULKHAIRI JUHARI | PAYNOW -- PAYNOW -- FBG6838A-001 : 022~022 IN | 
 | MAY-MATCH | com.example.Transaction@6f5bd362 | 184.0 | 23/12/2020 | true | com.example.Transaction@6d67f5eb | ZURINAH BTE AB RAZAK(NOT RIDING) | PAYNOW -- PAYNOW -- FBL6215X-001 : IN202012-0 | 
 |  | com.example.Transaction@642ee49c | 222.0 | 23/12/2020 | true | com.example.Transaction@4f654cee | MOHAMED ASIQ ALI S/O RAHAMATHULLA | PAYNOW -- PAYNOW -- FBG0650M-002 : 022~022 IN | 
 | NETS -- NETS | com.example.Transaction@2d2b6960 | 50.0 | 23/12/2020 | false |  | LIM YEAN ANN | NETS -- NETS -- TOP UP HELMET | 
 |  | com.example.Transaction@294aba23 | 239.0 | 23/12/2020 | true | com.example.Transaction@3e1fd62b | MUHAMMAD AZLAN BIN MOHAMED ALI | PAYNOW -- PAYNOW -- FBN7442P-001 : 024~024 IN | 
 | NETS -- NETS | com.example.Transaction@38291795 | 171.2 | 23/12/2020 | false |  | JAMALUDIN BIN MOHAMED @ JAMALD BARI | NETS -- NETS -- FBG3218J : JO201906-0008 | 
 | NETS -- NETS | com.example.Transaction@234c5e41 | 58.85 | 23/12/2020 | false |  | SARAVANAN NADARAJA | NETS -- NETS -- FBM9426D : JO202006-0007 | 
 | MAY-MATCH | com.example.Transaction@3a401749 | 300.0 | 23/12/2020 | true | com.example.Transaction@7112ce6 | JAMALUDIN BIN AHMAD | PAYNOW -- PAYNOW -- FBM7755S-001 : 032~032 IN | 
 |  | com.example.Transaction@69909c14 | 2000.0 | 23/12/2020 | true | com.example.Transaction@558b4942 | LIM YEAN ANN | PAYNOW -- PAYNOW -- DEPOSIT FOR ADV | 
 |  | com.example.Transaction@20999517 | 200.0 | 23/12/2020 | true | com.example.Transaction@30ec7d21 | MUHAMMAD FAZREE BIN AZHARIE | IBANKING -- IBANKING -- F0046L-001 : 019~019 INST | 
 |  | com.example.Transaction@6ec63f8 | 328.0 | 23/12/2020 | true | com.example.Transaction@70025b99 | HAMID BIN AHMAD | IBANKING -- IBANKING -- FBQ2875R-001 : 016~016 IN | 
 |  | com.example.Transaction@66223d94 | 245.0 | 23/12/2020 | true | com.example.Transaction@7efa3f63 | LEE YEOU MING | IBANKING -- IBANKING -- FBQ0566X-001 : 017~017 IN | 
 |  | com.example.Transaction@2bc7db89 | 242.0 | 23/12/2020 | true | com.example.Transaction@7134b8a7 | MUHAMMAD ALI BIN HUSSEIN | IBANKING -- IBANKING -- FBN3333Y-001 : 025~025 IN | 
 |  | com.example.Transaction@5d3b58ca | 268.0 | 23/12/2020 | true | com.example.Transaction@2262d6d5 | AMILDA DEWI BINTE AHMAD HUZAIRI | IBANKING -- IBANKING -- FBN9391P-001 : IN202012-0 | 
 | NETS -- NETS | com.example.Transaction@40ef0af8 | 494.36 | 23/12/2020 | false |  | HAJA | NETS -- NETS -- FBL9478J : JO201907-0025 | 
 | NETS -- NETS | com.example.Transaction@36790bec | 195.0 | 23/12/2020 | false |  | JAMALUDIN BIN MOHAMED @ JAMALD BARI | NETS -- NETS -- FBG3218J : JO201906-0008 | 
 |  | com.example.Transaction@7b1e5e55 | 12000.0 | 23/12/2020 | true | com.example.Transaction@17b37e9a | ATAN MOTORING SUPPLY PTE LTD | CASH -- CASH -- TRF : PETTY CASH TO CASH | 
 |  | com.example.Transaction@4c1d59cd | 10000.0 | 23/12/2020 | true | com.example.Transaction@6bcb12e6 | ATAN MOTORING SUPPLY PTE LTD | CASH -- CASH -- TRF : PETTY CASH TO CASH | 
 |  | com.example.Transaction@297c9a9b | 3358.0 | 23/12/2020 | true | com.example.Transaction@250a9031 | ATAN MOTORING SUPPLY PTE LTD | CASH -- CASH -- TRF : PETTY CASH TO CASH | 
 |  | com.example.Transaction@76cf841 | 6260.7 | 23/12/2020 | true | com.example.Transaction@111d5c97 | ATAN MOTORING SUPPLY PTE LTD | CASH -- CASH -- TRF : PETTY CASH TO CASH | 
 | MAY-MATCH | com.example.Transaction@7793ad58 | 3.23 | 23/12/2020 | true | com.example.Transaction@28a9494b | ATAN MOTORING SUPPLY PTE LTD | CASH -- CASH -- TRF : PETTY CASH TO CASH | 
 |  | com.example.Transaction@72976b4 | -7753.0 | 24/12/2020 | true | com.example.Transaction@51b77cdf | SACQ MOTORCYCLES PTE LTD | 186458:OCBC -- 186458:OCBC -- FBS341S COE BAL , REGN FE | 
 |  | com.example.Transaction@55b5cd2b | -200000.0 | 24/12/2020 | true | com.example.Transaction@5416f8db | STEVEN TAN HWA MENG | P201217:OCBC -- P201217:OCBC -- RETURN D/L | 
 | LTA | com.example.Transaction@34d713a2 | -25.0 | 24/12/2020 | true | com.example.Transaction@64942607 | LAND TRANSPORT AUTHORITY | AS:OCBC -- AS:OCBC -- FBS341S ATAN TO OWNER | 
 |  | com.example.Transaction@3a3ed300 | -25679.0 | 24/12/2020 | true | com.example.Transaction@1319bc2a | ATAN MOTORING SUPPLY  PTE LTD | B2020:OCBC -- B2020:OCBC -- BONUS 2020 | 
 | NETS -- NETS | com.example.Transaction@31f295b6 | 23.55 | 24/12/2020 | true | com.example.Transaction@31f295b6 | MR | NETS -- NETS -- FBA7731Z : JO202007-0028 | 
 |  | com.example.Transaction@479ac2cb | 356.0 | 24/12/2020 | true | com.example.Transaction@441fbe89 | RIYANDA BIN SUHANDI | IBANKING -- IBANKING -- FY9951T-001 : 031~031 INS | 
 |  | com.example.Transaction@4e224df5 | 235.0 | 24/12/2020 | true | com.example.Transaction@1642eeae | CHAN SIEW MEI | IBANKING -- IBANKING -- FBL7318B-001 : 046~046 IN | 
 |  | com.example.Transaction@220c9a63 | 333.0 | 24/12/2020 | true | com.example.Transaction@3440e9cd | MUHAMAD HAIKAL BIN MOHAMAD | IBANKING -- IBANKING -- FBP2032L-001 : 022~022 IN | 
 |  | com.example.Transaction@32456db0 | 281.0 | 24/12/2020 | true | com.example.Transaction@a09303 | MOHAMED RAFEE BIN ABDUL RAHMAN | IBANKING -- IBANKING -- FBR6068Y-001 : 004~004 IN | 
 | MAY-MATCH | com.example.Transaction@27e2287c | 531.0 | 24/12/2020 | true | com.example.Transaction@1163a27 | TAN YEAN CHERNG | IBANKING -- IBANKING -- FBM1400E-001 : 041~041 IN | 
 | MAY-MATCH | com.example.Transaction@16132f21 | 23.55 | 24/12/2020 | true | com.example.Transaction@322ba549 | TOH AIK TIONG | PAYNOW -- PAYNOW -- FBH4251A : JO201506-0009 | 
 | MAY-MATCH | com.example.Transaction@2cd388f5 | 314.0 | 24/12/2020 | true | com.example.Transaction@502a4156 | TAN YEAN CHERNG | IBANKING -- IBANKING -- FBL4639U-001 : 050~050 IN | 
 | NETS -- NETS | com.example.Transaction@7a687d8d | 26.75 | 24/12/2020 | true | com.example.Transaction@7a687d8d | MR CHEE | NETS -- NETS -- FBM3079M : JO202012-0022 | 
 |  | com.example.Transaction@5f5827d0 | 354.0 | 24/12/2020 | true | com.example.Transaction@64e1377c | AZMEE BIN HAMZAH | PAYNOW -- PAYNOW -- FBQ4869X-001 : 015~015 IN | 
 |  | com.example.Transaction@58a2d9f9 | 3093.58 | 24/12/2020 | true | com.example.Transaction@b0fd744 | LIANG WAI KEAN | IBANKING -- IBANKING -- FBQ7274S-001 : 013~023 IN | 
 |  | com.example.Transaction@40bb4f87 | 170.0 | 24/12/2020 | true | com.example.Transaction@92d1782 | SHAHRUL BIN ISMAIL | IBANKING -- IBANKING -- FBR1251S-001 : 010~010 IN | 
 |  | com.example.Transaction@4337afd | 250.0 | 24/12/2020 | true | com.example.Transaction@6a1ef65c | MUHAMMAD RAYMOND BIN MOHD RIZAL | PAYNOW -- PAYNOW -- FBR9286P-001 : 001~001 IN | 
 |  | com.example.Transaction@716185fe | 260.0 | 25/12/2020 | false |  | SITI SHARIPAH BINTE MASWADI | IBANKING -- IBANKING -- FBM2963R-001 : 039~039 IN | 
 | MAY-MATCH | com.example.Transaction@70d77826 | 248.0 | 25/12/2020 | true | com.example.Transaction@42f85fa4 | SITI SHARIPAH BINTE MASWADI | IBANKING -- IBANKING -- FBM4172T-001 : 038~038 IN | 
 | MAY-MATCH | com.example.Transaction@7f323b3a | 214.0 | 25/12/2020 | true | com.example.Transaction@798dad3d | CHEONG SAI FHONG | IBANKING -- IBANKING -- FBQ6856U-001 : 013~013 IN | 
 | MAY-MATCH | com.example.Transaction@4f169009 | 356.0 | 25/12/2020 | true | com.example.Transaction@27abb6ca | AMIRRUDIN BIN AHMAD | IBANKING -- IBANKING -- FBN6494X-001 : 025~025 IN | 
 | MAY-MATCH | com.example.Transaction@9dada78 | 254.0 | 25/12/2020 | true | com.example.Transaction@696db620 | LEONG MUN TUCK | IBANKING -- IBANKING -- FBP9659H-001 : 018~018 IN | 
 | MAY-MATCH | com.example.Transaction@4207852d | 263.45 | 25/12/2020 | true | com.example.Transaction@6968c1d6 | EMY HAZLEY BIN GHAZALI | IBANKING -- IBANKING -- FBM3236A-003 : 009~009 IN | 
 | MAY-MATCH | com.example.Transaction@2c829dbc | 419.0 | 25/12/2020 | true | com.example.Transaction@7d986d83 | NORKHISHAM BIN KAMSANI | IBANKING -- IBANKING -- FBQ6819C-001 : 013~013 IN | 
 | MAY-MATCH | com.example.Transaction@57efc6fd | 350.0 | 25/12/2020 | true | com.example.Transaction@77f991c | TAN JI WEI | PAYNOW -- PAYNOW -- FBQ8228U-001 : 009~009 IN | 
 | MAY-MATCH | com.example.Transaction@839df62 | 156.0 | 25/12/2020 | true | com.example.Transaction@3a7e365 | NURUL AISYAH (NOT RIDING) | PAYNOW -- PAYNOW -- FBC7693P-002 : 017~017 IN | 
 | MAY-MATCH | com.example.Transaction@76e90da5 | 200.0 | 25/12/2020 | true | com.example.Transaction@2ceee4b6 | FATHUR ROSY BIN MASHURI | IBANKING -- IBANKING -- FW4928E-002 : 024~024 INS | 
 | MAY-MATCH | com.example.Transaction@17229821 | 250.0 | 25/12/2020 | true | com.example.Transaction@26ca61bf | ASHLEY ANIL SARAN | PAYNOW -- PAYNOW -- FBR9262H-001 : 001~001 IN | 
 | MAY-MATCH | com.example.Transaction@67cffead | 395.0 | 25/12/2020 | true | com.example.Transaction@6968bcec | ABU SUFYANDIN BIN JALALUDIN | IBANKING -- IBANKING -- FBL2248C-001 : 053~053 IN | 
 | MAY-MATCH | com.example.Transaction@214beff9 | 271.0 | 25/12/2020 | true | com.example.Transaction@5568c66f | JANID BIN AWANG | IBANKING -- IBANKING -- FBN2354T-001 : 028~028 IN | 
 |  | com.example.Transaction@1d02af26 | 160.0 | 26/12/2020 | true | com.example.Transaction@13c8ac77 | MUHAMMAD FAIZ BIN HAMDAN | PAYNOW -- PAYNOW -- FW7324C-002 : 003~003 INS | 
 | MAY-MATCH | com.example.Transaction@1ff15a50 | 214.0 | 26/12/2020 | true | com.example.Transaction@4bdf | MOHAMMAD ANIS BIN OTHMAN | IBANKING -- IBANKING -- FBM3729U-001 : 038~038 IN | 
 |  | com.example.Transaction@3fa7df1 | 297.0 | 26/12/2020 | true | com.example.Transaction@4cad79bc | JEFFRY ZIN BIN SALLEH | IBANKING -- IBANKING -- FBM0358B-001 : 042~042 IN | 
 | MAY-MATCH | com.example.Transaction@217c23ce | 350.0 | 26/12/2020 | true | com.example.Transaction@2c63762b | MUHAMMAD NOOR IZUAN BIN MOHD FAIZ | PAYNOW -- PAYNOW -- FBN7299L-001 : 028~028 IN | 
 |  | com.example.Transaction@4dd90166 | 302.0 | 26/12/2020 | true | com.example.Transaction@7a9eccc4 | TAN YEE SENG | IBANKING -- IBANKING -- FBR8878M-001 : 001~001 IN | 
 |  | com.example.Transaction@51a651c1 | 277.0 | 26/12/2020 | true | com.example.Transaction@78422efb | ABDUL RAZAK BIN MYDIN | IBANKING -- IBANKING -- FU1191T-002 : 027~027 INS | 
 |  | com.example.Transaction@52227eb2 | 300.0 | 26/12/2020 | true | com.example.Transaction@5f05c8d6 | MUHAMMAD AZMI HAKIM BIN SUBRI | IBANKING -- IBANKING -- FBM7287B-001 : 033~033 IN | 
 | MAY-MATCH | com.example.Transaction@39de9bda | 391.0 | 26/12/2020 | true | com.example.Transaction@68e02f33 | SAFIAH NAFISAH BINTE SHARI | PAYNOW -- PAYNOW -- FBQ8355K-001 : 011~011 IN | 
 | LTA | com.example.Transaction@36aab105 | -25.0 | 27/12/2020 | true | com.example.Transaction@5649d11a | LAND TRANSPORT AUTHORITY | THM:OCBC -- THM:OCBC -- FBR9975J ATAN TO OWNER | 
 | LTA | com.example.Transaction@889a8a8 | -25.0 | 27/12/2020 | true | com.example.Transaction@294f9d50 | LAND TRANSPORT AUTHORITY | THM:OCBC -- THM:OCBC -- FX6558X OWNER TO ATAN | 
 | MAY-MATCH | com.example.Transaction@47148f3f | 197.0 | 27/12/2020 | true | com.example.Transaction@d48e998 | NG WENG LOON | PAYNOW -- PAYNOW -- FBE7176E-002 : 005~005 IN | 
 | MAY-MATCH | com.example.Transaction@62765aec | 230.0 | 27/12/2020 | true | com.example.Transaction@430b2699 | MUHAMMAD FAIZ TAJUDDIN BIN MOHAMED RAZIF | PAYNOW -- PAYNOW -- FBP3628L-001 : 022~022 IN | 
 | MAY-MATCH | com.example.Transaction@52226e57 | 100.0 | 27/12/2020 | true | com.example.Transaction@158ae284 | MUHAMMAD HANNAN BIN MOHNI | IBANKING -- IBANKING -- FBL0679E-002 : 029~000 IN | 
 | MAY-MATCH | com.example.Transaction@1200458e | 251.0 | 27/12/2020 | true | com.example.Transaction@50eb4a2c | MUHAMMAD SYAHMIE BIN ARSHAD | PAYNOW -- PAYNOW -- FBN0444E-001 : 030~030 IN | 
 |  | com.example.Transaction@de7e193 | -1458.75 | 28/12/2020 | true | com.example.Transaction@7ae0cc89 | WTT INSURANCE AGENCIES PTE LTD | 186459:OCBC -- 186459:OCBC -- FBF4154H FBN9719D FBR9975 | 
 |  | com.example.Transaction@173f1614 | -3202.28 | 28/12/2020 | true | com.example.Transaction@7885776b | JTC CORPORATION | GIRO:OCBC -- GIRO:OCBC -- DEC 2020 RENTAL | 
 |  | com.example.Transaction@628b819d | -25369.0 | 28/12/2020 | false |  | ATAN MOTORING SUPPLY  PTE LTD | P201218:OCBC -- P201218:OCBC -- DEC 2020 SALARY | 
 |  | com.example.Transaction@39f5b723 | -1393.57 | 28/12/2020 | true | com.example.Transaction@1984212d | JET VENTURE PTE LTD | P201218:OCBC -- P201218:OCBC -- NOV 2020 | 
 |  | com.example.Transaction@478b0739 | -113.08 | 28/12/2020 | false |  | SP SERVICES | GIRO:OCBC -- GIRO:OCBC -- DEC 2020 UTILITIES | 
 |  | com.example.Transaction@671ea6ff | -523.86 | 28/12/2020 | true | com.example.Transaction@3f96f020 | KEPPEL ELECTRIC PTE LTD | GIRO:OCBC -- GIRO:OCBC -- DEC 2020 UTILITIES | 
 | NETS -- NETS | com.example.Transaction@1c93b51e | 30.0 | 28/12/2020 | true | com.example.Transaction@1c93b51e | MS | NETS -- NETS -- FBF5919L : JO202012-0023 | 
 | MAY-MATCH | com.example.Transaction@5fcd1c5f | 171.0 | 28/12/2020 | true | com.example.Transaction@1a256d80 | JURAIMI BIN SAMAT | PAYNOW -- PAYNOW -- FBN2190Z-001 : 018~018 IN | 
 |  | com.example.Transaction@5ad1904f | 755.0 | 28/12/2020 | true | com.example.Transaction@3069a360 | KAHARUDDIN BIN SAJAT | PAYNOW -- PAYNOW -- FBK5878U-002 : 003~003 IN | 
 |  | com.example.Transaction@a146b11 | 260.0 | 28/12/2020 | true | com.example.Transaction@2404b5a | FAIZAH BINTE MASIRAN | IBANKING -- IBANKING -- FBP0270D-001 : 023~023 IN | 
 | MAY-MATCH | com.example.Transaction@3cc30dee | 131.0 | 28/12/2020 | true | com.example.Transaction@3af58f76 | HUSSIN BIN SALIMON | PAYNOW -- PAYNOW -- FBG6220G-002 : 030~030 IN | 
 |  | com.example.Transaction@f438904 | 221.0 | 28/12/2020 | true | com.example.Transaction@2ead6ba4 | OOI WOOI HIM | PAYNOW -- PAYNOW -- FBQ3410S-001 : 015~015 IN | 
 |  | com.example.Transaction@4ed5a1b0 | 330.32 | 28/12/2020 | true | com.example.Transaction@31a2a9fa | ASTIKA BIN ARHAM | IBANKING -- IBANKING -- FBF9880L-001 : 023~024 IN | 
 | NETS -- NETS | com.example.Transaction@7c0f28f8 | 89.9 | 28/12/2020 | true | com.example.Transaction@7c0f28f8 | MR | NETS -- NETS -- FBR5451E : JO202012-0024 | 
 | NETS -- NETS | com.example.Transaction@2abc8034 | 15.0 | 28/12/2020 | true | com.example.Transaction@2abc8034 | BALA | NETS -- NETS -- FBG1213K : JO201807-0017 | 
 | NETS -- NETS | com.example.Transaction@467b0f6e | 96.3 | 28/12/2020 | true | com.example.Transaction@467b0f6e | JSJ7042 | NETS -- NETS -- PLUG COIL, L/C | 
 | MAY-MATCH | com.example.Transaction@7d528cf7 | 378.0 | 28/12/2020 | true | com.example.Transaction@31b82e0f | MUHAMMAD KHAIRUNIZAM BIN FADILAH | PAYNOW -- PAYNOW -- FBR9273B-001 : 001~001 IN | 
 |  | com.example.Transaction@18d003cd | 30.0 | 28/12/2020 | true | com.example.Transaction@27a09971 | NADIAH BINTE SAIRON | PAYNOW -- PAYNOW -- FBP9517J : JO202009-0017 | 
 |  | com.example.Transaction@3135bf25 | 232.0 | 28/12/2020 | true | com.example.Transaction@6215366a | SHAKYNA BINTE RAMLEE | IBANKING -- IBANKING -- FBN2823G-001 : 028~028 IN | 
 |  | com.example.Transaction@22ad1bae | 175.0 | 28/12/2020 | true | com.example.Transaction@46dcbeab | CHONG YEN MEI | PAYNOW -- PAYNOW -- FBJ2004A-001 : IN202012-0 | 
 |  | com.example.Transaction@4116f66a | 205.0 | 28/12/2020 | true | com.example.Transaction@36e43829 | SOON CHEN ONN | IBANKING -- IBANKING -- FBM6464M-001 : IN202012-0 | 
 | MAY-MATCH | com.example.Transaction@6dee8ae6 | 298.0 | 28/12/2020 | true | com.example.Transaction@152c4495 | NADZRAH BTE AHMAD FITTRI (NOT RIDING) | IBANKING -- IBANKING -- FBN3736T-001 : 027~027 IN | 
 | NETS -- NETS | com.example.Transaction@474179fa | 131.65 | 28/12/2020 | true | com.example.Transaction@474179fa | FUAD | NETS -- NETS -- FBA3007H : JO201510-0065 | 
 | NETS -- NETS | com.example.Transaction@420cd102 | 40.7 | 28/12/2020 | true | com.example.Transaction@420cd102 | CHOO KIM WUI | NETS -- NETS -- FBR7982B : JO202012-0026 | 
 | MAY-MATCH | com.example.Transaction@5af64ce0 | 37.45 | 28/12/2020 | true | com.example.Transaction@5ec1963c | MUHAMMAD HADI BIN HALI | PAYNOW -- PAYNOW -- FBL0193P : JO201611-0027 | 
 | NETS -- NETS | com.example.Transaction@c7f4457 | 39.6 | 28/12/2020 | true | com.example.Transaction@c7f4457 | MUHAMMED IRWAN BIN RAMAN | NETS -- NETS -- FY9955H : JO201507-0049 | 
 |  | com.example.Transaction@6c184d4d | 203.0 | 28/12/2020 | true | com.example.Transaction@7dcb42a9 | MUHAMMAD SHAH RIZAL BIN SALIHIN | IBANKING -- IBANKING -- FBP3909B-001 : 021~021 IN | 
 |  | com.example.Transaction@7645f03e | 409.0 | 28/12/2020 | true | com.example.Transaction@6af90849 | AL HALIM BIN KAMARUDDIN | IBANKING -- IBANKING -- FBL9348B-001 : 044~044 IN | 
 |  | com.example.Transaction@158e9f6e | 260.0 | 28/12/2020 | true | com.example.Transaction@1d06f16f | MUHAMMAD HAMIYADIY BIN KAMARI | IBANKING -- IBANKING -- FBP1819R-001 : 023~023 IN | 
 |  | com.example.Transaction@7a6ea47d | 285.0 | 28/12/2020 | true | com.example.Transaction@4fa4f485 | MOHD HAZEEM BIN ABDUL RAHIM | IBANKING -- IBANKING -- FBM1617Y-001 : 041~041 IN | 
 |  | com.example.Transaction@54b2fc58 | 198.0 | 28/12/2020 | true | com.example.Transaction@68dd39d2 | MUHAMMAD RIDUAN BIN A RAHIM | IBANKING -- IBANKING -- FBM7103Z-001 : 034~034 IN | 
 |  | com.example.Transaction@daf22f0 | 258.0 | 28/12/2020 | true | com.example.Transaction@4a44cfc0 | WONG VOON PIN | IBANKING -- IBANKING -- FBQ6808J-001 : 012~012 IN | 
 |  | com.example.Transaction@6cbbb9c4 | 209.0 | 28/12/2020 | true | com.example.Transaction@60e3c26e | RAJMOHAMED SHAHUL HAMEED | IBANKING -- IBANKING -- FBQ8394Y-001 : 012~012 IN | 
 |  | com.example.Transaction@63f9b562 | 518.0 | 28/12/2020 | true | com.example.Transaction@80b122b | MUHAMMAD QUSYAIRI BIN MOHAMAD | IBANKING -- IBANKING -- FN5115A-007 : 028~028 INS | 
 |  | com.example.Transaction@20ead579 | 275.0 | 28/12/2020 | true | com.example.Transaction@999b951 | ISMAIL BIN SANOESI | IBANKING -- IBANKING -- FBL5738K-001 : 048~048 IN | 
 |  | com.example.Transaction@5426cb36 | 437.0 | 28/12/2020 | true | com.example.Transaction@65cf4d6d | WONG SIEW KEE | IBANKING -- IBANKING -- FBM5844G-001 : 034~034 IN | 
 |  | com.example.Transaction@65e22def | 296.0 | 28/12/2020 | true | com.example.Transaction@1b410308 | LUQMAANUL-HAKEEM BIN ARRIFIN | IBANKING -- IBANKING -- FBL0694K-001 : 055~055 IN | 
 |  | com.example.Transaction@4b1ec694 | 353.0 | 28/12/2020 | true | com.example.Transaction@4b0bd001 | MUHAMMAD ASYRAF BIN RAHMAT | IBANKING -- IBANKING -- FBQ2820Z-001 : 016~016 IN | 
 |  | com.example.Transaction@3d299393 | 278.0 | 28/12/2020 | true | com.example.Transaction@f9cab00 | HASBULLAH BIN ABDULLAH | IBANKING -- IBANKING -- FBL4649R-001 : 050~050 IN | 
 |  | com.example.Transaction@5f34907b | 278.0 | 28/12/2020 | true | com.example.Transaction@10272bbb | CHEW KUOK CHOON CLEMENT | IBANKING -- IBANKING -- FBL5211M-001 : 049~049 IN | 
 |  | com.example.Transaction@2b4d4327 | 207.0 | 28/12/2020 | true | com.example.Transaction@36d33f4 | MUHAMMAD ROSLEE AFIFI BIN ABDULLAH | IBANKING -- IBANKING -- FBN8386L-001 : 024~024 IN | 
 |  | com.example.Transaction@16da1abc | 276.0 | 28/12/2020 | true | com.example.Transaction@16736040 | MUHAMMAD SAHAFUDDIN BIN ABDUL AZIZ | IBANKING -- IBANKING -- FW4747K-001 : 033~033 INS | 
 | MAY-MATCH | com.example.Transaction@7e7e962d | 15.0 | 28/12/2020 | true | com.example.Transaction@32eae6f2 | LIVINGSTON | PAYNOW -- PAYNOW -- FBN0797L : JO202012-0027 | 
 | NETS -- NETS | com.example.Transaction@12e12ac9 | 57.8 | 28/12/2020 | true | com.example.Transaction@12e12ac9 | PEREZ FABIEN JEAN-LUC | NETS -- NETS -- FBM3082B : JO201812-0024 | 
 |  | com.example.Transaction@2cca611f | 250.0 | 28/12/2020 | false |  | NUR KHAIRUNISA BINTE IDROS | PAYNOW -- PAYNOW -- FBP8530B-001 : 018~018 IN | 
 |  | com.example.Transaction@1c52552f | 270.0 | 28/12/2020 | true | com.example.Transaction@73a0f2b | VAPPUGANI NASURUDEEN | PAYNOW -- PAYNOW -- FBM8473Z-001 : 032~032 IN | 
 |  | com.example.Transaction@5dc769f9 | -6414.0 | 29/12/2020 | true | com.example.Transaction@4debbf0 | CENTRAL PROVIDENT FUND BOARD | GIRO:OCBC -- GIRO:OCBC -- BONUS 2020 CPF CONTRIBUTI | 
 |  | com.example.Transaction@6870c3c2 | -3855.42 | 29/12/2020 | true | com.example.Transaction@1f2f0109 | STANDARD CHARTERED BANK | P201219:OCBC -- P201219:OCBC -- SCB CC | 
 |  | com.example.Transaction@51f95f0d | -64.0 | 29/12/2020 | false |  | LAND TRANSPORT AUTHORITY | JK:OCBC -- JK:OCBC -- FBK7318G R/T 1YR | 
 |  | com.example.Transaction@59c04bee | 250.0 | 29/12/2020 | true | com.example.Transaction@483b0690 | WONG WILLIAM | PAYNOW -- PAYNOW -- FBQ0203T-002 : 003~003 IN | 
 |  | com.example.Transaction@45900b64 | 613.0 | 29/12/2020 | true | com.example.Transaction@6a5e167a | MOHAMMAD NASIR BIN S ZAILANI | PAYNOW -- PAYNOW -- FBR2373S-001 : 009~009 IN | 
 | MAY-MATCH | com.example.Transaction@e829999 | 224.0 | 29/12/2020 | true | com.example.Transaction@60e06f7d | MUHAMAD YAZID BIN JUMAAT | IBANKING -- IBANKING -- FBB0290U-001 : 015~015 IN | 
 | MAY-MATCH | com.example.Transaction@66fb45e5 | 360.0 | 29/12/2020 | true | com.example.Transaction@66a5755 | MUHAMMAD ZAIDI BIN ABDUL RAHMAN | IBANKING -- IBANKING -- FBL1111U-001 : 055~055 IN | 
 | NETS -- NETS | com.example.Transaction@7ccfdaef | 176.55 | 29/12/2020 | true | com.example.Transaction@7ccfdaef | WONG TANG HEE | NETS -- NETS -- FBQ5754L : JO201911-0011 | 
 | NETS -- NETS | com.example.Transaction@a6e4897 | 37.45 | 29/12/2020 | true | com.example.Transaction@a6e4897 | SARIP UDIN BIN GANI | NETS -- NETS -- FBF8203Z : JO201504-0134 | 
 | MAY-MATCH | com.example.Transaction@6cbe68e9 | 342.0 | 29/12/2020 | true | com.example.Transaction@771a7d53 | MUHAMMAD HARIS BIN ROSLAN | PAYNOW -- PAYNOW -- FBM8318P-001 : 032~032 IN | 
 |  | com.example.Transaction@f2a1813 | 307.0 | 29/12/2020 | true | com.example.Transaction@6d6d480c | MOHAMMAD YAZID BIN SELAMAT | IBANKING -- IBANKING -- FX8752M-003 : 035~035 INS | 
 |  | com.example.Transaction@79f90a3a | 334.0 | 29/12/2020 | true | com.example.Transaction@e95595b | LIM CHENG SOON | IBANKING -- IBANKING -- FBC4963E-005 : 010~010 IN | 
 |  | com.example.Transaction@22bdb1d0 | 274.0 | 29/12/2020 | true | com.example.Transaction@5a917723 | MOHAMMAD FARID BIN MOHAMMED SHAFI | IBANKING -- IBANKING -- FBL8465C-001 : 045~045 IN | 
 | MAY-MATCH | com.example.Transaction@6f5e16cf | 355.0 | 29/12/2020 | true | com.example.Transaction@7e4579c7 | MUHAMMAD FAZLIE BIN MOHAMAD | IBANKING -- IBANKING -- FBK9330G-001 : 057~057 IN | 
 |  | com.example.Transaction@67b355c8 | 350.0 | 29/12/2020 | true | com.example.Transaction@796f632b | SIAH WOEI SHYANG | IBANKING -- IBANKING -- FBM5529S-001 : 035~035 IN | 
 |  | com.example.Transaction@1b0e9707 | 860.0 | 29/12/2020 | true | com.example.Transaction@5d94a2dc | MOHAMMAD ARSAD BIN IBRAHIM | IBANKING -- IBANKING -- FBM4012Y-001 : 037~038 IN | 
 |  | com.example.Transaction@6fc0bbc6 | 100.0 | 29/12/2020 | false |  | SAKTHEEVEIL S/O KOVALLIKISNO | IBANKING -- IBANKING -- FY9021C : JO201504-0121 | 
 |  | com.example.Transaction@706ddbc8 | 240.0 | 29/12/2020 | false |  | SAKTHEEVEIL S/O KOVALLIKISNO | IBANKING -- IBANKING -- FY9021C-002 : 032~032 INS | 
 |  | com.example.Transaction@fd09e43 | -25.0 | 30/12/2020 | false |  | LAND TRANSPORT AUTHORITY | AS:OCBC -- AS:OCBC -- FBG7431H ATAN TO OWNER | 
 |  | com.example.Transaction@144ab983 | -488.86 | 30/12/2020 | false |  | SINGAPORE TELECOMMUNICATIONS LTD | GIRO:OCBC -- GIRO:OCBC -- DEC 2020 TEL CHARGES | 
 | MAY-MATCH | com.example.Transaction@750a04ec | 275.0 | 30/12/2020 | true | com.example.Transaction@59b32539 | SYED KAMAL BIN ISHAK | PAYNOW -- PAYNOW -- FBM9353E-001 : 031~031 IN | 
 |  | com.example.Transaction@388623ad | 361.0 | 30/12/2020 | true | com.example.Transaction@5b47731f | MUHAMMAD RAMADHAN BIN SHAHRIN | IBANKING -- IBANKING -- FBN0396K-001 : 030~030 IN | 
 |  | com.example.Transaction@9b5f3c7 | 203.0 | 30/12/2020 | true | com.example.Transaction@40c2ce52 | MUHAMMAD SHAHRIZAL BIN SA'AT | IBANKING -- IBANKING -- FBQ5657J-001 : 013~013 IN | 
 |  | com.example.Transaction@91f565d | 355.0 | 30/12/2020 | true | com.example.Transaction@18a19e | SITI MAISARAH BINTE MUBASIR | IBANKING -- IBANKING -- FBJ4257Z-002 : 049~049 IN | 
 |  | com.example.Transaction@74024f3 | 282.0 | 30/12/2020 | true | com.example.Transaction@60a7e509 | ZALAN BIN ABU AHAD | IBANKING -- IBANKING -- FBJ6173T-002 : 039~039 IN | 
 |  | com.example.Transaction@61ae0d43 | 251.0 | 30/12/2020 | true | com.example.Transaction@2e13f304 | FARIDAH BINTE ABDULLAH | IBANKING -- IBANKING -- FBL3296G-001 : 052~052 IN | 
 |  | com.example.Transaction@46e3559f | 274.0 | 30/12/2020 | true | com.example.Transaction@787508ca | SITI NUR EISSABELLA ZURAINI | IBANKING -- IBANKING -- FBP0726G-001 : 023~023 IN | 
 |  | com.example.Transaction@3b83459e | 204.0 | 30/12/2020 | true | com.example.Transaction@3d24420b | NURUL KHAIRUNNISA BINTE A RAHIM | IBANKING -- IBANKING -- FBP0994Z-001 : 023~023 IN | 
 |  | com.example.Transaction@32118208 | 158.0 | 30/12/2020 | true | com.example.Transaction@6274670b | MUHAMMAD SALMAN BIN SYED(NOT RIDING) | PAYNOW -- PAYNOW -- FBC7847M-002 : IN202012-0 | 
 |  | com.example.Transaction@414f87a9 | 250.26 | 30/12/2020 | true | com.example.Transaction@53ce2392 | MOHAMMAD KHAIRUL AZIZI BIN JUMARI | IBANKING -- IBANKING -- FBP6279R-001 : 019~019 IN | 
 |  | com.example.Transaction@1ddc6db2 | 230.0 | 30/12/2020 | true | com.example.Transaction@32d5279 | MUHAMMAD KHAIRI BIN BALKIAH | IBANKING -- IBANKING -- FW8021U-001 : 014~014 INS | 
 | MAY-MATCH | com.example.Transaction@49e2b3c5 | 60.0 | 30/12/2020 | true | com.example.Transaction@1c067c0d | MAY | PAYNOW -- PAYNOW -- FBJ2004A : JO201712-0017 | 
 |  | com.example.Transaction@ef718de | 33.0 | 30/12/2020 | true | com.example.Transaction@5d0b0cb9 |  | GIRO -- GIRO -- FBA4051Y R/T REFUND | 
 |  | com.example.Transaction@287ae90c | 2.0 | 30/12/2020 | true | com.example.Transaction@7f7b6639 | LAND TRANSPORT AUTHORITY | GIRO -- GIRO -- FBF1360Z R/T REFUND | 
 |  | com.example.Transaction@2e1b374c | 6.0 | 30/12/2020 | true | com.example.Transaction@16ac5d35 | LAND TRANSPORT AUTHORITY | GIRO -- GIRO -- FBA6110Y R/T REFUND | 
 |  | com.example.Transaction@3fcee3d9 | 10.0 | 30/12/2020 | true | com.example.Transaction@3965bdf9 | LAND TRANSPORT AUTHORITY | GIRO -- GIRO -- FBA2439B R/T REFUND | 
 |  | com.example.Transaction@9c93d16 | 300.0 | 30/12/2020 | true | com.example.Transaction@3c0e00a8 | MUHAMMAD FIRDAUS BIN OSMAN | IBANKING -- IBANKING -- FBP0898T-001 : 022~022 IN | 
 |  | com.example.Transaction@760487aa | 330.0 | 30/12/2020 | true | com.example.Transaction@1860f3be | HUSAIN BIN MOHAMED SULTAN | IBANKING -- IBANKING -- FY9294G-001 : 023~023 INS | 
 |  | com.example.Transaction@1526f71 | 316.0 | 30/12/2020 | true | com.example.Transaction@6cd15072 | ABDUL HAKIM BIN TAJUDIN | IBANKING -- IBANKING -- FBQ3011K-001 : 020~020 IN | 
 |  | com.example.Transaction@49ca94a9 | 267.0 | 30/12/2020 | true | com.example.Transaction@78cfa264 | WAN CHEE SENG | IBANKING -- IBANKING -- FBP3179R-001 : 021~021 IN | 
 | MAY-MATCH | com.example.Transaction@56846330 | 21.4 | 30/12/2020 | true | com.example.Transaction@4dde8976 | REPAIR | IBANKING -- IBANKING -- ENGINE OIL | 
 |  | com.example.Transaction@9ab310b | 138.0 | 30/12/2020 | true | com.example.Transaction@4887de2b | MOHAMAD AMAN BIN JUHARI | IBANKING -- IBANKING -- FBG4552L-001 : 023~023 IN | 
 |  | com.example.Transaction@5b40de43 | 238.0 | 30/12/2020 | true | com.example.Transaction@3b4825f0 | NURUL AIN BINTE KASMAN | PAYNOW -- PAYNOW -- FBR9679P-001 : 001~001 IN | 
 |  | com.example.Transaction@3cd26422 | 1000.0 | 30/12/2020 | true | com.example.Transaction@40ac6b76 | TAN JI WEI | PAYNOW -- PAYNOW -- FBQ8228U-001 : 010~010 IN | 
 | MAY-MATCH | com.example.Transaction@49f3ff41 | 217.0 | 30/12/2020 | true | com.example.Transaction@7980cf2c | MUHAMMAD RIDUAN BIN A RAHIM | IBANKING -- IBANKING -- FBQ2241U-001 : 016~016 IN | 
 |  | com.example.Transaction@7ebe2e47 | -64.0 | 31/12/2020 | false |  | LAND TRANSPORT AUTHORITY | JK:OCBC -- JK:OCBC -- FBQ8853P R/T 1YR | 
 |  | com.example.Transaction@609319c3 | -7753.0 | 31/12/2020 | false |  | HONG LEONG CORPORATION HOLDINGS PTE LTD | 186460:OCBC -- 186460:OCBC -- FBS472Y COE BAL REGN FEE | 
 |  | com.example.Transaction@6bbab114 | -25.0 | 31/12/2020 | false |  | LAND TRANSPORT AUTHORITY | AS:OCBC -- AS:OCBC -- FBK5480H OWNER TO ATAN | 
 |  | com.example.Transaction@2a7d9b41 | -25.0 | 31/12/2020 | false |  | LAND TRANSPORT AUTHORITY | AS:OCBC -- AS:OCBC -- FBS472Y ATAN TO OWNER | 
 |  | com.example.Transaction@25be445f | -22.1 | 31/12/2020 | false |  | OVERSEAS-CHINESE BANKING CORPORATION LIMITED | GIRO:OCBC -- GIRO:OCBC -- DEC 2020 BANK CHARGES | 
 |  | com.example.Transaction@2eda072 | 1000.0 | 31/12/2020 | true | com.example.Transaction@f0020b1 | TAN JI WEI | PAYNOW -- PAYNOW -- FBQ8228U-001 : 011~011 IN | 
 | MAY-MATCH | com.example.Transaction@6cfbbff7 | 155.0 | 31/12/2020 | true | com.example.Transaction@759de304 | KANG SWEE SOO | IBANKING -- IBANKING -- FBM3627E-001 : 006~006 IN | 
 | MAY-MATCH | com.example.Transaction@30db5536 | 271.0 | 31/12/2020 | true | com.example.Transaction@70721c12 | MUHAMMAD MAHMUD BIN MOHD MORLI | IBANKING -- IBANKING -- FBG1921A-001 : 048~048 IN | 
 |  | com.example.Transaction@3fa21d49 | 165.0 | 31/12/2020 | true | com.example.Transaction@769bd849 | MOHAMED AIDIL BIN AHMAD | PAYNOW -- PAYNOW -- FBH6749T-001 : 032~032 IN | 
 | MAY-MATCH | com.example.Transaction@136ccbfe | 300.0 | 31/12/2020 | true | com.example.Transaction@20a967fe | JELANI BIN CHIK | PAYNOW -- PAYNOW -- FBR8570A-001 : 002~002 IN | 
 |  | com.example.Transaction@416d56f2 | 15.0 | 31/12/2020 | true | com.example.Transaction@405b6d75 | SARAVANAN NADARAJA | PAYNOW -- PAYNOW -- FBM9426D : JO202006-0007 | 
 |  | com.example.Transaction@6e31d989 | 10400.0 | 31/12/2020 | true | com.example.Transaction@682abca7 | KUAH PENG YAN | IBANKING -- IBANKING -- DEPOSIT NMAX | 
 |  | com.example.Transaction@1b01a0d | 350.0 | 31/12/2020 | true | com.example.Transaction@1d858300 | LEONG KAM SOONG | IBANKING -- IBANKING -- FBQ7722R-001 : 012~012 IN | 
 | NETS -- NETS | com.example.Transaction@461c3709 | 127.35 | 31/12/2020 | false |  | TAN BOON JOO | NETS -- NETS -- FBP9268C : JO201907-0037 | 
 |  | com.example.Transaction@2ed71727 | 213.0 | 31/12/2020 | true | com.example.Transaction@76f881d9 | MUHAMMAD IRFAN BIN MOHAMED SAID | IBANKING -- IBANKING -- FBQ1445E-001 : 017~017 IN | 
 | MAY-MATCH | com.example.Transaction@22d9ca63 | 800.0 | 31/12/2020 | true | com.example.Transaction@6dd36ab6 | TAN JI WEI | IBANKING -- IBANKING -- FBQ8228U-001 : 012~000 IN | 
 |  | com.example.Transaction@49fb0bbd | 170.0 | 31/12/2020 | true | com.example.Transaction@50a13c2f | SAZALAN BIN ABD HAMID (NOT RIDING) | IBANKING -- IBANKING -- FBH6208M-002 : 024~024 IN | 
 |  | com.example.Transaction@5261ec9 | 341.0 | 31/12/2020 | true | com.example.Transaction@610d28b8 | HAH KIM CHUEN | IBANKING -- IBANKING -- FBM4785A-001 : 037~037 IN | 
 |  | com.example.Transaction@65bb6275 | 438.0 | 31/12/2020 | true | com.example.Transaction@53c99b09 | ARIEF SUFIAN BIN ZULKIFLI | IBANKING -- IBANKING -- FBF5439E-002 : 040~040 IN | 
 |  | com.example.Transaction@5489b1f7 | 284.0 | 31/12/2020 | true | com.example.Transaction@2539cd1c | SOON CHEN ONN | PAYNOW -- PAYNOW -- FBM6464M-001 : 035~035 IN | 
 |  | com.example.Transaction@64da6cbd | 500.0 | 31/12/2020 | true | com.example.Transaction@7c20cdd0 | MUHAMMAD RAQIB BIN MOHD NURI | IBANKING -- IBANKING -- FBP1371P-001 : 029~030 IN | 
 |  | com.example.Transaction@72a2312e | 215.0 | 31/12/2020 | true | com.example.Transaction@74606204 | M I MUHAMMAD ABDULLAH | PAYNOW -- PAYNOW -- FBK4960X-002 : 004~004 IN | 
 |  | com.example.Transaction@47c7a9e5 | 315.0 | 31/12/2020 | true | com.example.Transaction@6b6eae52 | MUHAMMAD SAHRIN BIN SOLEH | IBANKING -- IBANKING -- FBM0646U-001 : 042~042 IN | 
&amp#27;[0m
]]></system-out>
  </testcase>
  <testcase name="expect_reconciliation_is_for_two_set_of_records" classname="com.example.tests.TestReconciliationTool" time="0.001"/>
  <testcase name="expect_able_to_pass_in_bankrecords_and_companyrecords" classname="com.example.tests.TestReconciliationTool" time="0.002"/>
  <testcase name="expect_LTA_bank_transaction_has_notes_refForAccOwner_as_a_date" classname="com.example.tests.TestReconciliationTool" time="0.01"/>
</testsuite>